[0.014s] Invoking command in '/home/bchoe7/seeing_saying_solving/turtlebot3_ws_s3/build/turtlebot3_navigation2': CMAKE_PREFIX_PATH=/opt/ros/humble /usr/bin/cmake /home/bchoe7/seeing_saying_solving/turtlebot3_ws_s3/src/turtlebot3/turtlebot3_navigation2 -DAMENT_CMAKE_SYMLINK_INSTALL=1 -DCMAKE_INSTALL_PREFIX=/home/bchoe7/seeing_saying_solving/turtlebot3_ws_s3/install/turtlebot3_navigation2
[0.156s] -- The C compiler identification is GNU 11.4.0
[0.157s] -- The CXX compiler identification is GNU 11.4.0
[0.157s] -- Detecting C compiler ABI info
[0.167s] -- Detecting C compiler ABI info - done
[0.172s] -- Check for working C compiler: /usr/bin/cc - skipped
[0.172s] -- Detecting C compile features
[0.173s] -- Detecting C compile features - done
[0.174s] -- Detecting CXX compiler ABI info
[0.222s] -- Detecting CXX compiler ABI info - done
[0.225s] -- Check for working CXX compiler: /usr/bin/c++ - skipped
[0.225s] -- Detecting CXX compile features
[0.226s] -- Detecting CXX compile features - done
[0.227s] -- Found ament_cmake: 1.3.11 (/opt/ros/humble/share/ament_cmake/cmake)
[0.322s] -- Found Python3: /usr/bin/python3 (found version "3.10.12") found components: Interpreter 
[0.353s] -- Override CMake install command with custom implementation using symlinks instead of copying resources
[0.426s] -- Configuring done
[0.428s] -- Generating done
[0.429s] -- Build files have been written to: /home/bchoe7/seeing_saying_solving/turtlebot3_ws_s3/build/turtlebot3_navigation2
[0.432s] Invoked command in '/home/bchoe7/seeing_saying_solving/turtlebot3_ws_s3/build/turtlebot3_navigation2' returned '0': CMAKE_PREFIX_PATH=/opt/ros/humble /usr/bin/cmake /home/bchoe7/seeing_saying_solving/turtlebot3_ws_s3/src/turtlebot3/turtlebot3_navigation2 -DAMENT_CMAKE_SYMLINK_INSTALL=1 -DCMAKE_INSTALL_PREFIX=/home/bchoe7/seeing_saying_solving/turtlebot3_ws_s3/install/turtlebot3_navigation2
[0.433s] Invoking command in '/home/bchoe7/seeing_saying_solving/turtlebot3_ws_s3/build/turtlebot3_navigation2': CMAKE_PREFIX_PATH=/opt/ros/humble /usr/bin/cmake --build /home/bchoe7/seeing_saying_solving/turtlebot3_ws_s3/build/turtlebot3_navigation2 -- -j32 -l32
[0.457s] Invoked command in '/home/bchoe7/seeing_saying_solving/turtlebot3_ws_s3/build/turtlebot3_navigation2' returned '0': CMAKE_PREFIX_PATH=/opt/ros/humble /usr/bin/cmake --build /home/bchoe7/seeing_saying_solving/turtlebot3_ws_s3/build/turtlebot3_navigation2 -- -j32 -l32
[0.458s] Invoking command in '/home/bchoe7/seeing_saying_solving/turtlebot3_ws_s3/build/turtlebot3_navigation2': CMAKE_PREFIX_PATH=/opt/ros/humble /usr/bin/cmake --install /home/bchoe7/seeing_saying_solving/turtlebot3_ws_s3/build/turtlebot3_navigation2
[0.463s] -- Install configuration: ""
[0.463s] -- Execute custom install script
[0.463s] -- Symlinking: /home/bchoe7/seeing_saying_solving/turtlebot3_ws_s3/install/turtlebot3_navigation2/share/turtlebot3_navigation2/launch/navigation2.launch.py
[0.467s] -- Symlinking: /home/bchoe7/seeing_saying_solving/turtlebot3_ws_s3/install/turtlebot3_navigation2/share/turtlebot3_navigation2/map/keepout_mask.png
[0.473s] -- Symlinking: /home/bchoe7/seeing_saying_solving/turtlebot3_ws_s3/install/turtlebot3_navigation2/share/turtlebot3_navigation2/map/keepout_mask.yaml
[0.478s] -- Symlinking: /home/bchoe7/seeing_saying_solving/turtlebot3_ws_s3/install/turtlebot3_navigation2/share/turtlebot3_navigation2/map/map.yaml
[0.484s] -- Symlinking: /home/bchoe7/seeing_saying_solving/turtlebot3_ws_s3/install/turtlebot3_navigation2/share/turtlebot3_navigation2/map/map_rotated.png
[0.490s] -- Symlinking: /home/bchoe7/seeing_saying_solving/turtlebot3_ws_s3/install/turtlebot3_navigation2/share/turtlebot3_navigation2/param/burger.yaml
[0.497s] -- Symlinking: /home/bchoe7/seeing_saying_solving/turtlebot3_ws_s3/install/turtlebot3_navigation2/share/turtlebot3_navigation2/param/burger_cam.yaml
[0.501s] -- Symlinking: /home/bchoe7/seeing_saying_solving/turtlebot3_ws_s3/install/turtlebot3_navigation2/share/turtlebot3_navigation2/param/humble/burger.yaml
[0.507s] -- Symlinking: /home/bchoe7/seeing_saying_solving/turtlebot3_ws_s3/install/turtlebot3_navigation2/share/turtlebot3_navigation2/param/humble/burger_cam.yaml
[0.513s] -- Symlinking: /home/bchoe7/seeing_saying_solving/turtlebot3_ws_s3/install/turtlebot3_navigation2/share/turtlebot3_navigation2/param/humble/waffle.yaml
[0.518s] -- Symlinking: /home/bchoe7/seeing_saying_solving/turtlebot3_ws_s3/install/turtlebot3_navigation2/share/turtlebot3_navigation2/param/humble/waffle_pi.yaml
[0.524s] -- Symlinking: /home/bchoe7/seeing_saying_solving/turtlebot3_ws_s3/install/turtlebot3_navigation2/share/turtlebot3_navigation2/param/waffle.yaml
[0.530s] -- Symlinking: /home/bchoe7/seeing_saying_solving/turtlebot3_ws_s3/install/turtlebot3_navigation2/share/turtlebot3_navigation2/param/waffle_pi.yaml
[0.535s] -- Symlinking: /home/bchoe7/seeing_saying_solving/turtlebot3_ws_s3/install/turtlebot3_navigation2/share/turtlebot3_navigation2/rviz/tb3_navigation2.rviz
[0.539s] -- Symlinking: /home/bchoe7/seeing_saying_solving/turtlebot3_ws_s3/install/turtlebot3_navigation2/share/ament_index/resource_index/package_run_dependencies/turtlebot3_navigation2
[0.544s] -- Symlinking: /home/bchoe7/seeing_saying_solving/turtlebot3_ws_s3/install/turtlebot3_navigation2/share/ament_index/resource_index/parent_prefix_path/turtlebot3_navigation2
[0.548s] -- Symlinking: /home/bchoe7/seeing_saying_solving/turtlebot3_ws_s3/install/turtlebot3_navigation2/share/turtlebot3_navigation2/environment/ament_prefix_path.sh
[0.555s] -- Symlinking: /home/bchoe7/seeing_saying_solving/turtlebot3_ws_s3/install/turtlebot3_navigation2/share/turtlebot3_navigation2/environment/ament_prefix_path.dsv
[0.559s] -- Symlinking: /home/bchoe7/seeing_saying_solving/turtlebot3_ws_s3/install/turtlebot3_navigation2/share/turtlebot3_navigation2/environment/path.sh
[0.566s] -- Symlinking: /home/bchoe7/seeing_saying_solving/turtlebot3_ws_s3/install/turtlebot3_navigation2/share/turtlebot3_navigation2/environment/path.dsv
[0.570s] -- Symlinking: /home/bchoe7/seeing_saying_solving/turtlebot3_ws_s3/install/turtlebot3_navigation2/share/turtlebot3_navigation2/local_setup.bash
[0.577s] -- Symlinking: /home/bchoe7/seeing_saying_solving/turtlebot3_ws_s3/install/turtlebot3_navigation2/share/turtlebot3_navigation2/local_setup.sh
[0.582s] -- Symlinking: /home/bchoe7/seeing_saying_solving/turtlebot3_ws_s3/install/turtlebot3_navigation2/share/turtlebot3_navigation2/local_setup.zsh
[0.586s] -- Symlinking: /home/bchoe7/seeing_saying_solving/turtlebot3_ws_s3/install/turtlebot3_navigation2/share/turtlebot3_navigation2/local_setup.dsv
[0.593s] -- Symlinking: /home/bchoe7/seeing_saying_solving/turtlebot3_ws_s3/install/turtlebot3_navigation2/share/turtlebot3_navigation2/package.dsv
[0.599s] -- Symlinking: /home/bchoe7/seeing_saying_solving/turtlebot3_ws_s3/install/turtlebot3_navigation2/share/ament_index/resource_index/packages/turtlebot3_navigation2
[0.603s] -- Symlinking: /home/bchoe7/seeing_saying_solving/turtlebot3_ws_s3/install/turtlebot3_navigation2/share/turtlebot3_navigation2/cmake/turtlebot3_navigation2Config.cmake
[0.609s] -- Symlinking: /home/bchoe7/seeing_saying_solving/turtlebot3_ws_s3/install/turtlebot3_navigation2/share/turtlebot3_navigation2/cmake/turtlebot3_navigation2Config-version.cmake
[0.616s] -- Symlinking: /home/bchoe7/seeing_saying_solving/turtlebot3_ws_s3/install/turtlebot3_navigation2/share/turtlebot3_navigation2/package.xml
[0.624s] Invoked command in '/home/bchoe7/seeing_saying_solving/turtlebot3_ws_s3/build/turtlebot3_navigation2' returned '0': CMAKE_PREFIX_PATH=/opt/ros/humble /usr/bin/cmake --install /home/bchoe7/seeing_saying_solving/turtlebot3_ws_s3/build/turtlebot3_navigation2
