[0.015s] Invoking command in '/home/bchoe7/seeing_saying_solving/turtlebot3_ws_s3/build/dynamixel_sdk': CMAKE_PREFIX_PATH=/opt/ros/humble /usr/bin/cmake /home/bchoe7/seeing_saying_solving/turtlebot3_ws_s3/src/DynamixelSDK/ros/dynamixel_sdk -DAMENT_CMAKE_SYMLINK_INSTALL=1 -DCMAKE_INSTALL_PREFIX=/home/bchoe7/seeing_saying_solving/turtlebot3_ws_s3/install/dynamixel_sdk
[0.158s] -- The C compiler identification is GNU 11.4.0
[0.158s] -- The CXX compiler identification is GNU 11.4.0
[0.158s] -- Detecting C compiler ABI info
[0.171s] -- Detecting C compiler ABI info - done
[0.174s] -- Check for working C compiler: /usr/bin/cc - skipped
[0.174s] -- Detecting C compile features
[0.174s] -- Detecting C compile features - done
[0.176s] -- Detecting CXX compiler ABI info
[0.221s] -- Detecting CXX compiler ABI info - done
[0.226s] -- Check for working CXX compiler: /usr/bin/c++ - skipped
[0.226s] -- Detecting CXX compile features
[0.226s] -- Detecting CXX compile features - done
[0.227s] -- Found ament_cmake: 1.3.11 (/opt/ros/humble/share/ament_cmake/cmake)
[0.325s] -- Found Python3: /usr/bin/python3 (found version "3.10.12") found components: Interpreter 
[0.363s] -- Override CMake install command with custom implementation using symlinks instead of copying resources
[0.494s] -- Configuring done
[0.497s] -- Generating done
[0.498s] -- Build files have been written to: /home/bchoe7/seeing_saying_solving/turtlebot3_ws_s3/build/dynamixel_sdk
[0.500s] Invoked command in '/home/bchoe7/seeing_saying_solving/turtlebot3_ws_s3/build/dynamixel_sdk' returned '0': CMAKE_PREFIX_PATH=/opt/ros/humble /usr/bin/cmake /home/bchoe7/seeing_saying_solving/turtlebot3_ws_s3/src/DynamixelSDK/ros/dynamixel_sdk -DAMENT_CMAKE_SYMLINK_INSTALL=1 -DCMAKE_INSTALL_PREFIX=/home/bchoe7/seeing_saying_solving/turtlebot3_ws_s3/install/dynamixel_sdk
[0.502s] Invoking command in '/home/bchoe7/seeing_saying_solving/turtlebot3_ws_s3/build/dynamixel_sdk': CMAKE_PREFIX_PATH=/opt/ros/humble /usr/bin/cmake --build /home/bchoe7/seeing_saying_solving/turtlebot3_ws_s3/build/dynamixel_sdk -- -j32 -l32
[0.529s] [  7%] [32mBuilding CXX object CMakeFiles/dynamixel_sdk.dir/src/dynamixel_sdk/packet_handler.cpp.o[0m
[0.529s] [ 23%] [32mBuilding CXX object CMakeFiles/dynamixel_sdk.dir/src/dynamixel_sdk/group_bulk_write.cpp.o[0m
[0.529s] [ 23%] [32mBuilding CXX object CMakeFiles/dynamixel_sdk.dir/src/dynamixel_sdk/group_bulk_read.cpp.o[0m
[0.530s] [ 30%] [32mBuilding CXX object CMakeFiles/dynamixel_sdk.dir/src/dynamixel_sdk/group_handler.cpp.o[0m
[0.530s] [ 38%] [32mBuilding CXX object CMakeFiles/dynamixel_sdk.dir/src/dynamixel_sdk/port_handler.cpp.o[0m
[0.530s] [ 46%] [32mBuilding CXX object CMakeFiles/dynamixel_sdk.dir/src/dynamixel_sdk/protocol1_packet_handler.cpp.o[0m
[0.531s] [ 61%] [32mBuilding CXX object CMakeFiles/dynamixel_sdk.dir/src/dynamixel_sdk/protocol2_packet_handler.cpp.o[0m
[0.531s] [ 61%] [32mBuilding CXX object CMakeFiles/dynamixel_sdk.dir/src/dynamixel_sdk/group_sync_read.cpp.o[0m
[0.531s] [ 69%] [32mBuilding CXX object CMakeFiles/dynamixel_sdk.dir/src/dynamixel_sdk/group_sync_write.cpp.o[0m
[0.531s] [ 76%] [32mBuilding CXX object CMakeFiles/dynamixel_sdk.dir/src/dynamixel_sdk/group_fast_bulk_read.cpp.o[0m
[0.531s] [ 84%] [32mBuilding CXX object CMakeFiles/dynamixel_sdk.dir/src/dynamixel_sdk/group_fast_sync_read.cpp.o[0m
[0.532s] [ 92%] [32mBuilding CXX object CMakeFiles/dynamixel_sdk.dir/src/dynamixel_sdk/port_handler_linux.cpp.o[0m
[0.534s] [ 92%] Built target ament_cmake_python_symlink_dynamixel_sdk
[0.669s] running egg_info
[0.669s] creating dynamixel_sdk.egg-info
[0.673s] writing dynamixel_sdk.egg-info/PKG-INFO
[0.673s] writing dependency_links to dynamixel_sdk.egg-info/dependency_links.txt
[0.673s] writing top-level names to dynamixel_sdk.egg-info/top_level.txt
[0.673s] writing manifest file 'dynamixel_sdk.egg-info/SOURCES.txt'
[0.673s] reading manifest file 'dynamixel_sdk.egg-info/SOURCES.txt'
[0.674s] writing manifest file 'dynamixel_sdk.egg-info/SOURCES.txt'
[0.689s] [ 92%] Built target ament_cmake_python_build_dynamixel_sdk_egg
[0.868s] [100%] [32m[1mLinking CXX shared library libdynamixel_sdk.so[0m
[0.915s] [100%] Built target dynamixel_sdk
[0.923s] Invoked command in '/home/bchoe7/seeing_saying_solving/turtlebot3_ws_s3/build/dynamixel_sdk' returned '0': CMAKE_PREFIX_PATH=/opt/ros/humble /usr/bin/cmake --build /home/bchoe7/seeing_saying_solving/turtlebot3_ws_s3/build/dynamixel_sdk -- -j32 -l32
[0.925s] Invoking command in '/home/bchoe7/seeing_saying_solving/turtlebot3_ws_s3/build/dynamixel_sdk': CMAKE_PREFIX_PATH=/opt/ros/humble /usr/bin/cmake --install /home/bchoe7/seeing_saying_solving/turtlebot3_ws_s3/build/dynamixel_sdk
[0.929s] -- Install configuration: ""
[0.929s] -- Execute custom install script
[0.930s] -- Symlinking: /home/bchoe7/seeing_saying_solving/turtlebot3_ws_s3/install/dynamixel_sdk/include//dynamixel_sdk/dynamixel_sdk.h
[0.934s] -- Symlinking: /home/bchoe7/seeing_saying_solving/turtlebot3_ws_s3/install/dynamixel_sdk/include//dynamixel_sdk/group_bulk_read.h
[0.939s] -- Symlinking: /home/bchoe7/seeing_saying_solving/turtlebot3_ws_s3/install/dynamixel_sdk/include//dynamixel_sdk/group_bulk_write.h
[0.943s] -- Symlinking: /home/bchoe7/seeing_saying_solving/turtlebot3_ws_s3/install/dynamixel_sdk/include//dynamixel_sdk/group_fast_bulk_read.h
[0.948s] -- Symlinking: /home/bchoe7/seeing_saying_solving/turtlebot3_ws_s3/install/dynamixel_sdk/include//dynamixel_sdk/group_fast_sync_read.h
[0.953s] -- Symlinking: /home/bchoe7/seeing_saying_solving/turtlebot3_ws_s3/install/dynamixel_sdk/include//dynamixel_sdk/group_handler.h
[0.958s] -- Symlinking: /home/bchoe7/seeing_saying_solving/turtlebot3_ws_s3/install/dynamixel_sdk/include//dynamixel_sdk/group_sync_read.h
[0.963s] -- Symlinking: /home/bchoe7/seeing_saying_solving/turtlebot3_ws_s3/install/dynamixel_sdk/include//dynamixel_sdk/group_sync_write.h
[0.968s] -- Symlinking: /home/bchoe7/seeing_saying_solving/turtlebot3_ws_s3/install/dynamixel_sdk/include//dynamixel_sdk/packet_handler.h
[0.973s] -- Symlinking: /home/bchoe7/seeing_saying_solving/turtlebot3_ws_s3/install/dynamixel_sdk/include//dynamixel_sdk/port_handler.h
[0.978s] -- Symlinking: /home/bchoe7/seeing_saying_solving/turtlebot3_ws_s3/install/dynamixel_sdk/include//dynamixel_sdk/port_handler_arduino.h
[0.983s] -- Symlinking: /home/bchoe7/seeing_saying_solving/turtlebot3_ws_s3/install/dynamixel_sdk/include//dynamixel_sdk/port_handler_linux.h
[0.988s] -- Symlinking: /home/bchoe7/seeing_saying_solving/turtlebot3_ws_s3/install/dynamixel_sdk/include//dynamixel_sdk/port_handler_mac.h
[0.993s] -- Symlinking: /home/bchoe7/seeing_saying_solving/turtlebot3_ws_s3/install/dynamixel_sdk/include//dynamixel_sdk/port_handler_windows.h
[0.997s] -- Symlinking: /home/bchoe7/seeing_saying_solving/turtlebot3_ws_s3/install/dynamixel_sdk/include//dynamixel_sdk/protocol1_packet_handler.h
[1.001s] -- Symlinking: /home/bchoe7/seeing_saying_solving/turtlebot3_ws_s3/install/dynamixel_sdk/include//dynamixel_sdk/protocol2_packet_handler.h
[1.007s] -- Symlinking: /home/bchoe7/seeing_saying_solving/turtlebot3_ws_s3/install/dynamixel_sdk/share/dynamixel_sdk/environment/pythonpath.sh
[1.013s] -- Symlinking: /home/bchoe7/seeing_saying_solving/turtlebot3_ws_s3/install/dynamixel_sdk/share/dynamixel_sdk/environment/pythonpath.dsv
[1.019s] -- Symlinking: /home/bchoe7/seeing_saying_solving/turtlebot3_ws_s3/install/dynamixel_sdk/local/lib/python3.10/dist-packages/dynamixel_sdk-3.8.4-py3.10.egg-info/PKG-INFO
[1.024s] -- Symlinking: /home/bchoe7/seeing_saying_solving/turtlebot3_ws_s3/install/dynamixel_sdk/local/lib/python3.10/dist-packages/dynamixel_sdk-3.8.4-py3.10.egg-info/SOURCES.txt
[1.029s] -- Symlinking: /home/bchoe7/seeing_saying_solving/turtlebot3_ws_s3/install/dynamixel_sdk/local/lib/python3.10/dist-packages/dynamixel_sdk-3.8.4-py3.10.egg-info/dependency_links.txt
[1.033s] -- Symlinking: /home/bchoe7/seeing_saying_solving/turtlebot3_ws_s3/install/dynamixel_sdk/local/lib/python3.10/dist-packages/dynamixel_sdk-3.8.4-py3.10.egg-info/top_level.txt
[1.039s] -- Symlinking: /home/bchoe7/seeing_saying_solving/turtlebot3_ws_s3/install/dynamixel_sdk/local/lib/python3.10/dist-packages/dynamixel_sdk/__init__.py
[1.045s] -- Symlinking: /home/bchoe7/seeing_saying_solving/turtlebot3_ws_s3/install/dynamixel_sdk/local/lib/python3.10/dist-packages/dynamixel_sdk/group_bulk_read.cpp
[1.050s] -- Symlinking: /home/bchoe7/seeing_saying_solving/turtlebot3_ws_s3/install/dynamixel_sdk/local/lib/python3.10/dist-packages/dynamixel_sdk/group_bulk_read.py
[1.055s] -- Symlinking: /home/bchoe7/seeing_saying_solving/turtlebot3_ws_s3/install/dynamixel_sdk/local/lib/python3.10/dist-packages/dynamixel_sdk/group_bulk_write.cpp
[1.059s] -- Symlinking: /home/bchoe7/seeing_saying_solving/turtlebot3_ws_s3/install/dynamixel_sdk/local/lib/python3.10/dist-packages/dynamixel_sdk/group_bulk_write.py
[1.062s] -- Symlinking: /home/bchoe7/seeing_saying_solving/turtlebot3_ws_s3/install/dynamixel_sdk/local/lib/python3.10/dist-packages/dynamixel_sdk/group_fast_bulk_read.cpp
[1.067s] -- Symlinking: /home/bchoe7/seeing_saying_solving/turtlebot3_ws_s3/install/dynamixel_sdk/local/lib/python3.10/dist-packages/dynamixel_sdk/group_fast_sync_read.cpp
[1.071s] -- Symlinking: /home/bchoe7/seeing_saying_solving/turtlebot3_ws_s3/install/dynamixel_sdk/local/lib/python3.10/dist-packages/dynamixel_sdk/group_handler.cpp
[1.076s] -- Symlinking: /home/bchoe7/seeing_saying_solving/turtlebot3_ws_s3/install/dynamixel_sdk/local/lib/python3.10/dist-packages/dynamixel_sdk/group_sync_read.cpp
[1.081s] -- Symlinking: /home/bchoe7/seeing_saying_solving/turtlebot3_ws_s3/install/dynamixel_sdk/local/lib/python3.10/dist-packages/dynamixel_sdk/group_sync_read.py
[1.085s] -- Symlinking: /home/bchoe7/seeing_saying_solving/turtlebot3_ws_s3/install/dynamixel_sdk/local/lib/python3.10/dist-packages/dynamixel_sdk/group_sync_write.cpp
[1.090s] -- Symlinking: /home/bchoe7/seeing_saying_solving/turtlebot3_ws_s3/install/dynamixel_sdk/local/lib/python3.10/dist-packages/dynamixel_sdk/group_sync_write.py
[1.094s] -- Symlinking: /home/bchoe7/seeing_saying_solving/turtlebot3_ws_s3/install/dynamixel_sdk/local/lib/python3.10/dist-packages/dynamixel_sdk/packet_handler.cpp
[1.098s] -- Symlinking: /home/bchoe7/seeing_saying_solving/turtlebot3_ws_s3/install/dynamixel_sdk/local/lib/python3.10/dist-packages/dynamixel_sdk/packet_handler.py
[1.102s] -- Symlinking: /home/bchoe7/seeing_saying_solving/turtlebot3_ws_s3/install/dynamixel_sdk/local/lib/python3.10/dist-packages/dynamixel_sdk/port_handler.cpp
[1.108s] -- Symlinking: /home/bchoe7/seeing_saying_solving/turtlebot3_ws_s3/install/dynamixel_sdk/local/lib/python3.10/dist-packages/dynamixel_sdk/port_handler.py
[1.111s] -- Symlinking: /home/bchoe7/seeing_saying_solving/turtlebot3_ws_s3/install/dynamixel_sdk/local/lib/python3.10/dist-packages/dynamixel_sdk/port_handler_arduino.cpp
[1.117s] -- Symlinking: /home/bchoe7/seeing_saying_solving/turtlebot3_ws_s3/install/dynamixel_sdk/local/lib/python3.10/dist-packages/dynamixel_sdk/port_handler_linux.cpp
[1.120s] -- Symlinking: /home/bchoe7/seeing_saying_solving/turtlebot3_ws_s3/install/dynamixel_sdk/local/lib/python3.10/dist-packages/dynamixel_sdk/port_handler_mac.cpp
[1.126s] -- Symlinking: /home/bchoe7/seeing_saying_solving/turtlebot3_ws_s3/install/dynamixel_sdk/local/lib/python3.10/dist-packages/dynamixel_sdk/port_handler_windows.cpp
[1.130s] -- Symlinking: /home/bchoe7/seeing_saying_solving/turtlebot3_ws_s3/install/dynamixel_sdk/local/lib/python3.10/dist-packages/dynamixel_sdk/protocol1_packet_handler.cpp
[1.134s] -- Symlinking: /home/bchoe7/seeing_saying_solving/turtlebot3_ws_s3/install/dynamixel_sdk/local/lib/python3.10/dist-packages/dynamixel_sdk/protocol1_packet_handler.py
[1.138s] -- Symlinking: /home/bchoe7/seeing_saying_solving/turtlebot3_ws_s3/install/dynamixel_sdk/local/lib/python3.10/dist-packages/dynamixel_sdk/protocol2_packet_handler.cpp
[1.144s] -- Symlinking: /home/bchoe7/seeing_saying_solving/turtlebot3_ws_s3/install/dynamixel_sdk/local/lib/python3.10/dist-packages/dynamixel_sdk/protocol2_packet_handler.py
[1.148s] -- Symlinking: /home/bchoe7/seeing_saying_solving/turtlebot3_ws_s3/install/dynamixel_sdk/local/lib/python3.10/dist-packages/dynamixel_sdk/robotis_def.py
[1.152s] -- Symlinking: /home/bchoe7/seeing_saying_solving/turtlebot3_ws_s3/install/dynamixel_sdk/share/dynamixel_sdk/environment/library_path.sh
[1.157s] -- Symlinking: /home/bchoe7/seeing_saying_solving/turtlebot3_ws_s3/install/dynamixel_sdk/share/dynamixel_sdk/environment/library_path.dsv
[1.162s] -- Symlinking: /home/bchoe7/seeing_saying_solving/turtlebot3_ws_s3/install/dynamixel_sdk/share/ament_index/resource_index/package_run_dependencies/dynamixel_sdk
[1.168s] -- Symlinking: /home/bchoe7/seeing_saying_solving/turtlebot3_ws_s3/install/dynamixel_sdk/share/ament_index/resource_index/parent_prefix_path/dynamixel_sdk
[1.173s] -- Symlinking: /home/bchoe7/seeing_saying_solving/turtlebot3_ws_s3/install/dynamixel_sdk/share/dynamixel_sdk/environment/ament_prefix_path.sh
[1.179s] -- Symlinking: /home/bchoe7/seeing_saying_solving/turtlebot3_ws_s3/install/dynamixel_sdk/share/dynamixel_sdk/environment/ament_prefix_path.dsv
[1.184s] -- Symlinking: /home/bchoe7/seeing_saying_solving/turtlebot3_ws_s3/install/dynamixel_sdk/share/dynamixel_sdk/environment/path.sh
[1.190s] -- Symlinking: /home/bchoe7/seeing_saying_solving/turtlebot3_ws_s3/install/dynamixel_sdk/share/dynamixel_sdk/environment/path.dsv
[1.195s] -- Symlinking: /home/bchoe7/seeing_saying_solving/turtlebot3_ws_s3/install/dynamixel_sdk/share/dynamixel_sdk/local_setup.bash
[1.201s] -- Symlinking: /home/bchoe7/seeing_saying_solving/turtlebot3_ws_s3/install/dynamixel_sdk/share/dynamixel_sdk/local_setup.sh
[1.207s] -- Symlinking: /home/bchoe7/seeing_saying_solving/turtlebot3_ws_s3/install/dynamixel_sdk/share/dynamixel_sdk/local_setup.zsh
[1.212s] -- Symlinking: /home/bchoe7/seeing_saying_solving/turtlebot3_ws_s3/install/dynamixel_sdk/share/dynamixel_sdk/local_setup.dsv
[1.218s] -- Symlinking: /home/bchoe7/seeing_saying_solving/turtlebot3_ws_s3/install/dynamixel_sdk/share/dynamixel_sdk/package.dsv
[1.224s] -- Symlinking: /home/bchoe7/seeing_saying_solving/turtlebot3_ws_s3/install/dynamixel_sdk/share/ament_index/resource_index/packages/dynamixel_sdk
[1.229s] -- Symlinking: /home/bchoe7/seeing_saying_solving/turtlebot3_ws_s3/install/dynamixel_sdk/share/dynamixel_sdk/cmake/ament_cmake_export_targets-extras.cmake
[1.235s] -- Symlinking: /home/bchoe7/seeing_saying_solving/turtlebot3_ws_s3/install/dynamixel_sdk/share/dynamixel_sdk/cmake/ament_cmake_export_include_directories-extras.cmake
[1.239s] -- Symlinking: /home/bchoe7/seeing_saying_solving/turtlebot3_ws_s3/install/dynamixel_sdk/share/dynamixel_sdk/cmake/ament_cmake_export_libraries-extras.cmake
[1.245s] -- Symlinking: /home/bchoe7/seeing_saying_solving/turtlebot3_ws_s3/install/dynamixel_sdk/share/dynamixel_sdk/cmake/dynamixel_sdkConfig.cmake
[1.251s] -- Symlinking: /home/bchoe7/seeing_saying_solving/turtlebot3_ws_s3/install/dynamixel_sdk/share/dynamixel_sdk/cmake/dynamixel_sdkConfig-version.cmake
[1.256s] -- Symlinking: /home/bchoe7/seeing_saying_solving/turtlebot3_ws_s3/install/dynamixel_sdk/share/dynamixel_sdk/package.xml
[1.262s] -- Installing: /home/bchoe7/seeing_saying_solving/turtlebot3_ws_s3/install/dynamixel_sdk/lib/libdynamixel_sdk.so
[1.284s] Listing '/home/bchoe7/seeing_saying_solving/turtlebot3_ws_s3/install/dynamixel_sdk/local/lib/python3.10/dist-packages/dynamixel_sdk'...
[1.284s] Compiling '/home/bchoe7/seeing_saying_solving/turtlebot3_ws_s3/install/dynamixel_sdk/local/lib/python3.10/dist-packages/dynamixel_sdk/__init__.py'...
[1.284s] Compiling '/home/bchoe7/seeing_saying_solving/turtlebot3_ws_s3/install/dynamixel_sdk/local/lib/python3.10/dist-packages/dynamixel_sdk/group_bulk_read.py'...
[1.284s] Compiling '/home/bchoe7/seeing_saying_solving/turtlebot3_ws_s3/install/dynamixel_sdk/local/lib/python3.10/dist-packages/dynamixel_sdk/group_bulk_write.py'...
[1.284s] Compiling '/home/bchoe7/seeing_saying_solving/turtlebot3_ws_s3/install/dynamixel_sdk/local/lib/python3.10/dist-packages/dynamixel_sdk/group_sync_read.py'...
[1.284s] Compiling '/home/bchoe7/seeing_saying_solving/turtlebot3_ws_s3/install/dynamixel_sdk/local/lib/python3.10/dist-packages/dynamixel_sdk/group_sync_write.py'...
[1.284s] Compiling '/home/bchoe7/seeing_saying_solving/turtlebot3_ws_s3/install/dynamixel_sdk/local/lib/python3.10/dist-packages/dynamixel_sdk/packet_handler.py'...
[1.284s] Compiling '/home/bchoe7/seeing_saying_solving/turtlebot3_ws_s3/install/dynamixel_sdk/local/lib/python3.10/dist-packages/dynamixel_sdk/port_handler.py'...
[1.284s] Compiling '/home/bchoe7/seeing_saying_solving/turtlebot3_ws_s3/install/dynamixel_sdk/local/lib/python3.10/dist-packages/dynamixel_sdk/protocol1_packet_handler.py'...
[1.284s] Compiling '/home/bchoe7/seeing_saying_solving/turtlebot3_ws_s3/install/dynamixel_sdk/local/lib/python3.10/dist-packages/dynamixel_sdk/protocol2_packet_handler.py'...
[1.284s] Compiling '/home/bchoe7/seeing_saying_solving/turtlebot3_ws_s3/install/dynamixel_sdk/local/lib/python3.10/dist-packages/dynamixel_sdk/robotis_def.py'...
[1.286s] -- Installing: /home/bchoe7/seeing_saying_solving/turtlebot3_ws_s3/install/dynamixel_sdk/share/dynamixel_sdk/cmake/dynamixel_sdkExport.cmake
[1.286s] -- Installing: /home/bchoe7/seeing_saying_solving/turtlebot3_ws_s3/install/dynamixel_sdk/share/dynamixel_sdk/cmake/dynamixel_sdkExport-noconfig.cmake
[1.288s] Invoked command in '/home/bchoe7/seeing_saying_solving/turtlebot3_ws_s3/build/dynamixel_sdk' returned '0': CMAKE_PREFIX_PATH=/opt/ros/humble /usr/bin/cmake --install /home/bchoe7/seeing_saying_solving/turtlebot3_ws_s3/build/dynamixel_sdk
