[0.018s] Invoking command in '/home/bchoe7/turtlebot3_ws/src/build/turtlebot3_description': CMAKE_PREFIX_PATH=${CMAKE_PREFIX_PATH}:/home/bchoe7/turtlebot3_ws/install/turtlebot3_teleop:/home/bchoe7/turtlebot3_ws/install/turtlebot3_example:/opt/ros/humble /usr/bin/cmake /home/bchoe7/turtlebot3_ws/src/turtlebot3/turtlebot3_description -DAMENT_CMAKE_SYMLINK_INSTALL=1 -DCMAKE_INSTALL_PREFIX=/home/bchoe7/turtlebot3_ws/src/install/turtlebot3_description
[0.229s] -- The C compiler identification is GNU 11.4.0
[0.229s] -- The CXX compiler identification is GNU 11.4.0
[0.230s] -- Detecting C compiler ABI info
[0.230s] -- Detecting C compiler ABI info - done
[0.230s] -- Check for working C compiler: /usr/bin/cc - skipped
[0.230s] -- Detecting C compile features
[0.230s] -- Detecting C compile features - done
[0.230s] -- Detecting CXX compiler ABI info
[0.230s] -- Detecting CXX compiler ABI info - done
[0.230s] -- Check for working CXX compiler: /usr/bin/c++ - skipped
[0.230s] -- Detecting CXX compile features
[0.230s] -- Detecting CXX compile features - done
[0.234s] -- Found ament_cmake: 1.3.11 (/opt/ros/humble/share/ament_cmake/cmake)
[0.339s] -- Found Python3: /usr/bin/python3 (found version "3.10.12") found components: Interpreter 
[0.374s] -- Override CMake install command with custom implementation using symlinks instead of copying resources
[0.401s] -- Found urdf: 2.6.1 (/opt/ros/humble/share/urdf/cmake)
[0.484s] -- Configuring done
[0.486s] -- Generating done
[0.487s] -- Build files have been written to: /home/bchoe7/turtlebot3_ws/src/build/turtlebot3_description
[0.491s] Invoked command in '/home/bchoe7/turtlebot3_ws/src/build/turtlebot3_description' returned '0': CMAKE_PREFIX_PATH=${CMAKE_PREFIX_PATH}:/home/bchoe7/turtlebot3_ws/install/turtlebot3_teleop:/home/bchoe7/turtlebot3_ws/install/turtlebot3_example:/opt/ros/humble /usr/bin/cmake /home/bchoe7/turtlebot3_ws/src/turtlebot3/turtlebot3_description -DAMENT_CMAKE_SYMLINK_INSTALL=1 -DCMAKE_INSTALL_PREFIX=/home/bchoe7/turtlebot3_ws/src/install/turtlebot3_description
[0.492s] Invoking command in '/home/bchoe7/turtlebot3_ws/src/build/turtlebot3_description': CMAKE_PREFIX_PATH=${CMAKE_PREFIX_PATH}:/home/bchoe7/turtlebot3_ws/install/turtlebot3_teleop:/home/bchoe7/turtlebot3_ws/install/turtlebot3_example:/opt/ros/humble /usr/bin/cmake --build /home/bchoe7/turtlebot3_ws/src/build/turtlebot3_description -- -j32 -l32
[0.515s] Invoked command in '/home/bchoe7/turtlebot3_ws/src/build/turtlebot3_description' returned '0': CMAKE_PREFIX_PATH=${CMAKE_PREFIX_PATH}:/home/bchoe7/turtlebot3_ws/install/turtlebot3_teleop:/home/bchoe7/turtlebot3_ws/install/turtlebot3_example:/opt/ros/humble /usr/bin/cmake --build /home/bchoe7/turtlebot3_ws/src/build/turtlebot3_description -- -j32 -l32
[0.516s] Invoking command in '/home/bchoe7/turtlebot3_ws/src/build/turtlebot3_description': CMAKE_PREFIX_PATH=${CMAKE_PREFIX_PATH}:/home/bchoe7/turtlebot3_ws/install/turtlebot3_teleop:/home/bchoe7/turtlebot3_ws/install/turtlebot3_example:/opt/ros/humble /usr/bin/cmake --install /home/bchoe7/turtlebot3_ws/src/build/turtlebot3_description
[0.520s] -- Install configuration: ""
[0.521s] -- Execute custom install script
[0.521s] -- Symlinking: /home/bchoe7/turtlebot3_ws/src/install/turtlebot3_description/share/turtlebot3_description/meshes/bases/burger_base.stl
[0.527s] -- Symlinking: /home/bchoe7/turtlebot3_ws/src/install/turtlebot3_description/share/turtlebot3_description/meshes/bases/waffle_base.stl
[0.533s] -- Symlinking: /home/bchoe7/turtlebot3_ws/src/install/turtlebot3_description/share/turtlebot3_description/meshes/bases/waffle_pi_base.stl
[0.537s] -- Symlinking: /home/bchoe7/turtlebot3_ws/src/install/turtlebot3_description/share/turtlebot3_description/meshes/sensors/astra.dae
[0.541s] -- Symlinking: /home/bchoe7/turtlebot3_ws/src/install/turtlebot3_description/share/turtlebot3_description/meshes/sensors/astra.jpg
[0.547s] -- Symlinking: /home/bchoe7/turtlebot3_ws/src/install/turtlebot3_description/share/turtlebot3_description/meshes/sensors/lds.stl
[0.553s] -- Symlinking: /home/bchoe7/turtlebot3_ws/src/install/turtlebot3_description/share/turtlebot3_description/meshes/sensors/r200.dae
[0.558s] -- Symlinking: /home/bchoe7/turtlebot3_ws/src/install/turtlebot3_description/share/turtlebot3_description/meshes/sensors/r200.jpg
[0.562s] -- Symlinking: /home/bchoe7/turtlebot3_ws/src/install/turtlebot3_description/share/turtlebot3_description/meshes/wheels/left_tire.stl
[0.567s] -- Symlinking: /home/bchoe7/turtlebot3_ws/src/install/turtlebot3_description/share/turtlebot3_description/meshes/wheels/right_tire.stl
[0.572s] -- Symlinking: /home/bchoe7/turtlebot3_ws/src/install/turtlebot3_description/share/turtlebot3_description/rviz/model.rviz
[0.578s] -- Symlinking: /home/bchoe7/turtlebot3_ws/src/install/turtlebot3_description/share/turtlebot3_description/urdf/common_properties.urdf
[0.583s] -- Symlinking: /home/bchoe7/turtlebot3_ws/src/install/turtlebot3_description/share/turtlebot3_description/urdf/turtlebot3_burger.urdf
[0.591s] -- Symlinking: /home/bchoe7/turtlebot3_ws/src/install/turtlebot3_description/share/turtlebot3_description/urdf/turtlebot3_waffle.urdf
[0.596s] -- Symlinking: /home/bchoe7/turtlebot3_ws/src/install/turtlebot3_description/share/turtlebot3_description/urdf/turtlebot3_waffle_pi.urdf
[0.603s] -- Symlinking: /home/bchoe7/turtlebot3_ws/src/install/turtlebot3_description/share/ament_index/resource_index/package_run_dependencies/turtlebot3_description
[0.607s] -- Symlinking: /home/bchoe7/turtlebot3_ws/src/install/turtlebot3_description/share/ament_index/resource_index/parent_prefix_path/turtlebot3_description
[0.612s] -- Symlinking: /home/bchoe7/turtlebot3_ws/src/install/turtlebot3_description/share/turtlebot3_description/environment/ament_prefix_path.sh
[0.617s] -- Symlinking: /home/bchoe7/turtlebot3_ws/src/install/turtlebot3_description/share/turtlebot3_description/environment/ament_prefix_path.dsv
[0.623s] -- Symlinking: /home/bchoe7/turtlebot3_ws/src/install/turtlebot3_description/share/turtlebot3_description/environment/path.sh
[0.629s] -- Symlinking: /home/bchoe7/turtlebot3_ws/src/install/turtlebot3_description/share/turtlebot3_description/environment/path.dsv
[0.635s] -- Symlinking: /home/bchoe7/turtlebot3_ws/src/install/turtlebot3_description/share/turtlebot3_description/local_setup.bash
[0.640s] -- Symlinking: /home/bchoe7/turtlebot3_ws/src/install/turtlebot3_description/share/turtlebot3_description/local_setup.sh
[0.645s] -- Symlinking: /home/bchoe7/turtlebot3_ws/src/install/turtlebot3_description/share/turtlebot3_description/local_setup.zsh
[0.650s] -- Symlinking: /home/bchoe7/turtlebot3_ws/src/install/turtlebot3_description/share/turtlebot3_description/local_setup.dsv
[0.656s] -- Symlinking: /home/bchoe7/turtlebot3_ws/src/install/turtlebot3_description/share/turtlebot3_description/package.dsv
[0.663s] -- Symlinking: /home/bchoe7/turtlebot3_ws/src/install/turtlebot3_description/share/ament_index/resource_index/packages/turtlebot3_description
[0.671s] -- Symlinking: /home/bchoe7/turtlebot3_ws/src/install/turtlebot3_description/share/turtlebot3_description/cmake/turtlebot3_descriptionConfig.cmake
[0.677s] -- Symlinking: /home/bchoe7/turtlebot3_ws/src/install/turtlebot3_description/share/turtlebot3_description/cmake/turtlebot3_descriptionConfig-version.cmake
[0.685s] -- Symlinking: /home/bchoe7/turtlebot3_ws/src/install/turtlebot3_description/share/turtlebot3_description/package.xml
[0.693s] Invoked command in '/home/bchoe7/turtlebot3_ws/src/build/turtlebot3_description' returned '0': CMAKE_PREFIX_PATH=${CMAKE_PREFIX_PATH}:/home/bchoe7/turtlebot3_ws/install/turtlebot3_teleop:/home/bchoe7/turtlebot3_ws/install/turtlebot3_example:/opt/ros/humble /usr/bin/cmake --install /home/bchoe7/turtlebot3_ws/src/build/turtlebot3_description
