[0.015s] Invoking command in '/home/bchoe7/turtlebot3_ws/src/build/turtlebot3_gazebo': CMAKE_PREFIX_PATH=${CMAKE_PREFIX_PATH}:/home/bchoe7/turtlebot3_ws/install/turtlebot3_teleop:/home/bchoe7/turtlebot3_ws/install/turtlebot3_example:/opt/ros/humble /usr/bin/cmake /home/bchoe7/turtlebot3_ws/src/turtlebot3_simulations/turtlebot3_gazebo -DAMENT_CMAKE_SYMLINK_INSTALL=1 -DCMAKE_INSTALL_PREFIX=/home/bchoe7/turtlebot3_ws/src/install/turtlebot3_gazebo
[0.226s] -- The C compiler identification is GNU 11.4.0
[0.226s] -- The CXX compiler identification is GNU 11.4.0
[0.226s] -- Detecting C compiler ABI info
[0.226s] -- Detecting C compiler ABI info - done
[0.226s] -- Check for working C compiler: /usr/bin/cc - skipped
[0.226s] -- Detecting C compile features
[0.226s] -- Detecting C compile features - done
[0.226s] -- Detecting CXX compiler ABI info
[0.226s] -- Detecting CXX compiler ABI info - done
[0.227s] -- Check for working CXX compiler: /usr/bin/c++ - skipped
[0.227s] -- Detecting CXX compile features
[0.227s] -- Detecting CXX compile features - done
[0.228s] -- Found ament_cmake: 1.3.11 (/opt/ros/humble/share/ament_cmake/cmake)
[0.332s] -- Found Python3: /usr/bin/python3 (found version "3.10.12") found components: Interpreter 
[0.366s] -- Override CMake install command with custom implementation using symlinks instead of copying resources
[0.399s] [33mCMake Warning (dev) at /usr/share/cmake-3.22/Modules/FindPackageHandleStandardArgs.cmake:438 (message):
[0.399s]   The package name passed to `find_package_handle_standard_args` (PkgConfig)
[0.399s]   does not match the name of the calling package (gazebo).  This can lead to
[0.399s]   problems in calling code that expects `find_package` result variables
[0.399s]   (e.g., `_FOUND`) to follow a certain pattern.
[0.399s] Call Stack (most recent call first):
[0.399s]   /usr/share/cmake-3.22/Modules/FindPkgConfig.cmake:99 (find_package_handle_standard_args)
[0.399s]   /usr/lib/x86_64-linux-gnu/cmake/gazebo/gazebo-config.cmake:72 (include)
[0.399s]   CMakeLists.txt:23 (find_package)
[0.399s] This warning is for project developers.  Use -Wno-dev to suppress it.
[0.399s] [0m
[0.399s] -- Found PkgConfig: /usr/bin/pkg-config (found version "0.29.2") 
[0.402s] -- Checking for module 'bullet>=2.82'
[0.410s] --   Found bullet, version 3.05
[0.475s] -- Found fcl: /usr/include (found suitable version "0.7.0", minimum required is "0.5.0") 
[0.507s] -- Found assimp: /usr/include (found version "5.2.0") 
[0.524s] -- Found DART: /usr/include (Required is at least version "6.6") found components: dart 
[0.636s] -- Found Boost: /usr/lib/x86_64-linux-gnu/cmake/Boost-1.74.0/BoostConfig.cmake (found suitable version "1.74.0", minimum required is "1.40.0") found components: thread system filesystem program_options regex iostreams date_time 
[0.656s] -- Found Protobuf: /usr/lib/x86_64-linux-gnu/libprotobuf.so (found version "3.12.4") 
[0.663s] -- Looking for ignition-math6 -- found version 6.15.1
[0.671s] -- Searching for dependencies of ignition-math6
[0.673s] -- Looking for OGRE...
[0.673s] -- OGRE_PREFIX_WATCH changed.
[0.676s] -- Checking for module 'OGRE'
[0.687s] --   Found OGRE, version 1.9.0
[0.707s] -- Found Ogre Ghadamon (1.9.0)
[0.714s] -- Found OGRE: optimized;/usr/lib/x86_64-linux-gnu/libOgreMain.so;debug;/usr/lib/x86_64-linux-gnu/libOgreMain.so
[0.719s] -- Looking for OGRE_Paging...
[0.723s] -- Found OGRE_Paging: optimized;/usr/lib/x86_64-linux-gnu/libOgrePaging.so;debug;/usr/lib/x86_64-linux-gnu/libOgrePaging.so
[0.723s] -- Looking for OGRE_Terrain...
[0.726s] -- Found OGRE_Terrain: optimized;/usr/lib/x86_64-linux-gnu/libOgreTerrain.so;debug;/usr/lib/x86_64-linux-gnu/libOgreTerrain.so
[0.726s] -- Looking for OGRE_Property...
[0.729s] -- Found OGRE_Property: optimized;/usr/lib/x86_64-linux-gnu/libOgreProperty.so;debug;/usr/lib/x86_64-linux-gnu/libOgreProperty.so
[0.729s] -- Looking for OGRE_RTShaderSystem...
[0.735s] -- Found OGRE_RTShaderSystem: optimized;/usr/lib/x86_64-linux-gnu/libOgreRTShaderSystem.so;debug;/usr/lib/x86_64-linux-gnu/libOgreRTShaderSystem.so
[0.735s] -- Looking for OGRE_Volume...
[0.740s] -- Found OGRE_Volume: optimized;/usr/lib/x86_64-linux-gnu/libOgreVolume.so;debug;/usr/lib/x86_64-linux-gnu/libOgreVolume.so
[0.740s] -- Looking for OGRE_Overlay...
[0.746s] -- Found OGRE_Overlay: optimized;/usr/lib/x86_64-linux-gnu/libOgreOverlay.so;debug;/usr/lib/x86_64-linux-gnu/libOgreOverlay.so
[0.817s] -- Looking for ignition-math6 -- found version 6.15.1
[0.822s] -- Looking for ignition-transport8 -- found version 8.2.1
[0.823s] -- Searching for dependencies of ignition-transport8
[0.837s] -- Found Protobuf: /usr/lib/x86_64-linux-gnu/libprotobuf.so (found suitable version "3.12.4", minimum required is "3") 
[0.847s] -- Config-file not installed for ZeroMQ -- checking for pkg-config
[0.851s] -- Checking for module 'libzmq >= 4'
[0.860s] --   Found libzmq , version 4.3.4
[0.881s] -- Found ZeroMQ: TRUE (Required is at least version "4") 
[0.887s] -- Checking for module 'uuid'
[0.896s] --   Found uuid, version 2.37.2
[0.916s] -- Found UUID: TRUE  
[0.919s] -- Looking for ignition-msgs5 -- found version 5.8.1
[0.919s] -- Searching for dependencies of ignition-msgs5
[0.930s] -- Looking for ignition-math6 -- found version 6.15.1
[0.933s] -- Checking for module 'tinyxml2'
[0.942s] --   Found tinyxml2, version 9.0.0
[0.962s] -- Looking for ignition-msgs5 -- found version 5.8.1
[0.965s] -- Looking for ignition-common3 -- found version 3.14.0
[0.965s] -- Searching for dependencies of ignition-common3
[0.965s] -- Looking for dlfcn.h - found
[0.966s] -- Looking for libdl - found
[0.967s] -- Found DL: TRUE  
[0.974s] -- Found tinyobjloader: /usr/lib/x86_64-linux-gnu/cmake/tinyobjloader/tinyobjloader-config.cmake (found version "2.0.0") 
[0.975s] -- Searching for <ignition-common3> component [graphics]
[0.977s] -- Looking for ignition-common3-graphics -- found version 3.14.0
[0.977s] -- Searching for dependencies of ignition-common3-graphics
[0.977s] -- Looking for ignition-math6 -- found version 6.15.1
[0.979s] -- Looking for ignition-fuel_tools4 -- found version 4.4.0
[0.980s] -- Searching for dependencies of ignition-fuel_tools4
[1.029s] -- Found CURL: /usr/lib/x86_64-linux-gnu/libcurl.so (found version "7.81.0")  
[1.036s] -- Checking for module 'jsoncpp'
[1.045s] --   Found jsoncpp, version 1.9.5
[1.064s] -- Found JSONCPP: TRUE  
[1.069s] -- Checking for module 'libzip'
[1.077s] --   Found libzip, version 1.7.3
[1.097s] -- Found ZIP: TRUE  
[1.098s] -- Looking for ignition-common3 -- found version 3.14.0
[1.098s] -- Looking for ignition-math6 -- found version 6.15.1
[1.098s] -- Looking for ignition-msgs5 -- found version 5.8.1
[1.106s] -- Found gazebo_ros_pkgs: 3.9.0 (/opt/ros/humble/share/gazebo_ros_pkgs/cmake)
[1.108s] -- Found geometry_msgs: 4.8.0 (/opt/ros/humble/share/geometry_msgs/cmake)
[1.142s] -- Found rosidl_generator_c: 3.1.6 (/opt/ros/humble/share/rosidl_generator_c/cmake)
[1.147s] -- Found rosidl_adapter: 3.1.6 (/opt/ros/humble/share/rosidl_adapter/cmake)
[1.155s] -- Found rosidl_generator_cpp: 3.1.6 (/opt/ros/humble/share/rosidl_generator_cpp/cmake)
[1.162s] -- Using all available rosidl_typesupport_c: rosidl_typesupport_fastrtps_c;rosidl_typesupport_introspection_c
[1.171s] -- Using all available rosidl_typesupport_cpp: rosidl_typesupport_fastrtps_cpp;rosidl_typesupport_introspection_cpp
[1.207s] -- Found nav_msgs: 4.8.0 (/opt/ros/humble/share/nav_msgs/cmake)
[1.222s] -- Found rclcpp: 16.0.12 (/opt/ros/humble/share/rclcpp/cmake)
[1.265s] -- Found rmw_implementation_cmake: 6.1.2 (/opt/ros/humble/share/rmw_implementation_cmake/cmake)
[1.269s] -- Found rmw_fastrtps_cpp: 6.2.7 (/opt/ros/humble/share/rmw_fastrtps_cpp/cmake)
[1.340s] -- Found OpenSSL: /usr/lib/x86_64-linux-gnu/libcrypto.so (found version "3.0.2")  
[1.362s] -- Found FastRTPS: /opt/ros/humble/include  
[1.395s] -- Using RMW implementation 'rmw_fastrtps_cpp' as default
[1.404s] -- Found Threads: TRUE  
[1.441s] -- Found sensor_msgs: 4.8.0 (/opt/ros/humble/share/sensor_msgs/cmake)
[1.452s] -- Found tf2: 0.25.12 (/opt/ros/humble/share/tf2/cmake)
[1.538s] -- Configuring done
[1.572s] -- Generating done
[1.580s] -- Build files have been written to: /home/bchoe7/turtlebot3_ws/src/build/turtlebot3_gazebo
[1.598s] Invoked command in '/home/bchoe7/turtlebot3_ws/src/build/turtlebot3_gazebo' returned '0': CMAKE_PREFIX_PATH=${CMAKE_PREFIX_PATH}:/home/bchoe7/turtlebot3_ws/install/turtlebot3_teleop:/home/bchoe7/turtlebot3_ws/install/turtlebot3_example:/opt/ros/humble /usr/bin/cmake /home/bchoe7/turtlebot3_ws/src/turtlebot3_simulations/turtlebot3_gazebo -DAMENT_CMAKE_SYMLINK_INSTALL=1 -DCMAKE_INSTALL_PREFIX=/home/bchoe7/turtlebot3_ws/src/install/turtlebot3_gazebo
[1.599s] Invoking command in '/home/bchoe7/turtlebot3_ws/src/build/turtlebot3_gazebo': CMAKE_PREFIX_PATH=${CMAKE_PREFIX_PATH}:/home/bchoe7/turtlebot3_ws/install/turtlebot3_teleop:/home/bchoe7/turtlebot3_ws/install/turtlebot3_example:/opt/ros/humble /usr/bin/cmake --build /home/bchoe7/turtlebot3_ws/src/build/turtlebot3_gazebo -- -j32 -l32
[1.631s] [ 16%] [32mBuilding CXX object CMakeFiles/traffic_bar_plugin.dir/src/traffic_bar_plugin.cpp.o[0m
[1.631s] [ 16%] [32mBuilding CXX object CMakeFiles/traffic_light_plugin.dir/src/traffic_light_plugin.cpp.o[0m
[1.631s] [ 25%] [32mBuilding CXX object CMakeFiles/turtlebot3_drive.dir/src/turtlebot3_drive.cpp.o[0m
[1.631s] [ 33%] [32mBuilding CXX object CMakeFiles/obstacle2.dir/src/obstacle2.cpp.o[0m
[1.631s] [ 41%] [32mBuilding CXX object CMakeFiles/obstacle1.dir/src/obstacle1.cpp.o[0m
[1.633s] [ 50%] [32mBuilding CXX object CMakeFiles/obstacles.dir/src/obstacles.cpp.o[0m
[9.403s] [ 58%] [32m[1mLinking CXX executable turtlebot3_drive[0m
[9.882s] [ 58%] Built target turtlebot3_drive
[10.276s] [ 66%] [32m[1mLinking CXX shared library libtraffic_bar_plugin.so[0m
[10.411s] [ 66%] Built target traffic_bar_plugin
[10.476s] [ 75%] [32m[1mLinking CXX shared library libobstacles.so[0m
[10.602s] [ 75%] Built target obstacles
[10.922s] [ 83%] [32m[1mLinking CXX shared library libobstacle1.so[0m
[11.041s] [ 83%] Built target obstacle1
[11.137s] [ 91%] [32m[1mLinking CXX shared library libobstacle2.so[0m
[11.266s] [ 91%] Built target obstacle2
[11.298s] [100%] [32m[1mLinking CXX shared library libtraffic_light_plugin.so[0m
[11.443s] [100%] Built target traffic_light_plugin
[11.449s] Invoked command in '/home/bchoe7/turtlebot3_ws/src/build/turtlebot3_gazebo' returned '0': CMAKE_PREFIX_PATH=${CMAKE_PREFIX_PATH}:/home/bchoe7/turtlebot3_ws/install/turtlebot3_teleop:/home/bchoe7/turtlebot3_ws/install/turtlebot3_example:/opt/ros/humble /usr/bin/cmake --build /home/bchoe7/turtlebot3_ws/src/build/turtlebot3_gazebo -- -j32 -l32
[11.451s] Invoking command in '/home/bchoe7/turtlebot3_ws/src/build/turtlebot3_gazebo': CMAKE_PREFIX_PATH=${CMAKE_PREFIX_PATH}:/home/bchoe7/turtlebot3_ws/install/turtlebot3_teleop:/home/bchoe7/turtlebot3_ws/install/turtlebot3_example:/opt/ros/humble /usr/bin/cmake --install /home/bchoe7/turtlebot3_ws/src/build/turtlebot3_gazebo
[11.454s] -- Install configuration: ""
[11.455s] -- Execute custom install script
[11.455s] -- Symlinking: /home/bchoe7/turtlebot3_ws/src/install/turtlebot3_gazebo/lib/turtlebot3_gazebo/turtlebot3_drive
[11.461s] -- Symlinking: /home/bchoe7/turtlebot3_ws/src/install/turtlebot3_gazebo/share/turtlebot3_gazebo//launch/empty_world.launch.py
[11.466s] -- Symlinking: /home/bchoe7/turtlebot3_ws/src/install/turtlebot3_gazebo/share/turtlebot3_gazebo//launch/multi_robot.launch.py
[11.472s] -- Symlinking: /home/bchoe7/turtlebot3_ws/src/install/turtlebot3_gazebo/share/turtlebot3_gazebo//launch/multi_spawn_turtlebot3.launch.py
[11.477s] -- Symlinking: /home/bchoe7/turtlebot3_ws/src/install/turtlebot3_gazebo/share/turtlebot3_gazebo//launch/robot_state_publisher.launch.py
[11.482s] -- Symlinking: /home/bchoe7/turtlebot3_ws/src/install/turtlebot3_gazebo/share/turtlebot3_gazebo//launch/spawn_turtlebot3.launch.py
[11.487s] -- Symlinking: /home/bchoe7/turtlebot3_ws/src/install/turtlebot3_gazebo/share/turtlebot3_gazebo//launch/turtlebot3_autorace_2020.launch.py
[11.490s] -- Symlinking: /home/bchoe7/turtlebot3_ws/src/install/turtlebot3_gazebo/share/turtlebot3_gazebo//launch/turtlebot3_dqn_stage1.launch.py
[11.496s] -- Symlinking: /home/bchoe7/turtlebot3_ws/src/install/turtlebot3_gazebo/share/turtlebot3_gazebo//launch/turtlebot3_dqn_stage2.launch.py
[11.502s] -- Symlinking: /home/bchoe7/turtlebot3_ws/src/install/turtlebot3_gazebo/share/turtlebot3_gazebo//launch/turtlebot3_dqn_stage3.launch.py
[11.509s] -- Symlinking: /home/bchoe7/turtlebot3_ws/src/install/turtlebot3_gazebo/share/turtlebot3_gazebo//launch/turtlebot3_dqn_stage4.launch.py
[11.514s] -- Symlinking: /home/bchoe7/turtlebot3_ws/src/install/turtlebot3_gazebo/share/turtlebot3_gazebo//launch/turtlebot3_house.launch.py
[11.519s] -- Symlinking: /home/bchoe7/turtlebot3_ws/src/install/turtlebot3_gazebo/share/turtlebot3_gazebo//launch/turtlebot3_world.launch.py
[11.524s] -- Symlinking: /home/bchoe7/turtlebot3_ws/src/install/turtlebot3_gazebo/share/turtlebot3_gazebo//models/turtlebot3_autorace_2020/checker/materials/checker.png
[11.529s] -- Symlinking: /home/bchoe7/turtlebot3_ws/src/install/turtlebot3_gazebo/share/turtlebot3_gazebo//models/turtlebot3_autorace_2020/checker/materials/scripts/checker.material
[11.533s] -- Symlinking: /home/bchoe7/turtlebot3_ws/src/install/turtlebot3_gazebo/share/turtlebot3_gazebo//models/turtlebot3_autorace_2020/checker/materials/textures/checker.png
[11.538s] -- Symlinking: /home/bchoe7/turtlebot3_ws/src/install/turtlebot3_gazebo/share/turtlebot3_gazebo//models/turtlebot3_autorace_2020/checker/model.config
[11.543s] -- Symlinking: /home/bchoe7/turtlebot3_ws/src/install/turtlebot3_gazebo/share/turtlebot3_gazebo//models/turtlebot3_autorace_2020/checker/model.sdf
[11.547s] -- Symlinking: /home/bchoe7/turtlebot3_ws/src/install/turtlebot3_gazebo/share/turtlebot3_gazebo//models/turtlebot3_autorace_2020/course/materials/scripts/course.material
[11.551s] -- Symlinking: /home/bchoe7/turtlebot3_ws/src/install/turtlebot3_gazebo/share/turtlebot3_gazebo//models/turtlebot3_autorace_2020/course/materials/textures/course.png
[11.555s] -- Symlinking: /home/bchoe7/turtlebot3_ws/src/install/turtlebot3_gazebo/share/turtlebot3_gazebo//models/turtlebot3_autorace_2020/course/model.config
[11.561s] -- Symlinking: /home/bchoe7/turtlebot3_ws/src/install/turtlebot3_gazebo/share/turtlebot3_gazebo//models/turtlebot3_autorace_2020/course/model.sdf
[11.567s] -- Symlinking: /home/bchoe7/turtlebot3_ws/src/install/turtlebot3_gazebo/share/turtlebot3_gazebo//models/turtlebot3_autorace_2020/traffic_bar/materials/scripts/traffic_bar.material
[11.572s] -- Symlinking: /home/bchoe7/turtlebot3_ws/src/install/turtlebot3_gazebo/share/turtlebot3_gazebo//models/turtlebot3_autorace_2020/traffic_bar/materials/textures/traffic_bar.png
[11.575s] -- Symlinking: /home/bchoe7/turtlebot3_ws/src/install/turtlebot3_gazebo/share/turtlebot3_gazebo//models/turtlebot3_autorace_2020/traffic_bar/model.config
[11.580s] -- Symlinking: /home/bchoe7/turtlebot3_ws/src/install/turtlebot3_gazebo/share/turtlebot3_gazebo//models/turtlebot3_autorace_2020/traffic_bar/model.sdf
[11.585s] -- Symlinking: /home/bchoe7/turtlebot3_ws/src/install/turtlebot3_gazebo/share/turtlebot3_gazebo//models/turtlebot3_autorace_2020/traffic_construction/materials/scripts/traffic_construction.material
[11.590s] -- Symlinking: /home/bchoe7/turtlebot3_ws/src/install/turtlebot3_gazebo/share/turtlebot3_gazebo//models/turtlebot3_autorace_2020/traffic_construction/materials/textures/traffic_construction.png
[11.595s] -- Symlinking: /home/bchoe7/turtlebot3_ws/src/install/turtlebot3_gazebo/share/turtlebot3_gazebo//models/turtlebot3_autorace_2020/traffic_construction/model.config
[11.599s] -- Symlinking: /home/bchoe7/turtlebot3_ws/src/install/turtlebot3_gazebo/share/turtlebot3_gazebo//models/turtlebot3_autorace_2020/traffic_construction/model.sdf
[11.605s] -- Symlinking: /home/bchoe7/turtlebot3_ws/src/install/turtlebot3_gazebo/share/turtlebot3_gazebo//models/turtlebot3_autorace_2020/traffic_intersection/materials/scripts/traffic_intersection.material
[11.612s] -- Symlinking: /home/bchoe7/turtlebot3_ws/src/install/turtlebot3_gazebo/share/turtlebot3_gazebo//models/turtlebot3_autorace_2020/traffic_intersection/materials/textures/traffic_intersection.png
[11.616s] -- Symlinking: /home/bchoe7/turtlebot3_ws/src/install/turtlebot3_gazebo/share/turtlebot3_gazebo//models/turtlebot3_autorace_2020/traffic_intersection/model.config
[11.622s] -- Symlinking: /home/bchoe7/turtlebot3_ws/src/install/turtlebot3_gazebo/share/turtlebot3_gazebo//models/turtlebot3_autorace_2020/traffic_intersection/model.sdf
[11.626s] -- Symlinking: /home/bchoe7/turtlebot3_ws/src/install/turtlebot3_gazebo/share/turtlebot3_gazebo//models/turtlebot3_autorace_2020/traffic_left/materials/scripts/traffic_is_left.material
[11.632s] -- Symlinking: /home/bchoe7/turtlebot3_ws/src/install/turtlebot3_gazebo/share/turtlebot3_gazebo//models/turtlebot3_autorace_2020/traffic_left/materials/textures/traffic_left.png
[11.638s] -- Symlinking: /home/bchoe7/turtlebot3_ws/src/install/turtlebot3_gazebo/share/turtlebot3_gazebo//models/turtlebot3_autorace_2020/traffic_left/model.config
[11.643s] -- Symlinking: /home/bchoe7/turtlebot3_ws/src/install/turtlebot3_gazebo/share/turtlebot3_gazebo//models/turtlebot3_autorace_2020/traffic_left/model.sdf
[11.648s] -- Symlinking: /home/bchoe7/turtlebot3_ws/src/install/turtlebot3_gazebo/share/turtlebot3_gazebo//models/turtlebot3_autorace_2020/traffic_light/materials/scripts/traffic_light.material
[11.652s] -- Symlinking: /home/bchoe7/turtlebot3_ws/src/install/turtlebot3_gazebo/share/turtlebot3_gazebo//models/turtlebot3_autorace_2020/traffic_light/materials/textures/traffic_light.png
[11.656s] -- Symlinking: /home/bchoe7/turtlebot3_ws/src/install/turtlebot3_gazebo/share/turtlebot3_gazebo//models/turtlebot3_autorace_2020/traffic_light/materials/textures/traffic_light_green.png
[11.661s] -- Symlinking: /home/bchoe7/turtlebot3_ws/src/install/turtlebot3_gazebo/share/turtlebot3_gazebo//models/turtlebot3_autorace_2020/traffic_light/materials/textures/traffic_light_red.png
[11.665s] -- Symlinking: /home/bchoe7/turtlebot3_ws/src/install/turtlebot3_gazebo/share/turtlebot3_gazebo//models/turtlebot3_autorace_2020/traffic_light/materials/textures/traffic_light_yellow.png
[11.670s] -- Symlinking: /home/bchoe7/turtlebot3_ws/src/install/turtlebot3_gazebo/share/turtlebot3_gazebo//models/turtlebot3_autorace_2020/traffic_light/model.config
[11.676s] -- Symlinking: /home/bchoe7/turtlebot3_ws/src/install/turtlebot3_gazebo/share/turtlebot3_gazebo//models/turtlebot3_autorace_2020/traffic_light/model.sdf
[11.680s] -- Symlinking: /home/bchoe7/turtlebot3_ws/src/install/turtlebot3_gazebo/share/turtlebot3_gazebo//models/turtlebot3_autorace_2020/traffic_noentry/materials/scripts/traffic_noentry.material
[11.685s] -- Symlinking: /home/bchoe7/turtlebot3_ws/src/install/turtlebot3_gazebo/share/turtlebot3_gazebo//models/turtlebot3_autorace_2020/traffic_noentry/materials/textures/traffic_noentry.png
[11.689s] -- Symlinking: /home/bchoe7/turtlebot3_ws/src/install/turtlebot3_gazebo/share/turtlebot3_gazebo//models/turtlebot3_autorace_2020/traffic_noentry/model.config
[11.694s] -- Symlinking: /home/bchoe7/turtlebot3_ws/src/install/turtlebot3_gazebo/share/turtlebot3_gazebo//models/turtlebot3_autorace_2020/traffic_noentry/model.sdf
[11.699s] -- Symlinking: /home/bchoe7/turtlebot3_ws/src/install/turtlebot3_gazebo/share/turtlebot3_gazebo//models/turtlebot3_autorace_2020/traffic_parking/materials/scripts/traffic_parking.material
[11.703s] -- Symlinking: /home/bchoe7/turtlebot3_ws/src/install/turtlebot3_gazebo/share/turtlebot3_gazebo//models/turtlebot3_autorace_2020/traffic_parking/materials/textures/traffic_parking.png
[11.708s] -- Symlinking: /home/bchoe7/turtlebot3_ws/src/install/turtlebot3_gazebo/share/turtlebot3_gazebo//models/turtlebot3_autorace_2020/traffic_parking/model.config
[11.714s] -- Symlinking: /home/bchoe7/turtlebot3_ws/src/install/turtlebot3_gazebo/share/turtlebot3_gazebo//models/turtlebot3_autorace_2020/traffic_parking/model.sdf
[11.718s] -- Symlinking: /home/bchoe7/turtlebot3_ws/src/install/turtlebot3_gazebo/share/turtlebot3_gazebo//models/turtlebot3_autorace_2020/traffic_pl_left/materials/scripts/traffic_pl_left.material
[11.722s] -- Symlinking: /home/bchoe7/turtlebot3_ws/src/install/turtlebot3_gazebo/share/turtlebot3_gazebo//models/turtlebot3_autorace_2020/traffic_pl_left/materials/textures/traffic_pl_left.png
[11.729s] -- Symlinking: /home/bchoe7/turtlebot3_ws/src/install/turtlebot3_gazebo/share/turtlebot3_gazebo//models/turtlebot3_autorace_2020/traffic_pl_left/model.config
[11.733s] -- Symlinking: /home/bchoe7/turtlebot3_ws/src/install/turtlebot3_gazebo/share/turtlebot3_gazebo//models/turtlebot3_autorace_2020/traffic_pl_left/model.sdf
[11.738s] -- Symlinking: /home/bchoe7/turtlebot3_ws/src/install/turtlebot3_gazebo/share/turtlebot3_gazebo//models/turtlebot3_autorace_2020/traffic_right/materials/scripts/traffic_right.material
[11.743s] -- Symlinking: /home/bchoe7/turtlebot3_ws/src/install/turtlebot3_gazebo/share/turtlebot3_gazebo//models/turtlebot3_autorace_2020/traffic_right/materials/textures/traffic_right.png
[11.747s] -- Symlinking: /home/bchoe7/turtlebot3_ws/src/install/turtlebot3_gazebo/share/turtlebot3_gazebo//models/turtlebot3_autorace_2020/traffic_right/model.config
[11.751s] -- Symlinking: /home/bchoe7/turtlebot3_ws/src/install/turtlebot3_gazebo/share/turtlebot3_gazebo//models/turtlebot3_autorace_2020/traffic_right/model.sdf
[11.755s] -- Symlinking: /home/bchoe7/turtlebot3_ws/src/install/turtlebot3_gazebo/share/turtlebot3_gazebo//models/turtlebot3_autorace_2020/traffic_stop/materials/scripts/traffic_stop.material
[11.760s] -- Symlinking: /home/bchoe7/turtlebot3_ws/src/install/turtlebot3_gazebo/share/turtlebot3_gazebo//models/turtlebot3_autorace_2020/traffic_stop/materials/textures/traffic_stop.png
[11.766s] -- Symlinking: /home/bchoe7/turtlebot3_ws/src/install/turtlebot3_gazebo/share/turtlebot3_gazebo//models/turtlebot3_autorace_2020/traffic_stop/model.config
[11.770s] -- Symlinking: /home/bchoe7/turtlebot3_ws/src/install/turtlebot3_gazebo/share/turtlebot3_gazebo//models/turtlebot3_autorace_2020/traffic_stop/model.sdf
[11.775s] -- Symlinking: /home/bchoe7/turtlebot3_ws/src/install/turtlebot3_gazebo/share/turtlebot3_gazebo//models/turtlebot3_autorace_2020/traffic_tunnel/materials/scripts/tunnel.material
[11.782s] -- Symlinking: /home/bchoe7/turtlebot3_ws/src/install/turtlebot3_gazebo/share/turtlebot3_gazebo//models/turtlebot3_autorace_2020/traffic_tunnel/materials/textures/tunnel.png
[11.786s] -- Symlinking: /home/bchoe7/turtlebot3_ws/src/install/turtlebot3_gazebo/share/turtlebot3_gazebo//models/turtlebot3_autorace_2020/traffic_tunnel/model.config
[11.790s] -- Symlinking: /home/bchoe7/turtlebot3_ws/src/install/turtlebot3_gazebo/share/turtlebot3_gazebo//models/turtlebot3_autorace_2020/traffic_tunnel/model.sdf
[11.796s] -- Symlinking: /home/bchoe7/turtlebot3_ws/src/install/turtlebot3_gazebo/share/turtlebot3_gazebo//models/turtlebot3_burger/model-1_4.sdf
[11.800s] -- Symlinking: /home/bchoe7/turtlebot3_ws/src/install/turtlebot3_gazebo/share/turtlebot3_gazebo//models/turtlebot3_burger/model.config
[11.805s] -- Symlinking: /home/bchoe7/turtlebot3_ws/src/install/turtlebot3_gazebo/share/turtlebot3_gazebo//models/turtlebot3_burger/model.sdf
[11.809s] -- Symlinking: /home/bchoe7/turtlebot3_ws/src/install/turtlebot3_gazebo/share/turtlebot3_gazebo//models/turtlebot3_burger_cam/model-1_4.sdf
[11.814s] -- Symlinking: /home/bchoe7/turtlebot3_ws/src/install/turtlebot3_gazebo/share/turtlebot3_gazebo//models/turtlebot3_burger_cam/model.config
[11.819s] -- Symlinking: /home/bchoe7/turtlebot3_ws/src/install/turtlebot3_gazebo/share/turtlebot3_gazebo//models/turtlebot3_burger_cam/model.sdf
[11.824s] -- Symlinking: /home/bchoe7/turtlebot3_ws/src/install/turtlebot3_gazebo/share/turtlebot3_gazebo//models/turtlebot3_common/meshes/bases/burger_base.stl
[11.830s] -- Symlinking: /home/bchoe7/turtlebot3_ws/src/install/turtlebot3_gazebo/share/turtlebot3_gazebo//models/turtlebot3_common/meshes/bases/waffle_base.stl
[11.836s] -- Symlinking: /home/bchoe7/turtlebot3_ws/src/install/turtlebot3_gazebo/share/turtlebot3_gazebo//models/turtlebot3_common/meshes/bases/waffle_pi_base.stl
[11.841s] -- Symlinking: /home/bchoe7/turtlebot3_ws/src/install/turtlebot3_gazebo/share/turtlebot3_gazebo//models/turtlebot3_common/meshes/burger_base.dae
[11.847s] -- Symlinking: /home/bchoe7/turtlebot3_ws/src/install/turtlebot3_gazebo/share/turtlebot3_gazebo//models/turtlebot3_common/meshes/lds.dae
[11.852s] -- Symlinking: /home/bchoe7/turtlebot3_ws/src/install/turtlebot3_gazebo/share/turtlebot3_gazebo//models/turtlebot3_common/meshes/r200.dae
[11.857s] -- Symlinking: /home/bchoe7/turtlebot3_ws/src/install/turtlebot3_gazebo/share/turtlebot3_gazebo//models/turtlebot3_common/meshes/sensors/astra.dae
[11.862s] -- Symlinking: /home/bchoe7/turtlebot3_ws/src/install/turtlebot3_gazebo/share/turtlebot3_gazebo//models/turtlebot3_common/meshes/sensors/astra.jpg
[11.866s] -- Symlinking: /home/bchoe7/turtlebot3_ws/src/install/turtlebot3_gazebo/share/turtlebot3_gazebo//models/turtlebot3_common/meshes/sensors/lds.stl
[11.870s] -- Symlinking: /home/bchoe7/turtlebot3_ws/src/install/turtlebot3_gazebo/share/turtlebot3_gazebo//models/turtlebot3_common/meshes/sensors/r200.dae
[11.876s] -- Symlinking: /home/bchoe7/turtlebot3_ws/src/install/turtlebot3_gazebo/share/turtlebot3_gazebo//models/turtlebot3_common/meshes/sensors/r200.jpg
[11.881s] -- Symlinking: /home/bchoe7/turtlebot3_ws/src/install/turtlebot3_gazebo/share/turtlebot3_gazebo//models/turtlebot3_common/meshes/tire.dae
[11.885s] -- Symlinking: /home/bchoe7/turtlebot3_ws/src/install/turtlebot3_gazebo/share/turtlebot3_gazebo//models/turtlebot3_common/meshes/waffle_base.dae
[11.891s] -- Symlinking: /home/bchoe7/turtlebot3_ws/src/install/turtlebot3_gazebo/share/turtlebot3_gazebo//models/turtlebot3_common/meshes/waffle_pi_base.dae
[11.895s] -- Symlinking: /home/bchoe7/turtlebot3_ws/src/install/turtlebot3_gazebo/share/turtlebot3_gazebo//models/turtlebot3_common/meshes/wheels/left_tire.stl
[11.900s] -- Symlinking: /home/bchoe7/turtlebot3_ws/src/install/turtlebot3_gazebo/share/turtlebot3_gazebo//models/turtlebot3_common/meshes/wheels/right_tire.stl
[11.904s] -- Symlinking: /home/bchoe7/turtlebot3_ws/src/install/turtlebot3_gazebo/share/turtlebot3_gazebo//models/turtlebot3_common/model.config
[11.910s] -- Symlinking: /home/bchoe7/turtlebot3_ws/src/install/turtlebot3_gazebo/share/turtlebot3_gazebo//models/turtlebot3_dqn_world/goal_box/model.config
[11.916s] -- Symlinking: /home/bchoe7/turtlebot3_ws/src/install/turtlebot3_gazebo/share/turtlebot3_gazebo//models/turtlebot3_dqn_world/goal_box/model.sdf
[11.921s] -- Symlinking: /home/bchoe7/turtlebot3_ws/src/install/turtlebot3_gazebo/share/turtlebot3_gazebo//models/turtlebot3_dqn_world/inner_walls/model.config
[11.926s] -- Symlinking: /home/bchoe7/turtlebot3_ws/src/install/turtlebot3_gazebo/share/turtlebot3_gazebo//models/turtlebot3_dqn_world/inner_walls/model.sdf
[11.930s] -- Symlinking: /home/bchoe7/turtlebot3_ws/src/install/turtlebot3_gazebo/share/turtlebot3_gazebo//models/turtlebot3_dqn_world/model.config
[11.934s] -- Symlinking: /home/bchoe7/turtlebot3_ws/src/install/turtlebot3_gazebo/share/turtlebot3_gazebo//models/turtlebot3_dqn_world/model.sdf
[11.938s] -- Symlinking: /home/bchoe7/turtlebot3_ws/src/install/turtlebot3_gazebo/share/turtlebot3_gazebo//models/turtlebot3_dqn_world/obstacle1/model.config
[11.943s] -- Symlinking: /home/bchoe7/turtlebot3_ws/src/install/turtlebot3_gazebo/share/turtlebot3_gazebo//models/turtlebot3_dqn_world/obstacle1/model.sdf
[11.947s] -- Symlinking: /home/bchoe7/turtlebot3_ws/src/install/turtlebot3_gazebo/share/turtlebot3_gazebo//models/turtlebot3_dqn_world/obstacle2/model.config
[11.951s] -- Symlinking: /home/bchoe7/turtlebot3_ws/src/install/turtlebot3_gazebo/share/turtlebot3_gazebo//models/turtlebot3_dqn_world/obstacle2/model.sdf
[11.955s] -- Symlinking: /home/bchoe7/turtlebot3_ws/src/install/turtlebot3_gazebo/share/turtlebot3_gazebo//models/turtlebot3_dqn_world/obstacles/model.config
[11.960s] -- Symlinking: /home/bchoe7/turtlebot3_ws/src/install/turtlebot3_gazebo/share/turtlebot3_gazebo//models/turtlebot3_dqn_world/obstacles/model.sdf
[11.966s] -- Symlinking: /home/bchoe7/turtlebot3_ws/src/install/turtlebot3_gazebo/share/turtlebot3_gazebo//models/turtlebot3_house/model.config
[11.972s] -- Symlinking: /home/bchoe7/turtlebot3_ws/src/install/turtlebot3_gazebo/share/turtlebot3_gazebo//models/turtlebot3_house/model.sdf
[11.978s] -- Symlinking: /home/bchoe7/turtlebot3_ws/src/install/turtlebot3_gazebo/share/turtlebot3_gazebo//models/turtlebot3_waffle/model-1_4.sdf
[11.983s] -- Symlinking: /home/bchoe7/turtlebot3_ws/src/install/turtlebot3_gazebo/share/turtlebot3_gazebo//models/turtlebot3_waffle/model.config
[11.988s] -- Symlinking: /home/bchoe7/turtlebot3_ws/src/install/turtlebot3_gazebo/share/turtlebot3_gazebo//models/turtlebot3_waffle/model.sdf
[11.993s] -- Symlinking: /home/bchoe7/turtlebot3_ws/src/install/turtlebot3_gazebo/share/turtlebot3_gazebo//models/turtlebot3_waffle_pi/model-1_4_.sdf
[11.998s] -- Symlinking: /home/bchoe7/turtlebot3_ws/src/install/turtlebot3_gazebo/share/turtlebot3_gazebo//models/turtlebot3_waffle_pi/model.config
[12.002s] -- Symlinking: /home/bchoe7/turtlebot3_ws/src/install/turtlebot3_gazebo/share/turtlebot3_gazebo//models/turtlebot3_waffle_pi/model.sdf
[12.006s] -- Symlinking: /home/bchoe7/turtlebot3_ws/src/install/turtlebot3_gazebo/share/turtlebot3_gazebo//models/turtlebot3_world/meshes/hexagon.dae
[12.011s] -- Symlinking: /home/bchoe7/turtlebot3_ws/src/install/turtlebot3_gazebo/share/turtlebot3_gazebo//models/turtlebot3_world/meshes/wall.dae
[12.017s] -- Symlinking: /home/bchoe7/turtlebot3_ws/src/install/turtlebot3_gazebo/share/turtlebot3_gazebo//models/turtlebot3_world/model-1_4.sdf
[12.024s] -- Symlinking: /home/bchoe7/turtlebot3_ws/src/install/turtlebot3_gazebo/share/turtlebot3_gazebo//models/turtlebot3_world/model.config
[12.030s] -- Symlinking: /home/bchoe7/turtlebot3_ws/src/install/turtlebot3_gazebo/share/turtlebot3_gazebo//models/turtlebot3_world/model.sdf
[12.034s] -- Symlinking: /home/bchoe7/turtlebot3_ws/src/install/turtlebot3_gazebo/share/turtlebot3_gazebo//rviz/tb3_gazebo.rviz
[12.039s] -- Symlinking: /home/bchoe7/turtlebot3_ws/src/install/turtlebot3_gazebo/share/turtlebot3_gazebo//urdf/common_properties.urdf
[12.044s] -- Symlinking: /home/bchoe7/turtlebot3_ws/src/install/turtlebot3_gazebo/share/turtlebot3_gazebo//urdf/turtlebot3_burger.urdf
[12.048s] -- Symlinking: /home/bchoe7/turtlebot3_ws/src/install/turtlebot3_gazebo/share/turtlebot3_gazebo//urdf/turtlebot3_burger_cam.urdf
[12.054s] -- Symlinking: /home/bchoe7/turtlebot3_ws/src/install/turtlebot3_gazebo/share/turtlebot3_gazebo//urdf/turtlebot3_waffle.urdf
[12.060s] -- Symlinking: /home/bchoe7/turtlebot3_ws/src/install/turtlebot3_gazebo/share/turtlebot3_gazebo//urdf/turtlebot3_waffle_pi.urdf
[12.064s] -- Symlinking: /home/bchoe7/turtlebot3_ws/src/install/turtlebot3_gazebo/share/turtlebot3_gazebo//worlds/empty_world.world
[12.070s] -- Symlinking: /home/bchoe7/turtlebot3_ws/src/install/turtlebot3_gazebo/share/turtlebot3_gazebo//worlds/turtlebot3_autorace_2020.world
[12.074s] -- Symlinking: /home/bchoe7/turtlebot3_ws/src/install/turtlebot3_gazebo/share/turtlebot3_gazebo//worlds/turtlebot3_dqn_stage1.world
[12.080s] -- Symlinking: /home/bchoe7/turtlebot3_ws/src/install/turtlebot3_gazebo/share/turtlebot3_gazebo//worlds/turtlebot3_dqn_stage2.world
[12.085s] -- Symlinking: /home/bchoe7/turtlebot3_ws/src/install/turtlebot3_gazebo/share/turtlebot3_gazebo//worlds/turtlebot3_dqn_stage3.world
[12.091s] -- Symlinking: /home/bchoe7/turtlebot3_ws/src/install/turtlebot3_gazebo/share/turtlebot3_gazebo//worlds/turtlebot3_dqn_stage4.world
[12.095s] -- Symlinking: /home/bchoe7/turtlebot3_ws/src/install/turtlebot3_gazebo/share/turtlebot3_gazebo//worlds/turtlebot3_house.world
[12.099s] -- Symlinking: /home/bchoe7/turtlebot3_ws/src/install/turtlebot3_gazebo/share/turtlebot3_gazebo//worlds/turtlebot3_world.world
[12.105s] -- Symlinking: /home/bchoe7/turtlebot3_ws/src/install/turtlebot3_gazebo/include//turtlebot3_gazebo/obstacle1.hpp
[12.111s] -- Symlinking: /home/bchoe7/turtlebot3_ws/src/install/turtlebot3_gazebo/include//turtlebot3_gazebo/obstacle2.hpp
[12.116s] -- Symlinking: /home/bchoe7/turtlebot3_ws/src/install/turtlebot3_gazebo/include//turtlebot3_gazebo/obstacles.hpp
[12.122s] -- Symlinking: /home/bchoe7/turtlebot3_ws/src/install/turtlebot3_gazebo/include//turtlebot3_gazebo/traffic_bar_plugin.hpp
[12.126s] -- Symlinking: /home/bchoe7/turtlebot3_ws/src/install/turtlebot3_gazebo/include//turtlebot3_gazebo/traffic_light_plugin.hpp
[12.131s] -- Symlinking: /home/bchoe7/turtlebot3_ws/src/install/turtlebot3_gazebo/include//turtlebot3_gazebo/turtlebot3_drive.hpp
[12.136s] -- Symlinking: /home/bchoe7/turtlebot3_ws/src/install/turtlebot3_gazebo/share/ament_index/resource_index/package_run_dependencies/turtlebot3_gazebo
[12.141s] -- Symlinking: /home/bchoe7/turtlebot3_ws/src/install/turtlebot3_gazebo/share/ament_index/resource_index/parent_prefix_path/turtlebot3_gazebo
[12.146s] -- Symlinking: /home/bchoe7/turtlebot3_ws/src/install/turtlebot3_gazebo/share/turtlebot3_gazebo/environment/ament_prefix_path.sh
[12.155s] -- Symlinking: /home/bchoe7/turtlebot3_ws/src/install/turtlebot3_gazebo/share/turtlebot3_gazebo/environment/ament_prefix_path.dsv
[12.159s] -- Symlinking: /home/bchoe7/turtlebot3_ws/src/install/turtlebot3_gazebo/share/turtlebot3_gazebo/environment/path.sh
[12.165s] -- Symlinking: /home/bchoe7/turtlebot3_ws/src/install/turtlebot3_gazebo/share/turtlebot3_gazebo/environment/path.dsv
[12.171s] -- Symlinking: /home/bchoe7/turtlebot3_ws/src/install/turtlebot3_gazebo/share/turtlebot3_gazebo/local_setup.bash
[12.176s] -- Symlinking: /home/bchoe7/turtlebot3_ws/src/install/turtlebot3_gazebo/share/turtlebot3_gazebo/local_setup.sh
[12.182s] -- Symlinking: /home/bchoe7/turtlebot3_ws/src/install/turtlebot3_gazebo/share/turtlebot3_gazebo/local_setup.zsh
[12.187s] -- Symlinking: /home/bchoe7/turtlebot3_ws/src/install/turtlebot3_gazebo/share/turtlebot3_gazebo/local_setup.dsv
[12.192s] -- Symlinking: /home/bchoe7/turtlebot3_ws/src/install/turtlebot3_gazebo/share/turtlebot3_gazebo/package.dsv
[12.197s] -- Symlinking: /home/bchoe7/turtlebot3_ws/src/install/turtlebot3_gazebo/share/ament_index/resource_index/packages/turtlebot3_gazebo
[12.201s] -- Symlinking: /home/bchoe7/turtlebot3_ws/src/install/turtlebot3_gazebo/share/turtlebot3_gazebo/cmake/ament_cmake_export_include_directories-extras.cmake
[12.207s] -- Symlinking: /home/bchoe7/turtlebot3_ws/src/install/turtlebot3_gazebo/share/turtlebot3_gazebo/cmake/ament_cmake_export_dependencies-extras.cmake
[12.212s] -- Symlinking: /home/bchoe7/turtlebot3_ws/src/install/turtlebot3_gazebo/share/turtlebot3_gazebo/cmake/turtlebot3_gazeboConfig.cmake
[12.218s] -- Symlinking: /home/bchoe7/turtlebot3_ws/src/install/turtlebot3_gazebo/share/turtlebot3_gazebo/cmake/turtlebot3_gazeboConfig-version.cmake
[12.222s] -- Symlinking: /home/bchoe7/turtlebot3_ws/src/install/turtlebot3_gazebo/share/turtlebot3_gazebo/package.xml
[12.229s] Invoked command in '/home/bchoe7/turtlebot3_ws/src/build/turtlebot3_gazebo' returned '0': CMAKE_PREFIX_PATH=${CMAKE_PREFIX_PATH}:/home/bchoe7/turtlebot3_ws/install/turtlebot3_teleop:/home/bchoe7/turtlebot3_ws/install/turtlebot3_example:/opt/ros/humble /usr/bin/cmake --install /home/bchoe7/turtlebot3_ws/src/build/turtlebot3_gazebo
