[0.455s] Invoking command in '/home/bchoe7/turtlebot3_ws/src/build/turtlebot3_example': AMENT_PREFIX_PATH=/home/bchoe7/turtlebot3_ws/src/install/turtlebot3_msgs:${AMENT_PREFIX_PATH} CMAKE_PREFIX_PATH=/home/bchoe7/turtlebot3_ws/src/install/turtlebot3_msgs:${CMAKE_PREFIX_PATH} LD_LIBRARY_PATH=/home/bchoe7/turtlebot3_ws/src/install/turtlebot3_msgs/lib:/home/bchoe7/turtlebot3_ws/install/turtlebot3_msgs/lib:/home/bchoe7/turtlebot3_ws/install/dynamixel_sdk_custom_interfaces/lib:/home/bchoe7/turtlebot3_ws/install/dynamixel_sdk/lib:/usr/lib/x86_64-linux-gnu/gazebo-11/plugins:/opt/ros/humble/opt/rviz_ogre_vendor/lib:/opt/ros/humble/lib/x86_64-linux-gnu:/opt/ros/humble/lib:/usr/lib/x86_64-linux-gnu/gazebo-11/plugins PYTHONPATH=/home/bchoe7/turtlebot3_ws/src/build/turtlebot3_example/prefix_override:/usr/lib/python3/dist-packages/colcon_core/task/python/colcon_distutils_commands:/home/bchoe7/turtlebot3_ws/src/install/turtlebot3_example/lib/python3.10/site-packages:/home/bchoe7/turtlebot3_ws/src/install/turtlebot3_msgs/local/lib/python3.10/dist-packages:${PYTHONPATH} /usr/bin/python3 -W ignore:setup.py install is deprecated -W ignore:easy_install command is deprecated setup.py develop --editable --build-directory /home/bchoe7/turtlebot3_ws/src/build/turtlebot3_example/build --no-deps symlink_data
[0.645s] running develop
[0.749s] running egg_info
[0.749s] creating turtlebot3_example.egg-info
[0.752s] writing turtlebot3_example.egg-info/PKG-INFO
[0.752s] writing dependency_links to turtlebot3_example.egg-info/dependency_links.txt
[0.752s] writing entry points to turtlebot3_example.egg-info/entry_points.txt
[0.752s] writing requirements to turtlebot3_example.egg-info/requires.txt
[0.752s] writing top-level names to turtlebot3_example.egg-info/top_level.txt
[0.752s] writing manifest file 'turtlebot3_example.egg-info/SOURCES.txt'
[0.753s] reading manifest file 'turtlebot3_example.egg-info/SOURCES.txt'
[0.753s] writing manifest file 'turtlebot3_example.egg-info/SOURCES.txt'
[0.754s] running build_ext
[0.754s] Creating /home/bchoe7/turtlebot3_ws/src/install/turtlebot3_example/lib/python3.10/site-packages/turtlebot3-example.egg-link (link to .)
[0.755s] Installing turtlebot3_absolute_move script to /home/bchoe7/turtlebot3_ws/src/install/turtlebot3_example/lib/turtlebot3_example
[0.755s] Installing turtlebot3_interactive_marker script to /home/bchoe7/turtlebot3_ws/src/install/turtlebot3_example/lib/turtlebot3_example
[0.755s] Installing turtlebot3_obstacle_detection script to /home/bchoe7/turtlebot3_ws/src/install/turtlebot3_example/lib/turtlebot3_example
[0.755s] Installing turtlebot3_patrol_client script to /home/bchoe7/turtlebot3_ws/src/install/turtlebot3_example/lib/turtlebot3_example
[0.755s] Installing turtlebot3_patrol_server script to /home/bchoe7/turtlebot3_ws/src/install/turtlebot3_example/lib/turtlebot3_example
[0.755s] Installing turtlebot3_relative_move script to /home/bchoe7/turtlebot3_ws/src/install/turtlebot3_example/lib/turtlebot3_example
[0.755s] 
[0.755s] Installed /home/bchoe7/turtlebot3_ws/src/build/turtlebot3_example
[0.755s] running symlink_data
[0.755s] creating /home/bchoe7/turtlebot3_ws/src/install/turtlebot3_example/share/ament_index
[0.755s] creating /home/bchoe7/turtlebot3_ws/src/install/turtlebot3_example/share/ament_index/resource_index
[0.755s] creating /home/bchoe7/turtlebot3_ws/src/install/turtlebot3_example/share/ament_index/resource_index/packages
[0.755s] symbolically linking /home/bchoe7/turtlebot3_ws/src/build/turtlebot3_example/resource/turtlebot3_example -> /home/bchoe7/turtlebot3_ws/src/install/turtlebot3_example/share/ament_index/resource_index/packages
[0.755s] symbolically linking /home/bchoe7/turtlebot3_ws/src/build/turtlebot3_example/package.xml -> /home/bchoe7/turtlebot3_ws/src/install/turtlebot3_example/share/turtlebot3_example
[0.773s] Invoked command in '/home/bchoe7/turtlebot3_ws/src/build/turtlebot3_example' returned '0': AMENT_PREFIX_PATH=/home/bchoe7/turtlebot3_ws/src/install/turtlebot3_msgs:${AMENT_PREFIX_PATH} CMAKE_PREFIX_PATH=/home/bchoe7/turtlebot3_ws/src/install/turtlebot3_msgs:${CMAKE_PREFIX_PATH} LD_LIBRARY_PATH=/home/bchoe7/turtlebot3_ws/src/install/turtlebot3_msgs/lib:/home/bchoe7/turtlebot3_ws/install/turtlebot3_msgs/lib:/home/bchoe7/turtlebot3_ws/install/dynamixel_sdk_custom_interfaces/lib:/home/bchoe7/turtlebot3_ws/install/dynamixel_sdk/lib:/usr/lib/x86_64-linux-gnu/gazebo-11/plugins:/opt/ros/humble/opt/rviz_ogre_vendor/lib:/opt/ros/humble/lib/x86_64-linux-gnu:/opt/ros/humble/lib:/usr/lib/x86_64-linux-gnu/gazebo-11/plugins PYTHONPATH=/home/bchoe7/turtlebot3_ws/src/build/turtlebot3_example/prefix_override:/usr/lib/python3/dist-packages/colcon_core/task/python/colcon_distutils_commands:/home/bchoe7/turtlebot3_ws/src/install/turtlebot3_example/lib/python3.10/site-packages:/home/bchoe7/turtlebot3_ws/src/install/turtlebot3_msgs/local/lib/python3.10/dist-packages:${PYTHONPATH} /usr/bin/python3 -W ignore:setup.py install is deprecated -W ignore:easy_install command is deprecated setup.py develop --editable --build-directory /home/bchoe7/turtlebot3_ws/src/build/turtlebot3_example/build --no-deps symlink_data
