[0.015s] Invoking command in '/home/bchoe7/seeing_saying_solving/turtlebot3_ws_s3/build/dynamixel_sdk_custom_interfaces': CMAKE_PREFIX_PATH=/opt/ros/humble DEBUGINFOD_URLS=https://debuginfod.ubuntu.com /usr/bin/cmake --build /home/bchoe7/seeing_saying_solving/turtlebot3_ws_s3/build/dynamixel_sdk_custom_interfaces -- -j32 -l32
[0.138s] -- Found ament_cmake: 1.3.11 (/opt/ros/humble/share/ament_cmake/cmake)
[0.138s] -- Override CMake install command with custom implementation using symlinks instead of copying resources
[0.138s] -- Found builtin_interfaces: 1.2.1 (/opt/ros/humble/share/builtin_interfaces/cmake)
[0.138s] -- Found rosidl_generator_c: 3.1.6 (/opt/ros/humble/share/rosidl_generator_c/cmake)
[0.138s] -- Found rosidl_adapter: 3.1.6 (/opt/ros/humble/share/rosidl_adapter/cmake)
[0.138s] -- Found rosidl_generator_cpp: 3.1.6 (/opt/ros/humble/share/rosidl_generator_cpp/cmake)
[0.138s] -- Using all available rosidl_typesupport_c: rosidl_typesupport_fastrtps_c;rosidl_typesupport_introspection_c
[0.138s] -- Using all available rosidl_typesupport_cpp: rosidl_typesupport_fastrtps_cpp;rosidl_typesupport_introspection_cpp
[0.139s] -- Found rosidl_default_generators: 1.2.0 (/opt/ros/humble/share/rosidl_default_generators/cmake)
[0.278s] -- Found ament_cmake_ros: 0.10.0 (/opt/ros/humble/share/ament_cmake_ros/cmake)
[0.490s] -- Using all available rosidl_typesupport_c: rosidl_typesupport_fastrtps_c;rosidl_typesupport_introspection_c
[0.564s] -- Using all available rosidl_typesupport_cpp: rosidl_typesupport_fastrtps_cpp;rosidl_typesupport_introspection_cpp
[0.580s] -- Found python_cmake_module: 0.10.0 (/opt/ros/humble/share/python_cmake_module/cmake)
[0.593s] -- Using PYTHON_EXECUTABLE: /usr/bin/python3
[0.593s] -- Using PYTHON_INCLUDE_DIRS: /usr/include/python3.10
[0.593s] -- Using PYTHON_LIBRARIES: /usr/lib/x86_64-linux-gnu/libpython3.10.so
[0.602s] -- Configuring done
[0.616s] -- Generating done
[0.621s] -- Build files have been written to: /home/bchoe7/seeing_saying_solving/turtlebot3_ws_s3/build/dynamixel_sdk_custom_interfaces
[0.637s] [35m[1mConsolidate compiler generated dependencies of target dynamixel_sdk_custom_interfaces__rosidl_generator_c[0m
[0.643s] [  2%] Built target dynamixel_sdk_custom_interfaces__cpp
[0.644s] [  5%] [32mBuilding C object CMakeFiles/dynamixel_sdk_custom_interfaces__rosidl_generator_c.dir/rosidl_generator_c/dynamixel_sdk_custom_interfaces/msg/detail/set_position__functions.c.o[0m
[0.645s] [  7%] [32mBuilding C object CMakeFiles/dynamixel_sdk_custom_interfaces__rosidl_generator_c.dir/rosidl_generator_c/dynamixel_sdk_custom_interfaces/srv/detail/get_position__functions.c.o[0m
[0.648s] [  7%] Built target ament_cmake_python_symlink_dynamixel_sdk_custom_interfaces
[0.651s] [35m[1mConsolidate compiler generated dependencies of target dynamixel_sdk_custom_interfaces__rosidl_typesupport_introspection_cpp[0m
[0.651s] [35m[1mConsolidate compiler generated dependencies of target dynamixel_sdk_custom_interfaces__rosidl_typesupport_cpp[0m
[0.651s] [35m[1mConsolidate compiler generated dependencies of target dynamixel_sdk_custom_interfaces__rosidl_typesupport_fastrtps_cpp[0m
[0.659s] [ 17%] [32mBuilding CXX object CMakeFiles/dynamixel_sdk_custom_interfaces__rosidl_typesupport_cpp.dir/rosidl_typesupport_cpp/dynamixel_sdk_custom_interfaces/srv/get_position__type_support.cpp.o[0m
[0.659s] [ 17%] [32mBuilding CXX object CMakeFiles/dynamixel_sdk_custom_interfaces__rosidl_typesupport_fastrtps_cpp.dir/rosidl_typesupport_fastrtps_cpp/dynamixel_sdk_custom_interfaces/srv/detail/dds_fastrtps/get_position__type_support.cpp.o[0m
[0.659s] [ 17%] [32mBuilding CXX object CMakeFiles/dynamixel_sdk_custom_interfaces__rosidl_typesupport_introspection_cpp.dir/rosidl_typesupport_introspection_cpp/dynamixel_sdk_custom_interfaces/srv/detail/get_position__type_support.cpp.o[0m
[0.659s] [ 17%] [32mBuilding CXX object CMakeFiles/dynamixel_sdk_custom_interfaces__rosidl_typesupport_cpp.dir/rosidl_typesupport_cpp/dynamixel_sdk_custom_interfaces/msg/set_position__type_support.cpp.o[0m
[0.660s] [ 20%] [32mBuilding CXX object CMakeFiles/dynamixel_sdk_custom_interfaces__rosidl_typesupport_introspection_cpp.dir/rosidl_typesupport_introspection_cpp/dynamixel_sdk_custom_interfaces/msg/detail/set_position__type_support.cpp.o[0m
[0.660s] [ 23%] [32mBuilding CXX object CMakeFiles/dynamixel_sdk_custom_interfaces__rosidl_typesupport_fastrtps_cpp.dir/rosidl_typesupport_fastrtps_cpp/dynamixel_sdk_custom_interfaces/msg/detail/dds_fastrtps/set_position__type_support.cpp.o[0m
[0.689s] [ 25%] [32m[1mLinking C shared library libdynamixel_sdk_custom_interfaces__rosidl_generator_c.so[0m
[0.716s] [ 28%] Built target dynamixel_sdk_custom_interfaces__rosidl_generator_c
[0.724s] [35m[1mConsolidate compiler generated dependencies of target dynamixel_sdk_custom_interfaces__rosidl_typesupport_c[0m
[0.724s] [35m[1mConsolidate compiler generated dependencies of target dynamixel_sdk_custom_interfaces__rosidl_typesupport_introspection_c[0m
[0.724s] [35m[1mConsolidate compiler generated dependencies of target dynamixel_sdk_custom_interfaces__rosidl_typesupport_fastrtps_c[0m
[0.731s] [ 30%] [32mBuilding C object CMakeFiles/dynamixel_sdk_custom_interfaces__rosidl_typesupport_introspection_c.dir/rosidl_typesupport_introspection_c/dynamixel_sdk_custom_interfaces/msg/detail/set_position__type_support.c.o[0m
[0.732s] [ 33%] [32mBuilding CXX object CMakeFiles/dynamixel_sdk_custom_interfaces__rosidl_typesupport_fastrtps_c.dir/rosidl_typesupport_fastrtps_c/dynamixel_sdk_custom_interfaces/srv/detail/get_position__type_support_c.cpp.o[0m
[0.733s] [ 38%] [32mBuilding CXX object CMakeFiles/dynamixel_sdk_custom_interfaces__rosidl_typesupport_c.dir/rosidl_typesupport_c/dynamixel_sdk_custom_interfaces/srv/get_position__type_support.cpp.o[0m
[0.733s] [ 38%] [32mBuilding CXX object CMakeFiles/dynamixel_sdk_custom_interfaces__rosidl_typesupport_c.dir/rosidl_typesupport_c/dynamixel_sdk_custom_interfaces/msg/set_position__type_support.cpp.o[0m
[0.734s] [ 41%] [32mBuilding CXX object CMakeFiles/dynamixel_sdk_custom_interfaces__rosidl_typesupport_fastrtps_c.dir/rosidl_typesupport_fastrtps_c/dynamixel_sdk_custom_interfaces/msg/detail/set_position__type_support_c.cpp.o[0m
[0.734s] [ 43%] [32mBuilding C object CMakeFiles/dynamixel_sdk_custom_interfaces__rosidl_typesupport_introspection_c.dir/rosidl_typesupport_introspection_c/dynamixel_sdk_custom_interfaces/srv/detail/get_position__type_support.c.o[0m
[0.755s] [ 46%] [32m[1mLinking CXX shared library libdynamixel_sdk_custom_interfaces__rosidl_typesupport_c.so[0m
[0.758s] [ 48%] [32m[1mLinking C shared library libdynamixel_sdk_custom_interfaces__rosidl_typesupport_introspection_c.so[0m
[0.773s] running egg_info
[0.773s] writing dynamixel_sdk_custom_interfaces.egg-info/PKG-INFO
[0.773s] writing dependency_links to dynamixel_sdk_custom_interfaces.egg-info/dependency_links.txt
[0.774s] writing top-level names to dynamixel_sdk_custom_interfaces.egg-info/top_level.txt
[0.775s] reading manifest file 'dynamixel_sdk_custom_interfaces.egg-info/SOURCES.txt'
[0.775s] writing manifest file 'dynamixel_sdk_custom_interfaces.egg-info/SOURCES.txt'
[0.777s] [ 51%] Built target dynamixel_sdk_custom_interfaces__rosidl_typesupport_introspection_c
[0.790s] [ 53%] Built target dynamixel_sdk_custom_interfaces__rosidl_typesupport_c
[0.790s] [ 53%] Built target ament_cmake_python_build_dynamixel_sdk_custom_interfaces_egg
[0.818s] [ 56%] [32m[1mLinking CXX shared library libdynamixel_sdk_custom_interfaces__rosidl_typesupport_cpp.so[0m
[0.844s] [ 58%] Built target dynamixel_sdk_custom_interfaces__rosidl_typesupport_cpp
[0.850s] [ 61%] [32m[1mLinking CXX shared library libdynamixel_sdk_custom_interfaces__rosidl_typesupport_fastrtps_cpp.so[0m
[0.896s] [ 64%] Built target dynamixel_sdk_custom_interfaces__rosidl_typesupport_fastrtps_cpp
[0.953s] [ 66%] [32m[1mLinking CXX shared library libdynamixel_sdk_custom_interfaces__rosidl_typesupport_fastrtps_c.so[0m
[0.971s] [ 69%] [32m[1mLinking CXX shared library libdynamixel_sdk_custom_interfaces__rosidl_typesupport_introspection_cpp.so[0m
[1.006s] [ 71%] Built target dynamixel_sdk_custom_interfaces__rosidl_typesupport_introspection_cpp
[1.028s] [ 74%] Built target dynamixel_sdk_custom_interfaces__rosidl_typesupport_fastrtps_c
[1.047s] [ 74%] Built target dynamixel_sdk_custom_interfaces
[1.064s] [ 76%] Built target dynamixel_sdk_custom_interfaces__py
[1.072s] [35m[1mConsolidate compiler generated dependencies of target dynamixel_sdk_custom_interfaces__rosidl_generator_py[0m
[1.083s] [ 79%] [32mBuilding C object CMakeFiles/dynamixel_sdk_custom_interfaces__rosidl_generator_py.dir/rosidl_generator_py/dynamixel_sdk_custom_interfaces/srv/_get_position_s.c.o[0m
[1.086s] [ 82%] [32mBuilding C object CMakeFiles/dynamixel_sdk_custom_interfaces__rosidl_generator_py.dir/rosidl_generator_py/dynamixel_sdk_custom_interfaces/msg/_set_position_s.c.o[0m
[1.238s] [ 84%] [32m[1mLinking C shared library rosidl_generator_py/dynamixel_sdk_custom_interfaces/libdynamixel_sdk_custom_interfaces__rosidl_generator_py.so[0m
[1.277s] [ 84%] Built target dynamixel_sdk_custom_interfaces__rosidl_generator_py
[1.284s] [35m[1mConsolidate compiler generated dependencies of target dynamixel_sdk_custom_interfaces__rosidl_typesupport_fastrtps_c__pyext[0m
[1.284s] [35m[1mConsolidate compiler generated dependencies of target dynamixel_sdk_custom_interfaces__rosidl_typesupport_introspection_c__pyext[0m
[1.286s] [35m[1mConsolidate compiler generated dependencies of target dynamixel_sdk_custom_interfaces__rosidl_typesupport_c__pyext[0m
[1.294s] [ 89%] [32mBuilding C object CMakeFiles/dynamixel_sdk_custom_interfaces__rosidl_typesupport_introspection_c__pyext.dir/rosidl_generator_py/dynamixel_sdk_custom_interfaces/_dynamixel_sdk_custom_interfaces_s.ep.rosidl_typesupport_introspection_c.c.o[0m
[1.294s] [ 89%] [32mBuilding C object CMakeFiles/dynamixel_sdk_custom_interfaces__rosidl_typesupport_fastrtps_c__pyext.dir/rosidl_generator_py/dynamixel_sdk_custom_interfaces/_dynamixel_sdk_custom_interfaces_s.ep.rosidl_typesupport_fastrtps_c.c.o[0m
[1.297s] [ 92%] [32mBuilding C object CMakeFiles/dynamixel_sdk_custom_interfaces__rosidl_typesupport_c__pyext.dir/rosidl_generator_py/dynamixel_sdk_custom_interfaces/_dynamixel_sdk_custom_interfaces_s.ep.rosidl_typesupport_c.c.o[0m
[1.386s] [ 97%] [32m[1mLinking C shared library rosidl_generator_py/dynamixel_sdk_custom_interfaces/dynamixel_sdk_custom_interfaces_s__rosidl_typesupport_introspection_c.cpython-310-x86_64-linux-gnu.so[0m
[1.386s] [ 97%] [32m[1mLinking C shared library rosidl_generator_py/dynamixel_sdk_custom_interfaces/dynamixel_sdk_custom_interfaces_s__rosidl_typesupport_fastrtps_c.cpython-310-x86_64-linux-gnu.so[0m
[1.387s] [100%] [32m[1mLinking C shared library rosidl_generator_py/dynamixel_sdk_custom_interfaces/dynamixel_sdk_custom_interfaces_s__rosidl_typesupport_c.cpython-310-x86_64-linux-gnu.so[0m
[1.408s] [100%] Built target dynamixel_sdk_custom_interfaces__rosidl_typesupport_introspection_c__pyext
[1.414s] [100%] Built target dynamixel_sdk_custom_interfaces__rosidl_typesupport_fastrtps_c__pyext
[1.416s] [100%] Built target dynamixel_sdk_custom_interfaces__rosidl_typesupport_c__pyext
[1.425s] Invoked command in '/home/bchoe7/seeing_saying_solving/turtlebot3_ws_s3/build/dynamixel_sdk_custom_interfaces' returned '0': CMAKE_PREFIX_PATH=/opt/ros/humble DEBUGINFOD_URLS=https://debuginfod.ubuntu.com /usr/bin/cmake --build /home/bchoe7/seeing_saying_solving/turtlebot3_ws_s3/build/dynamixel_sdk_custom_interfaces -- -j32 -l32
[1.426s] Invoking command in '/home/bchoe7/seeing_saying_solving/turtlebot3_ws_s3/build/dynamixel_sdk_custom_interfaces': CMAKE_PREFIX_PATH=/opt/ros/humble DEBUGINFOD_URLS=https://debuginfod.ubuntu.com /usr/bin/cmake --install /home/bchoe7/seeing_saying_solving/turtlebot3_ws_s3/build/dynamixel_sdk_custom_interfaces
[1.433s] -- Install configuration: ""
[1.433s] -- Execute custom install script
[1.434s] -- Up-to-date symlink: /home/bchoe7/seeing_saying_solving/turtlebot3_ws_s3/install/dynamixel_sdk_custom_interfaces/share/ament_index/resource_index/rosidl_interfaces/dynamixel_sdk_custom_interfaces
[1.434s] -- Up-to-date symlink: /home/bchoe7/seeing_saying_solving/turtlebot3_ws_s3/install/dynamixel_sdk_custom_interfaces/include/dynamixel_sdk_custom_interfaces/dynamixel_sdk_custom_interfaces/msg/detail/set_position__functions.h
[1.434s] -- Up-to-date symlink: /home/bchoe7/seeing_saying_solving/turtlebot3_ws_s3/install/dynamixel_sdk_custom_interfaces/include/dynamixel_sdk_custom_interfaces/dynamixel_sdk_custom_interfaces/msg/detail/set_position__struct.h
[1.434s] -- Up-to-date symlink: /home/bchoe7/seeing_saying_solving/turtlebot3_ws_s3/install/dynamixel_sdk_custom_interfaces/include/dynamixel_sdk_custom_interfaces/dynamixel_sdk_custom_interfaces/msg/detail/set_position__type_support.h
[1.434s] -- Up-to-date symlink: /home/bchoe7/seeing_saying_solving/turtlebot3_ws_s3/install/dynamixel_sdk_custom_interfaces/include/dynamixel_sdk_custom_interfaces/dynamixel_sdk_custom_interfaces/msg/rosidl_generator_c__visibility_control.h
[1.434s] -- Up-to-date symlink: /home/bchoe7/seeing_saying_solving/turtlebot3_ws_s3/install/dynamixel_sdk_custom_interfaces/include/dynamixel_sdk_custom_interfaces/dynamixel_sdk_custom_interfaces/msg/set_position.h
[1.434s] -- Up-to-date symlink: /home/bchoe7/seeing_saying_solving/turtlebot3_ws_s3/install/dynamixel_sdk_custom_interfaces/include/dynamixel_sdk_custom_interfaces/dynamixel_sdk_custom_interfaces/srv/detail/get_position__functions.h
[1.435s] -- Up-to-date symlink: /home/bchoe7/seeing_saying_solving/turtlebot3_ws_s3/install/dynamixel_sdk_custom_interfaces/include/dynamixel_sdk_custom_interfaces/dynamixel_sdk_custom_interfaces/srv/detail/get_position__struct.h
[1.435s] -- Up-to-date symlink: /home/bchoe7/seeing_saying_solving/turtlebot3_ws_s3/install/dynamixel_sdk_custom_interfaces/include/dynamixel_sdk_custom_interfaces/dynamixel_sdk_custom_interfaces/srv/detail/get_position__type_support.h
[1.435s] -- Up-to-date symlink: /home/bchoe7/seeing_saying_solving/turtlebot3_ws_s3/install/dynamixel_sdk_custom_interfaces/include/dynamixel_sdk_custom_interfaces/dynamixel_sdk_custom_interfaces/srv/get_position.h
[1.435s] -- Up-to-date symlink: /home/bchoe7/seeing_saying_solving/turtlebot3_ws_s3/install/dynamixel_sdk_custom_interfaces/share/dynamixel_sdk_custom_interfaces/environment/library_path.sh
[1.435s] -- Up-to-date symlink: /home/bchoe7/seeing_saying_solving/turtlebot3_ws_s3/install/dynamixel_sdk_custom_interfaces/share/dynamixel_sdk_custom_interfaces/environment/library_path.dsv
[1.435s] -- Up-to-date symlink: /home/bchoe7/seeing_saying_solving/turtlebot3_ws_s3/install/dynamixel_sdk_custom_interfaces/include/dynamixel_sdk_custom_interfaces/dynamixel_sdk_custom_interfaces/msg/detail/set_position__rosidl_typesupport_fastrtps_c.h
[1.436s] -- Up-to-date symlink: /home/bchoe7/seeing_saying_solving/turtlebot3_ws_s3/install/dynamixel_sdk_custom_interfaces/include/dynamixel_sdk_custom_interfaces/dynamixel_sdk_custom_interfaces/msg/rosidl_typesupport_fastrtps_c__visibility_control.h
[1.436s] -- Up-to-date symlink: /home/bchoe7/seeing_saying_solving/turtlebot3_ws_s3/install/dynamixel_sdk_custom_interfaces/include/dynamixel_sdk_custom_interfaces/dynamixel_sdk_custom_interfaces/srv/detail/get_position__rosidl_typesupport_fastrtps_c.h
[1.436s] -- Up-to-date symlink: /home/bchoe7/seeing_saying_solving/turtlebot3_ws_s3/install/dynamixel_sdk_custom_interfaces/include/dynamixel_sdk_custom_interfaces/dynamixel_sdk_custom_interfaces/msg/detail/set_position__builder.hpp
[1.436s] -- Up-to-date symlink: /home/bchoe7/seeing_saying_solving/turtlebot3_ws_s3/install/dynamixel_sdk_custom_interfaces/include/dynamixel_sdk_custom_interfaces/dynamixel_sdk_custom_interfaces/msg/detail/set_position__struct.hpp
[1.436s] -- Up-to-date symlink: /home/bchoe7/seeing_saying_solving/turtlebot3_ws_s3/install/dynamixel_sdk_custom_interfaces/include/dynamixel_sdk_custom_interfaces/dynamixel_sdk_custom_interfaces/msg/detail/set_position__traits.hpp
[1.436s] -- Up-to-date symlink: /home/bchoe7/seeing_saying_solving/turtlebot3_ws_s3/install/dynamixel_sdk_custom_interfaces/include/dynamixel_sdk_custom_interfaces/dynamixel_sdk_custom_interfaces/msg/detail/set_position__type_support.hpp
[1.437s] -- Up-to-date symlink: /home/bchoe7/seeing_saying_solving/turtlebot3_ws_s3/install/dynamixel_sdk_custom_interfaces/include/dynamixel_sdk_custom_interfaces/dynamixel_sdk_custom_interfaces/msg/rosidl_generator_cpp__visibility_control.hpp
[1.437s] -- Up-to-date symlink: /home/bchoe7/seeing_saying_solving/turtlebot3_ws_s3/install/dynamixel_sdk_custom_interfaces/include/dynamixel_sdk_custom_interfaces/dynamixel_sdk_custom_interfaces/msg/set_position.hpp
[1.437s] -- Up-to-date symlink: /home/bchoe7/seeing_saying_solving/turtlebot3_ws_s3/install/dynamixel_sdk_custom_interfaces/include/dynamixel_sdk_custom_interfaces/dynamixel_sdk_custom_interfaces/srv/detail/get_position__builder.hpp
[1.437s] -- Up-to-date symlink: /home/bchoe7/seeing_saying_solving/turtlebot3_ws_s3/install/dynamixel_sdk_custom_interfaces/include/dynamixel_sdk_custom_interfaces/dynamixel_sdk_custom_interfaces/srv/detail/get_position__struct.hpp
[1.437s] -- Up-to-date symlink: /home/bchoe7/seeing_saying_solving/turtlebot3_ws_s3/install/dynamixel_sdk_custom_interfaces/include/dynamixel_sdk_custom_interfaces/dynamixel_sdk_custom_interfaces/srv/detail/get_position__traits.hpp
[1.437s] -- Up-to-date symlink: /home/bchoe7/seeing_saying_solving/turtlebot3_ws_s3/install/dynamixel_sdk_custom_interfaces/include/dynamixel_sdk_custom_interfaces/dynamixel_sdk_custom_interfaces/srv/detail/get_position__type_support.hpp
[1.437s] -- Up-to-date symlink: /home/bchoe7/seeing_saying_solving/turtlebot3_ws_s3/install/dynamixel_sdk_custom_interfaces/include/dynamixel_sdk_custom_interfaces/dynamixel_sdk_custom_interfaces/srv/get_position.hpp
[1.437s] -- Up-to-date symlink: /home/bchoe7/seeing_saying_solving/turtlebot3_ws_s3/install/dynamixel_sdk_custom_interfaces/include/dynamixel_sdk_custom_interfaces/dynamixel_sdk_custom_interfaces/msg/detail/set_position__rosidl_typesupport_fastrtps_cpp.hpp
[1.437s] -- Up-to-date symlink: /home/bchoe7/seeing_saying_solving/turtlebot3_ws_s3/install/dynamixel_sdk_custom_interfaces/include/dynamixel_sdk_custom_interfaces/dynamixel_sdk_custom_interfaces/msg/rosidl_typesupport_fastrtps_cpp__visibility_control.h
[1.437s] -- Up-to-date symlink: /home/bchoe7/seeing_saying_solving/turtlebot3_ws_s3/install/dynamixel_sdk_custom_interfaces/include/dynamixel_sdk_custom_interfaces/dynamixel_sdk_custom_interfaces/srv/detail/get_position__rosidl_typesupport_fastrtps_cpp.hpp
[1.438s] -- Up-to-date symlink: /home/bchoe7/seeing_saying_solving/turtlebot3_ws_s3/install/dynamixel_sdk_custom_interfaces/include/dynamixel_sdk_custom_interfaces/dynamixel_sdk_custom_interfaces/msg/detail/set_position__rosidl_typesupport_introspection_c.h
[1.438s] -- Up-to-date symlink: /home/bchoe7/seeing_saying_solving/turtlebot3_ws_s3/install/dynamixel_sdk_custom_interfaces/include/dynamixel_sdk_custom_interfaces/dynamixel_sdk_custom_interfaces/msg/rosidl_typesupport_introspection_c__visibility_control.h
[1.438s] -- Up-to-date symlink: /home/bchoe7/seeing_saying_solving/turtlebot3_ws_s3/install/dynamixel_sdk_custom_interfaces/include/dynamixel_sdk_custom_interfaces/dynamixel_sdk_custom_interfaces/srv/detail/get_position__rosidl_typesupport_introspection_c.h
[1.438s] -- Up-to-date symlink: /home/bchoe7/seeing_saying_solving/turtlebot3_ws_s3/install/dynamixel_sdk_custom_interfaces/include/dynamixel_sdk_custom_interfaces/dynamixel_sdk_custom_interfaces/msg/detail/set_position__rosidl_typesupport_introspection_cpp.hpp
[1.438s] -- Up-to-date symlink: /home/bchoe7/seeing_saying_solving/turtlebot3_ws_s3/install/dynamixel_sdk_custom_interfaces/include/dynamixel_sdk_custom_interfaces/dynamixel_sdk_custom_interfaces/srv/detail/get_position__rosidl_typesupport_introspection_cpp.hpp
[1.438s] -- Up-to-date symlink: /home/bchoe7/seeing_saying_solving/turtlebot3_ws_s3/install/dynamixel_sdk_custom_interfaces/share/dynamixel_sdk_custom_interfaces/environment/pythonpath.sh
[1.438s] -- Up-to-date symlink: /home/bchoe7/seeing_saying_solving/turtlebot3_ws_s3/install/dynamixel_sdk_custom_interfaces/share/dynamixel_sdk_custom_interfaces/environment/pythonpath.dsv
[1.438s] -- Up-to-date symlink: /home/bchoe7/seeing_saying_solving/turtlebot3_ws_s3/install/dynamixel_sdk_custom_interfaces/local/lib/python3.10/dist-packages/dynamixel_sdk_custom_interfaces-3.8.4-py3.10.egg-info/PKG-INFO
[1.438s] -- Up-to-date symlink: /home/bchoe7/seeing_saying_solving/turtlebot3_ws_s3/install/dynamixel_sdk_custom_interfaces/local/lib/python3.10/dist-packages/dynamixel_sdk_custom_interfaces-3.8.4-py3.10.egg-info/SOURCES.txt
[1.439s] -- Up-to-date symlink: /home/bchoe7/seeing_saying_solving/turtlebot3_ws_s3/install/dynamixel_sdk_custom_interfaces/local/lib/python3.10/dist-packages/dynamixel_sdk_custom_interfaces-3.8.4-py3.10.egg-info/dependency_links.txt
[1.439s] -- Up-to-date symlink: /home/bchoe7/seeing_saying_solving/turtlebot3_ws_s3/install/dynamixel_sdk_custom_interfaces/local/lib/python3.10/dist-packages/dynamixel_sdk_custom_interfaces-3.8.4-py3.10.egg-info/top_level.txt
[1.439s] -- Up-to-date symlink: /home/bchoe7/seeing_saying_solving/turtlebot3_ws_s3/install/dynamixel_sdk_custom_interfaces/local/lib/python3.10/dist-packages/dynamixel_sdk_custom_interfaces/__init__.py
[1.439s] -- Up-to-date symlink: /home/bchoe7/seeing_saying_solving/turtlebot3_ws_s3/install/dynamixel_sdk_custom_interfaces/local/lib/python3.10/dist-packages/dynamixel_sdk_custom_interfaces/_dynamixel_sdk_custom_interfaces_s.ep.rosidl_typesupport_c.c
[1.439s] -- Up-to-date symlink: /home/bchoe7/seeing_saying_solving/turtlebot3_ws_s3/install/dynamixel_sdk_custom_interfaces/local/lib/python3.10/dist-packages/dynamixel_sdk_custom_interfaces/_dynamixel_sdk_custom_interfaces_s.ep.rosidl_typesupport_fastrtps_c.c
[1.440s] -- Up-to-date symlink: /home/bchoe7/seeing_saying_solving/turtlebot3_ws_s3/install/dynamixel_sdk_custom_interfaces/local/lib/python3.10/dist-packages/dynamixel_sdk_custom_interfaces/_dynamixel_sdk_custom_interfaces_s.ep.rosidl_typesupport_introspection_c.c
[1.440s] -- Up-to-date symlink: /home/bchoe7/seeing_saying_solving/turtlebot3_ws_s3/install/dynamixel_sdk_custom_interfaces/local/lib/python3.10/dist-packages/dynamixel_sdk_custom_interfaces/dynamixel_sdk_custom_interfaces_s__rosidl_typesupport_c.cpython-310-x86_64-linux-gnu.so
[1.440s] -- Up-to-date symlink: /home/bchoe7/seeing_saying_solving/turtlebot3_ws_s3/install/dynamixel_sdk_custom_interfaces/local/lib/python3.10/dist-packages/dynamixel_sdk_custom_interfaces/dynamixel_sdk_custom_interfaces_s__rosidl_typesupport_fastrtps_c.cpython-310-x86_64-linux-gnu.so
[1.440s] -- Up-to-date symlink: /home/bchoe7/seeing_saying_solving/turtlebot3_ws_s3/install/dynamixel_sdk_custom_interfaces/local/lib/python3.10/dist-packages/dynamixel_sdk_custom_interfaces/dynamixel_sdk_custom_interfaces_s__rosidl_typesupport_introspection_c.cpython-310-x86_64-linux-gnu.so
[1.440s] -- Up-to-date symlink: /home/bchoe7/seeing_saying_solving/turtlebot3_ws_s3/install/dynamixel_sdk_custom_interfaces/local/lib/python3.10/dist-packages/dynamixel_sdk_custom_interfaces/libdynamixel_sdk_custom_interfaces__rosidl_generator_py.so
[1.440s] -- Up-to-date symlink: /home/bchoe7/seeing_saying_solving/turtlebot3_ws_s3/install/dynamixel_sdk_custom_interfaces/local/lib/python3.10/dist-packages/dynamixel_sdk_custom_interfaces/msg/__init__.py
[1.440s] -- Up-to-date symlink: /home/bchoe7/seeing_saying_solving/turtlebot3_ws_s3/install/dynamixel_sdk_custom_interfaces/local/lib/python3.10/dist-packages/dynamixel_sdk_custom_interfaces/msg/_set_position.py
[1.440s] -- Up-to-date symlink: /home/bchoe7/seeing_saying_solving/turtlebot3_ws_s3/install/dynamixel_sdk_custom_interfaces/local/lib/python3.10/dist-packages/dynamixel_sdk_custom_interfaces/msg/_set_position_s.c
[1.440s] -- Up-to-date symlink: /home/bchoe7/seeing_saying_solving/turtlebot3_ws_s3/install/dynamixel_sdk_custom_interfaces/local/lib/python3.10/dist-packages/dynamixel_sdk_custom_interfaces/srv/__init__.py
[1.440s] -- Up-to-date symlink: /home/bchoe7/seeing_saying_solving/turtlebot3_ws_s3/install/dynamixel_sdk_custom_interfaces/local/lib/python3.10/dist-packages/dynamixel_sdk_custom_interfaces/srv/_get_position.py
[1.440s] -- Up-to-date symlink: /home/bchoe7/seeing_saying_solving/turtlebot3_ws_s3/install/dynamixel_sdk_custom_interfaces/local/lib/python3.10/dist-packages/dynamixel_sdk_custom_interfaces/srv/_get_position_s.c
[1.441s] -- Up-to-date symlink: /home/bchoe7/seeing_saying_solving/turtlebot3_ws_s3/install/dynamixel_sdk_custom_interfaces/local/lib/python3.10/dist-packages/dynamixel_sdk_custom_interfaces/dynamixel_sdk_custom_interfaces_s__rosidl_typesupport_fastrtps_c.cpython-310-x86_64-linux-gnu.so
[1.441s] -- Up-to-date symlink: /home/bchoe7/seeing_saying_solving/turtlebot3_ws_s3/install/dynamixel_sdk_custom_interfaces/local/lib/python3.10/dist-packages/dynamixel_sdk_custom_interfaces/dynamixel_sdk_custom_interfaces_s__rosidl_typesupport_introspection_c.cpython-310-x86_64-linux-gnu.so
[1.441s] -- Up-to-date symlink: /home/bchoe7/seeing_saying_solving/turtlebot3_ws_s3/install/dynamixel_sdk_custom_interfaces/local/lib/python3.10/dist-packages/dynamixel_sdk_custom_interfaces/dynamixel_sdk_custom_interfaces_s__rosidl_typesupport_c.cpython-310-x86_64-linux-gnu.so
[1.441s] -- Up-to-date symlink: /home/bchoe7/seeing_saying_solving/turtlebot3_ws_s3/install/dynamixel_sdk_custom_interfaces/share/dynamixel_sdk_custom_interfaces/msg/SetPosition.idl
[1.441s] -- Up-to-date symlink: /home/bchoe7/seeing_saying_solving/turtlebot3_ws_s3/install/dynamixel_sdk_custom_interfaces/share/dynamixel_sdk_custom_interfaces/srv/GetPosition.idl
[1.441s] -- Up-to-date symlink: /home/bchoe7/seeing_saying_solving/turtlebot3_ws_s3/install/dynamixel_sdk_custom_interfaces/share/dynamixel_sdk_custom_interfaces/msg/SetPosition.msg
[1.441s] -- Up-to-date symlink: /home/bchoe7/seeing_saying_solving/turtlebot3_ws_s3/install/dynamixel_sdk_custom_interfaces/share/dynamixel_sdk_custom_interfaces/srv/GetPosition.srv
[1.441s] -- Up-to-date symlink: /home/bchoe7/seeing_saying_solving/turtlebot3_ws_s3/install/dynamixel_sdk_custom_interfaces/share/dynamixel_sdk_custom_interfaces/srv/GetPosition_Request.msg
[1.442s] -- Up-to-date symlink: /home/bchoe7/seeing_saying_solving/turtlebot3_ws_s3/install/dynamixel_sdk_custom_interfaces/share/dynamixel_sdk_custom_interfaces/srv/GetPosition_Response.msg
[1.442s] -- Up-to-date symlink: /home/bchoe7/seeing_saying_solving/turtlebot3_ws_s3/install/dynamixel_sdk_custom_interfaces/share/ament_index/resource_index/package_run_dependencies/dynamixel_sdk_custom_interfaces
[1.442s] -- Up-to-date symlink: /home/bchoe7/seeing_saying_solving/turtlebot3_ws_s3/install/dynamixel_sdk_custom_interfaces/share/ament_index/resource_index/parent_prefix_path/dynamixel_sdk_custom_interfaces
[1.442s] -- Up-to-date symlink: /home/bchoe7/seeing_saying_solving/turtlebot3_ws_s3/install/dynamixel_sdk_custom_interfaces/share/dynamixel_sdk_custom_interfaces/environment/ament_prefix_path.sh
[1.442s] -- Up-to-date symlink: /home/bchoe7/seeing_saying_solving/turtlebot3_ws_s3/install/dynamixel_sdk_custom_interfaces/share/dynamixel_sdk_custom_interfaces/environment/ament_prefix_path.dsv
[1.442s] -- Up-to-date symlink: /home/bchoe7/seeing_saying_solving/turtlebot3_ws_s3/install/dynamixel_sdk_custom_interfaces/share/dynamixel_sdk_custom_interfaces/environment/path.sh
[1.442s] -- Up-to-date symlink: /home/bchoe7/seeing_saying_solving/turtlebot3_ws_s3/install/dynamixel_sdk_custom_interfaces/share/dynamixel_sdk_custom_interfaces/environment/path.dsv
[1.442s] -- Up-to-date symlink: /home/bchoe7/seeing_saying_solving/turtlebot3_ws_s3/install/dynamixel_sdk_custom_interfaces/share/dynamixel_sdk_custom_interfaces/local_setup.bash
[1.442s] -- Up-to-date symlink: /home/bchoe7/seeing_saying_solving/turtlebot3_ws_s3/install/dynamixel_sdk_custom_interfaces/share/dynamixel_sdk_custom_interfaces/local_setup.sh
[1.443s] -- Up-to-date symlink: /home/bchoe7/seeing_saying_solving/turtlebot3_ws_s3/install/dynamixel_sdk_custom_interfaces/share/dynamixel_sdk_custom_interfaces/local_setup.zsh
[1.443s] -- Up-to-date symlink: /home/bchoe7/seeing_saying_solving/turtlebot3_ws_s3/install/dynamixel_sdk_custom_interfaces/share/dynamixel_sdk_custom_interfaces/local_setup.dsv
[1.443s] -- Symlinking: /home/bchoe7/seeing_saying_solving/turtlebot3_ws_s3/install/dynamixel_sdk_custom_interfaces/share/dynamixel_sdk_custom_interfaces/package.dsv
[1.451s] -- Up-to-date symlink: /home/bchoe7/seeing_saying_solving/turtlebot3_ws_s3/install/dynamixel_sdk_custom_interfaces/share/ament_index/resource_index/packages/dynamixel_sdk_custom_interfaces
[1.451s] -- Up-to-date symlink: /home/bchoe7/seeing_saying_solving/turtlebot3_ws_s3/install/dynamixel_sdk_custom_interfaces/share/dynamixel_sdk_custom_interfaces/cmake/rosidl_cmake-extras.cmake
[1.451s] -- Up-to-date symlink: /home/bchoe7/seeing_saying_solving/turtlebot3_ws_s3/install/dynamixel_sdk_custom_interfaces/share/dynamixel_sdk_custom_interfaces/cmake/ament_cmake_export_dependencies-extras.cmake
[1.451s] -- Up-to-date symlink: /home/bchoe7/seeing_saying_solving/turtlebot3_ws_s3/install/dynamixel_sdk_custom_interfaces/share/dynamixel_sdk_custom_interfaces/cmake/ament_cmake_export_include_directories-extras.cmake
[1.451s] -- Up-to-date symlink: /home/bchoe7/seeing_saying_solving/turtlebot3_ws_s3/install/dynamixel_sdk_custom_interfaces/share/dynamixel_sdk_custom_interfaces/cmake/ament_cmake_export_libraries-extras.cmake
[1.451s] -- Up-to-date symlink: /home/bchoe7/seeing_saying_solving/turtlebot3_ws_s3/install/dynamixel_sdk_custom_interfaces/share/dynamixel_sdk_custom_interfaces/cmake/ament_cmake_export_targets-extras.cmake
[1.451s] -- Up-to-date symlink: /home/bchoe7/seeing_saying_solving/turtlebot3_ws_s3/install/dynamixel_sdk_custom_interfaces/share/dynamixel_sdk_custom_interfaces/cmake/rosidl_cmake_export_typesupport_targets-extras.cmake
[1.451s] -- Up-to-date symlink: /home/bchoe7/seeing_saying_solving/turtlebot3_ws_s3/install/dynamixel_sdk_custom_interfaces/share/dynamixel_sdk_custom_interfaces/cmake/rosidl_cmake_export_typesupport_libraries-extras.cmake
[1.451s] -- Up-to-date symlink: /home/bchoe7/seeing_saying_solving/turtlebot3_ws_s3/install/dynamixel_sdk_custom_interfaces/share/dynamixel_sdk_custom_interfaces/cmake/dynamixel_sdk_custom_interfacesConfig.cmake
[1.451s] -- Up-to-date symlink: /home/bchoe7/seeing_saying_solving/turtlebot3_ws_s3/install/dynamixel_sdk_custom_interfaces/share/dynamixel_sdk_custom_interfaces/cmake/dynamixel_sdk_custom_interfacesConfig-version.cmake
[1.452s] -- Up-to-date symlink: /home/bchoe7/seeing_saying_solving/turtlebot3_ws_s3/install/dynamixel_sdk_custom_interfaces/share/dynamixel_sdk_custom_interfaces/package.xml
[1.452s] -- Installing: /home/bchoe7/seeing_saying_solving/turtlebot3_ws_s3/install/dynamixel_sdk_custom_interfaces/lib/libdynamixel_sdk_custom_interfaces__rosidl_generator_c.so
[1.452s] -- Set runtime path of "/home/bchoe7/seeing_saying_solving/turtlebot3_ws_s3/install/dynamixel_sdk_custom_interfaces/lib/libdynamixel_sdk_custom_interfaces__rosidl_generator_c.so" to ""
[1.452s] -- Installing: /home/bchoe7/seeing_saying_solving/turtlebot3_ws_s3/install/dynamixel_sdk_custom_interfaces/lib/libdynamixel_sdk_custom_interfaces__rosidl_typesupport_fastrtps_c.so
[1.452s] -- Set runtime path of "/home/bchoe7/seeing_saying_solving/turtlebot3_ws_s3/install/dynamixel_sdk_custom_interfaces/lib/libdynamixel_sdk_custom_interfaces__rosidl_typesupport_fastrtps_c.so" to ""
[1.453s] -- Installing: /home/bchoe7/seeing_saying_solving/turtlebot3_ws_s3/install/dynamixel_sdk_custom_interfaces/lib/libdynamixel_sdk_custom_interfaces__rosidl_typesupport_fastrtps_cpp.so
[1.453s] -- Set runtime path of "/home/bchoe7/seeing_saying_solving/turtlebot3_ws_s3/install/dynamixel_sdk_custom_interfaces/lib/libdynamixel_sdk_custom_interfaces__rosidl_typesupport_fastrtps_cpp.so" to ""
[1.453s] -- Installing: /home/bchoe7/seeing_saying_solving/turtlebot3_ws_s3/install/dynamixel_sdk_custom_interfaces/lib/libdynamixel_sdk_custom_interfaces__rosidl_typesupport_introspection_c.so
[1.453s] -- Set runtime path of "/home/bchoe7/seeing_saying_solving/turtlebot3_ws_s3/install/dynamixel_sdk_custom_interfaces/lib/libdynamixel_sdk_custom_interfaces__rosidl_typesupport_introspection_c.so" to ""
[1.453s] -- Installing: /home/bchoe7/seeing_saying_solving/turtlebot3_ws_s3/install/dynamixel_sdk_custom_interfaces/lib/libdynamixel_sdk_custom_interfaces__rosidl_typesupport_c.so
[1.453s] -- Set runtime path of "/home/bchoe7/seeing_saying_solving/turtlebot3_ws_s3/install/dynamixel_sdk_custom_interfaces/lib/libdynamixel_sdk_custom_interfaces__rosidl_typesupport_c.so" to ""
[1.453s] -- Installing: /home/bchoe7/seeing_saying_solving/turtlebot3_ws_s3/install/dynamixel_sdk_custom_interfaces/lib/libdynamixel_sdk_custom_interfaces__rosidl_typesupport_introspection_cpp.so
[1.453s] -- Set runtime path of "/home/bchoe7/seeing_saying_solving/turtlebot3_ws_s3/install/dynamixel_sdk_custom_interfaces/lib/libdynamixel_sdk_custom_interfaces__rosidl_typesupport_introspection_cpp.so" to ""
[1.453s] -- Installing: /home/bchoe7/seeing_saying_solving/turtlebot3_ws_s3/install/dynamixel_sdk_custom_interfaces/lib/libdynamixel_sdk_custom_interfaces__rosidl_typesupport_cpp.so
[1.453s] -- Set runtime path of "/home/bchoe7/seeing_saying_solving/turtlebot3_ws_s3/install/dynamixel_sdk_custom_interfaces/lib/libdynamixel_sdk_custom_interfaces__rosidl_typesupport_cpp.so" to ""
[1.476s] Listing '/home/bchoe7/seeing_saying_solving/turtlebot3_ws_s3/install/dynamixel_sdk_custom_interfaces/local/lib/python3.10/dist-packages/dynamixel_sdk_custom_interfaces'...
[1.476s] Compiling '/home/bchoe7/seeing_saying_solving/turtlebot3_ws_s3/install/dynamixel_sdk_custom_interfaces/local/lib/python3.10/dist-packages/dynamixel_sdk_custom_interfaces/__init__.py'...
[1.476s] Listing '/home/bchoe7/seeing_saying_solving/turtlebot3_ws_s3/install/dynamixel_sdk_custom_interfaces/local/lib/python3.10/dist-packages/dynamixel_sdk_custom_interfaces/msg'...
[1.476s] Compiling '/home/bchoe7/seeing_saying_solving/turtlebot3_ws_s3/install/dynamixel_sdk_custom_interfaces/local/lib/python3.10/dist-packages/dynamixel_sdk_custom_interfaces/msg/__init__.py'...
[1.476s] Compiling '/home/bchoe7/seeing_saying_solving/turtlebot3_ws_s3/install/dynamixel_sdk_custom_interfaces/local/lib/python3.10/dist-packages/dynamixel_sdk_custom_interfaces/msg/_set_position.py'...
[1.476s] Listing '/home/bchoe7/seeing_saying_solving/turtlebot3_ws_s3/install/dynamixel_sdk_custom_interfaces/local/lib/python3.10/dist-packages/dynamixel_sdk_custom_interfaces/srv'...
[1.476s] Compiling '/home/bchoe7/seeing_saying_solving/turtlebot3_ws_s3/install/dynamixel_sdk_custom_interfaces/local/lib/python3.10/dist-packages/dynamixel_sdk_custom_interfaces/srv/__init__.py'...
[1.476s] Compiling '/home/bchoe7/seeing_saying_solving/turtlebot3_ws_s3/install/dynamixel_sdk_custom_interfaces/local/lib/python3.10/dist-packages/dynamixel_sdk_custom_interfaces/srv/_get_position.py'...
[1.478s] -- Installing: /home/bchoe7/seeing_saying_solving/turtlebot3_ws_s3/install/dynamixel_sdk_custom_interfaces/lib/libdynamixel_sdk_custom_interfaces__rosidl_generator_py.so
[1.479s] -- Set runtime path of "/home/bchoe7/seeing_saying_solving/turtlebot3_ws_s3/install/dynamixel_sdk_custom_interfaces/lib/libdynamixel_sdk_custom_interfaces__rosidl_generator_py.so" to ""
[1.479s] -- Up-to-date: /home/bchoe7/seeing_saying_solving/turtlebot3_ws_s3/install/dynamixel_sdk_custom_interfaces/share/dynamixel_sdk_custom_interfaces/cmake/export_dynamixel_sdk_custom_interfaces__rosidl_generator_cExport.cmake
[1.479s] -- Up-to-date: /home/bchoe7/seeing_saying_solving/turtlebot3_ws_s3/install/dynamixel_sdk_custom_interfaces/share/dynamixel_sdk_custom_interfaces/cmake/export_dynamixel_sdk_custom_interfaces__rosidl_generator_cExport-noconfig.cmake
[1.479s] -- Up-to-date: /home/bchoe7/seeing_saying_solving/turtlebot3_ws_s3/install/dynamixel_sdk_custom_interfaces/share/dynamixel_sdk_custom_interfaces/cmake/export_dynamixel_sdk_custom_interfaces__rosidl_typesupport_fastrtps_cExport.cmake
[1.479s] -- Up-to-date: /home/bchoe7/seeing_saying_solving/turtlebot3_ws_s3/install/dynamixel_sdk_custom_interfaces/share/dynamixel_sdk_custom_interfaces/cmake/export_dynamixel_sdk_custom_interfaces__rosidl_typesupport_fastrtps_cExport-noconfig.cmake
[1.479s] -- Up-to-date: /home/bchoe7/seeing_saying_solving/turtlebot3_ws_s3/install/dynamixel_sdk_custom_interfaces/share/dynamixel_sdk_custom_interfaces/cmake/export_dynamixel_sdk_custom_interfaces__rosidl_generator_cppExport.cmake
[1.479s] -- Up-to-date: /home/bchoe7/seeing_saying_solving/turtlebot3_ws_s3/install/dynamixel_sdk_custom_interfaces/share/dynamixel_sdk_custom_interfaces/cmake/export_dynamixel_sdk_custom_interfaces__rosidl_typesupport_fastrtps_cppExport.cmake
[1.479s] -- Up-to-date: /home/bchoe7/seeing_saying_solving/turtlebot3_ws_s3/install/dynamixel_sdk_custom_interfaces/share/dynamixel_sdk_custom_interfaces/cmake/export_dynamixel_sdk_custom_interfaces__rosidl_typesupport_fastrtps_cppExport-noconfig.cmake
[1.479s] -- Up-to-date: /home/bchoe7/seeing_saying_solving/turtlebot3_ws_s3/install/dynamixel_sdk_custom_interfaces/share/dynamixel_sdk_custom_interfaces/cmake/dynamixel_sdk_custom_interfaces__rosidl_typesupport_introspection_cExport.cmake
[1.479s] -- Up-to-date: /home/bchoe7/seeing_saying_solving/turtlebot3_ws_s3/install/dynamixel_sdk_custom_interfaces/share/dynamixel_sdk_custom_interfaces/cmake/dynamixel_sdk_custom_interfaces__rosidl_typesupport_introspection_cExport-noconfig.cmake
[1.479s] -- Up-to-date: /home/bchoe7/seeing_saying_solving/turtlebot3_ws_s3/install/dynamixel_sdk_custom_interfaces/share/dynamixel_sdk_custom_interfaces/cmake/dynamixel_sdk_custom_interfaces__rosidl_typesupport_cExport.cmake
[1.480s] -- Up-to-date: /home/bchoe7/seeing_saying_solving/turtlebot3_ws_s3/install/dynamixel_sdk_custom_interfaces/share/dynamixel_sdk_custom_interfaces/cmake/dynamixel_sdk_custom_interfaces__rosidl_typesupport_cExport-noconfig.cmake
[1.480s] -- Up-to-date: /home/bchoe7/seeing_saying_solving/turtlebot3_ws_s3/install/dynamixel_sdk_custom_interfaces/share/dynamixel_sdk_custom_interfaces/cmake/dynamixel_sdk_custom_interfaces__rosidl_typesupport_introspection_cppExport.cmake
[1.480s] -- Up-to-date: /home/bchoe7/seeing_saying_solving/turtlebot3_ws_s3/install/dynamixel_sdk_custom_interfaces/share/dynamixel_sdk_custom_interfaces/cmake/dynamixel_sdk_custom_interfaces__rosidl_typesupport_introspection_cppExport-noconfig.cmake
[1.480s] -- Up-to-date: /home/bchoe7/seeing_saying_solving/turtlebot3_ws_s3/install/dynamixel_sdk_custom_interfaces/share/dynamixel_sdk_custom_interfaces/cmake/dynamixel_sdk_custom_interfaces__rosidl_typesupport_cppExport.cmake
[1.480s] -- Up-to-date: /home/bchoe7/seeing_saying_solving/turtlebot3_ws_s3/install/dynamixel_sdk_custom_interfaces/share/dynamixel_sdk_custom_interfaces/cmake/dynamixel_sdk_custom_interfaces__rosidl_typesupport_cppExport-noconfig.cmake
[1.480s] -- Up-to-date: /home/bchoe7/seeing_saying_solving/turtlebot3_ws_s3/install/dynamixel_sdk_custom_interfaces/share/dynamixel_sdk_custom_interfaces/cmake/export_dynamixel_sdk_custom_interfaces__rosidl_generator_pyExport.cmake
[1.480s] -- Up-to-date: /home/bchoe7/seeing_saying_solving/turtlebot3_ws_s3/install/dynamixel_sdk_custom_interfaces/share/dynamixel_sdk_custom_interfaces/cmake/export_dynamixel_sdk_custom_interfaces__rosidl_generator_pyExport-noconfig.cmake
[1.482s] Invoked command in '/home/bchoe7/seeing_saying_solving/turtlebot3_ws_s3/build/dynamixel_sdk_custom_interfaces' returned '0': CMAKE_PREFIX_PATH=/opt/ros/humble DEBUGINFOD_URLS=https://debuginfod.ubuntu.com /usr/bin/cmake --install /home/bchoe7/seeing_saying_solving/turtlebot3_ws_s3/build/dynamixel_sdk_custom_interfaces
