[0.007s] Invoking command in '/home/bchoe7/seeing_saying_solving/turtlebot3_ws_s3/build/turtlebot3_bringup': AMENT_PREFIX_PATH=/home/bchoe7/seeing_saying_solving/turtlebot3_ws_s3/install/turtlebot3_node:/home/bchoe7/seeing_saying_solving/turtlebot3_ws_s3/install/turtlebot3_msgs:/home/bchoe7/seeing_saying_solving/turtlebot3_ws_s3/install/turtlebot3_description:/home/bchoe7/seeing_saying_solving/turtlebot3_ws_s3/install/dynamixel_sdk:${AMENT_PREFIX_PATH} CMAKE_PREFIX_PATH=/home/bchoe7/seeing_saying_solving/turtlebot3_ws_s3/install/turtlebot3_node:/home/bchoe7/seeing_saying_solving/turtlebot3_ws_s3/install/turtlebot3_msgs:/home/bchoe7/seeing_saying_solving/turtlebot3_ws_s3/install/turtlebot3_description:/home/bchoe7/seeing_saying_solving/turtlebot3_ws_s3/install/dynamixel_sdk:/opt/ros/humble LD_LIBRARY_PATH=/home/bchoe7/seeing_saying_solving/turtlebot3_ws_s3/install/turtlebot3_msgs/lib:/home/bchoe7/seeing_saying_solving/turtlebot3_ws_s3/install/dynamixel_sdk/lib:/usr/lib/x86_64-linux-gnu/gazebo-11/plugins:/opt/ros/humble/opt/rviz_ogre_vendor/lib:/opt/ros/humble/lib/x86_64-linux-gnu:/opt/ros/humble/lib:/usr/lib/x86_64-linux-gnu/gazebo-11/plugins:/usr/lib/x86_64-linux-gnu/gazebo-11/plugins:/usr/lib/x86_64-linux-gnu/gazebo-11/plugins PYTHONPATH=/home/bchoe7/seeing_saying_solving/turtlebot3_ws_s3/install/turtlebot3_msgs/local/lib/python3.10/dist-packages:/home/bchoe7/seeing_saying_solving/turtlebot3_ws_s3/install/dynamixel_sdk/local/lib/python3.10/dist-packages:${PYTHONPATH} /usr/bin/cmake /home/bchoe7/seeing_saying_solving/turtlebot3_ws_s3/src/turtlebot3/turtlebot3_bringup -DAMENT_CMAKE_SYMLINK_INSTALL=1 -DCMAKE_INSTALL_PREFIX=/home/bchoe7/seeing_saying_solving/turtlebot3_ws_s3/install/turtlebot3_bringup
[0.036s] -- The C compiler identification is GNU 11.4.0
[0.064s] -- The CXX compiler identification is GNU 11.4.0
[0.067s] -- Detecting C compiler ABI info
[0.106s] -- Detecting C compiler ABI info - done
[0.110s] -- Check for working C compiler: /usr/bin/cc - skipped
[0.110s] -- Detecting C compile features
[0.110s] -- Detecting C compile features - done
[0.111s] -- Detecting CXX compiler ABI info
[0.153s] -- Detecting CXX compiler ABI info - done
[0.158s] -- Check for working CXX compiler: /usr/bin/c++ - skipped
[0.158s] -- Detecting CXX compile features
[0.158s] -- Detecting CXX compile features - done
[0.159s] -- Found ament_cmake: 1.3.11 (/opt/ros/humble/share/ament_cmake/cmake)
[0.243s] -- Found Python3: /usr/bin/python3 (found version "3.10.12") found components: Interpreter 
[0.272s] -- Override CMake install command with custom implementation using symlinks instead of copying resources
[0.325s] -- Configuring done
[0.326s] -- Generating done
[0.327s] -- Build files have been written to: /home/bchoe7/seeing_saying_solving/turtlebot3_ws_s3/build/turtlebot3_bringup
[0.329s] Invoked command in '/home/bchoe7/seeing_saying_solving/turtlebot3_ws_s3/build/turtlebot3_bringup' returned '0': AMENT_PREFIX_PATH=/home/bchoe7/seeing_saying_solving/turtlebot3_ws_s3/install/turtlebot3_node:/home/bchoe7/seeing_saying_solving/turtlebot3_ws_s3/install/turtlebot3_msgs:/home/bchoe7/seeing_saying_solving/turtlebot3_ws_s3/install/turtlebot3_description:/home/bchoe7/seeing_saying_solving/turtlebot3_ws_s3/install/dynamixel_sdk:${AMENT_PREFIX_PATH} CMAKE_PREFIX_PATH=/home/bchoe7/seeing_saying_solving/turtlebot3_ws_s3/install/turtlebot3_node:/home/bchoe7/seeing_saying_solving/turtlebot3_ws_s3/install/turtlebot3_msgs:/home/bchoe7/seeing_saying_solving/turtlebot3_ws_s3/install/turtlebot3_description:/home/bchoe7/seeing_saying_solving/turtlebot3_ws_s3/install/dynamixel_sdk:/opt/ros/humble LD_LIBRARY_PATH=/home/bchoe7/seeing_saying_solving/turtlebot3_ws_s3/install/turtlebot3_msgs/lib:/home/bchoe7/seeing_saying_solving/turtlebot3_ws_s3/install/dynamixel_sdk/lib:/usr/lib/x86_64-linux-gnu/gazebo-11/plugins:/opt/ros/humble/opt/rviz_ogre_vendor/lib:/opt/ros/humble/lib/x86_64-linux-gnu:/opt/ros/humble/lib:/usr/lib/x86_64-linux-gnu/gazebo-11/plugins:/usr/lib/x86_64-linux-gnu/gazebo-11/plugins:/usr/lib/x86_64-linux-gnu/gazebo-11/plugins PYTHONPATH=/home/bchoe7/seeing_saying_solving/turtlebot3_ws_s3/install/turtlebot3_msgs/local/lib/python3.10/dist-packages:/home/bchoe7/seeing_saying_solving/turtlebot3_ws_s3/install/dynamixel_sdk/local/lib/python3.10/dist-packages:${PYTHONPATH} /usr/bin/cmake /home/bchoe7/seeing_saying_solving/turtlebot3_ws_s3/src/turtlebot3/turtlebot3_bringup -DAMENT_CMAKE_SYMLINK_INSTALL=1 -DCMAKE_INSTALL_PREFIX=/home/bchoe7/seeing_saying_solving/turtlebot3_ws_s3/install/turtlebot3_bringup
[0.330s] Invoking command in '/home/bchoe7/seeing_saying_solving/turtlebot3_ws_s3/build/turtlebot3_bringup': AMENT_PREFIX_PATH=/home/bchoe7/seeing_saying_solving/turtlebot3_ws_s3/install/turtlebot3_node:/home/bchoe7/seeing_saying_solving/turtlebot3_ws_s3/install/turtlebot3_msgs:/home/bchoe7/seeing_saying_solving/turtlebot3_ws_s3/install/turtlebot3_description:/home/bchoe7/seeing_saying_solving/turtlebot3_ws_s3/install/dynamixel_sdk:${AMENT_PREFIX_PATH} CMAKE_PREFIX_PATH=/home/bchoe7/seeing_saying_solving/turtlebot3_ws_s3/install/turtlebot3_node:/home/bchoe7/seeing_saying_solving/turtlebot3_ws_s3/install/turtlebot3_msgs:/home/bchoe7/seeing_saying_solving/turtlebot3_ws_s3/install/turtlebot3_description:/home/bchoe7/seeing_saying_solving/turtlebot3_ws_s3/install/dynamixel_sdk:/opt/ros/humble LD_LIBRARY_PATH=/home/bchoe7/seeing_saying_solving/turtlebot3_ws_s3/install/turtlebot3_msgs/lib:/home/bchoe7/seeing_saying_solving/turtlebot3_ws_s3/install/dynamixel_sdk/lib:/usr/lib/x86_64-linux-gnu/gazebo-11/plugins:/opt/ros/humble/opt/rviz_ogre_vendor/lib:/opt/ros/humble/lib/x86_64-linux-gnu:/opt/ros/humble/lib:/usr/lib/x86_64-linux-gnu/gazebo-11/plugins:/usr/lib/x86_64-linux-gnu/gazebo-11/plugins:/usr/lib/x86_64-linux-gnu/gazebo-11/plugins PYTHONPATH=/home/bchoe7/seeing_saying_solving/turtlebot3_ws_s3/install/turtlebot3_msgs/local/lib/python3.10/dist-packages:/home/bchoe7/seeing_saying_solving/turtlebot3_ws_s3/install/dynamixel_sdk/local/lib/python3.10/dist-packages:${PYTHONPATH} /usr/bin/cmake --build /home/bchoe7/seeing_saying_solving/turtlebot3_ws_s3/build/turtlebot3_bringup -- -j32 -l32
[0.350s] Invoked command in '/home/bchoe7/seeing_saying_solving/turtlebot3_ws_s3/build/turtlebot3_bringup' returned '0': AMENT_PREFIX_PATH=/home/bchoe7/seeing_saying_solving/turtlebot3_ws_s3/install/turtlebot3_node:/home/bchoe7/seeing_saying_solving/turtlebot3_ws_s3/install/turtlebot3_msgs:/home/bchoe7/seeing_saying_solving/turtlebot3_ws_s3/install/turtlebot3_description:/home/bchoe7/seeing_saying_solving/turtlebot3_ws_s3/install/dynamixel_sdk:${AMENT_PREFIX_PATH} CMAKE_PREFIX_PATH=/home/bchoe7/seeing_saying_solving/turtlebot3_ws_s3/install/turtlebot3_node:/home/bchoe7/seeing_saying_solving/turtlebot3_ws_s3/install/turtlebot3_msgs:/home/bchoe7/seeing_saying_solving/turtlebot3_ws_s3/install/turtlebot3_description:/home/bchoe7/seeing_saying_solving/turtlebot3_ws_s3/install/dynamixel_sdk:/opt/ros/humble LD_LIBRARY_PATH=/home/bchoe7/seeing_saying_solving/turtlebot3_ws_s3/install/turtlebot3_msgs/lib:/home/bchoe7/seeing_saying_solving/turtlebot3_ws_s3/install/dynamixel_sdk/lib:/usr/lib/x86_64-linux-gnu/gazebo-11/plugins:/opt/ros/humble/opt/rviz_ogre_vendor/lib:/opt/ros/humble/lib/x86_64-linux-gnu:/opt/ros/humble/lib:/usr/lib/x86_64-linux-gnu/gazebo-11/plugins:/usr/lib/x86_64-linux-gnu/gazebo-11/plugins:/usr/lib/x86_64-linux-gnu/gazebo-11/plugins PYTHONPATH=/home/bchoe7/seeing_saying_solving/turtlebot3_ws_s3/install/turtlebot3_msgs/local/lib/python3.10/dist-packages:/home/bchoe7/seeing_saying_solving/turtlebot3_ws_s3/install/dynamixel_sdk/local/lib/python3.10/dist-packages:${PYTHONPATH} /usr/bin/cmake --build /home/bchoe7/seeing_saying_solving/turtlebot3_ws_s3/build/turtlebot3_bringup -- -j32 -l32
[0.351s] Invoking command in '/home/bchoe7/seeing_saying_solving/turtlebot3_ws_s3/build/turtlebot3_bringup': AMENT_PREFIX_PATH=/home/bchoe7/seeing_saying_solving/turtlebot3_ws_s3/install/turtlebot3_node:/home/bchoe7/seeing_saying_solving/turtlebot3_ws_s3/install/turtlebot3_msgs:/home/bchoe7/seeing_saying_solving/turtlebot3_ws_s3/install/turtlebot3_description:/home/bchoe7/seeing_saying_solving/turtlebot3_ws_s3/install/dynamixel_sdk:${AMENT_PREFIX_PATH} CMAKE_PREFIX_PATH=/home/bchoe7/seeing_saying_solving/turtlebot3_ws_s3/install/turtlebot3_node:/home/bchoe7/seeing_saying_solving/turtlebot3_ws_s3/install/turtlebot3_msgs:/home/bchoe7/seeing_saying_solving/turtlebot3_ws_s3/install/turtlebot3_description:/home/bchoe7/seeing_saying_solving/turtlebot3_ws_s3/install/dynamixel_sdk:/opt/ros/humble LD_LIBRARY_PATH=/home/bchoe7/seeing_saying_solving/turtlebot3_ws_s3/install/turtlebot3_msgs/lib:/home/bchoe7/seeing_saying_solving/turtlebot3_ws_s3/install/dynamixel_sdk/lib:/usr/lib/x86_64-linux-gnu/gazebo-11/plugins:/opt/ros/humble/opt/rviz_ogre_vendor/lib:/opt/ros/humble/lib/x86_64-linux-gnu:/opt/ros/humble/lib:/usr/lib/x86_64-linux-gnu/gazebo-11/plugins:/usr/lib/x86_64-linux-gnu/gazebo-11/plugins:/usr/lib/x86_64-linux-gnu/gazebo-11/plugins PYTHONPATH=/home/bchoe7/seeing_saying_solving/turtlebot3_ws_s3/install/turtlebot3_msgs/local/lib/python3.10/dist-packages:/home/bchoe7/seeing_saying_solving/turtlebot3_ws_s3/install/dynamixel_sdk/local/lib/python3.10/dist-packages:${PYTHONPATH} /usr/bin/cmake --install /home/bchoe7/seeing_saying_solving/turtlebot3_ws_s3/build/turtlebot3_bringup
[0.355s] -- Install configuration: ""
[0.355s] -- Execute custom install script
[0.355s] -- Symlinking: /home/bchoe7/seeing_saying_solving/turtlebot3_ws_s3/install/turtlebot3_bringup/share/turtlebot3_bringup/launch/camera.launch.py
[0.360s] -- Symlinking: /home/bchoe7/seeing_saying_solving/turtlebot3_ws_s3/install/turtlebot3_bringup/share/turtlebot3_bringup/launch/robot.launch.py
[0.364s] -- Symlinking: /home/bchoe7/seeing_saying_solving/turtlebot3_ws_s3/install/turtlebot3_bringup/share/turtlebot3_bringup/launch/rviz2.launch.py
[0.368s] -- Symlinking: /home/bchoe7/seeing_saying_solving/turtlebot3_ws_s3/install/turtlebot3_bringup/share/turtlebot3_bringup/launch/turtlebot3_state_publisher.launch.py
[0.373s] -- Symlinking: /home/bchoe7/seeing_saying_solving/turtlebot3_ws_s3/install/turtlebot3_bringup/share/turtlebot3_bringup/param/burger.yaml
[0.378s] -- Symlinking: /home/bchoe7/seeing_saying_solving/turtlebot3_ws_s3/install/turtlebot3_bringup/share/turtlebot3_bringup/param/humble/burger.yaml
[0.383s] -- Symlinking: /home/bchoe7/seeing_saying_solving/turtlebot3_ws_s3/install/turtlebot3_bringup/share/turtlebot3_bringup/param/humble/waffle.yaml
[0.387s] -- Symlinking: /home/bchoe7/seeing_saying_solving/turtlebot3_ws_s3/install/turtlebot3_bringup/share/turtlebot3_bringup/param/humble/waffle_pi.yaml
[0.390s] -- Symlinking: /home/bchoe7/seeing_saying_solving/turtlebot3_ws_s3/install/turtlebot3_bringup/share/turtlebot3_bringup/param/waffle.yaml
[0.394s] -- Symlinking: /home/bchoe7/seeing_saying_solving/turtlebot3_ws_s3/install/turtlebot3_bringup/share/turtlebot3_bringup/param/waffle_pi.yaml
[0.399s] -- Symlinking: /home/bchoe7/seeing_saying_solving/turtlebot3_ws_s3/install/turtlebot3_bringup/share/turtlebot3_bringup/script/99-turtlebot3-cdc.rules
[0.404s] -- Symlinking: /home/bchoe7/seeing_saying_solving/turtlebot3_ws_s3/install/turtlebot3_bringup/share/turtlebot3_bringup/script/create_udev_rules
[0.409s] -- Symlinking: /home/bchoe7/seeing_saying_solving/turtlebot3_ws_s3/install/turtlebot3_bringup/share/ament_index/resource_index/package_run_dependencies/turtlebot3_bringup
[0.413s] -- Symlinking: /home/bchoe7/seeing_saying_solving/turtlebot3_ws_s3/install/turtlebot3_bringup/share/ament_index/resource_index/parent_prefix_path/turtlebot3_bringup
[0.418s] -- Symlinking: /home/bchoe7/seeing_saying_solving/turtlebot3_ws_s3/install/turtlebot3_bringup/share/turtlebot3_bringup/environment/ament_prefix_path.sh
[0.421s] -- Symlinking: /home/bchoe7/seeing_saying_solving/turtlebot3_ws_s3/install/turtlebot3_bringup/share/turtlebot3_bringup/environment/ament_prefix_path.dsv
[0.425s] -- Symlinking: /home/bchoe7/seeing_saying_solving/turtlebot3_ws_s3/install/turtlebot3_bringup/share/turtlebot3_bringup/environment/path.sh
[0.430s] -- Symlinking: /home/bchoe7/seeing_saying_solving/turtlebot3_ws_s3/install/turtlebot3_bringup/share/turtlebot3_bringup/environment/path.dsv
[0.435s] -- Symlinking: /home/bchoe7/seeing_saying_solving/turtlebot3_ws_s3/install/turtlebot3_bringup/share/turtlebot3_bringup/local_setup.bash
[0.440s] -- Symlinking: /home/bchoe7/seeing_saying_solving/turtlebot3_ws_s3/install/turtlebot3_bringup/share/turtlebot3_bringup/local_setup.sh
[0.444s] -- Symlinking: /home/bchoe7/seeing_saying_solving/turtlebot3_ws_s3/install/turtlebot3_bringup/share/turtlebot3_bringup/local_setup.zsh
[0.449s] -- Symlinking: /home/bchoe7/seeing_saying_solving/turtlebot3_ws_s3/install/turtlebot3_bringup/share/turtlebot3_bringup/local_setup.dsv
[0.453s] -- Symlinking: /home/bchoe7/seeing_saying_solving/turtlebot3_ws_s3/install/turtlebot3_bringup/share/turtlebot3_bringup/package.dsv
[0.457s] -- Symlinking: /home/bchoe7/seeing_saying_solving/turtlebot3_ws_s3/install/turtlebot3_bringup/share/ament_index/resource_index/packages/turtlebot3_bringup
[0.461s] -- Symlinking: /home/bchoe7/seeing_saying_solving/turtlebot3_ws_s3/install/turtlebot3_bringup/share/turtlebot3_bringup/cmake/turtlebot3_bringupConfig.cmake
[0.465s] -- Symlinking: /home/bchoe7/seeing_saying_solving/turtlebot3_ws_s3/install/turtlebot3_bringup/share/turtlebot3_bringup/cmake/turtlebot3_bringupConfig-version.cmake
[0.469s] -- Symlinking: /home/bchoe7/seeing_saying_solving/turtlebot3_ws_s3/install/turtlebot3_bringup/share/turtlebot3_bringup/package.xml
[0.475s] Invoked command in '/home/bchoe7/seeing_saying_solving/turtlebot3_ws_s3/build/turtlebot3_bringup' returned '0': AMENT_PREFIX_PATH=/home/bchoe7/seeing_saying_solving/turtlebot3_ws_s3/install/turtlebot3_node:/home/bchoe7/seeing_saying_solving/turtlebot3_ws_s3/install/turtlebot3_msgs:/home/bchoe7/seeing_saying_solving/turtlebot3_ws_s3/install/turtlebot3_description:/home/bchoe7/seeing_saying_solving/turtlebot3_ws_s3/install/dynamixel_sdk:${AMENT_PREFIX_PATH} CMAKE_PREFIX_PATH=/home/bchoe7/seeing_saying_solving/turtlebot3_ws_s3/install/turtlebot3_node:/home/bchoe7/seeing_saying_solving/turtlebot3_ws_s3/install/turtlebot3_msgs:/home/bchoe7/seeing_saying_solving/turtlebot3_ws_s3/install/turtlebot3_description:/home/bchoe7/seeing_saying_solving/turtlebot3_ws_s3/install/dynamixel_sdk:/opt/ros/humble LD_LIBRARY_PATH=/home/bchoe7/seeing_saying_solving/turtlebot3_ws_s3/install/turtlebot3_msgs/lib:/home/bchoe7/seeing_saying_solving/turtlebot3_ws_s3/install/dynamixel_sdk/lib:/usr/lib/x86_64-linux-gnu/gazebo-11/plugins:/opt/ros/humble/opt/rviz_ogre_vendor/lib:/opt/ros/humble/lib/x86_64-linux-gnu:/opt/ros/humble/lib:/usr/lib/x86_64-linux-gnu/gazebo-11/plugins:/usr/lib/x86_64-linux-gnu/gazebo-11/plugins:/usr/lib/x86_64-linux-gnu/gazebo-11/plugins PYTHONPATH=/home/bchoe7/seeing_saying_solving/turtlebot3_ws_s3/install/turtlebot3_msgs/local/lib/python3.10/dist-packages:/home/bchoe7/seeing_saying_solving/turtlebot3_ws_s3/install/dynamixel_sdk/local/lib/python3.10/dist-packages:${PYTHONPATH} /usr/bin/cmake --install /home/bchoe7/seeing_saying_solving/turtlebot3_ws_s3/build/turtlebot3_bringup
