[0.238s] Invoking command in '/home/bchoe7/seeing_saying_solving/turtlebot3_ws_s3/build/turtlebot3_fake_node': AMENT_PREFIX_PATH=/home/bchoe7/seeing_saying_solving/turtlebot3_ws_s3/install/turtlebot3_msgs:${AMENT_PREFIX_PATH} CMAKE_PREFIX_PATH=/home/bchoe7/seeing_saying_solving/turtlebot3_ws_s3/install/turtlebot3_msgs:/opt/ros/humble LD_LIBRARY_PATH=/home/bchoe7/seeing_saying_solving/turtlebot3_ws_s3/install/turtlebot3_msgs/lib:/usr/lib/x86_64-linux-gnu/gazebo-11/plugins:/opt/ros/humble/opt/rviz_ogre_vendor/lib:/opt/ros/humble/lib/x86_64-linux-gnu:/opt/ros/humble/lib:/usr/lib/x86_64-linux-gnu/gazebo-11/plugins:/usr/lib/x86_64-linux-gnu/gazebo-11/plugins:/usr/lib/x86_64-linux-gnu/gazebo-11/plugins PYTHONPATH=/home/bchoe7/seeing_saying_solving/turtlebot3_ws_s3/install/turtlebot3_msgs/local/lib/python3.10/dist-packages:${PYTHONPATH} /usr/bin/cmake /home/bchoe7/seeing_saying_solving/turtlebot3_ws_s3/src/turtlebot3_simulations/turtlebot3_fake_node -DAMENT_CMAKE_SYMLINK_INSTALL=1 -DCMAKE_INSTALL_PREFIX=/home/bchoe7/seeing_saying_solving/turtlebot3_ws_s3/install/turtlebot3_fake_node
[0.273s] -- The C compiler identification is GNU 11.4.0
[0.311s] -- The CXX compiler identification is GNU 11.4.0
[0.316s] -- Detecting C compiler ABI info
[0.363s] -- Detecting C compiler ABI info - done
[0.368s] -- Check for working C compiler: /usr/bin/cc - skipped
[0.369s] -- Detecting C compile features
[0.369s] -- Detecting C compile features - done
[0.371s] -- Detecting CXX compiler ABI info
[0.423s] -- Detecting CXX compiler ABI info - done
[0.429s] -- Check for working CXX compiler: /usr/bin/c++ - skipped
[0.429s] -- Detecting CXX compile features
[0.429s] -- Detecting CXX compile features - done
[0.431s] -- Found ament_cmake: 1.3.11 (/opt/ros/humble/share/ament_cmake/cmake)
[0.529s] -- Found Python3: /usr/bin/python3 (found version "3.10.12") found components: Interpreter 
[0.568s] -- Override CMake install command with custom implementation using symlinks instead of copying resources
[0.582s] -- Found geometry_msgs: 4.8.0 (/opt/ros/humble/share/geometry_msgs/cmake)
[0.604s] -- Found rosidl_generator_c: 3.1.6 (/opt/ros/humble/share/rosidl_generator_c/cmake)
[0.606s] -- Found rosidl_adapter: 3.1.6 (/opt/ros/humble/share/rosidl_adapter/cmake)
[0.610s] -- Found rosidl_generator_cpp: 3.1.6 (/opt/ros/humble/share/rosidl_generator_cpp/cmake)
[0.616s] -- Using all available rosidl_typesupport_c: rosidl_typesupport_fastrtps_c;rosidl_typesupport_introspection_c
[0.624s] -- Using all available rosidl_typesupport_cpp: rosidl_typesupport_fastrtps_cpp;rosidl_typesupport_introspection_cpp
[0.642s] -- Found nav_msgs: 4.8.0 (/opt/ros/humble/share/nav_msgs/cmake)
[0.650s] -- Found rclcpp: 16.0.12 (/opt/ros/humble/share/rclcpp/cmake)
[0.667s] -- Found rmw_implementation_cmake: 6.1.2 (/opt/ros/humble/share/rmw_implementation_cmake/cmake)
[0.668s] -- Found rmw_fastrtps_cpp: 6.2.7 (/opt/ros/humble/share/rmw_fastrtps_cpp/cmake)
[0.716s] -- Found OpenSSL: /usr/lib/x86_64-linux-gnu/libcrypto.so (found version "3.0.2")  
[0.738s] -- Found FastRTPS: /opt/ros/humble/include  
[0.766s] -- Using RMW implementation 'rmw_fastrtps_cpp' as default
[0.772s] -- Looking for pthread.h
[0.816s] -- Looking for pthread.h - found
[0.817s] -- Performing Test CMAKE_HAVE_LIBC_PTHREAD
[0.863s] -- Performing Test CMAKE_HAVE_LIBC_PTHREAD - Success
[0.864s] -- Found Threads: TRUE  
[0.882s] -- Found sensor_msgs: 4.8.0 (/opt/ros/humble/share/sensor_msgs/cmake)
[0.891s] -- Found tf2: 0.25.12 (/opt/ros/humble/share/tf2/cmake)
[0.896s] -- Found tf2_msgs: 0.25.12 (/opt/ros/humble/share/tf2_msgs/cmake)
[0.915s] -- Found turtlebot3_msgs: 2.4.0 (/home/bchoe7/seeing_saying_solving/turtlebot3_ws_s3/install/turtlebot3_msgs/share/turtlebot3_msgs/cmake)
[0.997s] -- Configuring done
[1.006s] -- Generating done
[1.009s] -- Build files have been written to: /home/bchoe7/seeing_saying_solving/turtlebot3_ws_s3/build/turtlebot3_fake_node
[1.021s] Invoked command in '/home/bchoe7/seeing_saying_solving/turtlebot3_ws_s3/build/turtlebot3_fake_node' returned '0': AMENT_PREFIX_PATH=/home/bchoe7/seeing_saying_solving/turtlebot3_ws_s3/install/turtlebot3_msgs:${AMENT_PREFIX_PATH} CMAKE_PREFIX_PATH=/home/bchoe7/seeing_saying_solving/turtlebot3_ws_s3/install/turtlebot3_msgs:/opt/ros/humble LD_LIBRARY_PATH=/home/bchoe7/seeing_saying_solving/turtlebot3_ws_s3/install/turtlebot3_msgs/lib:/usr/lib/x86_64-linux-gnu/gazebo-11/plugins:/opt/ros/humble/opt/rviz_ogre_vendor/lib:/opt/ros/humble/lib/x86_64-linux-gnu:/opt/ros/humble/lib:/usr/lib/x86_64-linux-gnu/gazebo-11/plugins:/usr/lib/x86_64-linux-gnu/gazebo-11/plugins:/usr/lib/x86_64-linux-gnu/gazebo-11/plugins PYTHONPATH=/home/bchoe7/seeing_saying_solving/turtlebot3_ws_s3/install/turtlebot3_msgs/local/lib/python3.10/dist-packages:${PYTHONPATH} /usr/bin/cmake /home/bchoe7/seeing_saying_solving/turtlebot3_ws_s3/src/turtlebot3_simulations/turtlebot3_fake_node -DAMENT_CMAKE_SYMLINK_INSTALL=1 -DCMAKE_INSTALL_PREFIX=/home/bchoe7/seeing_saying_solving/turtlebot3_ws_s3/install/turtlebot3_fake_node
[1.022s] Invoking command in '/home/bchoe7/seeing_saying_solving/turtlebot3_ws_s3/build/turtlebot3_fake_node': AMENT_PREFIX_PATH=/home/bchoe7/seeing_saying_solving/turtlebot3_ws_s3/install/turtlebot3_msgs:${AMENT_PREFIX_PATH} CMAKE_PREFIX_PATH=/home/bchoe7/seeing_saying_solving/turtlebot3_ws_s3/install/turtlebot3_msgs:/opt/ros/humble LD_LIBRARY_PATH=/home/bchoe7/seeing_saying_solving/turtlebot3_ws_s3/install/turtlebot3_msgs/lib:/usr/lib/x86_64-linux-gnu/gazebo-11/plugins:/opt/ros/humble/opt/rviz_ogre_vendor/lib:/opt/ros/humble/lib/x86_64-linux-gnu:/opt/ros/humble/lib:/usr/lib/x86_64-linux-gnu/gazebo-11/plugins:/usr/lib/x86_64-linux-gnu/gazebo-11/plugins:/usr/lib/x86_64-linux-gnu/gazebo-11/plugins PYTHONPATH=/home/bchoe7/seeing_saying_solving/turtlebot3_ws_s3/install/turtlebot3_msgs/local/lib/python3.10/dist-packages:${PYTHONPATH} /usr/bin/cmake --build /home/bchoe7/seeing_saying_solving/turtlebot3_ws_s3/build/turtlebot3_fake_node -- -j32 -l32
[1.060s] [ 50%] [32mBuilding CXX object CMakeFiles/turtlebot3_fake_node.dir/src/turtlebot3_fake_node.cpp.o[0m
[6.514s] [100%] [32m[1mLinking CXX executable turtlebot3_fake_node[0m
[6.742s] [100%] Built target turtlebot3_fake_node
[6.748s] Invoked command in '/home/bchoe7/seeing_saying_solving/turtlebot3_ws_s3/build/turtlebot3_fake_node' returned '0': AMENT_PREFIX_PATH=/home/bchoe7/seeing_saying_solving/turtlebot3_ws_s3/install/turtlebot3_msgs:${AMENT_PREFIX_PATH} CMAKE_PREFIX_PATH=/home/bchoe7/seeing_saying_solving/turtlebot3_ws_s3/install/turtlebot3_msgs:/opt/ros/humble LD_LIBRARY_PATH=/home/bchoe7/seeing_saying_solving/turtlebot3_ws_s3/install/turtlebot3_msgs/lib:/usr/lib/x86_64-linux-gnu/gazebo-11/plugins:/opt/ros/humble/opt/rviz_ogre_vendor/lib:/opt/ros/humble/lib/x86_64-linux-gnu:/opt/ros/humble/lib:/usr/lib/x86_64-linux-gnu/gazebo-11/plugins:/usr/lib/x86_64-linux-gnu/gazebo-11/plugins:/usr/lib/x86_64-linux-gnu/gazebo-11/plugins PYTHONPATH=/home/bchoe7/seeing_saying_solving/turtlebot3_ws_s3/install/turtlebot3_msgs/local/lib/python3.10/dist-packages:${PYTHONPATH} /usr/bin/cmake --build /home/bchoe7/seeing_saying_solving/turtlebot3_ws_s3/build/turtlebot3_fake_node -- -j32 -l32
[6.749s] Invoking command in '/home/bchoe7/seeing_saying_solving/turtlebot3_ws_s3/build/turtlebot3_fake_node': AMENT_PREFIX_PATH=/home/bchoe7/seeing_saying_solving/turtlebot3_ws_s3/install/turtlebot3_msgs:${AMENT_PREFIX_PATH} CMAKE_PREFIX_PATH=/home/bchoe7/seeing_saying_solving/turtlebot3_ws_s3/install/turtlebot3_msgs:/opt/ros/humble LD_LIBRARY_PATH=/home/bchoe7/seeing_saying_solving/turtlebot3_ws_s3/install/turtlebot3_msgs/lib:/usr/lib/x86_64-linux-gnu/gazebo-11/plugins:/opt/ros/humble/opt/rviz_ogre_vendor/lib:/opt/ros/humble/lib/x86_64-linux-gnu:/opt/ros/humble/lib:/usr/lib/x86_64-linux-gnu/gazebo-11/plugins:/usr/lib/x86_64-linux-gnu/gazebo-11/plugins:/usr/lib/x86_64-linux-gnu/gazebo-11/plugins PYTHONPATH=/home/bchoe7/seeing_saying_solving/turtlebot3_ws_s3/install/turtlebot3_msgs/local/lib/python3.10/dist-packages:${PYTHONPATH} /usr/bin/cmake --install /home/bchoe7/seeing_saying_solving/turtlebot3_ws_s3/build/turtlebot3_fake_node
[6.753s] -- Install configuration: ""
[6.753s] -- Execute custom install script
[6.753s] -- Symlinking: /home/bchoe7/seeing_saying_solving/turtlebot3_ws_s3/install/turtlebot3_fake_node/lib/turtlebot3_fake_node/turtlebot3_fake_node
[6.759s] -- Symlinking: /home/bchoe7/seeing_saying_solving/turtlebot3_ws_s3/install/turtlebot3_fake_node/share/turtlebot3_fake_node/launch/rviz2.launch.py
[6.763s] -- Symlinking: /home/bchoe7/seeing_saying_solving/turtlebot3_ws_s3/install/turtlebot3_fake_node/share/turtlebot3_fake_node/launch/turtlebot3_fake_node.launch.py
[6.767s] -- Symlinking: /home/bchoe7/seeing_saying_solving/turtlebot3_ws_s3/install/turtlebot3_fake_node/share/turtlebot3_fake_node/param/burger.yaml
[6.772s] -- Symlinking: /home/bchoe7/seeing_saying_solving/turtlebot3_ws_s3/install/turtlebot3_fake_node/share/turtlebot3_fake_node/param/waffle.yaml
[6.777s] -- Symlinking: /home/bchoe7/seeing_saying_solving/turtlebot3_ws_s3/install/turtlebot3_fake_node/share/turtlebot3_fake_node/param/waffle_pi.yaml
[6.782s] -- Symlinking: /home/bchoe7/seeing_saying_solving/turtlebot3_ws_s3/install/turtlebot3_fake_node/include//turtlebot3_fake_node/turtlebot3_fake_node.hpp
[6.787s] -- Symlinking: /home/bchoe7/seeing_saying_solving/turtlebot3_ws_s3/install/turtlebot3_fake_node/share/ament_index/resource_index/package_run_dependencies/turtlebot3_fake_node
[6.792s] -- Symlinking: /home/bchoe7/seeing_saying_solving/turtlebot3_ws_s3/install/turtlebot3_fake_node/share/ament_index/resource_index/parent_prefix_path/turtlebot3_fake_node
[6.796s] -- Symlinking: /home/bchoe7/seeing_saying_solving/turtlebot3_ws_s3/install/turtlebot3_fake_node/share/turtlebot3_fake_node/environment/ament_prefix_path.sh
[6.801s] -- Symlinking: /home/bchoe7/seeing_saying_solving/turtlebot3_ws_s3/install/turtlebot3_fake_node/share/turtlebot3_fake_node/environment/ament_prefix_path.dsv
[6.804s] -- Symlinking: /home/bchoe7/seeing_saying_solving/turtlebot3_ws_s3/install/turtlebot3_fake_node/share/turtlebot3_fake_node/environment/path.sh
[6.808s] -- Symlinking: /home/bchoe7/seeing_saying_solving/turtlebot3_ws_s3/install/turtlebot3_fake_node/share/turtlebot3_fake_node/environment/path.dsv
[6.812s] -- Symlinking: /home/bchoe7/seeing_saying_solving/turtlebot3_ws_s3/install/turtlebot3_fake_node/share/turtlebot3_fake_node/local_setup.bash
[6.817s] -- Symlinking: /home/bchoe7/seeing_saying_solving/turtlebot3_ws_s3/install/turtlebot3_fake_node/share/turtlebot3_fake_node/local_setup.sh
[6.821s] -- Symlinking: /home/bchoe7/seeing_saying_solving/turtlebot3_ws_s3/install/turtlebot3_fake_node/share/turtlebot3_fake_node/local_setup.zsh
[6.826s] -- Symlinking: /home/bchoe7/seeing_saying_solving/turtlebot3_ws_s3/install/turtlebot3_fake_node/share/turtlebot3_fake_node/local_setup.dsv
[6.831s] -- Symlinking: /home/bchoe7/seeing_saying_solving/turtlebot3_ws_s3/install/turtlebot3_fake_node/share/turtlebot3_fake_node/package.dsv
[6.835s] -- Symlinking: /home/bchoe7/seeing_saying_solving/turtlebot3_ws_s3/install/turtlebot3_fake_node/share/ament_index/resource_index/packages/turtlebot3_fake_node
[6.840s] -- Symlinking: /home/bchoe7/seeing_saying_solving/turtlebot3_ws_s3/install/turtlebot3_fake_node/share/turtlebot3_fake_node/cmake/ament_cmake_export_include_directories-extras.cmake
[6.845s] -- Symlinking: /home/bchoe7/seeing_saying_solving/turtlebot3_ws_s3/install/turtlebot3_fake_node/share/turtlebot3_fake_node/cmake/ament_cmake_export_dependencies-extras.cmake
[6.850s] -- Symlinking: /home/bchoe7/seeing_saying_solving/turtlebot3_ws_s3/install/turtlebot3_fake_node/share/turtlebot3_fake_node/cmake/turtlebot3_fake_nodeConfig.cmake
[6.853s] -- Symlinking: /home/bchoe7/seeing_saying_solving/turtlebot3_ws_s3/install/turtlebot3_fake_node/share/turtlebot3_fake_node/cmake/turtlebot3_fake_nodeConfig-version.cmake
[6.858s] -- Symlinking: /home/bchoe7/seeing_saying_solving/turtlebot3_ws_s3/install/turtlebot3_fake_node/share/turtlebot3_fake_node/package.xml
[6.863s] Invoked command in '/home/bchoe7/seeing_saying_solving/turtlebot3_ws_s3/build/turtlebot3_fake_node' returned '0': AMENT_PREFIX_PATH=/home/bchoe7/seeing_saying_solving/turtlebot3_ws_s3/install/turtlebot3_msgs:${AMENT_PREFIX_PATH} CMAKE_PREFIX_PATH=/home/bchoe7/seeing_saying_solving/turtlebot3_ws_s3/install/turtlebot3_msgs:/opt/ros/humble LD_LIBRARY_PATH=/home/bchoe7/seeing_saying_solving/turtlebot3_ws_s3/install/turtlebot3_msgs/lib:/usr/lib/x86_64-linux-gnu/gazebo-11/plugins:/opt/ros/humble/opt/rviz_ogre_vendor/lib:/opt/ros/humble/lib/x86_64-linux-gnu:/opt/ros/humble/lib:/usr/lib/x86_64-linux-gnu/gazebo-11/plugins:/usr/lib/x86_64-linux-gnu/gazebo-11/plugins:/usr/lib/x86_64-linux-gnu/gazebo-11/plugins PYTHONPATH=/home/bchoe7/seeing_saying_solving/turtlebot3_ws_s3/install/turtlebot3_msgs/local/lib/python3.10/dist-packages:${PYTHONPATH} /usr/bin/cmake --install /home/bchoe7/seeing_saying_solving/turtlebot3_ws_s3/build/turtlebot3_fake_node
