[0.010s] Invoking command in '/home/bchoe7/seeing_saying_solving/turtlebot3_ws_s3/build/turtlebot3_bringup': AMENT_PREFIX_PATH=/home/bchoe7/seeing_saying_solving/turtlebot3_ws_s3/install/turtlebot3_node:/home/bchoe7/seeing_saying_solving/turtlebot3_ws_s3/install/turtlebot3_msgs:/home/bchoe7/seeing_saying_solving/turtlebot3_ws_s3/install/turtlebot3_description:/home/bchoe7/seeing_saying_solving/turtlebot3_ws_s3/install/dynamixel_sdk:${AMENT_PREFIX_PATH} CMAKE_PREFIX_PATH=/home/bchoe7/seeing_saying_solving/turtlebot3_ws_s3/install/turtlebot3_node:/home/bchoe7/seeing_saying_solving/turtlebot3_ws_s3/install/turtlebot3_msgs:/home/bchoe7/seeing_saying_solving/turtlebot3_ws_s3/install/turtlebot3_description:/home/bchoe7/seeing_saying_solving/turtlebot3_ws_s3/install/dynamixel_sdk:/opt/ros/humble DEBUGINFOD_URLS=https://debuginfod.ubuntu.com LD_LIBRARY_PATH=/home/bchoe7/seeing_saying_solving/turtlebot3_ws_s3/install/turtlebot3_msgs/lib:/home/bchoe7/seeing_saying_solving/turtlebot3_ws_s3/install/dynamixel_sdk/lib:${LD_LIBRARY_PATH} PYTHONPATH=/home/bchoe7/seeing_saying_solving/turtlebot3_ws_s3/install/turtlebot3_msgs/local/lib/python3.10/dist-packages:/home/bchoe7/seeing_saying_solving/turtlebot3_ws_s3/install/dynamixel_sdk/local/lib/python3.10/dist-packages:${PYTHONPATH} /usr/bin/cmake --build /home/bchoe7/seeing_saying_solving/turtlebot3_ws_s3/build/turtlebot3_bringup -- -j32 -l32
[0.024s] -- Found ament_cmake: 1.3.11 (/opt/ros/humble/share/ament_cmake/cmake)
[0.087s] -- Override CMake install command with custom implementation using symlinks instead of copying resources
[0.119s] -- Configuring done
[0.120s] -- Generating done
[0.120s] -- Build files have been written to: /home/bchoe7/seeing_saying_solving/turtlebot3_ws_s3/build/turtlebot3_bringup
[0.134s] Invoked command in '/home/bchoe7/seeing_saying_solving/turtlebot3_ws_s3/build/turtlebot3_bringup' returned '0': AMENT_PREFIX_PATH=/home/bchoe7/seeing_saying_solving/turtlebot3_ws_s3/install/turtlebot3_node:/home/bchoe7/seeing_saying_solving/turtlebot3_ws_s3/install/turtlebot3_msgs:/home/bchoe7/seeing_saying_solving/turtlebot3_ws_s3/install/turtlebot3_description:/home/bchoe7/seeing_saying_solving/turtlebot3_ws_s3/install/dynamixel_sdk:${AMENT_PREFIX_PATH} CMAKE_PREFIX_PATH=/home/bchoe7/seeing_saying_solving/turtlebot3_ws_s3/install/turtlebot3_node:/home/bchoe7/seeing_saying_solving/turtlebot3_ws_s3/install/turtlebot3_msgs:/home/bchoe7/seeing_saying_solving/turtlebot3_ws_s3/install/turtlebot3_description:/home/bchoe7/seeing_saying_solving/turtlebot3_ws_s3/install/dynamixel_sdk:/opt/ros/humble DEBUGINFOD_URLS=https://debuginfod.ubuntu.com LD_LIBRARY_PATH=/home/bchoe7/seeing_saying_solving/turtlebot3_ws_s3/install/turtlebot3_msgs/lib:/home/bchoe7/seeing_saying_solving/turtlebot3_ws_s3/install/dynamixel_sdk/lib:${LD_LIBRARY_PATH} PYTHONPATH=/home/bchoe7/seeing_saying_solving/turtlebot3_ws_s3/install/turtlebot3_msgs/local/lib/python3.10/dist-packages:/home/bchoe7/seeing_saying_solving/turtlebot3_ws_s3/install/dynamixel_sdk/local/lib/python3.10/dist-packages:${PYTHONPATH} /usr/bin/cmake --build /home/bchoe7/seeing_saying_solving/turtlebot3_ws_s3/build/turtlebot3_bringup -- -j32 -l32
[0.136s] Invoking command in '/home/bchoe7/seeing_saying_solving/turtlebot3_ws_s3/build/turtlebot3_bringup': AMENT_PREFIX_PATH=/home/bchoe7/seeing_saying_solving/turtlebot3_ws_s3/install/turtlebot3_node:/home/bchoe7/seeing_saying_solving/turtlebot3_ws_s3/install/turtlebot3_msgs:/home/bchoe7/seeing_saying_solving/turtlebot3_ws_s3/install/turtlebot3_description:/home/bchoe7/seeing_saying_solving/turtlebot3_ws_s3/install/dynamixel_sdk:${AMENT_PREFIX_PATH} CMAKE_PREFIX_PATH=/home/bchoe7/seeing_saying_solving/turtlebot3_ws_s3/install/turtlebot3_node:/home/bchoe7/seeing_saying_solving/turtlebot3_ws_s3/install/turtlebot3_msgs:/home/bchoe7/seeing_saying_solving/turtlebot3_ws_s3/install/turtlebot3_description:/home/bchoe7/seeing_saying_solving/turtlebot3_ws_s3/install/dynamixel_sdk:/opt/ros/humble DEBUGINFOD_URLS=https://debuginfod.ubuntu.com LD_LIBRARY_PATH=/home/bchoe7/seeing_saying_solving/turtlebot3_ws_s3/install/turtlebot3_msgs/lib:/home/bchoe7/seeing_saying_solving/turtlebot3_ws_s3/install/dynamixel_sdk/lib:${LD_LIBRARY_PATH} PYTHONPATH=/home/bchoe7/seeing_saying_solving/turtlebot3_ws_s3/install/turtlebot3_msgs/local/lib/python3.10/dist-packages:/home/bchoe7/seeing_saying_solving/turtlebot3_ws_s3/install/dynamixel_sdk/local/lib/python3.10/dist-packages:${PYTHONPATH} /usr/bin/cmake --install /home/bchoe7/seeing_saying_solving/turtlebot3_ws_s3/build/turtlebot3_bringup
[0.141s] -- Install configuration: ""
[0.141s] -- Execute custom install script
[0.141s] -- Up-to-date symlink: /home/bchoe7/seeing_saying_solving/turtlebot3_ws_s3/install/turtlebot3_bringup/share/turtlebot3_bringup/launch/camera.launch.py
[0.141s] -- Up-to-date symlink: /home/bchoe7/seeing_saying_solving/turtlebot3_ws_s3/install/turtlebot3_bringup/share/turtlebot3_bringup/launch/robot.launch.py
[0.142s] -- Up-to-date symlink: /home/bchoe7/seeing_saying_solving/turtlebot3_ws_s3/install/turtlebot3_bringup/share/turtlebot3_bringup/launch/rviz2.launch.py
[0.142s] -- Up-to-date symlink: /home/bchoe7/seeing_saying_solving/turtlebot3_ws_s3/install/turtlebot3_bringup/share/turtlebot3_bringup/launch/turtlebot3_state_publisher.launch.py
[0.142s] -- Up-to-date symlink: /home/bchoe7/seeing_saying_solving/turtlebot3_ws_s3/install/turtlebot3_bringup/share/turtlebot3_bringup/param/burger.yaml
[0.142s] -- Up-to-date symlink: /home/bchoe7/seeing_saying_solving/turtlebot3_ws_s3/install/turtlebot3_bringup/share/turtlebot3_bringup/param/humble/burger.yaml
[0.142s] -- Up-to-date symlink: /home/bchoe7/seeing_saying_solving/turtlebot3_ws_s3/install/turtlebot3_bringup/share/turtlebot3_bringup/param/humble/waffle.yaml
[0.142s] -- Up-to-date symlink: /home/bchoe7/seeing_saying_solving/turtlebot3_ws_s3/install/turtlebot3_bringup/share/turtlebot3_bringup/param/humble/waffle_pi.yaml
[0.142s] -- Up-to-date symlink: /home/bchoe7/seeing_saying_solving/turtlebot3_ws_s3/install/turtlebot3_bringup/share/turtlebot3_bringup/param/waffle.yaml
[0.142s] -- Up-to-date symlink: /home/bchoe7/seeing_saying_solving/turtlebot3_ws_s3/install/turtlebot3_bringup/share/turtlebot3_bringup/param/waffle_pi.yaml
[0.142s] -- Up-to-date symlink: /home/bchoe7/seeing_saying_solving/turtlebot3_ws_s3/install/turtlebot3_bringup/share/turtlebot3_bringup/script/99-turtlebot3-cdc.rules
[0.142s] -- Up-to-date symlink: /home/bchoe7/seeing_saying_solving/turtlebot3_ws_s3/install/turtlebot3_bringup/share/turtlebot3_bringup/script/create_udev_rules
[0.142s] -- Up-to-date symlink: /home/bchoe7/seeing_saying_solving/turtlebot3_ws_s3/install/turtlebot3_bringup/share/ament_index/resource_index/package_run_dependencies/turtlebot3_bringup
[0.142s] -- Up-to-date symlink: /home/bchoe7/seeing_saying_solving/turtlebot3_ws_s3/install/turtlebot3_bringup/share/ament_index/resource_index/parent_prefix_path/turtlebot3_bringup
[0.142s] -- Up-to-date symlink: /home/bchoe7/seeing_saying_solving/turtlebot3_ws_s3/install/turtlebot3_bringup/share/turtlebot3_bringup/environment/ament_prefix_path.sh
[0.143s] -- Up-to-date symlink: /home/bchoe7/seeing_saying_solving/turtlebot3_ws_s3/install/turtlebot3_bringup/share/turtlebot3_bringup/environment/ament_prefix_path.dsv
[0.143s] -- Up-to-date symlink: /home/bchoe7/seeing_saying_solving/turtlebot3_ws_s3/install/turtlebot3_bringup/share/turtlebot3_bringup/environment/path.sh
[0.143s] -- Up-to-date symlink: /home/bchoe7/seeing_saying_solving/turtlebot3_ws_s3/install/turtlebot3_bringup/share/turtlebot3_bringup/environment/path.dsv
[0.143s] -- Up-to-date symlink: /home/bchoe7/seeing_saying_solving/turtlebot3_ws_s3/install/turtlebot3_bringup/share/turtlebot3_bringup/local_setup.bash
[0.143s] -- Up-to-date symlink: /home/bchoe7/seeing_saying_solving/turtlebot3_ws_s3/install/turtlebot3_bringup/share/turtlebot3_bringup/local_setup.sh
[0.143s] -- Up-to-date symlink: /home/bchoe7/seeing_saying_solving/turtlebot3_ws_s3/install/turtlebot3_bringup/share/turtlebot3_bringup/local_setup.zsh
[0.143s] -- Up-to-date symlink: /home/bchoe7/seeing_saying_solving/turtlebot3_ws_s3/install/turtlebot3_bringup/share/turtlebot3_bringup/local_setup.dsv
[0.143s] -- Symlinking: /home/bchoe7/seeing_saying_solving/turtlebot3_ws_s3/install/turtlebot3_bringup/share/turtlebot3_bringup/package.dsv
[0.148s] -- Up-to-date symlink: /home/bchoe7/seeing_saying_solving/turtlebot3_ws_s3/install/turtlebot3_bringup/share/ament_index/resource_index/packages/turtlebot3_bringup
[0.148s] -- Up-to-date symlink: /home/bchoe7/seeing_saying_solving/turtlebot3_ws_s3/install/turtlebot3_bringup/share/turtlebot3_bringup/cmake/turtlebot3_bringupConfig.cmake
[0.148s] -- Up-to-date symlink: /home/bchoe7/seeing_saying_solving/turtlebot3_ws_s3/install/turtlebot3_bringup/share/turtlebot3_bringup/cmake/turtlebot3_bringupConfig-version.cmake
[0.148s] -- Up-to-date symlink: /home/bchoe7/seeing_saying_solving/turtlebot3_ws_s3/install/turtlebot3_bringup/share/turtlebot3_bringup/package.xml
[0.149s] Invoked command in '/home/bchoe7/seeing_saying_solving/turtlebot3_ws_s3/build/turtlebot3_bringup' returned '0': AMENT_PREFIX_PATH=/home/bchoe7/seeing_saying_solving/turtlebot3_ws_s3/install/turtlebot3_node:/home/bchoe7/seeing_saying_solving/turtlebot3_ws_s3/install/turtlebot3_msgs:/home/bchoe7/seeing_saying_solving/turtlebot3_ws_s3/install/turtlebot3_description:/home/bchoe7/seeing_saying_solving/turtlebot3_ws_s3/install/dynamixel_sdk:${AMENT_PREFIX_PATH} CMAKE_PREFIX_PATH=/home/bchoe7/seeing_saying_solving/turtlebot3_ws_s3/install/turtlebot3_node:/home/bchoe7/seeing_saying_solving/turtlebot3_ws_s3/install/turtlebot3_msgs:/home/bchoe7/seeing_saying_solving/turtlebot3_ws_s3/install/turtlebot3_description:/home/bchoe7/seeing_saying_solving/turtlebot3_ws_s3/install/dynamixel_sdk:/opt/ros/humble DEBUGINFOD_URLS=https://debuginfod.ubuntu.com LD_LIBRARY_PATH=/home/bchoe7/seeing_saying_solving/turtlebot3_ws_s3/install/turtlebot3_msgs/lib:/home/bchoe7/seeing_saying_solving/turtlebot3_ws_s3/install/dynamixel_sdk/lib:${LD_LIBRARY_PATH} PYTHONPATH=/home/bchoe7/seeing_saying_solving/turtlebot3_ws_s3/install/turtlebot3_msgs/local/lib/python3.10/dist-packages:/home/bchoe7/seeing_saying_solving/turtlebot3_ws_s3/install/dynamixel_sdk/local/lib/python3.10/dist-packages:${PYTHONPATH} /usr/bin/cmake --install /home/bchoe7/seeing_saying_solving/turtlebot3_ws_s3/build/turtlebot3_bringup
