[0.009s] Invoking command in '/home/bchoe7/turtlebot3_ws/src/build/dynamixel_sdk_examples': AMENT_PREFIX_PATH=/home/bchoe7/turtlebot3_ws/src/install/dynamixel_sdk_custom_interfaces:/home/bchoe7/turtlebot3_ws/src/install/dynamixel_sdk:${AMENT_PREFIX_PATH} CMAKE_PREFIX_PATH=/home/bchoe7/turtlebot3_ws/src/install/dynamixel_sdk_custom_interfaces:/home/bchoe7/turtlebot3_ws/src/install/dynamixel_sdk:/home/bchoe7/turtlebot3_ws/install/turtlebot3:/home/bchoe7/turtlebot3_ws/install/turtlebot3_simulations:/home/bchoe7/turtlebot3_ws/install/turtlebot3_bringup:/home/bchoe7/turtlebot3_ws/install/turtlebot3_node:/home/bchoe7/turtlebot3_ws/install/turtlebot3_multi_robot:/home/bchoe7/turtlebot3_ws/install/turtlebot3_navigation2:/home/bchoe7/turtlebot3_ws/install/turtlebot3_fake_node:/home/bchoe7/turtlebot3_ws/install/turtlebot3_msgs:/home/bchoe7/turtlebot3_ws/install/turtlebot3_gazebo:/home/bchoe7/turtlebot3_ws/install/turtlebot3_description:/home/bchoe7/turtlebot3_ws/install/turtlebot3_cartographer:/home/bchoe7/turtlebot3_ws/install/dynamixel_sdk_examples:/home/bchoe7/turtlebot3_ws/install/dynamixel_sdk_custom_interfaces:/home/bchoe7/turtlebot3_ws/install/dynamixel_sdk:/home/bchoe7/turtlebot3_ws/install/turtlebot3_teleop:/home/bchoe7/turtlebot3_ws/install/turtlebot3_example:/opt/ros/humble LD_LIBRARY_PATH=/home/bchoe7/turtlebot3_ws/src/install/dynamixel_sdk_custom_interfaces/lib:/home/bchoe7/turtlebot3_ws/src/install/dynamixel_sdk/lib:/home/bchoe7/turtlebot3_ws/install/turtlebot3_msgs/lib:/home/bchoe7/turtlebot3_ws/install/dynamixel_sdk_custom_interfaces/lib:/home/bchoe7/turtlebot3_ws/install/dynamixel_sdk/lib:/usr/lib/x86_64-linux-gnu/gazebo-11/plugins:/opt/ros/humble/opt/rviz_ogre_vendor/lib:/opt/ros/humble/lib/x86_64-linux-gnu:/opt/ros/humble/lib:/usr/lib/x86_64-linux-gnu/gazebo-11/plugins PYTHONPATH=/home/bchoe7/turtlebot3_ws/src/install/dynamixel_sdk_custom_interfaces/local/lib/python3.10/dist-packages:/home/bchoe7/turtlebot3_ws/src/install/dynamixel_sdk/local/lib/python3.10/dist-packages:${PYTHONPATH} /usr/bin/cmake /home/bchoe7/turtlebot3_ws/src/DynamixelSDK/ros/dynamixel_sdk_examples -DAMENT_CMAKE_SYMLINK_INSTALL=1 -DCMAKE_INSTALL_PREFIX=/home/bchoe7/turtlebot3_ws/src/install/dynamixel_sdk_examples
[0.044s] -- The C compiler identification is GNU 11.4.0
[0.084s] -- The CXX compiler identification is GNU 11.4.0
[0.089s] -- Detecting C compiler ABI info
[0.129s] -- Detecting C compiler ABI info - done
[0.133s] -- Check for working C compiler: /usr/bin/cc - skipped
[0.133s] -- Detecting C compile features
[0.133s] -- Detecting C compile features - done
[0.135s] -- Detecting CXX compiler ABI info
[0.183s] -- Detecting CXX compiler ABI info - done
[0.187s] -- Check for working CXX compiler: /usr/bin/c++ - skipped
[0.187s] -- Detecting CXX compile features
[0.187s] -- Detecting CXX compile features - done
[0.189s] -- Found ament_cmake: 1.3.11 (/opt/ros/humble/share/ament_cmake/cmake)
[0.306s] -- Found Python3: /usr/bin/python3 (found version "3.10.12") found components: Interpreter 
[0.346s] -- Override CMake install command with custom implementation using symlinks instead of copying resources
[0.379s] -- Found dynamixel_sdk: 3.8.4 (/home/bchoe7/turtlebot3_ws/src/install/dynamixel_sdk/share/dynamixel_sdk/cmake)
[0.380s] -- Found dynamixel_sdk_custom_interfaces: 3.8.4 (/home/bchoe7/turtlebot3_ws/src/install/dynamixel_sdk_custom_interfaces/share/dynamixel_sdk_custom_interfaces/cmake)
[0.407s] -- Found rosidl_generator_c: 3.1.6 (/opt/ros/humble/share/rosidl_generator_c/cmake)
[0.412s] -- Found rosidl_adapter: 3.1.6 (/opt/ros/humble/share/rosidl_adapter/cmake)
[0.421s] -- Found rosidl_generator_cpp: 3.1.6 (/opt/ros/humble/share/rosidl_generator_cpp/cmake)
[0.429s] -- Using all available rosidl_typesupport_c: rosidl_typesupport_fastrtps_c;rosidl_typesupport_introspection_c
[0.438s] -- Using all available rosidl_typesupport_cpp: rosidl_typesupport_fastrtps_cpp;rosidl_typesupport_introspection_cpp
[0.455s] -- Found rclcpp: 16.0.12 (/opt/ros/humble/share/rclcpp/cmake)
[0.496s] -- Found rmw_implementation_cmake: 6.1.2 (/opt/ros/humble/share/rmw_implementation_cmake/cmake)
[0.498s] -- Found rmw_fastrtps_cpp: 6.2.7 (/opt/ros/humble/share/rmw_fastrtps_cpp/cmake)
[0.554s] -- Found OpenSSL: /usr/lib/x86_64-linux-gnu/libcrypto.so (found version "3.0.2")  
[0.573s] -- Found FastRTPS: /opt/ros/humble/include  
[0.606s] -- Using RMW implementation 'rmw_fastrtps_cpp' as default
[0.616s] -- Looking for pthread.h
[0.666s] -- Looking for pthread.h - found
[0.666s] -- Performing Test CMAKE_HAVE_LIBC_PTHREAD
[0.712s] -- Performing Test CMAKE_HAVE_LIBC_PTHREAD - Success
[0.713s] -- Found Threads: TRUE  
[0.760s] -- Found rclpy: 3.3.16 (/opt/ros/humble/share/rclpy/cmake)
[0.763s] -- Found ament_lint_auto: 0.12.12 (/opt/ros/humble/share/ament_lint_auto/cmake)
[0.841s] -- Added test 'copyright' to check source files copyright and LICENSE
[0.842s] -- Added test 'cppcheck' to perform static code analysis on C / C++ code
[0.842s] -- Configured cppcheck include dirs: /home/bchoe7/turtlebot3_ws/src/DynamixelSDK/ros/dynamixel_sdk_examples/include
[0.842s] -- Configured cppcheck exclude dirs and/or files: 
[0.843s] -- Added test 'cpplint' to check C / C++ code against the Google style
[0.843s] -- Configured cpplint exclude dirs and/or files: 
[0.843s] -- Added test 'flake8' to check Python code syntax and style conventions
[0.844s] -- Added test 'lint_cmake' to check CMake code style
[0.845s] -- Added test 'pep257' to check Python code against some of the docstring style conventions in PEP 257
[0.845s] -- Added test 'uncrustify' to check C / C++ code style
[0.845s] -- Configured uncrustify additional arguments: 
[0.846s] -- Added test 'xmllint' to check XML markup files
[0.848s] -- Configuring done
[0.855s] -- Generating done
[0.858s] -- Build files have been written to: /home/bchoe7/turtlebot3_ws/src/build/dynamixel_sdk_examples
[0.867s] Invoked command in '/home/bchoe7/turtlebot3_ws/src/build/dynamixel_sdk_examples' returned '0': AMENT_PREFIX_PATH=/home/bchoe7/turtlebot3_ws/src/install/dynamixel_sdk_custom_interfaces:/home/bchoe7/turtlebot3_ws/src/install/dynamixel_sdk:${AMENT_PREFIX_PATH} CMAKE_PREFIX_PATH=/home/bchoe7/turtlebot3_ws/src/install/dynamixel_sdk_custom_interfaces:/home/bchoe7/turtlebot3_ws/src/install/dynamixel_sdk:/home/bchoe7/turtlebot3_ws/install/turtlebot3:/home/bchoe7/turtlebot3_ws/install/turtlebot3_simulations:/home/bchoe7/turtlebot3_ws/install/turtlebot3_bringup:/home/bchoe7/turtlebot3_ws/install/turtlebot3_node:/home/bchoe7/turtlebot3_ws/install/turtlebot3_multi_robot:/home/bchoe7/turtlebot3_ws/install/turtlebot3_navigation2:/home/bchoe7/turtlebot3_ws/install/turtlebot3_fake_node:/home/bchoe7/turtlebot3_ws/install/turtlebot3_msgs:/home/bchoe7/turtlebot3_ws/install/turtlebot3_gazebo:/home/bchoe7/turtlebot3_ws/install/turtlebot3_description:/home/bchoe7/turtlebot3_ws/install/turtlebot3_cartographer:/home/bchoe7/turtlebot3_ws/install/dynamixel_sdk_examples:/home/bchoe7/turtlebot3_ws/install/dynamixel_sdk_custom_interfaces:/home/bchoe7/turtlebot3_ws/install/dynamixel_sdk:/home/bchoe7/turtlebot3_ws/install/turtlebot3_teleop:/home/bchoe7/turtlebot3_ws/install/turtlebot3_example:/opt/ros/humble LD_LIBRARY_PATH=/home/bchoe7/turtlebot3_ws/src/install/dynamixel_sdk_custom_interfaces/lib:/home/bchoe7/turtlebot3_ws/src/install/dynamixel_sdk/lib:/home/bchoe7/turtlebot3_ws/install/turtlebot3_msgs/lib:/home/bchoe7/turtlebot3_ws/install/dynamixel_sdk_custom_interfaces/lib:/home/bchoe7/turtlebot3_ws/install/dynamixel_sdk/lib:/usr/lib/x86_64-linux-gnu/gazebo-11/plugins:/opt/ros/humble/opt/rviz_ogre_vendor/lib:/opt/ros/humble/lib/x86_64-linux-gnu:/opt/ros/humble/lib:/usr/lib/x86_64-linux-gnu/gazebo-11/plugins PYTHONPATH=/home/bchoe7/turtlebot3_ws/src/install/dynamixel_sdk_custom_interfaces/local/lib/python3.10/dist-packages:/home/bchoe7/turtlebot3_ws/src/install/dynamixel_sdk/local/lib/python3.10/dist-packages:${PYTHONPATH} /usr/bin/cmake /home/bchoe7/turtlebot3_ws/src/DynamixelSDK/ros/dynamixel_sdk_examples -DAMENT_CMAKE_SYMLINK_INSTALL=1 -DCMAKE_INSTALL_PREFIX=/home/bchoe7/turtlebot3_ws/src/install/dynamixel_sdk_examples
[0.868s] Invoking command in '/home/bchoe7/turtlebot3_ws/src/build/dynamixel_sdk_examples': AMENT_PREFIX_PATH=/home/bchoe7/turtlebot3_ws/src/install/dynamixel_sdk_custom_interfaces:/home/bchoe7/turtlebot3_ws/src/install/dynamixel_sdk:${AMENT_PREFIX_PATH} CMAKE_PREFIX_PATH=/home/bchoe7/turtlebot3_ws/src/install/dynamixel_sdk_custom_interfaces:/home/bchoe7/turtlebot3_ws/src/install/dynamixel_sdk:/home/bchoe7/turtlebot3_ws/install/turtlebot3:/home/bchoe7/turtlebot3_ws/install/turtlebot3_simulations:/home/bchoe7/turtlebot3_ws/install/turtlebot3_bringup:/home/bchoe7/turtlebot3_ws/install/turtlebot3_node:/home/bchoe7/turtlebot3_ws/install/turtlebot3_multi_robot:/home/bchoe7/turtlebot3_ws/install/turtlebot3_navigation2:/home/bchoe7/turtlebot3_ws/install/turtlebot3_fake_node:/home/bchoe7/turtlebot3_ws/install/turtlebot3_msgs:/home/bchoe7/turtlebot3_ws/install/turtlebot3_gazebo:/home/bchoe7/turtlebot3_ws/install/turtlebot3_description:/home/bchoe7/turtlebot3_ws/install/turtlebot3_cartographer:/home/bchoe7/turtlebot3_ws/install/dynamixel_sdk_examples:/home/bchoe7/turtlebot3_ws/install/dynamixel_sdk_custom_interfaces:/home/bchoe7/turtlebot3_ws/install/dynamixel_sdk:/home/bchoe7/turtlebot3_ws/install/turtlebot3_teleop:/home/bchoe7/turtlebot3_ws/install/turtlebot3_example:/opt/ros/humble LD_LIBRARY_PATH=/home/bchoe7/turtlebot3_ws/src/install/dynamixel_sdk_custom_interfaces/lib:/home/bchoe7/turtlebot3_ws/src/install/dynamixel_sdk/lib:/home/bchoe7/turtlebot3_ws/install/turtlebot3_msgs/lib:/home/bchoe7/turtlebot3_ws/install/dynamixel_sdk_custom_interfaces/lib:/home/bchoe7/turtlebot3_ws/install/dynamixel_sdk/lib:/usr/lib/x86_64-linux-gnu/gazebo-11/plugins:/opt/ros/humble/opt/rviz_ogre_vendor/lib:/opt/ros/humble/lib/x86_64-linux-gnu:/opt/ros/humble/lib:/usr/lib/x86_64-linux-gnu/gazebo-11/plugins PYTHONPATH=/home/bchoe7/turtlebot3_ws/src/install/dynamixel_sdk_custom_interfaces/local/lib/python3.10/dist-packages:/home/bchoe7/turtlebot3_ws/src/install/dynamixel_sdk/local/lib/python3.10/dist-packages:${PYTHONPATH} /usr/bin/cmake --build /home/bchoe7/turtlebot3_ws/src/build/dynamixel_sdk_examples -- -j32 -l32
[0.897s] [ 50%] [32mBuilding CXX object CMakeFiles/read_write_node.dir/src/read_write_node.cpp.o[0m
[6.501s] [100%] [32m[1mLinking CXX executable read_write_node[0m
[6.722s] [100%] Built target read_write_node
[6.729s] Invoked command in '/home/bchoe7/turtlebot3_ws/src/build/dynamixel_sdk_examples' returned '0': AMENT_PREFIX_PATH=/home/bchoe7/turtlebot3_ws/src/install/dynamixel_sdk_custom_interfaces:/home/bchoe7/turtlebot3_ws/src/install/dynamixel_sdk:${AMENT_PREFIX_PATH} CMAKE_PREFIX_PATH=/home/bchoe7/turtlebot3_ws/src/install/dynamixel_sdk_custom_interfaces:/home/bchoe7/turtlebot3_ws/src/install/dynamixel_sdk:/home/bchoe7/turtlebot3_ws/install/turtlebot3:/home/bchoe7/turtlebot3_ws/install/turtlebot3_simulations:/home/bchoe7/turtlebot3_ws/install/turtlebot3_bringup:/home/bchoe7/turtlebot3_ws/install/turtlebot3_node:/home/bchoe7/turtlebot3_ws/install/turtlebot3_multi_robot:/home/bchoe7/turtlebot3_ws/install/turtlebot3_navigation2:/home/bchoe7/turtlebot3_ws/install/turtlebot3_fake_node:/home/bchoe7/turtlebot3_ws/install/turtlebot3_msgs:/home/bchoe7/turtlebot3_ws/install/turtlebot3_gazebo:/home/bchoe7/turtlebot3_ws/install/turtlebot3_description:/home/bchoe7/turtlebot3_ws/install/turtlebot3_cartographer:/home/bchoe7/turtlebot3_ws/install/dynamixel_sdk_examples:/home/bchoe7/turtlebot3_ws/install/dynamixel_sdk_custom_interfaces:/home/bchoe7/turtlebot3_ws/install/dynamixel_sdk:/home/bchoe7/turtlebot3_ws/install/turtlebot3_teleop:/home/bchoe7/turtlebot3_ws/install/turtlebot3_example:/opt/ros/humble LD_LIBRARY_PATH=/home/bchoe7/turtlebot3_ws/src/install/dynamixel_sdk_custom_interfaces/lib:/home/bchoe7/turtlebot3_ws/src/install/dynamixel_sdk/lib:/home/bchoe7/turtlebot3_ws/install/turtlebot3_msgs/lib:/home/bchoe7/turtlebot3_ws/install/dynamixel_sdk_custom_interfaces/lib:/home/bchoe7/turtlebot3_ws/install/dynamixel_sdk/lib:/usr/lib/x86_64-linux-gnu/gazebo-11/plugins:/opt/ros/humble/opt/rviz_ogre_vendor/lib:/opt/ros/humble/lib/x86_64-linux-gnu:/opt/ros/humble/lib:/usr/lib/x86_64-linux-gnu/gazebo-11/plugins PYTHONPATH=/home/bchoe7/turtlebot3_ws/src/install/dynamixel_sdk_custom_interfaces/local/lib/python3.10/dist-packages:/home/bchoe7/turtlebot3_ws/src/install/dynamixel_sdk/local/lib/python3.10/dist-packages:${PYTHONPATH} /usr/bin/cmake --build /home/bchoe7/turtlebot3_ws/src/build/dynamixel_sdk_examples -- -j32 -l32
[6.730s] Invoking command in '/home/bchoe7/turtlebot3_ws/src/build/dynamixel_sdk_examples': AMENT_PREFIX_PATH=/home/bchoe7/turtlebot3_ws/src/install/dynamixel_sdk_custom_interfaces:/home/bchoe7/turtlebot3_ws/src/install/dynamixel_sdk:${AMENT_PREFIX_PATH} CMAKE_PREFIX_PATH=/home/bchoe7/turtlebot3_ws/src/install/dynamixel_sdk_custom_interfaces:/home/bchoe7/turtlebot3_ws/src/install/dynamixel_sdk:/home/bchoe7/turtlebot3_ws/install/turtlebot3:/home/bchoe7/turtlebot3_ws/install/turtlebot3_simulations:/home/bchoe7/turtlebot3_ws/install/turtlebot3_bringup:/home/bchoe7/turtlebot3_ws/install/turtlebot3_node:/home/bchoe7/turtlebot3_ws/install/turtlebot3_multi_robot:/home/bchoe7/turtlebot3_ws/install/turtlebot3_navigation2:/home/bchoe7/turtlebot3_ws/install/turtlebot3_fake_node:/home/bchoe7/turtlebot3_ws/install/turtlebot3_msgs:/home/bchoe7/turtlebot3_ws/install/turtlebot3_gazebo:/home/bchoe7/turtlebot3_ws/install/turtlebot3_description:/home/bchoe7/turtlebot3_ws/install/turtlebot3_cartographer:/home/bchoe7/turtlebot3_ws/install/dynamixel_sdk_examples:/home/bchoe7/turtlebot3_ws/install/dynamixel_sdk_custom_interfaces:/home/bchoe7/turtlebot3_ws/install/dynamixel_sdk:/home/bchoe7/turtlebot3_ws/install/turtlebot3_teleop:/home/bchoe7/turtlebot3_ws/install/turtlebot3_example:/opt/ros/humble LD_LIBRARY_PATH=/home/bchoe7/turtlebot3_ws/src/install/dynamixel_sdk_custom_interfaces/lib:/home/bchoe7/turtlebot3_ws/src/install/dynamixel_sdk/lib:/home/bchoe7/turtlebot3_ws/install/turtlebot3_msgs/lib:/home/bchoe7/turtlebot3_ws/install/dynamixel_sdk_custom_interfaces/lib:/home/bchoe7/turtlebot3_ws/install/dynamixel_sdk/lib:/usr/lib/x86_64-linux-gnu/gazebo-11/plugins:/opt/ros/humble/opt/rviz_ogre_vendor/lib:/opt/ros/humble/lib/x86_64-linux-gnu:/opt/ros/humble/lib:/usr/lib/x86_64-linux-gnu/gazebo-11/plugins PYTHONPATH=/home/bchoe7/turtlebot3_ws/src/install/dynamixel_sdk_custom_interfaces/local/lib/python3.10/dist-packages:/home/bchoe7/turtlebot3_ws/src/install/dynamixel_sdk/local/lib/python3.10/dist-packages:${PYTHONPATH} /usr/bin/cmake --install /home/bchoe7/turtlebot3_ws/src/build/dynamixel_sdk_examples
[6.734s] -- Install configuration: ""
[6.734s] -- Execute custom install script
[6.735s] -- Symlinking: /home/bchoe7/turtlebot3_ws/src/install/dynamixel_sdk_examples/lib/dynamixel_sdk_examples/read_write_node
[6.741s] -- Symlinking: /home/bchoe7/turtlebot3_ws/src/install/dynamixel_sdk_examples/lib/dynamixel_sdk_examples/read_write_node.py
[6.749s] -- Symlinking: /home/bchoe7/turtlebot3_ws/src/install/dynamixel_sdk_examples/share/ament_index/resource_index/package_run_dependencies/dynamixel_sdk_examples
[6.756s] -- Symlinking: /home/bchoe7/turtlebot3_ws/src/install/dynamixel_sdk_examples/share/ament_index/resource_index/parent_prefix_path/dynamixel_sdk_examples
[6.764s] -- Symlinking: /home/bchoe7/turtlebot3_ws/src/install/dynamixel_sdk_examples/share/dynamixel_sdk_examples/environment/ament_prefix_path.sh
[6.769s] -- Symlinking: /home/bchoe7/turtlebot3_ws/src/install/dynamixel_sdk_examples/share/dynamixel_sdk_examples/environment/ament_prefix_path.dsv
[6.774s] -- Symlinking: /home/bchoe7/turtlebot3_ws/src/install/dynamixel_sdk_examples/share/dynamixel_sdk_examples/environment/path.sh
[6.780s] -- Symlinking: /home/bchoe7/turtlebot3_ws/src/install/dynamixel_sdk_examples/share/dynamixel_sdk_examples/environment/path.dsv
[6.785s] -- Symlinking: /home/bchoe7/turtlebot3_ws/src/install/dynamixel_sdk_examples/share/dynamixel_sdk_examples/local_setup.bash
[6.790s] -- Symlinking: /home/bchoe7/turtlebot3_ws/src/install/dynamixel_sdk_examples/share/dynamixel_sdk_examples/local_setup.sh
[6.795s] -- Symlinking: /home/bchoe7/turtlebot3_ws/src/install/dynamixel_sdk_examples/share/dynamixel_sdk_examples/local_setup.zsh
[6.803s] -- Symlinking: /home/bchoe7/turtlebot3_ws/src/install/dynamixel_sdk_examples/share/dynamixel_sdk_examples/local_setup.dsv
[6.811s] -- Symlinking: /home/bchoe7/turtlebot3_ws/src/install/dynamixel_sdk_examples/share/dynamixel_sdk_examples/package.dsv
[6.816s] -- Symlinking: /home/bchoe7/turtlebot3_ws/src/install/dynamixel_sdk_examples/share/ament_index/resource_index/packages/dynamixel_sdk_examples
[6.823s] -- Symlinking: /home/bchoe7/turtlebot3_ws/src/install/dynamixel_sdk_examples/share/dynamixel_sdk_examples/cmake/dynamixel_sdk_examplesConfig.cmake
[6.829s] -- Symlinking: /home/bchoe7/turtlebot3_ws/src/install/dynamixel_sdk_examples/share/dynamixel_sdk_examples/cmake/dynamixel_sdk_examplesConfig-version.cmake
[6.836s] -- Symlinking: /home/bchoe7/turtlebot3_ws/src/install/dynamixel_sdk_examples/share/dynamixel_sdk_examples/package.xml
[6.844s] Invoked command in '/home/bchoe7/turtlebot3_ws/src/build/dynamixel_sdk_examples' returned '0': AMENT_PREFIX_PATH=/home/bchoe7/turtlebot3_ws/src/install/dynamixel_sdk_custom_interfaces:/home/bchoe7/turtlebot3_ws/src/install/dynamixel_sdk:${AMENT_PREFIX_PATH} CMAKE_PREFIX_PATH=/home/bchoe7/turtlebot3_ws/src/install/dynamixel_sdk_custom_interfaces:/home/bchoe7/turtlebot3_ws/src/install/dynamixel_sdk:/home/bchoe7/turtlebot3_ws/install/turtlebot3:/home/bchoe7/turtlebot3_ws/install/turtlebot3_simulations:/home/bchoe7/turtlebot3_ws/install/turtlebot3_bringup:/home/bchoe7/turtlebot3_ws/install/turtlebot3_node:/home/bchoe7/turtlebot3_ws/install/turtlebot3_multi_robot:/home/bchoe7/turtlebot3_ws/install/turtlebot3_navigation2:/home/bchoe7/turtlebot3_ws/install/turtlebot3_fake_node:/home/bchoe7/turtlebot3_ws/install/turtlebot3_msgs:/home/bchoe7/turtlebot3_ws/install/turtlebot3_gazebo:/home/bchoe7/turtlebot3_ws/install/turtlebot3_description:/home/bchoe7/turtlebot3_ws/install/turtlebot3_cartographer:/home/bchoe7/turtlebot3_ws/install/dynamixel_sdk_examples:/home/bchoe7/turtlebot3_ws/install/dynamixel_sdk_custom_interfaces:/home/bchoe7/turtlebot3_ws/install/dynamixel_sdk:/home/bchoe7/turtlebot3_ws/install/turtlebot3_teleop:/home/bchoe7/turtlebot3_ws/install/turtlebot3_example:/opt/ros/humble LD_LIBRARY_PATH=/home/bchoe7/turtlebot3_ws/src/install/dynamixel_sdk_custom_interfaces/lib:/home/bchoe7/turtlebot3_ws/src/install/dynamixel_sdk/lib:/home/bchoe7/turtlebot3_ws/install/turtlebot3_msgs/lib:/home/bchoe7/turtlebot3_ws/install/dynamixel_sdk_custom_interfaces/lib:/home/bchoe7/turtlebot3_ws/install/dynamixel_sdk/lib:/usr/lib/x86_64-linux-gnu/gazebo-11/plugins:/opt/ros/humble/opt/rviz_ogre_vendor/lib:/opt/ros/humble/lib/x86_64-linux-gnu:/opt/ros/humble/lib:/usr/lib/x86_64-linux-gnu/gazebo-11/plugins PYTHONPATH=/home/bchoe7/turtlebot3_ws/src/install/dynamixel_sdk_custom_interfaces/local/lib/python3.10/dist-packages:/home/bchoe7/turtlebot3_ws/src/install/dynamixel_sdk/local/lib/python3.10/dist-packages:${PYTHONPATH} /usr/bin/cmake --install /home/bchoe7/turtlebot3_ws/src/build/dynamixel_sdk_examples
