[0.017s] Invoking command in '/home/bchoe7/turtlebot3_ws/src/build/turtlebot3_node': AMENT_PREFIX_PATH=/home/bchoe7/turtlebot3_ws/src/install/turtlebot3_msgs:/home/bchoe7/turtlebot3_ws/src/install/dynamixel_sdk:${AMENT_PREFIX_PATH} CMAKE_PREFIX_PATH=/home/bchoe7/turtlebot3_ws/src/install/turtlebot3_msgs:/home/bchoe7/turtlebot3_ws/src/install/dynamixel_sdk:/home/bchoe7/turtlebot3_ws/install/turtlebot3:/home/bchoe7/turtlebot3_ws/install/turtlebot3_simulations:/home/bchoe7/turtlebot3_ws/install/turtlebot3_bringup:/home/bchoe7/turtlebot3_ws/install/turtlebot3_node:/home/bchoe7/turtlebot3_ws/install/turtlebot3_multi_robot:/home/bchoe7/turtlebot3_ws/install/turtlebot3_navigation2:/home/bchoe7/turtlebot3_ws/install/turtlebot3_fake_node:/home/bchoe7/turtlebot3_ws/install/turtlebot3_msgs:/home/bchoe7/turtlebot3_ws/install/turtlebot3_gazebo:/home/bchoe7/turtlebot3_ws/install/turtlebot3_description:/home/bchoe7/turtlebot3_ws/install/turtlebot3_cartographer:/home/bchoe7/turtlebot3_ws/install/dynamixel_sdk_examples:/home/bchoe7/turtlebot3_ws/install/dynamixel_sdk_custom_interfaces:/home/bchoe7/turtlebot3_ws/install/dynamixel_sdk:/home/bchoe7/turtlebot3_ws/install/turtlebot3_teleop:/home/bchoe7/turtlebot3_ws/install/turtlebot3_example:/opt/ros/humble LD_LIBRARY_PATH=/home/bchoe7/turtlebot3_ws/src/install/turtlebot3_msgs/lib:/home/bchoe7/turtlebot3_ws/src/install/dynamixel_sdk/lib:/home/bchoe7/turtlebot3_ws/install/turtlebot3_msgs/lib:/home/bchoe7/turtlebot3_ws/install/dynamixel_sdk_custom_interfaces/lib:/home/bchoe7/turtlebot3_ws/install/dynamixel_sdk/lib:/usr/lib/x86_64-linux-gnu/gazebo-11/plugins:/opt/ros/humble/opt/rviz_ogre_vendor/lib:/opt/ros/humble/lib/x86_64-linux-gnu:/opt/ros/humble/lib:/usr/lib/x86_64-linux-gnu/gazebo-11/plugins PYTHONPATH=/home/bchoe7/turtlebot3_ws/src/install/turtlebot3_msgs/local/lib/python3.10/dist-packages:/home/bchoe7/turtlebot3_ws/src/install/dynamixel_sdk/local/lib/python3.10/dist-packages:${PYTHONPATH} /usr/bin/cmake /home/bchoe7/turtlebot3_ws/src/turtlebot3/turtlebot3_node -DAMENT_CMAKE_SYMLINK_INSTALL=1 -DCMAKE_INSTALL_PREFIX=/home/bchoe7/turtlebot3_ws/src/install/turtlebot3_node
[0.209s] -- The C compiler identification is GNU 11.4.0
[0.209s] -- The CXX compiler identification is GNU 11.4.0
[0.209s] -- Detecting C compiler ABI info
[0.209s] -- Detecting C compiler ABI info - done
[0.209s] -- Check for working C compiler: /usr/bin/cc - skipped
[0.209s] -- Detecting C compile features
[0.209s] -- Detecting C compile features - done
[0.209s] -- Detecting CXX compiler ABI info
[0.209s] -- Detecting CXX compiler ABI info - done
[0.209s] -- Check for working CXX compiler: /usr/bin/c++ - skipped
[0.209s] -- Detecting CXX compile features
[0.209s] -- Detecting CXX compile features - done
[0.209s] -- Found ament_cmake: 1.3.11 (/opt/ros/humble/share/ament_cmake/cmake)
[0.313s] -- Found Python3: /usr/bin/python3 (found version "3.10.12") found components: Interpreter 
[0.352s] -- Override CMake install command with custom implementation using symlinks instead of copying resources
[0.381s] -- Found dynamixel_sdk: 3.8.4 (/home/bchoe7/turtlebot3_ws/src/install/dynamixel_sdk/share/dynamixel_sdk/cmake)
[0.383s] -- Found geometry_msgs: 4.8.0 (/opt/ros/humble/share/geometry_msgs/cmake)
[0.413s] -- Found rosidl_generator_c: 3.1.6 (/opt/ros/humble/share/rosidl_generator_c/cmake)
[0.416s] -- Found rosidl_adapter: 3.1.6 (/opt/ros/humble/share/rosidl_adapter/cmake)
[0.422s] -- Found rosidl_generator_cpp: 3.1.6 (/opt/ros/humble/share/rosidl_generator_cpp/cmake)
[0.430s] -- Using all available rosidl_typesupport_c: rosidl_typesupport_fastrtps_c;rosidl_typesupport_introspection_c
[0.440s] -- Using all available rosidl_typesupport_cpp: rosidl_typesupport_fastrtps_cpp;rosidl_typesupport_introspection_cpp
[0.462s] -- Found message_filters: 4.3.7 (/opt/ros/humble/share/message_filters/cmake)
[0.488s] -- Found rmw_implementation_cmake: 6.1.2 (/opt/ros/humble/share/rmw_implementation_cmake/cmake)
[0.490s] -- Found rmw_fastrtps_cpp: 6.2.7 (/opt/ros/humble/share/rmw_fastrtps_cpp/cmake)
[0.550s] -- Found OpenSSL: /usr/lib/x86_64-linux-gnu/libcrypto.so (found version "3.0.2")  
[0.570s] -- Found FastRTPS: /opt/ros/humble/include  
[0.595s] -- Using RMW implementation 'rmw_fastrtps_cpp' as default
[0.601s] -- Looking for pthread.h
[0.648s] -- Looking for pthread.h - found
[0.648s] -- Performing Test CMAKE_HAVE_LIBC_PTHREAD
[0.695s] -- Performing Test CMAKE_HAVE_LIBC_PTHREAD - Success
[0.696s] -- Found Threads: TRUE  
[0.730s] -- Found nav_msgs: 4.8.0 (/opt/ros/humble/share/nav_msgs/cmake)
[0.746s] -- Found sensor_msgs: 4.8.0 (/opt/ros/humble/share/sensor_msgs/cmake)
[0.761s] -- Found std_srvs: 4.8.0 (/opt/ros/humble/share/std_srvs/cmake)
[0.772s] -- Found tf2: 0.25.12 (/opt/ros/humble/share/tf2/cmake)
[0.784s] -- Found tf2_ros: 0.25.12 (/opt/ros/humble/share/tf2_ros/cmake)
[0.857s] -- Found turtlebot3_msgs: 2.4.0 (/home/bchoe7/turtlebot3_ws/src/install/turtlebot3_msgs/share/turtlebot3_msgs/cmake)
[0.938s] -- Configuring done
[0.952s] -- Generating done
[0.957s] -- Build files have been written to: /home/bchoe7/turtlebot3_ws/src/build/turtlebot3_node
[0.969s] Invoked command in '/home/bchoe7/turtlebot3_ws/src/build/turtlebot3_node' returned '0': AMENT_PREFIX_PATH=/home/bchoe7/turtlebot3_ws/src/install/turtlebot3_msgs:/home/bchoe7/turtlebot3_ws/src/install/dynamixel_sdk:${AMENT_PREFIX_PATH} CMAKE_PREFIX_PATH=/home/bchoe7/turtlebot3_ws/src/install/turtlebot3_msgs:/home/bchoe7/turtlebot3_ws/src/install/dynamixel_sdk:/home/bchoe7/turtlebot3_ws/install/turtlebot3:/home/bchoe7/turtlebot3_ws/install/turtlebot3_simulations:/home/bchoe7/turtlebot3_ws/install/turtlebot3_bringup:/home/bchoe7/turtlebot3_ws/install/turtlebot3_node:/home/bchoe7/turtlebot3_ws/install/turtlebot3_multi_robot:/home/bchoe7/turtlebot3_ws/install/turtlebot3_navigation2:/home/bchoe7/turtlebot3_ws/install/turtlebot3_fake_node:/home/bchoe7/turtlebot3_ws/install/turtlebot3_msgs:/home/bchoe7/turtlebot3_ws/install/turtlebot3_gazebo:/home/bchoe7/turtlebot3_ws/install/turtlebot3_description:/home/bchoe7/turtlebot3_ws/install/turtlebot3_cartographer:/home/bchoe7/turtlebot3_ws/install/dynamixel_sdk_examples:/home/bchoe7/turtlebot3_ws/install/dynamixel_sdk_custom_interfaces:/home/bchoe7/turtlebot3_ws/install/dynamixel_sdk:/home/bchoe7/turtlebot3_ws/install/turtlebot3_teleop:/home/bchoe7/turtlebot3_ws/install/turtlebot3_example:/opt/ros/humble LD_LIBRARY_PATH=/home/bchoe7/turtlebot3_ws/src/install/turtlebot3_msgs/lib:/home/bchoe7/turtlebot3_ws/src/install/dynamixel_sdk/lib:/home/bchoe7/turtlebot3_ws/install/turtlebot3_msgs/lib:/home/bchoe7/turtlebot3_ws/install/dynamixel_sdk_custom_interfaces/lib:/home/bchoe7/turtlebot3_ws/install/dynamixel_sdk/lib:/usr/lib/x86_64-linux-gnu/gazebo-11/plugins:/opt/ros/humble/opt/rviz_ogre_vendor/lib:/opt/ros/humble/lib/x86_64-linux-gnu:/opt/ros/humble/lib:/usr/lib/x86_64-linux-gnu/gazebo-11/plugins PYTHONPATH=/home/bchoe7/turtlebot3_ws/src/install/turtlebot3_msgs/local/lib/python3.10/dist-packages:/home/bchoe7/turtlebot3_ws/src/install/dynamixel_sdk/local/lib/python3.10/dist-packages:${PYTHONPATH} /usr/bin/cmake /home/bchoe7/turtlebot3_ws/src/turtlebot3/turtlebot3_node -DAMENT_CMAKE_SYMLINK_INSTALL=1 -DCMAKE_INSTALL_PREFIX=/home/bchoe7/turtlebot3_ws/src/install/turtlebot3_node
[0.970s] Invoking command in '/home/bchoe7/turtlebot3_ws/src/build/turtlebot3_node': AMENT_PREFIX_PATH=/home/bchoe7/turtlebot3_ws/src/install/turtlebot3_msgs:/home/bchoe7/turtlebot3_ws/src/install/dynamixel_sdk:${AMENT_PREFIX_PATH} CMAKE_PREFIX_PATH=/home/bchoe7/turtlebot3_ws/src/install/turtlebot3_msgs:/home/bchoe7/turtlebot3_ws/src/install/dynamixel_sdk:/home/bchoe7/turtlebot3_ws/install/turtlebot3:/home/bchoe7/turtlebot3_ws/install/turtlebot3_simulations:/home/bchoe7/turtlebot3_ws/install/turtlebot3_bringup:/home/bchoe7/turtlebot3_ws/install/turtlebot3_node:/home/bchoe7/turtlebot3_ws/install/turtlebot3_multi_robot:/home/bchoe7/turtlebot3_ws/install/turtlebot3_navigation2:/home/bchoe7/turtlebot3_ws/install/turtlebot3_fake_node:/home/bchoe7/turtlebot3_ws/install/turtlebot3_msgs:/home/bchoe7/turtlebot3_ws/install/turtlebot3_gazebo:/home/bchoe7/turtlebot3_ws/install/turtlebot3_description:/home/bchoe7/turtlebot3_ws/install/turtlebot3_cartographer:/home/bchoe7/turtlebot3_ws/install/dynamixel_sdk_examples:/home/bchoe7/turtlebot3_ws/install/dynamixel_sdk_custom_interfaces:/home/bchoe7/turtlebot3_ws/install/dynamixel_sdk:/home/bchoe7/turtlebot3_ws/install/turtlebot3_teleop:/home/bchoe7/turtlebot3_ws/install/turtlebot3_example:/opt/ros/humble LD_LIBRARY_PATH=/home/bchoe7/turtlebot3_ws/src/install/turtlebot3_msgs/lib:/home/bchoe7/turtlebot3_ws/src/install/dynamixel_sdk/lib:/home/bchoe7/turtlebot3_ws/install/turtlebot3_msgs/lib:/home/bchoe7/turtlebot3_ws/install/dynamixel_sdk_custom_interfaces/lib:/home/bchoe7/turtlebot3_ws/install/dynamixel_sdk/lib:/usr/lib/x86_64-linux-gnu/gazebo-11/plugins:/opt/ros/humble/opt/rviz_ogre_vendor/lib:/opt/ros/humble/lib/x86_64-linux-gnu:/opt/ros/humble/lib:/usr/lib/x86_64-linux-gnu/gazebo-11/plugins PYTHONPATH=/home/bchoe7/turtlebot3_ws/src/install/turtlebot3_msgs/local/lib/python3.10/dist-packages:/home/bchoe7/turtlebot3_ws/src/install/dynamixel_sdk/local/lib/python3.10/dist-packages:${PYTHONPATH} /usr/bin/cmake --build /home/bchoe7/turtlebot3_ws/src/build/turtlebot3_node -- -j32 -l32
[1.004s] [  7%] [32mBuilding CXX object CMakeFiles/turtlebot3_node_lib.dir/src/devices/motor_power.cpp.o[0m
[1.004s] [ 28%] [32mBuilding CXX object CMakeFiles/turtlebot3_node_lib.dir/src/turtlebot3.cpp.o[0m
[1.004s] [ 28%] [32mBuilding CXX object CMakeFiles/turtlebot3_node_lib.dir/src/diff_drive_controller.cpp.o[0m
[1.004s] [ 28%] [32mBuilding CXX object CMakeFiles/turtlebot3_node_lib.dir/src/odometry.cpp.o[0m
[1.004s] [ 35%] [32mBuilding CXX object CMakeFiles/turtlebot3_node_lib.dir/src/devices/sound.cpp.o[0m
[1.005s] [ 42%] [32mBuilding CXX object CMakeFiles/turtlebot3_node_lib.dir/src/sensors/imu.cpp.o[0m
[1.005s] [ 57%] [32mBuilding CXX object CMakeFiles/turtlebot3_node_lib.dir/src/dynamixel_sdk_wrapper.cpp.o[0m
[1.005s] [ 57%] [32mBuilding CXX object CMakeFiles/turtlebot3_node_lib.dir/src/devices/reset.cpp.o[0m
[1.006s] [ 64%] [32mBuilding CXX object CMakeFiles/turtlebot3_node_lib.dir/src/sensors/battery_state.cpp.o[0m
[1.006s] [ 71%] [32mBuilding CXX object CMakeFiles/turtlebot3_node_lib.dir/src/sensors/joint_state.cpp.o[0m
[1.006s] [ 78%] [32mBuilding CXX object CMakeFiles/turtlebot3_node_lib.dir/src/sensors/sensor_state.cpp.o[0m
[9.831s] [ 85%] [32m[1mLinking CXX static library libturtlebot3_node_lib.a[0m
[10.122s] [ 85%] Built target turtlebot3_node_lib
[10.134s] [ 92%] [32mBuilding CXX object CMakeFiles/turtlebot3_ros.dir/src/node_main.cpp.o[0m
[11.696s] [100%] [32m[1mLinking CXX executable turtlebot3_ros[0m
[12.589s] [100%] Built target turtlebot3_ros
[12.596s] Invoked command in '/home/bchoe7/turtlebot3_ws/src/build/turtlebot3_node' returned '0': AMENT_PREFIX_PATH=/home/bchoe7/turtlebot3_ws/src/install/turtlebot3_msgs:/home/bchoe7/turtlebot3_ws/src/install/dynamixel_sdk:${AMENT_PREFIX_PATH} CMAKE_PREFIX_PATH=/home/bchoe7/turtlebot3_ws/src/install/turtlebot3_msgs:/home/bchoe7/turtlebot3_ws/src/install/dynamixel_sdk:/home/bchoe7/turtlebot3_ws/install/turtlebot3:/home/bchoe7/turtlebot3_ws/install/turtlebot3_simulations:/home/bchoe7/turtlebot3_ws/install/turtlebot3_bringup:/home/bchoe7/turtlebot3_ws/install/turtlebot3_node:/home/bchoe7/turtlebot3_ws/install/turtlebot3_multi_robot:/home/bchoe7/turtlebot3_ws/install/turtlebot3_navigation2:/home/bchoe7/turtlebot3_ws/install/turtlebot3_fake_node:/home/bchoe7/turtlebot3_ws/install/turtlebot3_msgs:/home/bchoe7/turtlebot3_ws/install/turtlebot3_gazebo:/home/bchoe7/turtlebot3_ws/install/turtlebot3_description:/home/bchoe7/turtlebot3_ws/install/turtlebot3_cartographer:/home/bchoe7/turtlebot3_ws/install/dynamixel_sdk_examples:/home/bchoe7/turtlebot3_ws/install/dynamixel_sdk_custom_interfaces:/home/bchoe7/turtlebot3_ws/install/dynamixel_sdk:/home/bchoe7/turtlebot3_ws/install/turtlebot3_teleop:/home/bchoe7/turtlebot3_ws/install/turtlebot3_example:/opt/ros/humble LD_LIBRARY_PATH=/home/bchoe7/turtlebot3_ws/src/install/turtlebot3_msgs/lib:/home/bchoe7/turtlebot3_ws/src/install/dynamixel_sdk/lib:/home/bchoe7/turtlebot3_ws/install/turtlebot3_msgs/lib:/home/bchoe7/turtlebot3_ws/install/dynamixel_sdk_custom_interfaces/lib:/home/bchoe7/turtlebot3_ws/install/dynamixel_sdk/lib:/usr/lib/x86_64-linux-gnu/gazebo-11/plugins:/opt/ros/humble/opt/rviz_ogre_vendor/lib:/opt/ros/humble/lib/x86_64-linux-gnu:/opt/ros/humble/lib:/usr/lib/x86_64-linux-gnu/gazebo-11/plugins PYTHONPATH=/home/bchoe7/turtlebot3_ws/src/install/turtlebot3_msgs/local/lib/python3.10/dist-packages:/home/bchoe7/turtlebot3_ws/src/install/dynamixel_sdk/local/lib/python3.10/dist-packages:${PYTHONPATH} /usr/bin/cmake --build /home/bchoe7/turtlebot3_ws/src/build/turtlebot3_node -- -j32 -l32
[12.597s] Invoking command in '/home/bchoe7/turtlebot3_ws/src/build/turtlebot3_node': AMENT_PREFIX_PATH=/home/bchoe7/turtlebot3_ws/src/install/turtlebot3_msgs:/home/bchoe7/turtlebot3_ws/src/install/dynamixel_sdk:${AMENT_PREFIX_PATH} CMAKE_PREFIX_PATH=/home/bchoe7/turtlebot3_ws/src/install/turtlebot3_msgs:/home/bchoe7/turtlebot3_ws/src/install/dynamixel_sdk:/home/bchoe7/turtlebot3_ws/install/turtlebot3:/home/bchoe7/turtlebot3_ws/install/turtlebot3_simulations:/home/bchoe7/turtlebot3_ws/install/turtlebot3_bringup:/home/bchoe7/turtlebot3_ws/install/turtlebot3_node:/home/bchoe7/turtlebot3_ws/install/turtlebot3_multi_robot:/home/bchoe7/turtlebot3_ws/install/turtlebot3_navigation2:/home/bchoe7/turtlebot3_ws/install/turtlebot3_fake_node:/home/bchoe7/turtlebot3_ws/install/turtlebot3_msgs:/home/bchoe7/turtlebot3_ws/install/turtlebot3_gazebo:/home/bchoe7/turtlebot3_ws/install/turtlebot3_description:/home/bchoe7/turtlebot3_ws/install/turtlebot3_cartographer:/home/bchoe7/turtlebot3_ws/install/dynamixel_sdk_examples:/home/bchoe7/turtlebot3_ws/install/dynamixel_sdk_custom_interfaces:/home/bchoe7/turtlebot3_ws/install/dynamixel_sdk:/home/bchoe7/turtlebot3_ws/install/turtlebot3_teleop:/home/bchoe7/turtlebot3_ws/install/turtlebot3_example:/opt/ros/humble LD_LIBRARY_PATH=/home/bchoe7/turtlebot3_ws/src/install/turtlebot3_msgs/lib:/home/bchoe7/turtlebot3_ws/src/install/dynamixel_sdk/lib:/home/bchoe7/turtlebot3_ws/install/turtlebot3_msgs/lib:/home/bchoe7/turtlebot3_ws/install/dynamixel_sdk_custom_interfaces/lib:/home/bchoe7/turtlebot3_ws/install/dynamixel_sdk/lib:/usr/lib/x86_64-linux-gnu/gazebo-11/plugins:/opt/ros/humble/opt/rviz_ogre_vendor/lib:/opt/ros/humble/lib/x86_64-linux-gnu:/opt/ros/humble/lib:/usr/lib/x86_64-linux-gnu/gazebo-11/plugins PYTHONPATH=/home/bchoe7/turtlebot3_ws/src/install/turtlebot3_msgs/local/lib/python3.10/dist-packages:/home/bchoe7/turtlebot3_ws/src/install/dynamixel_sdk/local/lib/python3.10/dist-packages:${PYTHONPATH} /usr/bin/cmake --install /home/bchoe7/turtlebot3_ws/src/build/turtlebot3_node
[12.601s] -- Install configuration: ""
[12.601s] -- Execute custom install script
[12.601s] -- Symlinking: /home/bchoe7/turtlebot3_ws/src/install/turtlebot3_node/share/turtlebot3_node/param/burger.yaml
[12.606s] -- Symlinking: /home/bchoe7/turtlebot3_ws/src/install/turtlebot3_node/share/turtlebot3_node/param/waffle.yaml
[12.610s] -- Symlinking: /home/bchoe7/turtlebot3_ws/src/install/turtlebot3_node/share/turtlebot3_node/param/waffle_pi.yaml
[12.615s] -- Symlinking: /home/bchoe7/turtlebot3_ws/src/install/turtlebot3_node/lib/turtlebot3_node/turtlebot3_ros
[12.619s] -- Symlinking: /home/bchoe7/turtlebot3_ws/src/install/turtlebot3_node/share/ament_index/resource_index/package_run_dependencies/turtlebot3_node
[12.625s] -- Symlinking: /home/bchoe7/turtlebot3_ws/src/install/turtlebot3_node/share/ament_index/resource_index/parent_prefix_path/turtlebot3_node
[12.628s] -- Symlinking: /home/bchoe7/turtlebot3_ws/src/install/turtlebot3_node/share/turtlebot3_node/environment/ament_prefix_path.sh
[12.632s] -- Symlinking: /home/bchoe7/turtlebot3_ws/src/install/turtlebot3_node/share/turtlebot3_node/environment/ament_prefix_path.dsv
[12.636s] -- Symlinking: /home/bchoe7/turtlebot3_ws/src/install/turtlebot3_node/share/turtlebot3_node/environment/path.sh
[12.640s] -- Symlinking: /home/bchoe7/turtlebot3_ws/src/install/turtlebot3_node/share/turtlebot3_node/environment/path.dsv
[12.644s] -- Symlinking: /home/bchoe7/turtlebot3_ws/src/install/turtlebot3_node/share/turtlebot3_node/local_setup.bash
[12.647s] -- Symlinking: /home/bchoe7/turtlebot3_ws/src/install/turtlebot3_node/share/turtlebot3_node/local_setup.sh
[12.651s] -- Symlinking: /home/bchoe7/turtlebot3_ws/src/install/turtlebot3_node/share/turtlebot3_node/local_setup.zsh
[12.655s] -- Symlinking: /home/bchoe7/turtlebot3_ws/src/install/turtlebot3_node/share/turtlebot3_node/local_setup.dsv
[12.659s] -- Symlinking: /home/bchoe7/turtlebot3_ws/src/install/turtlebot3_node/share/turtlebot3_node/package.dsv
[12.664s] -- Symlinking: /home/bchoe7/turtlebot3_ws/src/install/turtlebot3_node/share/ament_index/resource_index/packages/turtlebot3_node
[12.669s] -- Symlinking: /home/bchoe7/turtlebot3_ws/src/install/turtlebot3_node/share/turtlebot3_node/cmake/ament_cmake_export_dependencies-extras.cmake
[12.675s] -- Symlinking: /home/bchoe7/turtlebot3_ws/src/install/turtlebot3_node/share/turtlebot3_node/cmake/ament_cmake_export_include_directories-extras.cmake
[12.679s] -- Symlinking: /home/bchoe7/turtlebot3_ws/src/install/turtlebot3_node/share/turtlebot3_node/cmake/turtlebot3_nodeConfig.cmake
[12.682s] -- Symlinking: /home/bchoe7/turtlebot3_ws/src/install/turtlebot3_node/share/turtlebot3_node/cmake/turtlebot3_nodeConfig-version.cmake
[12.686s] -- Symlinking: /home/bchoe7/turtlebot3_ws/src/install/turtlebot3_node/share/turtlebot3_node/package.xml
[12.691s] Invoked command in '/home/bchoe7/turtlebot3_ws/src/build/turtlebot3_node' returned '0': AMENT_PREFIX_PATH=/home/bchoe7/turtlebot3_ws/src/install/turtlebot3_msgs:/home/bchoe7/turtlebot3_ws/src/install/dynamixel_sdk:${AMENT_PREFIX_PATH} CMAKE_PREFIX_PATH=/home/bchoe7/turtlebot3_ws/src/install/turtlebot3_msgs:/home/bchoe7/turtlebot3_ws/src/install/dynamixel_sdk:/home/bchoe7/turtlebot3_ws/install/turtlebot3:/home/bchoe7/turtlebot3_ws/install/turtlebot3_simulations:/home/bchoe7/turtlebot3_ws/install/turtlebot3_bringup:/home/bchoe7/turtlebot3_ws/install/turtlebot3_node:/home/bchoe7/turtlebot3_ws/install/turtlebot3_multi_robot:/home/bchoe7/turtlebot3_ws/install/turtlebot3_navigation2:/home/bchoe7/turtlebot3_ws/install/turtlebot3_fake_node:/home/bchoe7/turtlebot3_ws/install/turtlebot3_msgs:/home/bchoe7/turtlebot3_ws/install/turtlebot3_gazebo:/home/bchoe7/turtlebot3_ws/install/turtlebot3_description:/home/bchoe7/turtlebot3_ws/install/turtlebot3_cartographer:/home/bchoe7/turtlebot3_ws/install/dynamixel_sdk_examples:/home/bchoe7/turtlebot3_ws/install/dynamixel_sdk_custom_interfaces:/home/bchoe7/turtlebot3_ws/install/dynamixel_sdk:/home/bchoe7/turtlebot3_ws/install/turtlebot3_teleop:/home/bchoe7/turtlebot3_ws/install/turtlebot3_example:/opt/ros/humble LD_LIBRARY_PATH=/home/bchoe7/turtlebot3_ws/src/install/turtlebot3_msgs/lib:/home/bchoe7/turtlebot3_ws/src/install/dynamixel_sdk/lib:/home/bchoe7/turtlebot3_ws/install/turtlebot3_msgs/lib:/home/bchoe7/turtlebot3_ws/install/dynamixel_sdk_custom_interfaces/lib:/home/bchoe7/turtlebot3_ws/install/dynamixel_sdk/lib:/usr/lib/x86_64-linux-gnu/gazebo-11/plugins:/opt/ros/humble/opt/rviz_ogre_vendor/lib:/opt/ros/humble/lib/x86_64-linux-gnu:/opt/ros/humble/lib:/usr/lib/x86_64-linux-gnu/gazebo-11/plugins PYTHONPATH=/home/bchoe7/turtlebot3_ws/src/install/turtlebot3_msgs/local/lib/python3.10/dist-packages:/home/bchoe7/turtlebot3_ws/src/install/dynamixel_sdk/local/lib/python3.10/dist-packages:${PYTHONPATH} /usr/bin/cmake --install /home/bchoe7/turtlebot3_ws/src/build/turtlebot3_node
