[0.011s] Invoking command in '/home/bchoe7/seeing_saying_solving/turtlebot3_ws_s3/build/dynamixel_sdk_examples': AMENT_PREFIX_PATH=/home/bchoe7/seeing_saying_solving/turtlebot3_ws_s3/install/dynamixel_sdk_custom_interfaces:/home/bchoe7/seeing_saying_solving/turtlebot3_ws_s3/install/dynamixel_sdk:${AMENT_PREFIX_PATH} CMAKE_PREFIX_PATH=/home/bchoe7/seeing_saying_solving/turtlebot3_ws_s3/install/dynamixel_sdk_custom_interfaces:/home/bchoe7/seeing_saying_solving/turtlebot3_ws_s3/install/dynamixel_sdk:/opt/ros/humble DEBUGINFOD_URLS=https://debuginfod.ubuntu.com LD_LIBRARY_PATH=/home/bchoe7/seeing_saying_solving/turtlebot3_ws_s3/install/dynamixel_sdk_custom_interfaces/lib:/home/bchoe7/seeing_saying_solving/turtlebot3_ws_s3/install/dynamixel_sdk/lib:${LD_LIBRARY_PATH} PYTHONPATH=/home/bchoe7/seeing_saying_solving/turtlebot3_ws_s3/install/dynamixel_sdk_custom_interfaces/local/lib/python3.10/dist-packages:/home/bchoe7/seeing_saying_solving/turtlebot3_ws_s3/install/dynamixel_sdk/local/lib/python3.10/dist-packages:${PYTHONPATH} /usr/bin/cmake --build /home/bchoe7/seeing_saying_solving/turtlebot3_ws_s3/build/dynamixel_sdk_examples -- -j32 -l32
[0.032s] -- Found ament_cmake: 1.3.11 (/opt/ros/humble/share/ament_cmake/cmake)
[0.127s] -- Override CMake install command with custom implementation using symlinks instead of copying resources
[0.133s] -- Found dynamixel_sdk: 3.8.4 (/home/bchoe7/seeing_saying_solving/turtlebot3_ws_s3/install/dynamixel_sdk/share/dynamixel_sdk/cmake)
[0.134s] -- Found dynamixel_sdk_custom_interfaces: 3.8.4 (/home/bchoe7/seeing_saying_solving/turtlebot3_ws_s3/install/dynamixel_sdk_custom_interfaces/share/dynamixel_sdk_custom_interfaces/cmake)
[0.154s] -- Found rosidl_generator_c: 3.1.6 (/opt/ros/humble/share/rosidl_generator_c/cmake)
[0.156s] -- Found rosidl_adapter: 3.1.6 (/opt/ros/humble/share/rosidl_adapter/cmake)
[0.161s] -- Found rosidl_generator_cpp: 3.1.6 (/opt/ros/humble/share/rosidl_generator_cpp/cmake)
[0.169s] -- Using all available rosidl_typesupport_c: rosidl_typesupport_fastrtps_c;rosidl_typesupport_introspection_c
[0.179s] -- Using all available rosidl_typesupport_cpp: rosidl_typesupport_fastrtps_cpp;rosidl_typesupport_introspection_cpp
[0.190s] -- Found rclcpp: 16.0.12 (/opt/ros/humble/share/rclcpp/cmake)
[0.203s] -- Found rmw_implementation_cmake: 6.1.2 (/opt/ros/humble/share/rmw_implementation_cmake/cmake)
[0.204s] -- Found rmw_fastrtps_cpp: 6.2.7 (/opt/ros/humble/share/rmw_fastrtps_cpp/cmake)
[0.271s] -- Using RMW implementation 'rmw_fastrtps_cpp' as default
[0.295s] -- Found rclpy: 3.3.16 (/opt/ros/humble/share/rclpy/cmake)
[0.296s] -- Found ament_lint_auto: 0.12.12 (/opt/ros/humble/share/ament_lint_auto/cmake)
[0.334s] -- Added test 'copyright' to check source files copyright and LICENSE
[0.334s] -- Added test 'cppcheck' to perform static code analysis on C / C++ code
[0.334s] -- Configured cppcheck include dirs: /home/bchoe7/seeing_saying_solving/turtlebot3_ws_s3/src/DynamixelSDK/ros/dynamixel_sdk_examples/include
[0.334s] -- Configured cppcheck exclude dirs and/or files: 
[0.334s] -- Added test 'cpplint' to check C / C++ code against the Google style
[0.334s] -- Configured cpplint exclude dirs and/or files: 
[0.335s] -- Added test 'flake8' to check Python code syntax and style conventions
[0.335s] -- Added test 'lint_cmake' to check CMake code style
[0.335s] -- Added test 'pep257' to check Python code against some of the docstring style conventions in PEP 257
[0.335s] -- Added test 'uncrustify' to check C / C++ code style
[0.335s] -- Configured uncrustify additional arguments: 
[0.336s] -- Added test 'xmllint' to check XML markup files
[0.336s] -- Configuring done
[0.340s] -- Generating done
[0.341s] -- Build files have been written to: /home/bchoe7/seeing_saying_solving/turtlebot3_ws_s3/build/dynamixel_sdk_examples
[0.360s] [35m[1mConsolidate compiler generated dependencies of target read_write_node[0m
[0.372s] [ 50%] [32mBuilding CXX object CMakeFiles/read_write_node.dir/src/read_write_node.cpp.o[0m
[6.677s] [100%] [32m[1mLinking CXX executable read_write_node[0m
[6.880s] [100%] Built target read_write_node
[6.889s] Invoked command in '/home/bchoe7/seeing_saying_solving/turtlebot3_ws_s3/build/dynamixel_sdk_examples' returned '0': AMENT_PREFIX_PATH=/home/bchoe7/seeing_saying_solving/turtlebot3_ws_s3/install/dynamixel_sdk_custom_interfaces:/home/bchoe7/seeing_saying_solving/turtlebot3_ws_s3/install/dynamixel_sdk:${AMENT_PREFIX_PATH} CMAKE_PREFIX_PATH=/home/bchoe7/seeing_saying_solving/turtlebot3_ws_s3/install/dynamixel_sdk_custom_interfaces:/home/bchoe7/seeing_saying_solving/turtlebot3_ws_s3/install/dynamixel_sdk:/opt/ros/humble DEBUGINFOD_URLS=https://debuginfod.ubuntu.com LD_LIBRARY_PATH=/home/bchoe7/seeing_saying_solving/turtlebot3_ws_s3/install/dynamixel_sdk_custom_interfaces/lib:/home/bchoe7/seeing_saying_solving/turtlebot3_ws_s3/install/dynamixel_sdk/lib:${LD_LIBRARY_PATH} PYTHONPATH=/home/bchoe7/seeing_saying_solving/turtlebot3_ws_s3/install/dynamixel_sdk_custom_interfaces/local/lib/python3.10/dist-packages:/home/bchoe7/seeing_saying_solving/turtlebot3_ws_s3/install/dynamixel_sdk/local/lib/python3.10/dist-packages:${PYTHONPATH} /usr/bin/cmake --build /home/bchoe7/seeing_saying_solving/turtlebot3_ws_s3/build/dynamixel_sdk_examples -- -j32 -l32
[6.890s] Invoking command in '/home/bchoe7/seeing_saying_solving/turtlebot3_ws_s3/build/dynamixel_sdk_examples': AMENT_PREFIX_PATH=/home/bchoe7/seeing_saying_solving/turtlebot3_ws_s3/install/dynamixel_sdk_custom_interfaces:/home/bchoe7/seeing_saying_solving/turtlebot3_ws_s3/install/dynamixel_sdk:${AMENT_PREFIX_PATH} CMAKE_PREFIX_PATH=/home/bchoe7/seeing_saying_solving/turtlebot3_ws_s3/install/dynamixel_sdk_custom_interfaces:/home/bchoe7/seeing_saying_solving/turtlebot3_ws_s3/install/dynamixel_sdk:/opt/ros/humble DEBUGINFOD_URLS=https://debuginfod.ubuntu.com LD_LIBRARY_PATH=/home/bchoe7/seeing_saying_solving/turtlebot3_ws_s3/install/dynamixel_sdk_custom_interfaces/lib:/home/bchoe7/seeing_saying_solving/turtlebot3_ws_s3/install/dynamixel_sdk/lib:${LD_LIBRARY_PATH} PYTHONPATH=/home/bchoe7/seeing_saying_solving/turtlebot3_ws_s3/install/dynamixel_sdk_custom_interfaces/local/lib/python3.10/dist-packages:/home/bchoe7/seeing_saying_solving/turtlebot3_ws_s3/install/dynamixel_sdk/local/lib/python3.10/dist-packages:${PYTHONPATH} /usr/bin/cmake --install /home/bchoe7/seeing_saying_solving/turtlebot3_ws_s3/build/dynamixel_sdk_examples
[6.895s] -- Install configuration: ""
[6.895s] -- Execute custom install script
[6.895s] -- Up-to-date symlink: /home/bchoe7/seeing_saying_solving/turtlebot3_ws_s3/install/dynamixel_sdk_examples/lib/dynamixel_sdk_examples/read_write_node
[6.895s] -- Up-to-date symlink: /home/bchoe7/seeing_saying_solving/turtlebot3_ws_s3/install/dynamixel_sdk_examples/lib/dynamixel_sdk_examples/read_write_node.py
[6.895s] -- Up-to-date symlink: /home/bchoe7/seeing_saying_solving/turtlebot3_ws_s3/install/dynamixel_sdk_examples/share/ament_index/resource_index/package_run_dependencies/dynamixel_sdk_examples
[6.895s] -- Up-to-date symlink: /home/bchoe7/seeing_saying_solving/turtlebot3_ws_s3/install/dynamixel_sdk_examples/share/ament_index/resource_index/parent_prefix_path/dynamixel_sdk_examples
[6.895s] -- Up-to-date symlink: /home/bchoe7/seeing_saying_solving/turtlebot3_ws_s3/install/dynamixel_sdk_examples/share/dynamixel_sdk_examples/environment/ament_prefix_path.sh
[6.895s] -- Up-to-date symlink: /home/bchoe7/seeing_saying_solving/turtlebot3_ws_s3/install/dynamixel_sdk_examples/share/dynamixel_sdk_examples/environment/ament_prefix_path.dsv
[6.895s] -- Up-to-date symlink: /home/bchoe7/seeing_saying_solving/turtlebot3_ws_s3/install/dynamixel_sdk_examples/share/dynamixel_sdk_examples/environment/path.sh
[6.895s] -- Up-to-date symlink: /home/bchoe7/seeing_saying_solving/turtlebot3_ws_s3/install/dynamixel_sdk_examples/share/dynamixel_sdk_examples/environment/path.dsv
[6.896s] -- Up-to-date symlink: /home/bchoe7/seeing_saying_solving/turtlebot3_ws_s3/install/dynamixel_sdk_examples/share/dynamixel_sdk_examples/local_setup.bash
[6.896s] -- Up-to-date symlink: /home/bchoe7/seeing_saying_solving/turtlebot3_ws_s3/install/dynamixel_sdk_examples/share/dynamixel_sdk_examples/local_setup.sh
[6.896s] -- Up-to-date symlink: /home/bchoe7/seeing_saying_solving/turtlebot3_ws_s3/install/dynamixel_sdk_examples/share/dynamixel_sdk_examples/local_setup.zsh
[6.896s] -- Up-to-date symlink: /home/bchoe7/seeing_saying_solving/turtlebot3_ws_s3/install/dynamixel_sdk_examples/share/dynamixel_sdk_examples/local_setup.dsv
[6.896s] -- Symlinking: /home/bchoe7/seeing_saying_solving/turtlebot3_ws_s3/install/dynamixel_sdk_examples/share/dynamixel_sdk_examples/package.dsv
[6.901s] -- Up-to-date symlink: /home/bchoe7/seeing_saying_solving/turtlebot3_ws_s3/install/dynamixel_sdk_examples/share/ament_index/resource_index/packages/dynamixel_sdk_examples
[6.901s] -- Up-to-date symlink: /home/bchoe7/seeing_saying_solving/turtlebot3_ws_s3/install/dynamixel_sdk_examples/share/dynamixel_sdk_examples/cmake/dynamixel_sdk_examplesConfig.cmake
[6.901s] -- Up-to-date symlink: /home/bchoe7/seeing_saying_solving/turtlebot3_ws_s3/install/dynamixel_sdk_examples/share/dynamixel_sdk_examples/cmake/dynamixel_sdk_examplesConfig-version.cmake
[6.901s] -- Up-to-date symlink: /home/bchoe7/seeing_saying_solving/turtlebot3_ws_s3/install/dynamixel_sdk_examples/share/dynamixel_sdk_examples/package.xml
[6.903s] Invoked command in '/home/bchoe7/seeing_saying_solving/turtlebot3_ws_s3/build/dynamixel_sdk_examples' returned '0': AMENT_PREFIX_PATH=/home/bchoe7/seeing_saying_solving/turtlebot3_ws_s3/install/dynamixel_sdk_custom_interfaces:/home/bchoe7/seeing_saying_solving/turtlebot3_ws_s3/install/dynamixel_sdk:${AMENT_PREFIX_PATH} CMAKE_PREFIX_PATH=/home/bchoe7/seeing_saying_solving/turtlebot3_ws_s3/install/dynamixel_sdk_custom_interfaces:/home/bchoe7/seeing_saying_solving/turtlebot3_ws_s3/install/dynamixel_sdk:/opt/ros/humble DEBUGINFOD_URLS=https://debuginfod.ubuntu.com LD_LIBRARY_PATH=/home/bchoe7/seeing_saying_solving/turtlebot3_ws_s3/install/dynamixel_sdk_custom_interfaces/lib:/home/bchoe7/seeing_saying_solving/turtlebot3_ws_s3/install/dynamixel_sdk/lib:${LD_LIBRARY_PATH} PYTHONPATH=/home/bchoe7/seeing_saying_solving/turtlebot3_ws_s3/install/dynamixel_sdk_custom_interfaces/local/lib/python3.10/dist-packages:/home/bchoe7/seeing_saying_solving/turtlebot3_ws_s3/install/dynamixel_sdk/local/lib/python3.10/dist-packages:${PYTHONPATH} /usr/bin/cmake --install /home/bchoe7/seeing_saying_solving/turtlebot3_ws_s3/build/dynamixel_sdk_examples
