[0.693s] Invoking command in '/home/bchoe7/turtlebot3_ws/src/build/turtlebot3_teleop': PYTHONPATH=/home/bchoe7/turtlebot3_ws/src/build/turtlebot3_teleop/prefix_override:/usr/lib/python3/dist-packages/colcon_core/task/python/colcon_distutils_commands:/home/bchoe7/turtlebot3_ws/src/install/turtlebot3_teleop/lib/python3.10/site-packages:${PYTHONPATH} /usr/bin/python3 -W ignore:setup.py install is deprecated -W ignore:easy_install command is deprecated setup.py develop --editable --build-directory /home/bchoe7/turtlebot3_ws/src/build/turtlebot3_teleop/build --no-deps symlink_data
[0.848s] running develop
[0.948s] running egg_info
[0.948s] creating turtlebot3_teleop.egg-info
[0.950s] writing turtlebot3_teleop.egg-info/PKG-INFO
[0.950s] writing dependency_links to turtlebot3_teleop.egg-info/dependency_links.txt
[0.950s] writing entry points to turtlebot3_teleop.egg-info/entry_points.txt
[0.951s] writing requirements to turtlebot3_teleop.egg-info/requires.txt
[0.951s] writing top-level names to turtlebot3_teleop.egg-info/top_level.txt
[0.951s] writing manifest file 'turtlebot3_teleop.egg-info/SOURCES.txt'
[0.952s] reading manifest file 'turtlebot3_teleop.egg-info/SOURCES.txt'
[0.952s] writing manifest file 'turtlebot3_teleop.egg-info/SOURCES.txt'
[0.953s] running build_ext
[0.953s] Creating /home/bchoe7/turtlebot3_ws/src/install/turtlebot3_teleop/lib/python3.10/site-packages/turtlebot3-teleop.egg-link (link to .)
[0.953s] Installing teleop_keyboard script to /home/bchoe7/turtlebot3_ws/src/install/turtlebot3_teleop/lib/turtlebot3_teleop
[0.953s] 
[0.953s] Installed /home/bchoe7/turtlebot3_ws/src/build/turtlebot3_teleop
[0.953s] running symlink_data
[0.953s] creating /home/bchoe7/turtlebot3_ws/src/install/turtlebot3_teleop/share/ament_index
[0.953s] creating /home/bchoe7/turtlebot3_ws/src/install/turtlebot3_teleop/share/ament_index/resource_index
[0.953s] creating /home/bchoe7/turtlebot3_ws/src/install/turtlebot3_teleop/share/ament_index/resource_index/packages
[0.953s] symbolically linking /home/bchoe7/turtlebot3_ws/src/build/turtlebot3_teleop/resource/turtlebot3_teleop -> /home/bchoe7/turtlebot3_ws/src/install/turtlebot3_teleop/share/ament_index/resource_index/packages
[0.953s] symbolically linking /home/bchoe7/turtlebot3_ws/src/build/turtlebot3_teleop/package.xml -> /home/bchoe7/turtlebot3_ws/src/install/turtlebot3_teleop/share/turtlebot3_teleop
[0.969s] Invoked command in '/home/bchoe7/turtlebot3_ws/src/build/turtlebot3_teleop' returned '0': PYTHONPATH=/home/bchoe7/turtlebot3_ws/src/build/turtlebot3_teleop/prefix_override:/usr/lib/python3/dist-packages/colcon_core/task/python/colcon_distutils_commands:/home/bchoe7/turtlebot3_ws/src/install/turtlebot3_teleop/lib/python3.10/site-packages:${PYTHONPATH} /usr/bin/python3 -W ignore:setup.py install is deprecated -W ignore:easy_install command is deprecated setup.py develop --editable --build-directory /home/bchoe7/turtlebot3_ws/src/build/turtlebot3_teleop/build --no-deps symlink_data
