[0.013s] Invoking command in '/home/bchoe7/seeing_saying_solving/turtlebot3_ws_s3/build/turtlebot3_cartographer': CMAKE_PREFIX_PATH=/opt/ros/humble /usr/bin/cmake /home/bchoe7/seeing_saying_solving/turtlebot3_ws_s3/src/turtlebot3/turtlebot3_cartographer -DAMENT_CMAKE_SYMLINK_INSTALL=1 -DCMAKE_INSTALL_PREFIX=/home/bchoe7/seeing_saying_solving/turtlebot3_ws_s3/install/turtlebot3_cartographer
[0.154s] -- The C compiler identification is GNU 11.4.0
[0.154s] -- The CXX compiler identification is GNU 11.4.0
[0.154s] -- Detecting C compiler ABI info
[0.161s] -- Detecting C compiler ABI info - done
[0.164s] -- Check for working C compiler: /usr/bin/cc - skipped
[0.165s] -- Detecting C compile features
[0.166s] -- Detecting C compile features - done
[0.167s] -- Detecting CXX compiler ABI info
[0.216s] -- Detecting CXX compiler ABI info - done
[0.221s] -- Check for working CXX compiler: /usr/bin/c++ - skipped
[0.221s] -- Detecting CXX compile features
[0.221s] -- Detecting CXX compile features - done
[0.222s] -- Found ament_cmake: 1.3.11 (/opt/ros/humble/share/ament_cmake/cmake)
[0.324s] -- Found Python3: /usr/bin/python3 (found version "3.10.12") found components: Interpreter 
[0.354s] -- Override CMake install command with custom implementation using symlinks instead of copying resources
[0.416s] -- Configuring done
[0.417s] -- Generating done
[0.417s] -- Build files have been written to: /home/bchoe7/seeing_saying_solving/turtlebot3_ws_s3/build/turtlebot3_cartographer
[0.421s] Invoked command in '/home/bchoe7/seeing_saying_solving/turtlebot3_ws_s3/build/turtlebot3_cartographer' returned '0': CMAKE_PREFIX_PATH=/opt/ros/humble /usr/bin/cmake /home/bchoe7/seeing_saying_solving/turtlebot3_ws_s3/src/turtlebot3/turtlebot3_cartographer -DAMENT_CMAKE_SYMLINK_INSTALL=1 -DCMAKE_INSTALL_PREFIX=/home/bchoe7/seeing_saying_solving/turtlebot3_ws_s3/install/turtlebot3_cartographer
[0.422s] Invoking command in '/home/bchoe7/seeing_saying_solving/turtlebot3_ws_s3/build/turtlebot3_cartographer': CMAKE_PREFIX_PATH=/opt/ros/humble /usr/bin/cmake --build /home/bchoe7/seeing_saying_solving/turtlebot3_ws_s3/build/turtlebot3_cartographer -- -j32 -l32
[0.445s] Invoked command in '/home/bchoe7/seeing_saying_solving/turtlebot3_ws_s3/build/turtlebot3_cartographer' returned '0': CMAKE_PREFIX_PATH=/opt/ros/humble /usr/bin/cmake --build /home/bchoe7/seeing_saying_solving/turtlebot3_ws_s3/build/turtlebot3_cartographer -- -j32 -l32
[0.452s] Invoking command in '/home/bchoe7/seeing_saying_solving/turtlebot3_ws_s3/build/turtlebot3_cartographer': CMAKE_PREFIX_PATH=/opt/ros/humble /usr/bin/cmake --install /home/bchoe7/seeing_saying_solving/turtlebot3_ws_s3/build/turtlebot3_cartographer
[0.457s] -- Install configuration: ""
[0.457s] -- Execute custom install script
[0.457s] -- Symlinking: /home/bchoe7/seeing_saying_solving/turtlebot3_ws_s3/install/turtlebot3_cartographer/share/turtlebot3_cartographer/config/turtlebot3_lds_2d.lua
[0.463s] -- Symlinking: /home/bchoe7/seeing_saying_solving/turtlebot3_ws_s3/install/turtlebot3_cartographer/share/turtlebot3_cartographer/launch/cartographer.launch.py
[0.469s] -- Symlinking: /home/bchoe7/seeing_saying_solving/turtlebot3_ws_s3/install/turtlebot3_cartographer/share/turtlebot3_cartographer/launch/occupancy_grid.launch.py
[0.475s] -- Symlinking: /home/bchoe7/seeing_saying_solving/turtlebot3_ws_s3/install/turtlebot3_cartographer/share/turtlebot3_cartographer/rviz/tb3_cartographer.rviz
[0.481s] -- Symlinking: /home/bchoe7/seeing_saying_solving/turtlebot3_ws_s3/install/turtlebot3_cartographer/share/ament_index/resource_index/package_run_dependencies/turtlebot3_cartographer
[0.487s] -- Symlinking: /home/bchoe7/seeing_saying_solving/turtlebot3_ws_s3/install/turtlebot3_cartographer/share/ament_index/resource_index/parent_prefix_path/turtlebot3_cartographer
[0.494s] -- Symlinking: /home/bchoe7/seeing_saying_solving/turtlebot3_ws_s3/install/turtlebot3_cartographer/share/turtlebot3_cartographer/environment/ament_prefix_path.sh
[0.499s] -- Symlinking: /home/bchoe7/seeing_saying_solving/turtlebot3_ws_s3/install/turtlebot3_cartographer/share/turtlebot3_cartographer/environment/ament_prefix_path.dsv
[0.505s] -- Symlinking: /home/bchoe7/seeing_saying_solving/turtlebot3_ws_s3/install/turtlebot3_cartographer/share/turtlebot3_cartographer/environment/path.sh
[0.511s] -- Symlinking: /home/bchoe7/seeing_saying_solving/turtlebot3_ws_s3/install/turtlebot3_cartographer/share/turtlebot3_cartographer/environment/path.dsv
[0.516s] -- Symlinking: /home/bchoe7/seeing_saying_solving/turtlebot3_ws_s3/install/turtlebot3_cartographer/share/turtlebot3_cartographer/local_setup.bash
[0.521s] -- Symlinking: /home/bchoe7/seeing_saying_solving/turtlebot3_ws_s3/install/turtlebot3_cartographer/share/turtlebot3_cartographer/local_setup.sh
[0.528s] -- Symlinking: /home/bchoe7/seeing_saying_solving/turtlebot3_ws_s3/install/turtlebot3_cartographer/share/turtlebot3_cartographer/local_setup.zsh
[0.533s] -- Symlinking: /home/bchoe7/seeing_saying_solving/turtlebot3_ws_s3/install/turtlebot3_cartographer/share/turtlebot3_cartographer/local_setup.dsv
[0.538s] -- Symlinking: /home/bchoe7/seeing_saying_solving/turtlebot3_ws_s3/install/turtlebot3_cartographer/share/turtlebot3_cartographer/package.dsv
[0.544s] -- Symlinking: /home/bchoe7/seeing_saying_solving/turtlebot3_ws_s3/install/turtlebot3_cartographer/share/ament_index/resource_index/packages/turtlebot3_cartographer
[0.548s] -- Symlinking: /home/bchoe7/seeing_saying_solving/turtlebot3_ws_s3/install/turtlebot3_cartographer/share/turtlebot3_cartographer/cmake/turtlebot3_cartographerConfig.cmake
[0.553s] -- Symlinking: /home/bchoe7/seeing_saying_solving/turtlebot3_ws_s3/install/turtlebot3_cartographer/share/turtlebot3_cartographer/cmake/turtlebot3_cartographerConfig-version.cmake
[0.558s] -- Symlinking: /home/bchoe7/seeing_saying_solving/turtlebot3_ws_s3/install/turtlebot3_cartographer/share/turtlebot3_cartographer/package.xml
[0.564s] Invoked command in '/home/bchoe7/seeing_saying_solving/turtlebot3_ws_s3/build/turtlebot3_cartographer' returned '0': CMAKE_PREFIX_PATH=/opt/ros/humble /usr/bin/cmake --install /home/bchoe7/seeing_saying_solving/turtlebot3_ws_s3/build/turtlebot3_cartographer
