[0.440s] Invoking command in '/home/bchoe7/seeing_saying_solving/turtlebot3_ws_s3/build/turtlebot3_example': AMENT_PREFIX_PATH=/home/bchoe7/seeing_saying_solving/turtlebot3_ws_s3/install/turtlebot3_msgs:${AMENT_PREFIX_PATH} CMAKE_PREFIX_PATH=/home/bchoe7/seeing_saying_solving/turtlebot3_ws_s3/install/turtlebot3_msgs LD_LIBRARY_PATH=/home/bchoe7/seeing_saying_solving/turtlebot3_ws_s3/install/turtlebot3_msgs/lib:/usr/lib/x86_64-linux-gnu/gazebo-11/plugins:/opt/ros/humble/opt/rviz_ogre_vendor/lib:/opt/ros/humble/lib/x86_64-linux-gnu:/opt/ros/humble/lib:/usr/lib/x86_64-linux-gnu/gazebo-11/plugins:/usr/lib/x86_64-linux-gnu/gazebo-11/plugins:/usr/lib/x86_64-linux-gnu/gazebo-11/plugins PYTHONPATH=/home/bchoe7/seeing_saying_solving/turtlebot3_ws_s3/build/turtlebot3_example/prefix_override:/usr/lib/python3/dist-packages/colcon_core/task/python/colcon_distutils_commands:/home/bchoe7/seeing_saying_solving/turtlebot3_ws_s3/install/turtlebot3_example/lib/python3.10/site-packages:/home/bchoe7/seeing_saying_solving/turtlebot3_ws_s3/install/turtlebot3_msgs/local/lib/python3.10/dist-packages:${PYTHONPATH} /usr/bin/python3 -W ignore:setup.py install is deprecated -W ignore:easy_install command is deprecated setup.py develop --editable --build-directory /home/bchoe7/seeing_saying_solving/turtlebot3_ws_s3/build/turtlebot3_example/build --no-deps symlink_data
[0.701s] running develop
[0.888s] running egg_info
[0.888s] creating turtlebot3_example.egg-info
[0.891s] writing turtlebot3_example.egg-info/PKG-INFO
[0.891s] writing dependency_links to turtlebot3_example.egg-info/dependency_links.txt
[0.891s] writing entry points to turtlebot3_example.egg-info/entry_points.txt
[0.891s] writing requirements to turtlebot3_example.egg-info/requires.txt
[0.891s] writing top-level names to turtlebot3_example.egg-info/top_level.txt
[0.891s] writing manifest file 'turtlebot3_example.egg-info/SOURCES.txt'
[0.892s] reading manifest file 'turtlebot3_example.egg-info/SOURCES.txt'
[0.892s] writing manifest file 'turtlebot3_example.egg-info/SOURCES.txt'
[0.893s] running build_ext
[0.893s] Creating /home/bchoe7/seeing_saying_solving/turtlebot3_ws_s3/install/turtlebot3_example/lib/python3.10/site-packages/turtlebot3-example.egg-link (link to .)
[0.893s] Installing turtlebot3_absolute_move script to /home/bchoe7/seeing_saying_solving/turtlebot3_ws_s3/install/turtlebot3_example/lib/turtlebot3_example
[0.893s] Installing turtlebot3_interactive_marker script to /home/bchoe7/seeing_saying_solving/turtlebot3_ws_s3/install/turtlebot3_example/lib/turtlebot3_example
[0.894s] Installing turtlebot3_obstacle_detection script to /home/bchoe7/seeing_saying_solving/turtlebot3_ws_s3/install/turtlebot3_example/lib/turtlebot3_example
[0.894s] Installing turtlebot3_patrol_client script to /home/bchoe7/seeing_saying_solving/turtlebot3_ws_s3/install/turtlebot3_example/lib/turtlebot3_example
[0.894s] Installing turtlebot3_patrol_server script to /home/bchoe7/seeing_saying_solving/turtlebot3_ws_s3/install/turtlebot3_example/lib/turtlebot3_example
[0.894s] Installing turtlebot3_relative_move script to /home/bchoe7/seeing_saying_solving/turtlebot3_ws_s3/install/turtlebot3_example/lib/turtlebot3_example
[0.894s] 
[0.894s] Installed /home/bchoe7/seeing_saying_solving/turtlebot3_ws_s3/build/turtlebot3_example
[0.894s] running symlink_data
[0.894s] creating /home/bchoe7/seeing_saying_solving/turtlebot3_ws_s3/install/turtlebot3_example/share/ament_index
[0.894s] creating /home/bchoe7/seeing_saying_solving/turtlebot3_ws_s3/install/turtlebot3_example/share/ament_index/resource_index
[0.894s] creating /home/bchoe7/seeing_saying_solving/turtlebot3_ws_s3/install/turtlebot3_example/share/ament_index/resource_index/packages
[0.894s] symbolically linking /home/bchoe7/seeing_saying_solving/turtlebot3_ws_s3/build/turtlebot3_example/resource/turtlebot3_example -> /home/bchoe7/seeing_saying_solving/turtlebot3_ws_s3/install/turtlebot3_example/share/ament_index/resource_index/packages
[0.894s] symbolically linking /home/bchoe7/seeing_saying_solving/turtlebot3_ws_s3/build/turtlebot3_example/package.xml -> /home/bchoe7/seeing_saying_solving/turtlebot3_ws_s3/install/turtlebot3_example/share/turtlebot3_example
[0.911s] Invoked command in '/home/bchoe7/seeing_saying_solving/turtlebot3_ws_s3/build/turtlebot3_example' returned '0': AMENT_PREFIX_PATH=/home/bchoe7/seeing_saying_solving/turtlebot3_ws_s3/install/turtlebot3_msgs:${AMENT_PREFIX_PATH} CMAKE_PREFIX_PATH=/home/bchoe7/seeing_saying_solving/turtlebot3_ws_s3/install/turtlebot3_msgs LD_LIBRARY_PATH=/home/bchoe7/seeing_saying_solving/turtlebot3_ws_s3/install/turtlebot3_msgs/lib:/usr/lib/x86_64-linux-gnu/gazebo-11/plugins:/opt/ros/humble/opt/rviz_ogre_vendor/lib:/opt/ros/humble/lib/x86_64-linux-gnu:/opt/ros/humble/lib:/usr/lib/x86_64-linux-gnu/gazebo-11/plugins:/usr/lib/x86_64-linux-gnu/gazebo-11/plugins:/usr/lib/x86_64-linux-gnu/gazebo-11/plugins PYTHONPATH=/home/bchoe7/seeing_saying_solving/turtlebot3_ws_s3/build/turtlebot3_example/prefix_override:/usr/lib/python3/dist-packages/colcon_core/task/python/colcon_distutils_commands:/home/bchoe7/seeing_saying_solving/turtlebot3_ws_s3/install/turtlebot3_example/lib/python3.10/site-packages:/home/bchoe7/seeing_saying_solving/turtlebot3_ws_s3/install/turtlebot3_msgs/local/lib/python3.10/dist-packages:${PYTHONPATH} /usr/bin/python3 -W ignore:setup.py install is deprecated -W ignore:easy_install command is deprecated setup.py develop --editable --build-directory /home/bchoe7/seeing_saying_solving/turtlebot3_ws_s3/build/turtlebot3_example/build --no-deps symlink_data
