[0.007s] Invoking command in '/home/bchoe7/seeing_saying_solving/turtlebot3_ws_s3/build/dynamixel_sdk_examples': AMENT_PREFIX_PATH=/home/bchoe7/seeing_saying_solving/turtlebot3_ws_s3/install/dynamixel_sdk_custom_interfaces:/home/bchoe7/seeing_saying_solving/turtlebot3_ws_s3/install/dynamixel_sdk:${AMENT_PREFIX_PATH} CMAKE_PREFIX_PATH=/home/bchoe7/seeing_saying_solving/turtlebot3_ws_s3/install/dynamixel_sdk_custom_interfaces:/home/bchoe7/seeing_saying_solving/turtlebot3_ws_s3/install/dynamixel_sdk:/opt/ros/humble LD_LIBRARY_PATH=/home/bchoe7/seeing_saying_solving/turtlebot3_ws_s3/install/dynamixel_sdk_custom_interfaces/lib:/home/bchoe7/seeing_saying_solving/turtlebot3_ws_s3/install/dynamixel_sdk/lib:/usr/lib/x86_64-linux-gnu/gazebo-11/plugins:/opt/ros/humble/opt/rviz_ogre_vendor/lib:/opt/ros/humble/lib/x86_64-linux-gnu:/opt/ros/humble/lib:/usr/lib/x86_64-linux-gnu/gazebo-11/plugins:/usr/lib/x86_64-linux-gnu/gazebo-11/plugins:/usr/lib/x86_64-linux-gnu/gazebo-11/plugins PYTHONPATH=/home/bchoe7/seeing_saying_solving/turtlebot3_ws_s3/install/dynamixel_sdk_custom_interfaces/local/lib/python3.10/dist-packages:/home/bchoe7/seeing_saying_solving/turtlebot3_ws_s3/install/dynamixel_sdk/local/lib/python3.10/dist-packages:${PYTHONPATH} /usr/bin/cmake /home/bchoe7/seeing_saying_solving/turtlebot3_ws_s3/src/DynamixelSDK/ros/dynamixel_sdk_examples -DAMENT_CMAKE_SYMLINK_INSTALL=1 -DCMAKE_INSTALL_PREFIX=/home/bchoe7/seeing_saying_solving/turtlebot3_ws_s3/install/dynamixel_sdk_examples
[0.044s] -- The C compiler identification is GNU 11.4.0
[0.076s] -- The CXX compiler identification is GNU 11.4.0
[0.080s] -- Detecting C compiler ABI info
[0.122s] -- Detecting C compiler ABI info - done
[0.127s] -- Check for working C compiler: /usr/bin/cc - skipped
[0.127s] -- Detecting C compile features
[0.127s] -- Detecting C compile features - done
[0.128s] -- Detecting CXX compiler ABI info
[0.176s] -- Detecting CXX compiler ABI info - done
[0.180s] -- Check for working CXX compiler: /usr/bin/c++ - skipped
[0.181s] -- Detecting CXX compile features
[0.181s] -- Detecting CXX compile features - done
[0.182s] -- Found ament_cmake: 1.3.11 (/opt/ros/humble/share/ament_cmake/cmake)
[0.281s] -- Found Python3: /usr/bin/python3 (found version "3.10.12") found components: Interpreter 
[0.314s] -- Override CMake install command with custom implementation using symlinks instead of copying resources
[0.334s] -- Found dynamixel_sdk: 3.8.4 (/home/bchoe7/seeing_saying_solving/turtlebot3_ws_s3/install/dynamixel_sdk/share/dynamixel_sdk/cmake)
[0.335s] -- Found dynamixel_sdk_custom_interfaces: 3.8.4 (/home/bchoe7/seeing_saying_solving/turtlebot3_ws_s3/install/dynamixel_sdk_custom_interfaces/share/dynamixel_sdk_custom_interfaces/cmake)
[0.356s] -- Found rosidl_generator_c: 3.1.6 (/opt/ros/humble/share/rosidl_generator_c/cmake)
[0.358s] -- Found rosidl_adapter: 3.1.6 (/opt/ros/humble/share/rosidl_adapter/cmake)
[0.362s] -- Found rosidl_generator_cpp: 3.1.6 (/opt/ros/humble/share/rosidl_generator_cpp/cmake)
[0.367s] -- Using all available rosidl_typesupport_c: rosidl_typesupport_fastrtps_c;rosidl_typesupport_introspection_c
[0.375s] -- Using all available rosidl_typesupport_cpp: rosidl_typesupport_fastrtps_cpp;rosidl_typesupport_introspection_cpp
[0.387s] -- Found rclcpp: 16.0.12 (/opt/ros/humble/share/rclcpp/cmake)
[0.404s] -- Found rmw_implementation_cmake: 6.1.2 (/opt/ros/humble/share/rmw_implementation_cmake/cmake)
[0.405s] -- Found rmw_fastrtps_cpp: 6.2.7 (/opt/ros/humble/share/rmw_fastrtps_cpp/cmake)
[0.457s] -- Found OpenSSL: /usr/lib/x86_64-linux-gnu/libcrypto.so (found version "3.0.2")  
[0.479s] -- Found FastRTPS: /opt/ros/humble/include  
[0.511s] -- Using RMW implementation 'rmw_fastrtps_cpp' as default
[0.518s] -- Looking for pthread.h
[0.567s] -- Looking for pthread.h - found
[0.567s] -- Performing Test CMAKE_HAVE_LIBC_PTHREAD
[0.617s] -- Performing Test CMAKE_HAVE_LIBC_PTHREAD - Success
[0.618s] -- Found Threads: TRUE  
[0.651s] -- Found rclpy: 3.3.16 (/opt/ros/humble/share/rclpy/cmake)
[0.651s] -- Found ament_lint_auto: 0.12.12 (/opt/ros/humble/share/ament_lint_auto/cmake)
[0.730s] -- Added test 'copyright' to check source files copyright and LICENSE
[0.730s] -- Added test 'cppcheck' to perform static code analysis on C / C++ code
[0.730s] -- Configured cppcheck include dirs: /home/bchoe7/seeing_saying_solving/turtlebot3_ws_s3/src/DynamixelSDK/ros/dynamixel_sdk_examples/include
[0.731s] -- Configured cppcheck exclude dirs and/or files: 
[0.731s] -- Added test 'cpplint' to check C / C++ code against the Google style
[0.731s] -- Configured cpplint exclude dirs and/or files: 
[0.731s] -- Added test 'flake8' to check Python code syntax and style conventions
[0.732s] -- Added test 'lint_cmake' to check CMake code style
[0.732s] -- Added test 'pep257' to check Python code against some of the docstring style conventions in PEP 257
[0.733s] -- Added test 'uncrustify' to check C / C++ code style
[0.733s] -- Configured uncrustify additional arguments: 
[0.733s] -- Added test 'xmllint' to check XML markup files
[0.734s] -- Configuring done
[0.741s] -- Generating done
[0.743s] -- Build files have been written to: /home/bchoe7/seeing_saying_solving/turtlebot3_ws_s3/build/dynamixel_sdk_examples
[0.751s] Invoked command in '/home/bchoe7/seeing_saying_solving/turtlebot3_ws_s3/build/dynamixel_sdk_examples' returned '0': AMENT_PREFIX_PATH=/home/bchoe7/seeing_saying_solving/turtlebot3_ws_s3/install/dynamixel_sdk_custom_interfaces:/home/bchoe7/seeing_saying_solving/turtlebot3_ws_s3/install/dynamixel_sdk:${AMENT_PREFIX_PATH} CMAKE_PREFIX_PATH=/home/bchoe7/seeing_saying_solving/turtlebot3_ws_s3/install/dynamixel_sdk_custom_interfaces:/home/bchoe7/seeing_saying_solving/turtlebot3_ws_s3/install/dynamixel_sdk:/opt/ros/humble LD_LIBRARY_PATH=/home/bchoe7/seeing_saying_solving/turtlebot3_ws_s3/install/dynamixel_sdk_custom_interfaces/lib:/home/bchoe7/seeing_saying_solving/turtlebot3_ws_s3/install/dynamixel_sdk/lib:/usr/lib/x86_64-linux-gnu/gazebo-11/plugins:/opt/ros/humble/opt/rviz_ogre_vendor/lib:/opt/ros/humble/lib/x86_64-linux-gnu:/opt/ros/humble/lib:/usr/lib/x86_64-linux-gnu/gazebo-11/plugins:/usr/lib/x86_64-linux-gnu/gazebo-11/plugins:/usr/lib/x86_64-linux-gnu/gazebo-11/plugins PYTHONPATH=/home/bchoe7/seeing_saying_solving/turtlebot3_ws_s3/install/dynamixel_sdk_custom_interfaces/local/lib/python3.10/dist-packages:/home/bchoe7/seeing_saying_solving/turtlebot3_ws_s3/install/dynamixel_sdk/local/lib/python3.10/dist-packages:${PYTHONPATH} /usr/bin/cmake /home/bchoe7/seeing_saying_solving/turtlebot3_ws_s3/src/DynamixelSDK/ros/dynamixel_sdk_examples -DAMENT_CMAKE_SYMLINK_INSTALL=1 -DCMAKE_INSTALL_PREFIX=/home/bchoe7/seeing_saying_solving/turtlebot3_ws_s3/install/dynamixel_sdk_examples
[0.752s] Invoking command in '/home/bchoe7/seeing_saying_solving/turtlebot3_ws_s3/build/dynamixel_sdk_examples': AMENT_PREFIX_PATH=/home/bchoe7/seeing_saying_solving/turtlebot3_ws_s3/install/dynamixel_sdk_custom_interfaces:/home/bchoe7/seeing_saying_solving/turtlebot3_ws_s3/install/dynamixel_sdk:${AMENT_PREFIX_PATH} CMAKE_PREFIX_PATH=/home/bchoe7/seeing_saying_solving/turtlebot3_ws_s3/install/dynamixel_sdk_custom_interfaces:/home/bchoe7/seeing_saying_solving/turtlebot3_ws_s3/install/dynamixel_sdk:/opt/ros/humble LD_LIBRARY_PATH=/home/bchoe7/seeing_saying_solving/turtlebot3_ws_s3/install/dynamixel_sdk_custom_interfaces/lib:/home/bchoe7/seeing_saying_solving/turtlebot3_ws_s3/install/dynamixel_sdk/lib:/usr/lib/x86_64-linux-gnu/gazebo-11/plugins:/opt/ros/humble/opt/rviz_ogre_vendor/lib:/opt/ros/humble/lib/x86_64-linux-gnu:/opt/ros/humble/lib:/usr/lib/x86_64-linux-gnu/gazebo-11/plugins:/usr/lib/x86_64-linux-gnu/gazebo-11/plugins:/usr/lib/x86_64-linux-gnu/gazebo-11/plugins PYTHONPATH=/home/bchoe7/seeing_saying_solving/turtlebot3_ws_s3/install/dynamixel_sdk_custom_interfaces/local/lib/python3.10/dist-packages:/home/bchoe7/seeing_saying_solving/turtlebot3_ws_s3/install/dynamixel_sdk/local/lib/python3.10/dist-packages:${PYTHONPATH} /usr/bin/cmake --build /home/bchoe7/seeing_saying_solving/turtlebot3_ws_s3/build/dynamixel_sdk_examples -- -j32 -l32
[0.784s] [ 50%] [32mBuilding CXX object CMakeFiles/read_write_node.dir/src/read_write_node.cpp.o[0m
[5.086s] [100%] [32m[1mLinking CXX executable read_write_node[0m
[5.332s] [100%] Built target read_write_node
[5.341s] Invoked command in '/home/bchoe7/seeing_saying_solving/turtlebot3_ws_s3/build/dynamixel_sdk_examples' returned '0': AMENT_PREFIX_PATH=/home/bchoe7/seeing_saying_solving/turtlebot3_ws_s3/install/dynamixel_sdk_custom_interfaces:/home/bchoe7/seeing_saying_solving/turtlebot3_ws_s3/install/dynamixel_sdk:${AMENT_PREFIX_PATH} CMAKE_PREFIX_PATH=/home/bchoe7/seeing_saying_solving/turtlebot3_ws_s3/install/dynamixel_sdk_custom_interfaces:/home/bchoe7/seeing_saying_solving/turtlebot3_ws_s3/install/dynamixel_sdk:/opt/ros/humble LD_LIBRARY_PATH=/home/bchoe7/seeing_saying_solving/turtlebot3_ws_s3/install/dynamixel_sdk_custom_interfaces/lib:/home/bchoe7/seeing_saying_solving/turtlebot3_ws_s3/install/dynamixel_sdk/lib:/usr/lib/x86_64-linux-gnu/gazebo-11/plugins:/opt/ros/humble/opt/rviz_ogre_vendor/lib:/opt/ros/humble/lib/x86_64-linux-gnu:/opt/ros/humble/lib:/usr/lib/x86_64-linux-gnu/gazebo-11/plugins:/usr/lib/x86_64-linux-gnu/gazebo-11/plugins:/usr/lib/x86_64-linux-gnu/gazebo-11/plugins PYTHONPATH=/home/bchoe7/seeing_saying_solving/turtlebot3_ws_s3/install/dynamixel_sdk_custom_interfaces/local/lib/python3.10/dist-packages:/home/bchoe7/seeing_saying_solving/turtlebot3_ws_s3/install/dynamixel_sdk/local/lib/python3.10/dist-packages:${PYTHONPATH} /usr/bin/cmake --build /home/bchoe7/seeing_saying_solving/turtlebot3_ws_s3/build/dynamixel_sdk_examples -- -j32 -l32
[5.343s] Invoking command in '/home/bchoe7/seeing_saying_solving/turtlebot3_ws_s3/build/dynamixel_sdk_examples': AMENT_PREFIX_PATH=/home/bchoe7/seeing_saying_solving/turtlebot3_ws_s3/install/dynamixel_sdk_custom_interfaces:/home/bchoe7/seeing_saying_solving/turtlebot3_ws_s3/install/dynamixel_sdk:${AMENT_PREFIX_PATH} CMAKE_PREFIX_PATH=/home/bchoe7/seeing_saying_solving/turtlebot3_ws_s3/install/dynamixel_sdk_custom_interfaces:/home/bchoe7/seeing_saying_solving/turtlebot3_ws_s3/install/dynamixel_sdk:/opt/ros/humble LD_LIBRARY_PATH=/home/bchoe7/seeing_saying_solving/turtlebot3_ws_s3/install/dynamixel_sdk_custom_interfaces/lib:/home/bchoe7/seeing_saying_solving/turtlebot3_ws_s3/install/dynamixel_sdk/lib:/usr/lib/x86_64-linux-gnu/gazebo-11/plugins:/opt/ros/humble/opt/rviz_ogre_vendor/lib:/opt/ros/humble/lib/x86_64-linux-gnu:/opt/ros/humble/lib:/usr/lib/x86_64-linux-gnu/gazebo-11/plugins:/usr/lib/x86_64-linux-gnu/gazebo-11/plugins:/usr/lib/x86_64-linux-gnu/gazebo-11/plugins PYTHONPATH=/home/bchoe7/seeing_saying_solving/turtlebot3_ws_s3/install/dynamixel_sdk_custom_interfaces/local/lib/python3.10/dist-packages:/home/bchoe7/seeing_saying_solving/turtlebot3_ws_s3/install/dynamixel_sdk/local/lib/python3.10/dist-packages:${PYTHONPATH} /usr/bin/cmake --install /home/bchoe7/seeing_saying_solving/turtlebot3_ws_s3/build/dynamixel_sdk_examples
[5.348s] -- Install configuration: ""
[5.348s] -- Execute custom install script
[5.348s] -- Symlinking: /home/bchoe7/seeing_saying_solving/turtlebot3_ws_s3/install/dynamixel_sdk_examples/lib/dynamixel_sdk_examples/read_write_node
[5.355s] -- Symlinking: /home/bchoe7/seeing_saying_solving/turtlebot3_ws_s3/install/dynamixel_sdk_examples/lib/dynamixel_sdk_examples/read_write_node.py
[5.360s] -- Symlinking: /home/bchoe7/seeing_saying_solving/turtlebot3_ws_s3/install/dynamixel_sdk_examples/share/ament_index/resource_index/package_run_dependencies/dynamixel_sdk_examples
[5.367s] -- Symlinking: /home/bchoe7/seeing_saying_solving/turtlebot3_ws_s3/install/dynamixel_sdk_examples/share/ament_index/resource_index/parent_prefix_path/dynamixel_sdk_examples
[5.374s] -- Symlinking: /home/bchoe7/seeing_saying_solving/turtlebot3_ws_s3/install/dynamixel_sdk_examples/share/dynamixel_sdk_examples/environment/ament_prefix_path.sh
[5.382s] -- Symlinking: /home/bchoe7/seeing_saying_solving/turtlebot3_ws_s3/install/dynamixel_sdk_examples/share/dynamixel_sdk_examples/environment/ament_prefix_path.dsv
[5.389s] -- Symlinking: /home/bchoe7/seeing_saying_solving/turtlebot3_ws_s3/install/dynamixel_sdk_examples/share/dynamixel_sdk_examples/environment/path.sh
[5.397s] -- Symlinking: /home/bchoe7/seeing_saying_solving/turtlebot3_ws_s3/install/dynamixel_sdk_examples/share/dynamixel_sdk_examples/environment/path.dsv
[5.403s] -- Symlinking: /home/bchoe7/seeing_saying_solving/turtlebot3_ws_s3/install/dynamixel_sdk_examples/share/dynamixel_sdk_examples/local_setup.bash
[5.409s] -- Symlinking: /home/bchoe7/seeing_saying_solving/turtlebot3_ws_s3/install/dynamixel_sdk_examples/share/dynamixel_sdk_examples/local_setup.sh
[5.416s] -- Symlinking: /home/bchoe7/seeing_saying_solving/turtlebot3_ws_s3/install/dynamixel_sdk_examples/share/dynamixel_sdk_examples/local_setup.zsh
[5.423s] -- Symlinking: /home/bchoe7/seeing_saying_solving/turtlebot3_ws_s3/install/dynamixel_sdk_examples/share/dynamixel_sdk_examples/local_setup.dsv
[5.430s] -- Symlinking: /home/bchoe7/seeing_saying_solving/turtlebot3_ws_s3/install/dynamixel_sdk_examples/share/dynamixel_sdk_examples/package.dsv
[5.438s] -- Symlinking: /home/bchoe7/seeing_saying_solving/turtlebot3_ws_s3/install/dynamixel_sdk_examples/share/ament_index/resource_index/packages/dynamixel_sdk_examples
[5.445s] -- Symlinking: /home/bchoe7/seeing_saying_solving/turtlebot3_ws_s3/install/dynamixel_sdk_examples/share/dynamixel_sdk_examples/cmake/dynamixel_sdk_examplesConfig.cmake
[5.450s] -- Symlinking: /home/bchoe7/seeing_saying_solving/turtlebot3_ws_s3/install/dynamixel_sdk_examples/share/dynamixel_sdk_examples/cmake/dynamixel_sdk_examplesConfig-version.cmake
[5.457s] -- Symlinking: /home/bchoe7/seeing_saying_solving/turtlebot3_ws_s3/install/dynamixel_sdk_examples/share/dynamixel_sdk_examples/package.xml
[5.466s] Invoked command in '/home/bchoe7/seeing_saying_solving/turtlebot3_ws_s3/build/dynamixel_sdk_examples' returned '0': AMENT_PREFIX_PATH=/home/bchoe7/seeing_saying_solving/turtlebot3_ws_s3/install/dynamixel_sdk_custom_interfaces:/home/bchoe7/seeing_saying_solving/turtlebot3_ws_s3/install/dynamixel_sdk:${AMENT_PREFIX_PATH} CMAKE_PREFIX_PATH=/home/bchoe7/seeing_saying_solving/turtlebot3_ws_s3/install/dynamixel_sdk_custom_interfaces:/home/bchoe7/seeing_saying_solving/turtlebot3_ws_s3/install/dynamixel_sdk:/opt/ros/humble LD_LIBRARY_PATH=/home/bchoe7/seeing_saying_solving/turtlebot3_ws_s3/install/dynamixel_sdk_custom_interfaces/lib:/home/bchoe7/seeing_saying_solving/turtlebot3_ws_s3/install/dynamixel_sdk/lib:/usr/lib/x86_64-linux-gnu/gazebo-11/plugins:/opt/ros/humble/opt/rviz_ogre_vendor/lib:/opt/ros/humble/lib/x86_64-linux-gnu:/opt/ros/humble/lib:/usr/lib/x86_64-linux-gnu/gazebo-11/plugins:/usr/lib/x86_64-linux-gnu/gazebo-11/plugins:/usr/lib/x86_64-linux-gnu/gazebo-11/plugins PYTHONPATH=/home/bchoe7/seeing_saying_solving/turtlebot3_ws_s3/install/dynamixel_sdk_custom_interfaces/local/lib/python3.10/dist-packages:/home/bchoe7/seeing_saying_solving/turtlebot3_ws_s3/install/dynamixel_sdk/local/lib/python3.10/dist-packages:${PYTHONPATH} /usr/bin/cmake --install /home/bchoe7/seeing_saying_solving/turtlebot3_ws_s3/build/dynamixel_sdk_examples
