[0.017s] Invoking command in '/home/bchoe7/turtlebot3_ws/src/build/turtlebot3_navigation2': CMAKE_PREFIX_PATH=${CMAKE_PREFIX_PATH}:/home/bchoe7/turtlebot3_ws/install/turtlebot3_teleop:/home/bchoe7/turtlebot3_ws/install/turtlebot3_example:/opt/ros/humble /usr/bin/cmake /home/bchoe7/turtlebot3_ws/src/turtlebot3/turtlebot3_navigation2 -DAMENT_CMAKE_SYMLINK_INSTALL=1 -DCMAKE_INSTALL_PREFIX=/home/bchoe7/turtlebot3_ws/src/install/turtlebot3_navigation2
[0.229s] -- The C compiler identification is GNU 11.4.0
[0.229s] -- The CXX compiler identification is GNU 11.4.0
[0.230s] -- Detecting C compiler ABI info
[0.230s] -- Detecting C compiler ABI info - done
[0.230s] -- Check for working C compiler: /usr/bin/cc - skipped
[0.230s] -- Detecting C compile features
[0.230s] -- Detecting C compile features - done
[0.230s] -- Detecting CXX compiler ABI info
[0.230s] -- Detecting CXX compiler ABI info - done
[0.230s] -- Check for working CXX compiler: /usr/bin/c++ - skipped
[0.230s] -- Detecting CXX compile features
[0.230s] -- Detecting CXX compile features - done
[0.232s] -- Found ament_cmake: 1.3.11 (/opt/ros/humble/share/ament_cmake/cmake)
[0.334s] -- Found Python3: /usr/bin/python3 (found version "3.10.12") found components: Interpreter 
[0.386s] -- Override CMake install command with custom implementation using symlinks instead of copying resources
[0.454s] -- Configuring done
[0.455s] -- Generating done
[0.455s] -- Build files have been written to: /home/bchoe7/turtlebot3_ws/src/build/turtlebot3_navigation2
[0.466s] Invoked command in '/home/bchoe7/turtlebot3_ws/src/build/turtlebot3_navigation2' returned '0': CMAKE_PREFIX_PATH=${CMAKE_PREFIX_PATH}:/home/bchoe7/turtlebot3_ws/install/turtlebot3_teleop:/home/bchoe7/turtlebot3_ws/install/turtlebot3_example:/opt/ros/humble /usr/bin/cmake /home/bchoe7/turtlebot3_ws/src/turtlebot3/turtlebot3_navigation2 -DAMENT_CMAKE_SYMLINK_INSTALL=1 -DCMAKE_INSTALL_PREFIX=/home/bchoe7/turtlebot3_ws/src/install/turtlebot3_navigation2
[0.468s] Invoking command in '/home/bchoe7/turtlebot3_ws/src/build/turtlebot3_navigation2': CMAKE_PREFIX_PATH=${CMAKE_PREFIX_PATH}:/home/bchoe7/turtlebot3_ws/install/turtlebot3_teleop:/home/bchoe7/turtlebot3_ws/install/turtlebot3_example:/opt/ros/humble /usr/bin/cmake --build /home/bchoe7/turtlebot3_ws/src/build/turtlebot3_navigation2 -- -j32 -l32
[0.491s] Invoked command in '/home/bchoe7/turtlebot3_ws/src/build/turtlebot3_navigation2' returned '0': CMAKE_PREFIX_PATH=${CMAKE_PREFIX_PATH}:/home/bchoe7/turtlebot3_ws/install/turtlebot3_teleop:/home/bchoe7/turtlebot3_ws/install/turtlebot3_example:/opt/ros/humble /usr/bin/cmake --build /home/bchoe7/turtlebot3_ws/src/build/turtlebot3_navigation2 -- -j32 -l32
[0.497s] Invoking command in '/home/bchoe7/turtlebot3_ws/src/build/turtlebot3_navigation2': CMAKE_PREFIX_PATH=${CMAKE_PREFIX_PATH}:/home/bchoe7/turtlebot3_ws/install/turtlebot3_teleop:/home/bchoe7/turtlebot3_ws/install/turtlebot3_example:/opt/ros/humble /usr/bin/cmake --install /home/bchoe7/turtlebot3_ws/src/build/turtlebot3_navigation2
[0.502s] -- Install configuration: ""
[0.503s] -- Execute custom install script
[0.503s] -- Symlinking: /home/bchoe7/turtlebot3_ws/src/install/turtlebot3_navigation2/share/turtlebot3_navigation2/launch/navigation2.launch.py
[0.510s] -- Symlinking: /home/bchoe7/turtlebot3_ws/src/install/turtlebot3_navigation2/share/turtlebot3_navigation2/map/map.yaml
[0.516s] -- Symlinking: /home/bchoe7/turtlebot3_ws/src/install/turtlebot3_navigation2/share/turtlebot3_navigation2/map/map_rotated.png
[0.520s] -- Symlinking: /home/bchoe7/turtlebot3_ws/src/install/turtlebot3_navigation2/share/turtlebot3_navigation2/param/burger.yaml
[0.525s] -- Symlinking: /home/bchoe7/turtlebot3_ws/src/install/turtlebot3_navigation2/share/turtlebot3_navigation2/param/burger_cam.yaml
[0.530s] -- Symlinking: /home/bchoe7/turtlebot3_ws/src/install/turtlebot3_navigation2/share/turtlebot3_navigation2/param/humble/burger.yaml
[0.534s] -- Symlinking: /home/bchoe7/turtlebot3_ws/src/install/turtlebot3_navigation2/share/turtlebot3_navigation2/param/humble/burger_cam.yaml
[0.538s] -- Symlinking: /home/bchoe7/turtlebot3_ws/src/install/turtlebot3_navigation2/share/turtlebot3_navigation2/param/humble/waffle.yaml
[0.544s] -- Symlinking: /home/bchoe7/turtlebot3_ws/src/install/turtlebot3_navigation2/share/turtlebot3_navigation2/param/humble/waffle_pi.yaml
[0.550s] -- Symlinking: /home/bchoe7/turtlebot3_ws/src/install/turtlebot3_navigation2/share/turtlebot3_navigation2/param/waffle.yaml
[0.556s] -- Symlinking: /home/bchoe7/turtlebot3_ws/src/install/turtlebot3_navigation2/share/turtlebot3_navigation2/param/waffle_pi.yaml
[0.562s] -- Symlinking: /home/bchoe7/turtlebot3_ws/src/install/turtlebot3_navigation2/share/turtlebot3_navigation2/rviz/tb3_navigation2.rviz
[0.567s] -- Symlinking: /home/bchoe7/turtlebot3_ws/src/install/turtlebot3_navigation2/share/ament_index/resource_index/package_run_dependencies/turtlebot3_navigation2
[0.571s] -- Symlinking: /home/bchoe7/turtlebot3_ws/src/install/turtlebot3_navigation2/share/ament_index/resource_index/parent_prefix_path/turtlebot3_navigation2
[0.578s] -- Symlinking: /home/bchoe7/turtlebot3_ws/src/install/turtlebot3_navigation2/share/turtlebot3_navigation2/environment/ament_prefix_path.sh
[0.585s] -- Symlinking: /home/bchoe7/turtlebot3_ws/src/install/turtlebot3_navigation2/share/turtlebot3_navigation2/environment/ament_prefix_path.dsv
[0.590s] -- Symlinking: /home/bchoe7/turtlebot3_ws/src/install/turtlebot3_navigation2/share/turtlebot3_navigation2/environment/path.sh
[0.596s] -- Symlinking: /home/bchoe7/turtlebot3_ws/src/install/turtlebot3_navigation2/share/turtlebot3_navigation2/environment/path.dsv
[0.600s] -- Symlinking: /home/bchoe7/turtlebot3_ws/src/install/turtlebot3_navigation2/share/turtlebot3_navigation2/local_setup.bash
[0.605s] -- Symlinking: /home/bchoe7/turtlebot3_ws/src/install/turtlebot3_navigation2/share/turtlebot3_navigation2/local_setup.sh
[0.610s] -- Symlinking: /home/bchoe7/turtlebot3_ws/src/install/turtlebot3_navigation2/share/turtlebot3_navigation2/local_setup.zsh
[0.614s] -- Symlinking: /home/bchoe7/turtlebot3_ws/src/install/turtlebot3_navigation2/share/turtlebot3_navigation2/local_setup.dsv
[0.618s] -- Symlinking: /home/bchoe7/turtlebot3_ws/src/install/turtlebot3_navigation2/share/turtlebot3_navigation2/package.dsv
[0.623s] -- Symlinking: /home/bchoe7/turtlebot3_ws/src/install/turtlebot3_navigation2/share/ament_index/resource_index/packages/turtlebot3_navigation2
[0.628s] -- Symlinking: /home/bchoe7/turtlebot3_ws/src/install/turtlebot3_navigation2/share/turtlebot3_navigation2/cmake/turtlebot3_navigation2Config.cmake
[0.633s] -- Symlinking: /home/bchoe7/turtlebot3_ws/src/install/turtlebot3_navigation2/share/turtlebot3_navigation2/cmake/turtlebot3_navigation2Config-version.cmake
[0.638s] -- Symlinking: /home/bchoe7/turtlebot3_ws/src/install/turtlebot3_navigation2/share/turtlebot3_navigation2/package.xml
[0.645s] Invoked command in '/home/bchoe7/turtlebot3_ws/src/build/turtlebot3_navigation2' returned '0': CMAKE_PREFIX_PATH=${CMAKE_PREFIX_PATH}:/home/bchoe7/turtlebot3_ws/install/turtlebot3_teleop:/home/bchoe7/turtlebot3_ws/install/turtlebot3_example:/opt/ros/humble /usr/bin/cmake --install /home/bchoe7/turtlebot3_ws/src/build/turtlebot3_navigation2
