[0.505s] Invoking command in '/home/bchoe7/seeing_saying_solving/turtlebot3_ws_s3/build/turtlebot3_teleop': PYTHONPATH=/home/bchoe7/seeing_saying_solving/turtlebot3_ws_s3/build/turtlebot3_teleop/prefix_override:/usr/lib/python3/dist-packages/colcon_core/task/python/colcon_distutils_commands:/home/bchoe7/seeing_saying_solving/turtlebot3_ws_s3/install/turtlebot3_teleop/lib/python3.10/site-packages:${PYTHONPATH} /usr/bin/python3 -W ignore:setup.py install is deprecated -W ignore:easy_install command is deprecated setup.py develop --editable --build-directory /home/bchoe7/seeing_saying_solving/turtlebot3_ws_s3/build/turtlebot3_teleop/build --no-deps symlink_data
[0.656s] running develop
[0.752s] running egg_info
[0.752s] creating turtlebot3_teleop.egg-info
[0.754s] writing turtlebot3_teleop.egg-info/PKG-INFO
[0.755s] writing dependency_links to turtlebot3_teleop.egg-info/dependency_links.txt
[0.755s] writing entry points to turtlebot3_teleop.egg-info/entry_points.txt
[0.755s] writing requirements to turtlebot3_teleop.egg-info/requires.txt
[0.755s] writing top-level names to turtlebot3_teleop.egg-info/top_level.txt
[0.755s] writing manifest file 'turtlebot3_teleop.egg-info/SOURCES.txt'
[0.756s] reading manifest file 'turtlebot3_teleop.egg-info/SOURCES.txt'
[0.756s] writing manifest file 'turtlebot3_teleop.egg-info/SOURCES.txt'
[0.756s] running build_ext
[0.757s] Creating /home/bchoe7/seeing_saying_solving/turtlebot3_ws_s3/install/turtlebot3_teleop/lib/python3.10/site-packages/turtlebot3-teleop.egg-link (link to .)
[0.757s] Installing teleop_keyboard script to /home/bchoe7/seeing_saying_solving/turtlebot3_ws_s3/install/turtlebot3_teleop/lib/turtlebot3_teleop
[0.757s] 
[0.757s] Installed /home/bchoe7/seeing_saying_solving/turtlebot3_ws_s3/build/turtlebot3_teleop
[0.757s] running symlink_data
[0.757s] creating /home/bchoe7/seeing_saying_solving/turtlebot3_ws_s3/install/turtlebot3_teleop/share/ament_index
[0.757s] creating /home/bchoe7/seeing_saying_solving/turtlebot3_ws_s3/install/turtlebot3_teleop/share/ament_index/resource_index
[0.757s] creating /home/bchoe7/seeing_saying_solving/turtlebot3_ws_s3/install/turtlebot3_teleop/share/ament_index/resource_index/packages
[0.757s] symbolically linking /home/bchoe7/seeing_saying_solving/turtlebot3_ws_s3/build/turtlebot3_teleop/resource/turtlebot3_teleop -> /home/bchoe7/seeing_saying_solving/turtlebot3_ws_s3/install/turtlebot3_teleop/share/ament_index/resource_index/packages
[0.757s] symbolically linking /home/bchoe7/seeing_saying_solving/turtlebot3_ws_s3/build/turtlebot3_teleop/package.xml -> /home/bchoe7/seeing_saying_solving/turtlebot3_ws_s3/install/turtlebot3_teleop/share/turtlebot3_teleop
[0.773s] Invoked command in '/home/bchoe7/seeing_saying_solving/turtlebot3_ws_s3/build/turtlebot3_teleop' returned '0': PYTHONPATH=/home/bchoe7/seeing_saying_solving/turtlebot3_ws_s3/build/turtlebot3_teleop/prefix_override:/usr/lib/python3/dist-packages/colcon_core/task/python/colcon_distutils_commands:/home/bchoe7/seeing_saying_solving/turtlebot3_ws_s3/install/turtlebot3_teleop/lib/python3.10/site-packages:${PYTHONPATH} /usr/bin/python3 -W ignore:setup.py install is deprecated -W ignore:easy_install command is deprecated setup.py develop --editable --build-directory /home/bchoe7/seeing_saying_solving/turtlebot3_ws_s3/build/turtlebot3_teleop/build --no-deps symlink_data
