[0.198s] Invoking command in '/home/bchoe7/turtlebot3_ws/src/build/turtlebot3_fake_node': AMENT_PREFIX_PATH=/home/bchoe7/turtlebot3_ws/src/install/turtlebot3_msgs:${AMENT_PREFIX_PATH} CMAKE_PREFIX_PATH=/home/bchoe7/turtlebot3_ws/src/install/turtlebot3_msgs:/home/bchoe7/turtlebot3_ws/install/turtlebot3:/home/bchoe7/turtlebot3_ws/install/turtlebot3_simulations:/home/bchoe7/turtlebot3_ws/install/turtlebot3_bringup:/home/bchoe7/turtlebot3_ws/install/turtlebot3_node:/home/bchoe7/turtlebot3_ws/install/turtlebot3_multi_robot:/home/bchoe7/turtlebot3_ws/install/turtlebot3_navigation2:/home/bchoe7/turtlebot3_ws/install/turtlebot3_fake_node:/home/bchoe7/turtlebot3_ws/install/turtlebot3_msgs:/home/bchoe7/turtlebot3_ws/install/turtlebot3_gazebo:/home/bchoe7/turtlebot3_ws/install/turtlebot3_description:/home/bchoe7/turtlebot3_ws/install/turtlebot3_cartographer:/home/bchoe7/turtlebot3_ws/install/dynamixel_sdk_examples:/home/bchoe7/turtlebot3_ws/install/dynamixel_sdk_custom_interfaces:/home/bchoe7/turtlebot3_ws/install/dynamixel_sdk:/home/bchoe7/turtlebot3_ws/install/turtlebot3_teleop:/home/bchoe7/turtlebot3_ws/install/turtlebot3_example:/opt/ros/humble LD_LIBRARY_PATH=/home/bchoe7/turtlebot3_ws/src/install/turtlebot3_msgs/lib:/home/bchoe7/turtlebot3_ws/install/turtlebot3_msgs/lib:/home/bchoe7/turtlebot3_ws/install/dynamixel_sdk_custom_interfaces/lib:/home/bchoe7/turtlebot3_ws/install/dynamixel_sdk/lib:/usr/lib/x86_64-linux-gnu/gazebo-11/plugins:/opt/ros/humble/opt/rviz_ogre_vendor/lib:/opt/ros/humble/lib/x86_64-linux-gnu:/opt/ros/humble/lib:/usr/lib/x86_64-linux-gnu/gazebo-11/plugins PYTHONPATH=/home/bchoe7/turtlebot3_ws/src/install/turtlebot3_msgs/local/lib/python3.10/dist-packages:${PYTHONPATH} /usr/bin/cmake /home/bchoe7/turtlebot3_ws/src/turtlebot3_simulations/turtlebot3_fake_node -DAMENT_CMAKE_SYMLINK_INSTALL=1 -DCMAKE_INSTALL_PREFIX=/home/bchoe7/turtlebot3_ws/src/install/turtlebot3_fake_node
[0.232s] -- The C compiler identification is GNU 11.4.0
[0.272s] -- The CXX compiler identification is GNU 11.4.0
[0.277s] -- Detecting C compiler ABI info
[0.319s] -- Detecting C compiler ABI info - done
[0.324s] -- Check for working C compiler: /usr/bin/cc - skipped
[0.324s] -- Detecting C compile features
[0.324s] -- Detecting C compile features - done
[0.326s] -- Detecting CXX compiler ABI info
[0.376s] -- Detecting CXX compiler ABI info - done
[0.380s] -- Check for working CXX compiler: /usr/bin/c++ - skipped
[0.380s] -- Detecting CXX compile features
[0.380s] -- Detecting CXX compile features - done
[0.382s] -- Found ament_cmake: 1.3.11 (/opt/ros/humble/share/ament_cmake/cmake)
[0.489s] -- Found Python3: /usr/bin/python3 (found version "3.10.12") found components: Interpreter 
[0.547s] -- Override CMake install command with custom implementation using symlinks instead of copying resources
[0.582s] -- Found geometry_msgs: 4.8.0 (/opt/ros/humble/share/geometry_msgs/cmake)
[0.619s] -- Found rosidl_generator_c: 3.1.6 (/opt/ros/humble/share/rosidl_generator_c/cmake)
[0.626s] -- Found rosidl_adapter: 3.1.6 (/opt/ros/humble/share/rosidl_adapter/cmake)
[0.635s] -- Found rosidl_generator_cpp: 3.1.6 (/opt/ros/humble/share/rosidl_generator_cpp/cmake)
[0.648s] -- Using all available rosidl_typesupport_c: rosidl_typesupport_fastrtps_c;rosidl_typesupport_introspection_c
[0.665s] -- Using all available rosidl_typesupport_cpp: rosidl_typesupport_fastrtps_cpp;rosidl_typesupport_introspection_cpp
[0.694s] -- Found nav_msgs: 4.8.0 (/opt/ros/humble/share/nav_msgs/cmake)
[0.705s] -- Found rclcpp: 16.0.12 (/opt/ros/humble/share/rclcpp/cmake)
[0.741s] -- Found rmw_implementation_cmake: 6.1.2 (/opt/ros/humble/share/rmw_implementation_cmake/cmake)
[0.743s] -- Found rmw_fastrtps_cpp: 6.2.7 (/opt/ros/humble/share/rmw_fastrtps_cpp/cmake)
[0.795s] -- Found OpenSSL: /usr/lib/x86_64-linux-gnu/libcrypto.so (found version "3.0.2")  
[0.817s] -- Found FastRTPS: /opt/ros/humble/include  
[0.846s] -- Using RMW implementation 'rmw_fastrtps_cpp' as default
[0.852s] -- Looking for pthread.h
[0.899s] -- Looking for pthread.h - found
[0.899s] -- Performing Test CMAKE_HAVE_LIBC_PTHREAD
[0.941s] -- Performing Test CMAKE_HAVE_LIBC_PTHREAD - Success
[0.941s] -- Found Threads: TRUE  
[0.963s] -- Found sensor_msgs: 4.8.0 (/opt/ros/humble/share/sensor_msgs/cmake)
[0.972s] -- Found tf2: 0.25.12 (/opt/ros/humble/share/tf2/cmake)
[0.978s] -- Found tf2_msgs: 0.25.12 (/opt/ros/humble/share/tf2_msgs/cmake)
[1.007s] -- Found turtlebot3_msgs: 2.4.0 (/home/bchoe7/turtlebot3_ws/src/install/turtlebot3_msgs/share/turtlebot3_msgs/cmake)
[1.081s] -- Configuring done
[1.091s] -- Generating done
[1.095s] -- Build files have been written to: /home/bchoe7/turtlebot3_ws/src/build/turtlebot3_fake_node
[1.108s] Invoked command in '/home/bchoe7/turtlebot3_ws/src/build/turtlebot3_fake_node' returned '0': AMENT_PREFIX_PATH=/home/bchoe7/turtlebot3_ws/src/install/turtlebot3_msgs:${AMENT_PREFIX_PATH} CMAKE_PREFIX_PATH=/home/bchoe7/turtlebot3_ws/src/install/turtlebot3_msgs:/home/bchoe7/turtlebot3_ws/install/turtlebot3:/home/bchoe7/turtlebot3_ws/install/turtlebot3_simulations:/home/bchoe7/turtlebot3_ws/install/turtlebot3_bringup:/home/bchoe7/turtlebot3_ws/install/turtlebot3_node:/home/bchoe7/turtlebot3_ws/install/turtlebot3_multi_robot:/home/bchoe7/turtlebot3_ws/install/turtlebot3_navigation2:/home/bchoe7/turtlebot3_ws/install/turtlebot3_fake_node:/home/bchoe7/turtlebot3_ws/install/turtlebot3_msgs:/home/bchoe7/turtlebot3_ws/install/turtlebot3_gazebo:/home/bchoe7/turtlebot3_ws/install/turtlebot3_description:/home/bchoe7/turtlebot3_ws/install/turtlebot3_cartographer:/home/bchoe7/turtlebot3_ws/install/dynamixel_sdk_examples:/home/bchoe7/turtlebot3_ws/install/dynamixel_sdk_custom_interfaces:/home/bchoe7/turtlebot3_ws/install/dynamixel_sdk:/home/bchoe7/turtlebot3_ws/install/turtlebot3_teleop:/home/bchoe7/turtlebot3_ws/install/turtlebot3_example:/opt/ros/humble LD_LIBRARY_PATH=/home/bchoe7/turtlebot3_ws/src/install/turtlebot3_msgs/lib:/home/bchoe7/turtlebot3_ws/install/turtlebot3_msgs/lib:/home/bchoe7/turtlebot3_ws/install/dynamixel_sdk_custom_interfaces/lib:/home/bchoe7/turtlebot3_ws/install/dynamixel_sdk/lib:/usr/lib/x86_64-linux-gnu/gazebo-11/plugins:/opt/ros/humble/opt/rviz_ogre_vendor/lib:/opt/ros/humble/lib/x86_64-linux-gnu:/opt/ros/humble/lib:/usr/lib/x86_64-linux-gnu/gazebo-11/plugins PYTHONPATH=/home/bchoe7/turtlebot3_ws/src/install/turtlebot3_msgs/local/lib/python3.10/dist-packages:${PYTHONPATH} /usr/bin/cmake /home/bchoe7/turtlebot3_ws/src/turtlebot3_simulations/turtlebot3_fake_node -DAMENT_CMAKE_SYMLINK_INSTALL=1 -DCMAKE_INSTALL_PREFIX=/home/bchoe7/turtlebot3_ws/src/install/turtlebot3_fake_node
[1.109s] Invoking command in '/home/bchoe7/turtlebot3_ws/src/build/turtlebot3_fake_node': AMENT_PREFIX_PATH=/home/bchoe7/turtlebot3_ws/src/install/turtlebot3_msgs:${AMENT_PREFIX_PATH} CMAKE_PREFIX_PATH=/home/bchoe7/turtlebot3_ws/src/install/turtlebot3_msgs:/home/bchoe7/turtlebot3_ws/install/turtlebot3:/home/bchoe7/turtlebot3_ws/install/turtlebot3_simulations:/home/bchoe7/turtlebot3_ws/install/turtlebot3_bringup:/home/bchoe7/turtlebot3_ws/install/turtlebot3_node:/home/bchoe7/turtlebot3_ws/install/turtlebot3_multi_robot:/home/bchoe7/turtlebot3_ws/install/turtlebot3_navigation2:/home/bchoe7/turtlebot3_ws/install/turtlebot3_fake_node:/home/bchoe7/turtlebot3_ws/install/turtlebot3_msgs:/home/bchoe7/turtlebot3_ws/install/turtlebot3_gazebo:/home/bchoe7/turtlebot3_ws/install/turtlebot3_description:/home/bchoe7/turtlebot3_ws/install/turtlebot3_cartographer:/home/bchoe7/turtlebot3_ws/install/dynamixel_sdk_examples:/home/bchoe7/turtlebot3_ws/install/dynamixel_sdk_custom_interfaces:/home/bchoe7/turtlebot3_ws/install/dynamixel_sdk:/home/bchoe7/turtlebot3_ws/install/turtlebot3_teleop:/home/bchoe7/turtlebot3_ws/install/turtlebot3_example:/opt/ros/humble LD_LIBRARY_PATH=/home/bchoe7/turtlebot3_ws/src/install/turtlebot3_msgs/lib:/home/bchoe7/turtlebot3_ws/install/turtlebot3_msgs/lib:/home/bchoe7/turtlebot3_ws/install/dynamixel_sdk_custom_interfaces/lib:/home/bchoe7/turtlebot3_ws/install/dynamixel_sdk/lib:/usr/lib/x86_64-linux-gnu/gazebo-11/plugins:/opt/ros/humble/opt/rviz_ogre_vendor/lib:/opt/ros/humble/lib/x86_64-linux-gnu:/opt/ros/humble/lib:/usr/lib/x86_64-linux-gnu/gazebo-11/plugins PYTHONPATH=/home/bchoe7/turtlebot3_ws/src/install/turtlebot3_msgs/local/lib/python3.10/dist-packages:${PYTHONPATH} /usr/bin/cmake --build /home/bchoe7/turtlebot3_ws/src/build/turtlebot3_fake_node -- -j32 -l32
[1.141s] [ 50%] [32mBuilding CXX object CMakeFiles/turtlebot3_fake_node.dir/src/turtlebot3_fake_node.cpp.o[0m
[7.075s] [100%] [32m[1mLinking CXX executable turtlebot3_fake_node[0m
[7.316s] [100%] Built target turtlebot3_fake_node
[7.324s] Invoked command in '/home/bchoe7/turtlebot3_ws/src/build/turtlebot3_fake_node' returned '0': AMENT_PREFIX_PATH=/home/bchoe7/turtlebot3_ws/src/install/turtlebot3_msgs:${AMENT_PREFIX_PATH} CMAKE_PREFIX_PATH=/home/bchoe7/turtlebot3_ws/src/install/turtlebot3_msgs:/home/bchoe7/turtlebot3_ws/install/turtlebot3:/home/bchoe7/turtlebot3_ws/install/turtlebot3_simulations:/home/bchoe7/turtlebot3_ws/install/turtlebot3_bringup:/home/bchoe7/turtlebot3_ws/install/turtlebot3_node:/home/bchoe7/turtlebot3_ws/install/turtlebot3_multi_robot:/home/bchoe7/turtlebot3_ws/install/turtlebot3_navigation2:/home/bchoe7/turtlebot3_ws/install/turtlebot3_fake_node:/home/bchoe7/turtlebot3_ws/install/turtlebot3_msgs:/home/bchoe7/turtlebot3_ws/install/turtlebot3_gazebo:/home/bchoe7/turtlebot3_ws/install/turtlebot3_description:/home/bchoe7/turtlebot3_ws/install/turtlebot3_cartographer:/home/bchoe7/turtlebot3_ws/install/dynamixel_sdk_examples:/home/bchoe7/turtlebot3_ws/install/dynamixel_sdk_custom_interfaces:/home/bchoe7/turtlebot3_ws/install/dynamixel_sdk:/home/bchoe7/turtlebot3_ws/install/turtlebot3_teleop:/home/bchoe7/turtlebot3_ws/install/turtlebot3_example:/opt/ros/humble LD_LIBRARY_PATH=/home/bchoe7/turtlebot3_ws/src/install/turtlebot3_msgs/lib:/home/bchoe7/turtlebot3_ws/install/turtlebot3_msgs/lib:/home/bchoe7/turtlebot3_ws/install/dynamixel_sdk_custom_interfaces/lib:/home/bchoe7/turtlebot3_ws/install/dynamixel_sdk/lib:/usr/lib/x86_64-linux-gnu/gazebo-11/plugins:/opt/ros/humble/opt/rviz_ogre_vendor/lib:/opt/ros/humble/lib/x86_64-linux-gnu:/opt/ros/humble/lib:/usr/lib/x86_64-linux-gnu/gazebo-11/plugins PYTHONPATH=/home/bchoe7/turtlebot3_ws/src/install/turtlebot3_msgs/local/lib/python3.10/dist-packages:${PYTHONPATH} /usr/bin/cmake --build /home/bchoe7/turtlebot3_ws/src/build/turtlebot3_fake_node -- -j32 -l32
[7.325s] Invoking command in '/home/bchoe7/turtlebot3_ws/src/build/turtlebot3_fake_node': AMENT_PREFIX_PATH=/home/bchoe7/turtlebot3_ws/src/install/turtlebot3_msgs:${AMENT_PREFIX_PATH} CMAKE_PREFIX_PATH=/home/bchoe7/turtlebot3_ws/src/install/turtlebot3_msgs:/home/bchoe7/turtlebot3_ws/install/turtlebot3:/home/bchoe7/turtlebot3_ws/install/turtlebot3_simulations:/home/bchoe7/turtlebot3_ws/install/turtlebot3_bringup:/home/bchoe7/turtlebot3_ws/install/turtlebot3_node:/home/bchoe7/turtlebot3_ws/install/turtlebot3_multi_robot:/home/bchoe7/turtlebot3_ws/install/turtlebot3_navigation2:/home/bchoe7/turtlebot3_ws/install/turtlebot3_fake_node:/home/bchoe7/turtlebot3_ws/install/turtlebot3_msgs:/home/bchoe7/turtlebot3_ws/install/turtlebot3_gazebo:/home/bchoe7/turtlebot3_ws/install/turtlebot3_description:/home/bchoe7/turtlebot3_ws/install/turtlebot3_cartographer:/home/bchoe7/turtlebot3_ws/install/dynamixel_sdk_examples:/home/bchoe7/turtlebot3_ws/install/dynamixel_sdk_custom_interfaces:/home/bchoe7/turtlebot3_ws/install/dynamixel_sdk:/home/bchoe7/turtlebot3_ws/install/turtlebot3_teleop:/home/bchoe7/turtlebot3_ws/install/turtlebot3_example:/opt/ros/humble LD_LIBRARY_PATH=/home/bchoe7/turtlebot3_ws/src/install/turtlebot3_msgs/lib:/home/bchoe7/turtlebot3_ws/install/turtlebot3_msgs/lib:/home/bchoe7/turtlebot3_ws/install/dynamixel_sdk_custom_interfaces/lib:/home/bchoe7/turtlebot3_ws/install/dynamixel_sdk/lib:/usr/lib/x86_64-linux-gnu/gazebo-11/plugins:/opt/ros/humble/opt/rviz_ogre_vendor/lib:/opt/ros/humble/lib/x86_64-linux-gnu:/opt/ros/humble/lib:/usr/lib/x86_64-linux-gnu/gazebo-11/plugins PYTHONPATH=/home/bchoe7/turtlebot3_ws/src/install/turtlebot3_msgs/local/lib/python3.10/dist-packages:${PYTHONPATH} /usr/bin/cmake --install /home/bchoe7/turtlebot3_ws/src/build/turtlebot3_fake_node
[7.328s] -- Install configuration: ""
[7.329s] -- Execute custom install script
[7.329s] -- Symlinking: /home/bchoe7/turtlebot3_ws/src/install/turtlebot3_fake_node/lib/turtlebot3_fake_node/turtlebot3_fake_node
[7.333s] -- Symlinking: /home/bchoe7/turtlebot3_ws/src/install/turtlebot3_fake_node/share/turtlebot3_fake_node/launch/rviz2.launch.py
[7.338s] -- Symlinking: /home/bchoe7/turtlebot3_ws/src/install/turtlebot3_fake_node/share/turtlebot3_fake_node/launch/turtlebot3_fake_node.launch.py
[7.343s] -- Symlinking: /home/bchoe7/turtlebot3_ws/src/install/turtlebot3_fake_node/share/turtlebot3_fake_node/param/burger.yaml
[7.348s] -- Symlinking: /home/bchoe7/turtlebot3_ws/src/install/turtlebot3_fake_node/share/turtlebot3_fake_node/param/waffle.yaml
[7.354s] -- Symlinking: /home/bchoe7/turtlebot3_ws/src/install/turtlebot3_fake_node/share/turtlebot3_fake_node/param/waffle_pi.yaml
[7.360s] -- Symlinking: /home/bchoe7/turtlebot3_ws/src/install/turtlebot3_fake_node/include//turtlebot3_fake_node/turtlebot3_fake_node.hpp
[7.365s] -- Symlinking: /home/bchoe7/turtlebot3_ws/src/install/turtlebot3_fake_node/share/ament_index/resource_index/package_run_dependencies/turtlebot3_fake_node
[7.369s] -- Symlinking: /home/bchoe7/turtlebot3_ws/src/install/turtlebot3_fake_node/share/ament_index/resource_index/parent_prefix_path/turtlebot3_fake_node
[7.374s] -- Symlinking: /home/bchoe7/turtlebot3_ws/src/install/turtlebot3_fake_node/share/turtlebot3_fake_node/environment/ament_prefix_path.sh
[7.380s] -- Symlinking: /home/bchoe7/turtlebot3_ws/src/install/turtlebot3_fake_node/share/turtlebot3_fake_node/environment/ament_prefix_path.dsv
[7.384s] -- Symlinking: /home/bchoe7/turtlebot3_ws/src/install/turtlebot3_fake_node/share/turtlebot3_fake_node/environment/path.sh
[7.390s] -- Symlinking: /home/bchoe7/turtlebot3_ws/src/install/turtlebot3_fake_node/share/turtlebot3_fake_node/environment/path.dsv
[7.394s] -- Symlinking: /home/bchoe7/turtlebot3_ws/src/install/turtlebot3_fake_node/share/turtlebot3_fake_node/local_setup.bash
[7.399s] -- Symlinking: /home/bchoe7/turtlebot3_ws/src/install/turtlebot3_fake_node/share/turtlebot3_fake_node/local_setup.sh
[7.403s] -- Symlinking: /home/bchoe7/turtlebot3_ws/src/install/turtlebot3_fake_node/share/turtlebot3_fake_node/local_setup.zsh
[7.407s] -- Symlinking: /home/bchoe7/turtlebot3_ws/src/install/turtlebot3_fake_node/share/turtlebot3_fake_node/local_setup.dsv
[7.412s] -- Symlinking: /home/bchoe7/turtlebot3_ws/src/install/turtlebot3_fake_node/share/turtlebot3_fake_node/package.dsv
[7.417s] -- Symlinking: /home/bchoe7/turtlebot3_ws/src/install/turtlebot3_fake_node/share/ament_index/resource_index/packages/turtlebot3_fake_node
[7.423s] -- Symlinking: /home/bchoe7/turtlebot3_ws/src/install/turtlebot3_fake_node/share/turtlebot3_fake_node/cmake/ament_cmake_export_include_directories-extras.cmake
[7.426s] -- Symlinking: /home/bchoe7/turtlebot3_ws/src/install/turtlebot3_fake_node/share/turtlebot3_fake_node/cmake/ament_cmake_export_dependencies-extras.cmake
[7.430s] -- Symlinking: /home/bchoe7/turtlebot3_ws/src/install/turtlebot3_fake_node/share/turtlebot3_fake_node/cmake/turtlebot3_fake_nodeConfig.cmake
[7.435s] -- Symlinking: /home/bchoe7/turtlebot3_ws/src/install/turtlebot3_fake_node/share/turtlebot3_fake_node/cmake/turtlebot3_fake_nodeConfig-version.cmake
[7.438s] -- Symlinking: /home/bchoe7/turtlebot3_ws/src/install/turtlebot3_fake_node/share/turtlebot3_fake_node/package.xml
[7.444s] Invoked command in '/home/bchoe7/turtlebot3_ws/src/build/turtlebot3_fake_node' returned '0': AMENT_PREFIX_PATH=/home/bchoe7/turtlebot3_ws/src/install/turtlebot3_msgs:${AMENT_PREFIX_PATH} CMAKE_PREFIX_PATH=/home/bchoe7/turtlebot3_ws/src/install/turtlebot3_msgs:/home/bchoe7/turtlebot3_ws/install/turtlebot3:/home/bchoe7/turtlebot3_ws/install/turtlebot3_simulations:/home/bchoe7/turtlebot3_ws/install/turtlebot3_bringup:/home/bchoe7/turtlebot3_ws/install/turtlebot3_node:/home/bchoe7/turtlebot3_ws/install/turtlebot3_multi_robot:/home/bchoe7/turtlebot3_ws/install/turtlebot3_navigation2:/home/bchoe7/turtlebot3_ws/install/turtlebot3_fake_node:/home/bchoe7/turtlebot3_ws/install/turtlebot3_msgs:/home/bchoe7/turtlebot3_ws/install/turtlebot3_gazebo:/home/bchoe7/turtlebot3_ws/install/turtlebot3_description:/home/bchoe7/turtlebot3_ws/install/turtlebot3_cartographer:/home/bchoe7/turtlebot3_ws/install/dynamixel_sdk_examples:/home/bchoe7/turtlebot3_ws/install/dynamixel_sdk_custom_interfaces:/home/bchoe7/turtlebot3_ws/install/dynamixel_sdk:/home/bchoe7/turtlebot3_ws/install/turtlebot3_teleop:/home/bchoe7/turtlebot3_ws/install/turtlebot3_example:/opt/ros/humble LD_LIBRARY_PATH=/home/bchoe7/turtlebot3_ws/src/install/turtlebot3_msgs/lib:/home/bchoe7/turtlebot3_ws/install/turtlebot3_msgs/lib:/home/bchoe7/turtlebot3_ws/install/dynamixel_sdk_custom_interfaces/lib:/home/bchoe7/turtlebot3_ws/install/dynamixel_sdk/lib:/usr/lib/x86_64-linux-gnu/gazebo-11/plugins:/opt/ros/humble/opt/rviz_ogre_vendor/lib:/opt/ros/humble/lib/x86_64-linux-gnu:/opt/ros/humble/lib:/usr/lib/x86_64-linux-gnu/gazebo-11/plugins PYTHONPATH=/home/bchoe7/turtlebot3_ws/src/install/turtlebot3_msgs/local/lib/python3.10/dist-packages:${PYTHONPATH} /usr/bin/cmake --install /home/bchoe7/turtlebot3_ws/src/build/turtlebot3_fake_node
