-- Found ament_cmake: 1.3.11 (/opt/ros/humble/share/ament_cmake/cmake)
-- Override CMake install command with custom implementation using symlinks instead of copying resources
-- Configuring done
-- Generating done
-- Build files have been written to: /home/bchoe7/seeing_saying_solving/turtlebot3_ws_s3/build/turtlebot3_multi_robot
-- Install configuration: ""
-- Execute custom install script
-- Up-to-date symlink: /home/bchoe7/seeing_saying_solving/turtlebot3_ws_s3/install/turtlebot3_multi_robot/share/turtlebot3_multi_robot//launch/experimental_launch.py
-- Up-to-date symlink: /home/bchoe7/seeing_saying_solving/turtlebot3_ws_s3/install/turtlebot3_multi_robot/share/turtlebot3_multi_robot//launch/gazebo_multi_nav2_world.launch.py
-- Up-to-date symlink: /home/bchoe7/seeing_saying_solving/turtlebot3_ws_s3/install/turtlebot3_multi_robot/share/turtlebot3_multi_robot//launch/gazebo_multi_world.launch.py
-- Up-to-date symlink: /home/bchoe7/seeing_saying_solving/turtlebot3_ws_s3/install/turtlebot3_multi_robot/share/turtlebot3_multi_robot//launch/launch_with_cost_map_mask.py
-- Up-to-date symlink: /home/bchoe7/seeing_saying_solving/turtlebot3_ws_s3/install/turtlebot3_multi_robot/share/turtlebot3_multi_robot//launch/nav2_bringup/bringup_launch.py
-- Up-to-date symlink: /home/bchoe7/seeing_saying_solving/turtlebot3_ws_s3/install/turtlebot3_multi_robot/share/turtlebot3_multi_robot//launch/nav2_bringup/localization_launch.py
-- Up-to-date symlink: /home/bchoe7/seeing_saying_solving/turtlebot3_ws_s3/install/turtlebot3_multi_robot/share/turtlebot3_multi_robot//launch/nav2_bringup/navigation_launch.py
-- Up-to-date symlink: /home/bchoe7/seeing_saying_solving/turtlebot3_ws_s3/install/turtlebot3_multi_robot/share/turtlebot3_multi_robot//launch/nav2_bringup/rviz_launch.py
-- Up-to-date symlink: /home/bchoe7/seeing_saying_solving/turtlebot3_ws_s3/install/turtlebot3_multi_robot/share/turtlebot3_multi_robot//launch/nav2_bringup/slam_launch.py
-- Up-to-date symlink: /home/bchoe7/seeing_saying_solving/turtlebot3_ws_s3/install/turtlebot3_multi_robot/share/turtlebot3_multi_robot//launch/warehouse_gazebo_multi_nav2_world.launch.py
-- Up-to-date symlink: /home/bchoe7/seeing_saying_solving/turtlebot3_ws_s3/install/turtlebot3_multi_robot/share/turtlebot3_multi_robot//models/CMakeLists.txt
-- Up-to-date symlink: /home/bchoe7/seeing_saying_solving/turtlebot3_ws_s3/install/turtlebot3_multi_robot/share/turtlebot3_multi_robot//models/aws_robomaker_warehouse_Bucket_01/.DS_Store
-- Up-to-date symlink: /home/bchoe7/seeing_saying_solving/turtlebot3_ws_s3/install/turtlebot3_multi_robot/share/turtlebot3_multi_robot//models/aws_robomaker_warehouse_Bucket_01/materials/.DS_Store
-- Up-to-date symlink: /home/bchoe7/seeing_saying_solving/turtlebot3_ws_s3/install/turtlebot3_multi_robot/share/turtlebot3_multi_robot//models/aws_robomaker_warehouse_Bucket_01/materials/textures/aws_robomaker_warehouse_Bucket_01.png
-- Up-to-date symlink: /home/bchoe7/seeing_saying_solving/turtlebot3_ws_s3/install/turtlebot3_multi_robot/share/turtlebot3_multi_robot//models/aws_robomaker_warehouse_Bucket_01/meshes/aws_robomaker_warehouse_Bucket_01_collision.DAE
-- Up-to-date symlink: /home/bchoe7/seeing_saying_solving/turtlebot3_ws_s3/install/turtlebot3_multi_robot/share/turtlebot3_multi_robot//models/aws_robomaker_warehouse_Bucket_01/meshes/aws_robomaker_warehouse_Bucket_01_visual.DAE
-- Up-to-date symlink: /home/bchoe7/seeing_saying_solving/turtlebot3_ws_s3/install/turtlebot3_multi_robot/share/turtlebot3_multi_robot//models/aws_robomaker_warehouse_Bucket_01/model.config
-- Up-to-date symlink: /home/bchoe7/seeing_saying_solving/turtlebot3_ws_s3/install/turtlebot3_multi_robot/share/turtlebot3_multi_robot//models/aws_robomaker_warehouse_Bucket_01/model.sdf
-- Up-to-date symlink: /home/bchoe7/seeing_saying_solving/turtlebot3_ws_s3/install/turtlebot3_multi_robot/share/turtlebot3_multi_robot//models/aws_robomaker_warehouse_ClutteringA_01/.DS_Store
-- Up-to-date symlink: /home/bchoe7/seeing_saying_solving/turtlebot3_ws_s3/install/turtlebot3_multi_robot/share/turtlebot3_multi_robot//models/aws_robomaker_warehouse_ClutteringA_01/materials/.DS_Store
-- Up-to-date symlink: /home/bchoe7/seeing_saying_solving/turtlebot3_ws_s3/install/turtlebot3_multi_robot/share/turtlebot3_multi_robot//models/aws_robomaker_warehouse_ClutteringA_01/materials/textures/.DS_Store
-- Up-to-date symlink: /home/bchoe7/seeing_saying_solving/turtlebot3_ws_s3/install/turtlebot3_multi_robot/share/turtlebot3_multi_robot//models/aws_robomaker_warehouse_ClutteringA_01/materials/textures/aws_robomaker_warehouse_ClutteringA_01.png
-- Up-to-date symlink: /home/bchoe7/seeing_saying_solving/turtlebot3_ws_s3/install/turtlebot3_multi_robot/share/turtlebot3_multi_robot//models/aws_robomaker_warehouse_ClutteringA_01/materials/textures/aws_robomaker_warehouse_ClutteringA_02.png
-- Up-to-date symlink: /home/bchoe7/seeing_saying_solving/turtlebot3_ws_s3/install/turtlebot3_multi_robot/share/turtlebot3_multi_robot//models/aws_robomaker_warehouse_ClutteringA_01/materials/textures/aws_robomaker_warehouse_ClutteringA_03.png
-- Up-to-date symlink: /home/bchoe7/seeing_saying_solving/turtlebot3_ws_s3/install/turtlebot3_multi_robot/share/turtlebot3_multi_robot//models/aws_robomaker_warehouse_ClutteringA_01/meshes/aws_robomaker_warehouse_ClutteringA_01_collision.DAE
-- Up-to-date symlink: /home/bchoe7/seeing_saying_solving/turtlebot3_ws_s3/install/turtlebot3_multi_robot/share/turtlebot3_multi_robot//models/aws_robomaker_warehouse_ClutteringA_01/meshes/aws_robomaker_warehouse_ClutteringA_01_visual.DAE
-- Up-to-date symlink: /home/bchoe7/seeing_saying_solving/turtlebot3_ws_s3/install/turtlebot3_multi_robot/share/turtlebot3_multi_robot//models/aws_robomaker_warehouse_ClutteringA_01/model.config
-- Up-to-date symlink: /home/bchoe7/seeing_saying_solving/turtlebot3_ws_s3/install/turtlebot3_multi_robot/share/turtlebot3_multi_robot//models/aws_robomaker_warehouse_ClutteringA_01/model.sdf
-- Up-to-date symlink: /home/bchoe7/seeing_saying_solving/turtlebot3_ws_s3/install/turtlebot3_multi_robot/share/turtlebot3_multi_robot//models/aws_robomaker_warehouse_ClutteringC_01/materials/textures/aws_robomaker_warehouse_ClutteringC_01.png
-- Up-to-date symlink: /home/bchoe7/seeing_saying_solving/turtlebot3_ws_s3/install/turtlebot3_multi_robot/share/turtlebot3_multi_robot//models/aws_robomaker_warehouse_ClutteringC_01/materials/textures/aws_robomaker_warehouse_ClutteringC_02.png
-- Up-to-date symlink: /home/bchoe7/seeing_saying_solving/turtlebot3_ws_s3/install/turtlebot3_multi_robot/share/turtlebot3_multi_robot//models/aws_robomaker_warehouse_ClutteringC_01/meshes/aws_robomaker_warehouse_ClutteringC_01_collision.DAE
-- Up-to-date symlink: /home/bchoe7/seeing_saying_solving/turtlebot3_ws_s3/install/turtlebot3_multi_robot/share/turtlebot3_multi_robot//models/aws_robomaker_warehouse_ClutteringC_01/meshes/aws_robomaker_warehouse_ClutteringC_01_visual.DAE
-- Up-to-date symlink: /home/bchoe7/seeing_saying_solving/turtlebot3_ws_s3/install/turtlebot3_multi_robot/share/turtlebot3_multi_robot//models/aws_robomaker_warehouse_ClutteringC_01/model.config
-- Up-to-date symlink: /home/bchoe7/seeing_saying_solving/turtlebot3_ws_s3/install/turtlebot3_multi_robot/share/turtlebot3_multi_robot//models/aws_robomaker_warehouse_ClutteringC_01/model.sdf
-- Up-to-date symlink: /home/bchoe7/seeing_saying_solving/turtlebot3_ws_s3/install/turtlebot3_multi_robot/share/turtlebot3_multi_robot//models/aws_robomaker_warehouse_ClutteringD_01/materials/textures/aws_robomaker_warehouse_ClutteringD_01.png
-- Up-to-date symlink: /home/bchoe7/seeing_saying_solving/turtlebot3_ws_s3/install/turtlebot3_multi_robot/share/turtlebot3_multi_robot//models/aws_robomaker_warehouse_ClutteringD_01/materials/textures/aws_robomaker_warehouse_ClutteringD_02.png
-- Up-to-date symlink: /home/bchoe7/seeing_saying_solving/turtlebot3_ws_s3/install/turtlebot3_multi_robot/share/turtlebot3_multi_robot//models/aws_robomaker_warehouse_ClutteringD_01/meshes/aws_robomaker_warehouse_ClutteringD_01_collision.DAE
-- Up-to-date symlink: /home/bchoe7/seeing_saying_solving/turtlebot3_ws_s3/install/turtlebot3_multi_robot/share/turtlebot3_multi_robot//models/aws_robomaker_warehouse_ClutteringD_01/meshes/aws_robomaker_warehouse_ClutteringD_01_visual.DAE
-- Up-to-date symlink: /home/bchoe7/seeing_saying_solving/turtlebot3_ws_s3/install/turtlebot3_multi_robot/share/turtlebot3_multi_robot//models/aws_robomaker_warehouse_ClutteringD_01/model.config
-- Up-to-date symlink: /home/bchoe7/seeing_saying_solving/turtlebot3_ws_s3/install/turtlebot3_multi_robot/share/turtlebot3_multi_robot//models/aws_robomaker_warehouse_ClutteringD_01/model.sdf
-- Up-to-date symlink: /home/bchoe7/seeing_saying_solving/turtlebot3_ws_s3/install/turtlebot3_multi_robot/share/turtlebot3_multi_robot//models/aws_robomaker_warehouse_DeskC_01/materials/.DS_Store
-- Up-to-date symlink: /home/bchoe7/seeing_saying_solving/turtlebot3_ws_s3/install/turtlebot3_multi_robot/share/turtlebot3_multi_robot//models/aws_robomaker_warehouse_DeskC_01/materials/textures/aws_robomaker_warehouse_DeskC_01.png
-- Up-to-date symlink: /home/bchoe7/seeing_saying_solving/turtlebot3_ws_s3/install/turtlebot3_multi_robot/share/turtlebot3_multi_robot//models/aws_robomaker_warehouse_DeskC_01/materials/textures/aws_robomaker_warehouse_DeskC_02.png
-- Up-to-date symlink: /home/bchoe7/seeing_saying_solving/turtlebot3_ws_s3/install/turtlebot3_multi_robot/share/turtlebot3_multi_robot//models/aws_robomaker_warehouse_DeskC_01/materials/textures/aws_robomaker_warehouse_DeskC_03.png
-- Up-to-date symlink: /home/bchoe7/seeing_saying_solving/turtlebot3_ws_s3/install/turtlebot3_multi_robot/share/turtlebot3_multi_robot//models/aws_robomaker_warehouse_DeskC_01/materials/textures/aws_robomaker_warehouse_DeskC_03.psd
-- Up-to-date symlink: /home/bchoe7/seeing_saying_solving/turtlebot3_ws_s3/install/turtlebot3_multi_robot/share/turtlebot3_multi_robot//models/aws_robomaker_warehouse_DeskC_01/materials/textures/aws_robomaker_warehouse_DeskC_04.png
-- Up-to-date symlink: /home/bchoe7/seeing_saying_solving/turtlebot3_ws_s3/install/turtlebot3_multi_robot/share/turtlebot3_multi_robot//models/aws_robomaker_warehouse_DeskC_01/meshes/aws_robomaker_warehouse_DeskC_01_collision.DAE
-- Up-to-date symlink: /home/bchoe7/seeing_saying_solving/turtlebot3_ws_s3/install/turtlebot3_multi_robot/share/turtlebot3_multi_robot//models/aws_robomaker_warehouse_DeskC_01/meshes/aws_robomaker_warehouse_DeskC_01_visual.DAE
-- Up-to-date symlink: /home/bchoe7/seeing_saying_solving/turtlebot3_ws_s3/install/turtlebot3_multi_robot/share/turtlebot3_multi_robot//models/aws_robomaker_warehouse_DeskC_01/model.config
-- Up-to-date symlink: /home/bchoe7/seeing_saying_solving/turtlebot3_ws_s3/install/turtlebot3_multi_robot/share/turtlebot3_multi_robot//models/aws_robomaker_warehouse_DeskC_01/model.sdf
-- Up-to-date symlink: /home/bchoe7/seeing_saying_solving/turtlebot3_ws_s3/install/turtlebot3_multi_robot/share/turtlebot3_multi_robot//models/aws_robomaker_warehouse_GroundB_01/materials/textures/aws_robomaker_warehouse_GroundB_01.png
-- Up-to-date symlink: /home/bchoe7/seeing_saying_solving/turtlebot3_ws_s3/install/turtlebot3_multi_robot/share/turtlebot3_multi_robot//models/aws_robomaker_warehouse_GroundB_01/materials/textures/aws_robomaker_warehouse_GroundB_02.png
-- Up-to-date symlink: /home/bchoe7/seeing_saying_solving/turtlebot3_ws_s3/install/turtlebot3_multi_robot/share/turtlebot3_multi_robot//models/aws_robomaker_warehouse_GroundB_01/meshes/aws_robomaker_warehouse_GroundB_01_collision.DAE
-- Up-to-date symlink: /home/bchoe7/seeing_saying_solving/turtlebot3_ws_s3/install/turtlebot3_multi_robot/share/turtlebot3_multi_robot//models/aws_robomaker_warehouse_GroundB_01/meshes/aws_robomaker_warehouse_GroundB_01_visual.DAE
-- Up-to-date symlink: /home/bchoe7/seeing_saying_solving/turtlebot3_ws_s3/install/turtlebot3_multi_robot/share/turtlebot3_multi_robot//models/aws_robomaker_warehouse_GroundB_01/model.config
-- Up-to-date symlink: /home/bchoe7/seeing_saying_solving/turtlebot3_ws_s3/install/turtlebot3_multi_robot/share/turtlebot3_multi_robot//models/aws_robomaker_warehouse_GroundB_01/model.sdf
-- Up-to-date symlink: /home/bchoe7/seeing_saying_solving/turtlebot3_ws_s3/install/turtlebot3_multi_robot/share/turtlebot3_multi_robot//models/aws_robomaker_warehouse_Lamp_01/materials/textures/aws_robomaker_warehouse_Lamp_01.png
-- Up-to-date symlink: /home/bchoe7/seeing_saying_solving/turtlebot3_ws_s3/install/turtlebot3_multi_robot/share/turtlebot3_multi_robot//models/aws_robomaker_warehouse_Lamp_01/meshes/aws_robomaker_warehouse_Lamp_01_collision.DAE
-- Up-to-date symlink: /home/bchoe7/seeing_saying_solving/turtlebot3_ws_s3/install/turtlebot3_multi_robot/share/turtlebot3_multi_robot//models/aws_robomaker_warehouse_Lamp_01/meshes/aws_robomaker_warehouse_Lamp_01_visual.DAE
-- Up-to-date symlink: /home/bchoe7/seeing_saying_solving/turtlebot3_ws_s3/install/turtlebot3_multi_robot/share/turtlebot3_multi_robot//models/aws_robomaker_warehouse_Lamp_01/model.config
-- Up-to-date symlink: /home/bchoe7/seeing_saying_solving/turtlebot3_ws_s3/install/turtlebot3_multi_robot/share/turtlebot3_multi_robot//models/aws_robomaker_warehouse_Lamp_01/model.sdf
-- Up-to-date symlink: /home/bchoe7/seeing_saying_solving/turtlebot3_ws_s3/install/turtlebot3_multi_robot/share/turtlebot3_multi_robot//models/aws_robomaker_warehouse_PalletJackB_01/.DS_Store
-- Up-to-date symlink: /home/bchoe7/seeing_saying_solving/turtlebot3_ws_s3/install/turtlebot3_multi_robot/share/turtlebot3_multi_robot//models/aws_robomaker_warehouse_PalletJackB_01/materials/.DS_Store
-- Up-to-date symlink: /home/bchoe7/seeing_saying_solving/turtlebot3_ws_s3/install/turtlebot3_multi_robot/share/turtlebot3_multi_robot//models/aws_robomaker_warehouse_PalletJackB_01/materials/textures/aws_robomaker_warehouse_PalletJackB_01.png
-- Up-to-date symlink: /home/bchoe7/seeing_saying_solving/turtlebot3_ws_s3/install/turtlebot3_multi_robot/share/turtlebot3_multi_robot//models/aws_robomaker_warehouse_PalletJackB_01/materials/textures/aws_robomaker_warehouse_PalletJackB_02.png
-- Up-to-date symlink: /home/bchoe7/seeing_saying_solving/turtlebot3_ws_s3/install/turtlebot3_multi_robot/share/turtlebot3_multi_robot//models/aws_robomaker_warehouse_PalletJackB_01/meshes/aws_robomaker_warehouse_PalletJackB_01_collision.DAE
-- Up-to-date symlink: /home/bchoe7/seeing_saying_solving/turtlebot3_ws_s3/install/turtlebot3_multi_robot/share/turtlebot3_multi_robot//models/aws_robomaker_warehouse_PalletJackB_01/meshes/aws_robomaker_warehouse_PalletJackB_01_visual.DAE
-- Up-to-date symlink: /home/bchoe7/seeing_saying_solving/turtlebot3_ws_s3/install/turtlebot3_multi_robot/share/turtlebot3_multi_robot//models/aws_robomaker_warehouse_PalletJackB_01/model.config
-- Up-to-date symlink: /home/bchoe7/seeing_saying_solving/turtlebot3_ws_s3/install/turtlebot3_multi_robot/share/turtlebot3_multi_robot//models/aws_robomaker_warehouse_PalletJackB_01/model.sdf
-- Up-to-date symlink: /home/bchoe7/seeing_saying_solving/turtlebot3_ws_s3/install/turtlebot3_multi_robot/share/turtlebot3_multi_robot//models/aws_robomaker_warehouse_RoofB_01/materials/textures/aws_robomaker_warehouse_RoofB_01.png
-- Up-to-date symlink: /home/bchoe7/seeing_saying_solving/turtlebot3_ws_s3/install/turtlebot3_multi_robot/share/turtlebot3_multi_robot//models/aws_robomaker_warehouse_RoofB_01/meshes/aws_robomaker_warehouse_RoofB_01_collision.DAE
-- Up-to-date symlink: /home/bchoe7/seeing_saying_solving/turtlebot3_ws_s3/install/turtlebot3_multi_robot/share/turtlebot3_multi_robot//models/aws_robomaker_warehouse_RoofB_01/meshes/aws_robomaker_warehouse_RoofB_01_visual.DAE
-- Up-to-date symlink: /home/bchoe7/seeing_saying_solving/turtlebot3_ws_s3/install/turtlebot3_multi_robot/share/turtlebot3_multi_robot//models/aws_robomaker_warehouse_RoofB_01/model.config
-- Up-to-date symlink: /home/bchoe7/seeing_saying_solving/turtlebot3_ws_s3/install/turtlebot3_multi_robot/share/turtlebot3_multi_robot//models/aws_robomaker_warehouse_RoofB_01/model.sdf
-- Up-to-date symlink: /home/bchoe7/seeing_saying_solving/turtlebot3_ws_s3/install/turtlebot3_multi_robot/share/turtlebot3_multi_robot//models/aws_robomaker_warehouse_ShelfD_01/materials/textures/aws_robomaker_warehouse_ShelfD_01.png
-- Up-to-date symlink: /home/bchoe7/seeing_saying_solving/turtlebot3_ws_s3/install/turtlebot3_multi_robot/share/turtlebot3_multi_robot//models/aws_robomaker_warehouse_ShelfD_01/materials/textures/aws_robomaker_warehouse_ShelfD_02.png
-- Up-to-date symlink: /home/bchoe7/seeing_saying_solving/turtlebot3_ws_s3/install/turtlebot3_multi_robot/share/turtlebot3_multi_robot//models/aws_robomaker_warehouse_ShelfD_01/materials/textures/aws_robomaker_warehouse_ShelfD_03.png
-- Up-to-date symlink: /home/bchoe7/seeing_saying_solving/turtlebot3_ws_s3/install/turtlebot3_multi_robot/share/turtlebot3_multi_robot//models/aws_robomaker_warehouse_ShelfD_01/materials/textures/aws_robomaker_warehouse_ShelfD_04.png
-- Up-to-date symlink: /home/bchoe7/seeing_saying_solving/turtlebot3_ws_s3/install/turtlebot3_multi_robot/share/turtlebot3_multi_robot//models/aws_robomaker_warehouse_ShelfD_01/meshes/aws_robomaker_warehouse_ShelfD_01_collision.DAE
-- Up-to-date symlink: /home/bchoe7/seeing_saying_solving/turtlebot3_ws_s3/install/turtlebot3_multi_robot/share/turtlebot3_multi_robot//models/aws_robomaker_warehouse_ShelfD_01/meshes/aws_robomaker_warehouse_ShelfD_01_visual.DAE
-- Up-to-date symlink: /home/bchoe7/seeing_saying_solving/turtlebot3_ws_s3/install/turtlebot3_multi_robot/share/turtlebot3_multi_robot//models/aws_robomaker_warehouse_ShelfD_01/model.config
-- Up-to-date symlink: /home/bchoe7/seeing_saying_solving/turtlebot3_ws_s3/install/turtlebot3_multi_robot/share/turtlebot3_multi_robot//models/aws_robomaker_warehouse_ShelfD_01/model.sdf
-- Up-to-date symlink: /home/bchoe7/seeing_saying_solving/turtlebot3_ws_s3/install/turtlebot3_multi_robot/share/turtlebot3_multi_robot//models/aws_robomaker_warehouse_ShelfE_01/.DS_Store
-- Up-to-date symlink: /home/bchoe7/seeing_saying_solving/turtlebot3_ws_s3/install/turtlebot3_multi_robot/share/turtlebot3_multi_robot//models/aws_robomaker_warehouse_ShelfE_01/materials/.DS_Store
-- Up-to-date symlink: /home/bchoe7/seeing_saying_solving/turtlebot3_ws_s3/install/turtlebot3_multi_robot/share/turtlebot3_multi_robot//models/aws_robomaker_warehouse_ShelfE_01/materials/textures/aws_robomaker_warehouse_ShelfE_01.png
-- Up-to-date symlink: /home/bchoe7/seeing_saying_solving/turtlebot3_ws_s3/install/turtlebot3_multi_robot/share/turtlebot3_multi_robot//models/aws_robomaker_warehouse_ShelfE_01/materials/textures/aws_robomaker_warehouse_ShelfE_02.png
-- Up-to-date symlink: /home/bchoe7/seeing_saying_solving/turtlebot3_ws_s3/install/turtlebot3_multi_robot/share/turtlebot3_multi_robot//models/aws_robomaker_warehouse_ShelfE_01/materials/textures/aws_robomaker_warehouse_ShelfE_03.png
-- Up-to-date symlink: /home/bchoe7/seeing_saying_solving/turtlebot3_ws_s3/install/turtlebot3_multi_robot/share/turtlebot3_multi_robot//models/aws_robomaker_warehouse_ShelfE_01/materials/textures/aws_robomaker_warehouse_ShelfE_04.png
-- Up-to-date symlink: /home/bchoe7/seeing_saying_solving/turtlebot3_ws_s3/install/turtlebot3_multi_robot/share/turtlebot3_multi_robot//models/aws_robomaker_warehouse_ShelfE_01/meshes/aws_robomaker_warehouse_ShelfE_01_collision.DAE
-- Up-to-date symlink: /home/bchoe7/seeing_saying_solving/turtlebot3_ws_s3/install/turtlebot3_multi_robot/share/turtlebot3_multi_robot//models/aws_robomaker_warehouse_ShelfE_01/meshes/aws_robomaker_warehouse_ShelfE_01_visual.DAE
-- Up-to-date symlink: /home/bchoe7/seeing_saying_solving/turtlebot3_ws_s3/install/turtlebot3_multi_robot/share/turtlebot3_multi_robot//models/aws_robomaker_warehouse_ShelfE_01/model.config
-- Up-to-date symlink: /home/bchoe7/seeing_saying_solving/turtlebot3_ws_s3/install/turtlebot3_multi_robot/share/turtlebot3_multi_robot//models/aws_robomaker_warehouse_ShelfE_01/model.sdf
-- Up-to-date symlink: /home/bchoe7/seeing_saying_solving/turtlebot3_ws_s3/install/turtlebot3_multi_robot/share/turtlebot3_multi_robot//models/aws_robomaker_warehouse_ShelfF_01/materials/textures/aws_robomaker_warehouse_ShelfF_01.png
-- Up-to-date symlink: /home/bchoe7/seeing_saying_solving/turtlebot3_ws_s3/install/turtlebot3_multi_robot/share/turtlebot3_multi_robot//models/aws_robomaker_warehouse_ShelfF_01/materials/textures/aws_robomaker_warehouse_ShelfF_02.png
-- Up-to-date symlink: /home/bchoe7/seeing_saying_solving/turtlebot3_ws_s3/install/turtlebot3_multi_robot/share/turtlebot3_multi_robot//models/aws_robomaker_warehouse_ShelfF_01/materials/textures/aws_robomaker_warehouse_ShelfF_03.png
-- Up-to-date symlink: /home/bchoe7/seeing_saying_solving/turtlebot3_ws_s3/install/turtlebot3_multi_robot/share/turtlebot3_multi_robot//models/aws_robomaker_warehouse_ShelfF_01/meshes/aws_robomaker_warehouse_ShelfF_01_collision.DAE
-- Up-to-date symlink: /home/bchoe7/seeing_saying_solving/turtlebot3_ws_s3/install/turtlebot3_multi_robot/share/turtlebot3_multi_robot//models/aws_robomaker_warehouse_ShelfF_01/meshes/aws_robomaker_warehouse_ShelfF_01_visual.DAE
-- Up-to-date symlink: /home/bchoe7/seeing_saying_solving/turtlebot3_ws_s3/install/turtlebot3_multi_robot/share/turtlebot3_multi_robot//models/aws_robomaker_warehouse_ShelfF_01/model.config
-- Up-to-date symlink: /home/bchoe7/seeing_saying_solving/turtlebot3_ws_s3/install/turtlebot3_multi_robot/share/turtlebot3_multi_robot//models/aws_robomaker_warehouse_ShelfF_01/model.sdf
-- Up-to-date symlink: /home/bchoe7/seeing_saying_solving/turtlebot3_ws_s3/install/turtlebot3_multi_robot/share/turtlebot3_multi_robot//models/aws_robomaker_warehouse_TrashCanC_01/materials/textures/aws_robomaker_warehouse_TrashCanC_01.png
-- Up-to-date symlink: /home/bchoe7/seeing_saying_solving/turtlebot3_ws_s3/install/turtlebot3_multi_robot/share/turtlebot3_multi_robot//models/aws_robomaker_warehouse_TrashCanC_01/meshes/aws_robomaker_warehouse_TrashCanC_01_collision.DAE
-- Up-to-date symlink: /home/bchoe7/seeing_saying_solving/turtlebot3_ws_s3/install/turtlebot3_multi_robot/share/turtlebot3_multi_robot//models/aws_robomaker_warehouse_TrashCanC_01/meshes/aws_robomaker_warehouse_TrashCanC_01_visual.DAE
-- Up-to-date symlink: /home/bchoe7/seeing_saying_solving/turtlebot3_ws_s3/install/turtlebot3_multi_robot/share/turtlebot3_multi_robot//models/aws_robomaker_warehouse_TrashCanC_01/model.config
-- Up-to-date symlink: /home/bchoe7/seeing_saying_solving/turtlebot3_ws_s3/install/turtlebot3_multi_robot/share/turtlebot3_multi_robot//models/aws_robomaker_warehouse_TrashCanC_01/model.sdf
-- Up-to-date symlink: /home/bchoe7/seeing_saying_solving/turtlebot3_ws_s3/install/turtlebot3_multi_robot/share/turtlebot3_multi_robot//models/aws_robomaker_warehouse_WallB_01/materials/textures/aws_robomaker_warehouse_WallB_01.png
-- Up-to-date symlink: /home/bchoe7/seeing_saying_solving/turtlebot3_ws_s3/install/turtlebot3_multi_robot/share/turtlebot3_multi_robot//models/aws_robomaker_warehouse_WallB_01/meshes/aws_robomaker_warehouse_WallB_01_collision.DAE
-- Up-to-date symlink: /home/bchoe7/seeing_saying_solving/turtlebot3_ws_s3/install/turtlebot3_multi_robot/share/turtlebot3_multi_robot//models/aws_robomaker_warehouse_WallB_01/meshes/aws_robomaker_warehouse_WallB_01_visual.DAE
-- Up-to-date symlink: /home/bchoe7/seeing_saying_solving/turtlebot3_ws_s3/install/turtlebot3_multi_robot/share/turtlebot3_multi_robot//models/aws_robomaker_warehouse_WallB_01/model.config
-- Up-to-date symlink: /home/bchoe7/seeing_saying_solving/turtlebot3_ws_s3/install/turtlebot3_multi_robot/share/turtlebot3_multi_robot//models/aws_robomaker_warehouse_WallB_01/model.sdf
-- Up-to-date symlink: /home/bchoe7/seeing_saying_solving/turtlebot3_ws_s3/install/turtlebot3_multi_robot/share/turtlebot3_multi_robot//models/cardboard_box/materials/textures/cardboard_box.png
-- Up-to-date symlink: /home/bchoe7/seeing_saying_solving/turtlebot3_ws_s3/install/turtlebot3_multi_robot/share/turtlebot3_multi_robot//models/cardboard_box/meshes/cardboard_box.dae
-- Up-to-date symlink: /home/bchoe7/seeing_saying_solving/turtlebot3_ws_s3/install/turtlebot3_multi_robot/share/turtlebot3_multi_robot//models/cardboard_box/model.config
-- Up-to-date symlink: /home/bchoe7/seeing_saying_solving/turtlebot3_ws_s3/install/turtlebot3_multi_robot/share/turtlebot3_multi_robot//models/cardboard_box/model.sdf
-- Up-to-date symlink: /home/bchoe7/seeing_saying_solving/turtlebot3_ws_s3/install/turtlebot3_multi_robot/share/turtlebot3_multi_robot//models/check_install.bash
-- Up-to-date symlink: /home/bchoe7/seeing_saying_solving/turtlebot3_ws_s3/install/turtlebot3_multi_robot/share/turtlebot3_multi_robot//models/database.config.in
-- Up-to-date symlink: /home/bchoe7/seeing_saying_solving/turtlebot3_ws_s3/install/turtlebot3_multi_robot/share/turtlebot3_multi_robot//models/euro_pallet/meshes/pallet.dae
-- Up-to-date symlink: /home/bchoe7/seeing_saying_solving/turtlebot3_ws_s3/install/turtlebot3_multi_robot/share/turtlebot3_multi_robot//models/euro_pallet/model.config
-- Up-to-date symlink: /home/bchoe7/seeing_saying_solving/turtlebot3_ws_s3/install/turtlebot3_multi_robot/share/turtlebot3_multi_robot//models/euro_pallet/model.sdf
-- Up-to-date symlink: /home/bchoe7/seeing_saying_solving/turtlebot3_ws_s3/install/turtlebot3_multi_robot/share/turtlebot3_multi_robot//models/turtlebot/materials/textures/68-02421-8000-RA_Turtlebot_F-F_Standoff_color.png
-- Up-to-date symlink: /home/bchoe7/seeing_saying_solving/turtlebot3_ws_s3/install/turtlebot3_multi_robot/share/turtlebot3_multi_robot//models/turtlebot/materials/textures/68-04552-1000-RA_Turtlebot_M-F_Standoff_color.png
-- Up-to-date symlink: /home/bchoe7/seeing_saying_solving/turtlebot3_ws_s3/install/turtlebot3_multi_robot/share/turtlebot3_multi_robot//models/turtlebot/materials/textures/68-04552-2000-RA_Turtlebot_M-F_Standoff_color.png
-- Up-to-date symlink: /home/bchoe7/seeing_saying_solving/turtlebot3_ws_s3/install/turtlebot3_multi_robot/share/turtlebot3_multi_robot//models/turtlebot/materials/textures/create_body.png
-- Up-to-date symlink: /home/bchoe7/seeing_saying_solving/turtlebot3_ws_s3/install/turtlebot3_multi_robot/share/turtlebot3_multi_robot//models/turtlebot/materials/textures/plate_0_logo.png
-- Up-to-date symlink: /home/bchoe7/seeing_saying_solving/turtlebot3_ws_s3/install/turtlebot3_multi_robot/share/turtlebot3_multi_robot//models/turtlebot/materials/textures/plate_1_logo.png
-- Up-to-date symlink: /home/bchoe7/seeing_saying_solving/turtlebot3_ws_s3/install/turtlebot3_multi_robot/share/turtlebot3_multi_robot//models/turtlebot/materials/textures/plate_2_logo.png
-- Up-to-date symlink: /home/bchoe7/seeing_saying_solving/turtlebot3_ws_s3/install/turtlebot3_multi_robot/share/turtlebot3_multi_robot//models/turtlebot/meshes/68-02403-125_Spacer.dae
-- Up-to-date symlink: /home/bchoe7/seeing_saying_solving/turtlebot3_ws_s3/install/turtlebot3_multi_robot/share/turtlebot3_multi_robot//models/turtlebot/meshes/68-02421-8000-RA_Turtlebot_F-F_Standoff.dae
-- Up-to-date symlink: /home/bchoe7/seeing_saying_solving/turtlebot3_ws_s3/install/turtlebot3_multi_robot/share/turtlebot3_multi_robot//models/turtlebot/meshes/68-04552-1000-RA_Turtlebot_M-F_Standoff.dae
-- Up-to-date symlink: /home/bchoe7/seeing_saying_solving/turtlebot3_ws_s3/install/turtlebot3_multi_robot/share/turtlebot3_multi_robot//models/turtlebot/meshes/68-04552-2000-RA_Turtlebot_M-F_Standoff.dae
-- Up-to-date symlink: /home/bchoe7/seeing_saying_solving/turtlebot3_ws_s3/install/turtlebot3_multi_robot/share/turtlebot3_multi_robot//models/turtlebot/meshes/68-04556-RA_Kinect_Standoff_Assy.dae
-- Up-to-date symlink: /home/bchoe7/seeing_saying_solving/turtlebot3_ws_s3/install/turtlebot3_multi_robot/share/turtlebot3_multi_robot//models/turtlebot/meshes/create_body.dae
-- Up-to-date symlink: /home/bchoe7/seeing_saying_solving/turtlebot3_ws_s3/install/turtlebot3_multi_robot/share/turtlebot3_multi_robot//models/turtlebot/meshes/plate_0_logo.dae
-- Up-to-date symlink: /home/bchoe7/seeing_saying_solving/turtlebot3_ws_s3/install/turtlebot3_multi_robot/share/turtlebot3_multi_robot//models/turtlebot/meshes/plate_1_logo.dae
-- Up-to-date symlink: /home/bchoe7/seeing_saying_solving/turtlebot3_ws_s3/install/turtlebot3_multi_robot/share/turtlebot3_multi_robot//models/turtlebot/meshes/plate_2_logo.dae
-- Up-to-date symlink: /home/bchoe7/seeing_saying_solving/turtlebot3_ws_s3/install/turtlebot3_multi_robot/share/turtlebot3_multi_robot//models/turtlebot/model-1_2.sdf
-- Up-to-date symlink: /home/bchoe7/seeing_saying_solving/turtlebot3_ws_s3/install/turtlebot3_multi_robot/share/turtlebot3_multi_robot//models/turtlebot/model-1_3.sdf
-- Up-to-date symlink: /home/bchoe7/seeing_saying_solving/turtlebot3_ws_s3/install/turtlebot3_multi_robot/share/turtlebot3_multi_robot//models/turtlebot/model-1_4.sdf
-- Up-to-date symlink: /home/bchoe7/seeing_saying_solving/turtlebot3_ws_s3/install/turtlebot3_multi_robot/share/turtlebot3_multi_robot//models/turtlebot/model.config
-- Up-to-date symlink: /home/bchoe7/seeing_saying_solving/turtlebot3_ws_s3/install/turtlebot3_multi_robot/share/turtlebot3_multi_robot//models/turtlebot/model.sdf
-- Up-to-date symlink: /home/bchoe7/seeing_saying_solving/turtlebot3_ws_s3/install/turtlebot3_multi_robot/share/turtlebot3_multi_robot//models/turtlebot3_burger/meshes/burger_base.dae
-- Up-to-date symlink: /home/bchoe7/seeing_saying_solving/turtlebot3_ws_s3/install/turtlebot3_multi_robot/share/turtlebot3_multi_robot//models/turtlebot3_burger/meshes/lds.dae
-- Up-to-date symlink: /home/bchoe7/seeing_saying_solving/turtlebot3_ws_s3/install/turtlebot3_multi_robot/share/turtlebot3_multi_robot//models/turtlebot3_burger/meshes/tire.dae
-- Up-to-date symlink: /home/bchoe7/seeing_saying_solving/turtlebot3_ws_s3/install/turtlebot3_multi_robot/share/turtlebot3_multi_robot//models/turtlebot3_burger/model-1_4.sdf
-- Up-to-date symlink: /home/bchoe7/seeing_saying_solving/turtlebot3_ws_s3/install/turtlebot3_multi_robot/share/turtlebot3_multi_robot//models/turtlebot3_burger/model.config
-- Up-to-date symlink: /home/bchoe7/seeing_saying_solving/turtlebot3_ws_s3/install/turtlebot3_multi_robot/share/turtlebot3_multi_robot//models/turtlebot3_burger/model.sdf
-- Up-to-date symlink: /home/bchoe7/seeing_saying_solving/turtlebot3_ws_s3/install/turtlebot3_multi_robot/share/turtlebot3_multi_robot//models/turtlebot3_waffle/forkliftmodel.sdf
-- Up-to-date symlink: /home/bchoe7/seeing_saying_solving/turtlebot3_ws_s3/install/turtlebot3_multi_robot/share/turtlebot3_multi_robot//models/turtlebot3_waffle/meshes/lds.dae
-- Up-to-date symlink: /home/bchoe7/seeing_saying_solving/turtlebot3_ws_s3/install/turtlebot3_multi_robot/share/turtlebot3_multi_robot//models/turtlebot3_waffle/meshes/r200.dae
-- Up-to-date symlink: /home/bchoe7/seeing_saying_solving/turtlebot3_ws_s3/install/turtlebot3_multi_robot/share/turtlebot3_multi_robot//models/turtlebot3_waffle/meshes/tire.dae
-- Up-to-date symlink: /home/bchoe7/seeing_saying_solving/turtlebot3_ws_s3/install/turtlebot3_multi_robot/share/turtlebot3_multi_robot//models/turtlebot3_waffle/meshes/waffle_base.dae
-- Up-to-date symlink: /home/bchoe7/seeing_saying_solving/turtlebot3_ws_s3/install/turtlebot3_multi_robot/share/turtlebot3_multi_robot//models/turtlebot3_waffle/model-1_4.sdf
-- Up-to-date symlink: /home/bchoe7/seeing_saying_solving/turtlebot3_ws_s3/install/turtlebot3_multi_robot/share/turtlebot3_multi_robot//models/turtlebot3_waffle/model.config
-- Up-to-date symlink: /home/bchoe7/seeing_saying_solving/turtlebot3_ws_s3/install/turtlebot3_multi_robot/share/turtlebot3_multi_robot//models/turtlebot3_waffle/model.sdf
-- Up-to-date symlink: /home/bchoe7/seeing_saying_solving/turtlebot3_ws_s3/install/turtlebot3_multi_robot/share/turtlebot3_multi_robot//models/turtlebot3_waffle/model_nocamera.sdf
-- Up-to-date symlink: /home/bchoe7/seeing_saying_solving/turtlebot3_ws_s3/install/turtlebot3_multi_robot/share/turtlebot3_multi_robot//models/turtlebot3_waffle/old_model.sdf
-- Up-to-date symlink: /home/bchoe7/seeing_saying_solving/turtlebot3_ws_s3/install/turtlebot3_multi_robot/share/turtlebot3_multi_robot//rviz/multi_nav2_default_view.rviz
-- Up-to-date symlink: /home/bchoe7/seeing_saying_solving/turtlebot3_ws_s3/install/turtlebot3_multi_robot/share/turtlebot3_multi_robot//rviz/nav2_default_view.rviz
-- Up-to-date symlink: /home/bchoe7/seeing_saying_solving/turtlebot3_ws_s3/install/turtlebot3_multi_robot/share/turtlebot3_multi_robot//urdf/common_properties.urdf
-- Up-to-date symlink: /home/bchoe7/seeing_saying_solving/turtlebot3_ws_s3/install/turtlebot3_multi_robot/share/turtlebot3_multi_robot//urdf/turtlebot3_burger.urdf
-- Up-to-date symlink: /home/bchoe7/seeing_saying_solving/turtlebot3_ws_s3/install/turtlebot3_multi_robot/share/turtlebot3_multi_robot//urdf/turtlebot3_burger_cam.urdf
-- Up-to-date symlink: /home/bchoe7/seeing_saying_solving/turtlebot3_ws_s3/install/turtlebot3_multi_robot/share/turtlebot3_multi_robot//urdf/turtlebot3_waffle.urdf
-- Up-to-date symlink: /home/bchoe7/seeing_saying_solving/turtlebot3_ws_s3/install/turtlebot3_multi_robot/share/turtlebot3_multi_robot//urdf/turtlebot3_waffle_pi.urdf
-- Up-to-date symlink: /home/bchoe7/seeing_saying_solving/turtlebot3_ws_s3/install/turtlebot3_multi_robot/share/turtlebot3_multi_robot//worlds/multi_empty_world.world
-- Up-to-date symlink: /home/bchoe7/seeing_saying_solving/turtlebot3_ws_s3/install/turtlebot3_multi_robot/share/turtlebot3_multi_robot//worlds/multi_robot_world.world
-- Up-to-date symlink: /home/bchoe7/seeing_saying_solving/turtlebot3_ws_s3/install/turtlebot3_multi_robot/share/turtlebot3_multi_robot//worlds/no_roof_custom_world.world
-- Up-to-date symlink: /home/bchoe7/seeing_saying_solving/turtlebot3_ws_s3/install/turtlebot3_multi_robot/share/turtlebot3_multi_robot//worlds/no_roof_small_warehouse.world
-- Up-to-date symlink: /home/bchoe7/seeing_saying_solving/turtlebot3_ws_s3/install/turtlebot3_multi_robot/share/turtlebot3_multi_robot//worlds/no_roof_with_ground_raised.world
-- Up-to-date symlink: /home/bchoe7/seeing_saying_solving/turtlebot3_ws_s3/install/turtlebot3_multi_robot/share/turtlebot3_multi_robot//worlds/small_warehouse.world
-- Up-to-date symlink: /home/bchoe7/seeing_saying_solving/turtlebot3_ws_s3/install/turtlebot3_multi_robot/share/turtlebot3_multi_robot//worlds/warehouse.world
-- Up-to-date symlink: /home/bchoe7/seeing_saying_solving/turtlebot3_ws_s3/install/turtlebot3_multi_robot/share/turtlebot3_multi_robot//params/keepout_mask.png
-- Up-to-date symlink: /home/bchoe7/seeing_saying_solving/turtlebot3_ws_s3/install/turtlebot3_multi_robot/share/turtlebot3_multi_robot//params/keepout_mask.yaml
-- Up-to-date symlink: /home/bchoe7/seeing_saying_solving/turtlebot3_ws_s3/install/turtlebot3_multi_robot/share/turtlebot3_multi_robot//params/nav2_params.yaml
-- Up-to-date symlink: /home/bchoe7/seeing_saying_solving/turtlebot3_ws_s3/install/turtlebot3_multi_robot/share/turtlebot3_multi_robot//params/nav2_params_forklift.yaml
-- Up-to-date symlink: /home/bchoe7/seeing_saying_solving/turtlebot3_ws_s3/install/turtlebot3_multi_robot/share/turtlebot3_multi_robot/environment/multi_robot.dsv
-- Up-to-date symlink: /home/bchoe7/seeing_saying_solving/turtlebot3_ws_s3/install/turtlebot3_multi_robot/share/ament_index/resource_index/package_run_dependencies/turtlebot3_multi_robot
-- Up-to-date symlink: /home/bchoe7/seeing_saying_solving/turtlebot3_ws_s3/install/turtlebot3_multi_robot/share/ament_index/resource_index/parent_prefix_path/turtlebot3_multi_robot
-- Up-to-date symlink: /home/bchoe7/seeing_saying_solving/turtlebot3_ws_s3/install/turtlebot3_multi_robot/share/turtlebot3_multi_robot/environment/ament_prefix_path.sh
-- Up-to-date symlink: /home/bchoe7/seeing_saying_solving/turtlebot3_ws_s3/install/turtlebot3_multi_robot/share/turtlebot3_multi_robot/environment/ament_prefix_path.dsv
-- Up-to-date symlink: /home/bchoe7/seeing_saying_solving/turtlebot3_ws_s3/install/turtlebot3_multi_robot/share/turtlebot3_multi_robot/environment/path.sh
-- Up-to-date symlink: /home/bchoe7/seeing_saying_solving/turtlebot3_ws_s3/install/turtlebot3_multi_robot/share/turtlebot3_multi_robot/environment/path.dsv
-- Up-to-date symlink: /home/bchoe7/seeing_saying_solving/turtlebot3_ws_s3/install/turtlebot3_multi_robot/share/turtlebot3_multi_robot/local_setup.bash
-- Up-to-date symlink: /home/bchoe7/seeing_saying_solving/turtlebot3_ws_s3/install/turtlebot3_multi_robot/share/turtlebot3_multi_robot/local_setup.sh
-- Up-to-date symlink: /home/bchoe7/seeing_saying_solving/turtlebot3_ws_s3/install/turtlebot3_multi_robot/share/turtlebot3_multi_robot/local_setup.zsh
-- Up-to-date symlink: /home/bchoe7/seeing_saying_solving/turtlebot3_ws_s3/install/turtlebot3_multi_robot/share/turtlebot3_multi_robot/local_setup.dsv
-- Symlinking: /home/bchoe7/seeing_saying_solving/turtlebot3_ws_s3/install/turtlebot3_multi_robot/share/turtlebot3_multi_robot/package.dsv
-- Up-to-date symlink: /home/bchoe7/seeing_saying_solving/turtlebot3_ws_s3/install/turtlebot3_multi_robot/share/ament_index/resource_index/packages/turtlebot3_multi_robot
-- Up-to-date symlink: /home/bchoe7/seeing_saying_solving/turtlebot3_ws_s3/install/turtlebot3_multi_robot/share/turtlebot3_multi_robot/cmake/turtlebot3_multi_robotConfig.cmake
-- Up-to-date symlink: /home/bchoe7/seeing_saying_solving/turtlebot3_ws_s3/install/turtlebot3_multi_robot/share/turtlebot3_multi_robot/cmake/turtlebot3_multi_robotConfig-version.cmake
-- Up-to-date symlink: /home/bchoe7/seeing_saying_solving/turtlebot3_ws_s3/install/turtlebot3_multi_robot/share/turtlebot3_multi_robot/package.xml
