[0.021s] Invoking command in '/home/bchoe7/seeing_saying_solving/turtlebot3_ws_s3/build/turtlebot3_cartographer': CMAKE_PREFIX_PATH=${CMAKE_PREFIX_PATH}:/home/bchoe7/seeing_saying_solving/turtlebot3_ws_s3/install/turtlebot3_teleop:/home/bchoe7/seeing_saying_solving/turtlebot3_ws_s3/install/turtlebot3_example:/home/bchoe7/seeing_saying_solving/turtlebot3_ws_s3/install/robot_vision_tools:/opt/ros/humble /usr/bin/cmake --build /home/bchoe7/seeing_saying_solving/turtlebot3_ws_s3/build/turtlebot3_cartographer -- -j32 -l32
[0.330s] Invoked command in '/home/bchoe7/seeing_saying_solving/turtlebot3_ws_s3/build/turtlebot3_cartographer' returned '0': CMAKE_PREFIX_PATH=${CMAKE_PREFIX_PATH}:/home/bchoe7/seeing_saying_solving/turtlebot3_ws_s3/install/turtlebot3_teleop:/home/bchoe7/seeing_saying_solving/turtlebot3_ws_s3/install/turtlebot3_example:/home/bchoe7/seeing_saying_solving/turtlebot3_ws_s3/install/robot_vision_tools:/opt/ros/humble /usr/bin/cmake --build /home/bchoe7/seeing_saying_solving/turtlebot3_ws_s3/build/turtlebot3_cartographer -- -j32 -l32
[0.331s] Invoking command in '/home/bchoe7/seeing_saying_solving/turtlebot3_ws_s3/build/turtlebot3_cartographer': CMAKE_PREFIX_PATH=${CMAKE_PREFIX_PATH}:/home/bchoe7/seeing_saying_solving/turtlebot3_ws_s3/install/turtlebot3_teleop:/home/bchoe7/seeing_saying_solving/turtlebot3_ws_s3/install/turtlebot3_example:/home/bchoe7/seeing_saying_solving/turtlebot3_ws_s3/install/robot_vision_tools:/opt/ros/humble /usr/bin/cmake --install /home/bchoe7/seeing_saying_solving/turtlebot3_ws_s3/build/turtlebot3_cartographer
[0.337s] -- Install configuration: ""
[0.337s] -- Execute custom install script
[0.338s] -- Up-to-date symlink: /home/bchoe7/seeing_saying_solving/turtlebot3_ws_s3/install/turtlebot3_cartographer/share/turtlebot3_cartographer/config/turtlebot3_lds_2d.lua
[0.340s] -- Up-to-date symlink: /home/bchoe7/seeing_saying_solving/turtlebot3_ws_s3/install/turtlebot3_cartographer/share/turtlebot3_cartographer/launch/cartographer.launch.py
[0.340s] -- Up-to-date symlink: /home/bchoe7/seeing_saying_solving/turtlebot3_ws_s3/install/turtlebot3_cartographer/share/turtlebot3_cartographer/launch/occupancy_grid.launch.py
[0.340s] -- Up-to-date symlink: /home/bchoe7/seeing_saying_solving/turtlebot3_ws_s3/install/turtlebot3_cartographer/share/turtlebot3_cartographer/rviz/tb3_cartographer.rviz
[0.340s] -- Up-to-date symlink: /home/bchoe7/seeing_saying_solving/turtlebot3_ws_s3/install/turtlebot3_cartographer/share/ament_index/resource_index/package_run_dependencies/turtlebot3_cartographer
[0.340s] -- Up-to-date symlink: /home/bchoe7/seeing_saying_solving/turtlebot3_ws_s3/install/turtlebot3_cartographer/share/ament_index/resource_index/parent_prefix_path/turtlebot3_cartographer
[0.340s] -- Up-to-date symlink: /home/bchoe7/seeing_saying_solving/turtlebot3_ws_s3/install/turtlebot3_cartographer/share/turtlebot3_cartographer/environment/ament_prefix_path.sh
[0.341s] -- Up-to-date symlink: /home/bchoe7/seeing_saying_solving/turtlebot3_ws_s3/install/turtlebot3_cartographer/share/turtlebot3_cartographer/environment/ament_prefix_path.dsv
[0.341s] -- Up-to-date symlink: /home/bchoe7/seeing_saying_solving/turtlebot3_ws_s3/install/turtlebot3_cartographer/share/turtlebot3_cartographer/environment/path.sh
[0.341s] -- Up-to-date symlink: /home/bchoe7/seeing_saying_solving/turtlebot3_ws_s3/install/turtlebot3_cartographer/share/turtlebot3_cartographer/environment/path.dsv
[0.342s] -- Up-to-date symlink: /home/bchoe7/seeing_saying_solving/turtlebot3_ws_s3/install/turtlebot3_cartographer/share/turtlebot3_cartographer/local_setup.bash
[0.342s] -- Up-to-date symlink: /home/bchoe7/seeing_saying_solving/turtlebot3_ws_s3/install/turtlebot3_cartographer/share/turtlebot3_cartographer/local_setup.sh
[0.342s] -- Up-to-date symlink: /home/bchoe7/seeing_saying_solving/turtlebot3_ws_s3/install/turtlebot3_cartographer/share/turtlebot3_cartographer/local_setup.zsh
[0.342s] -- Up-to-date symlink: /home/bchoe7/seeing_saying_solving/turtlebot3_ws_s3/install/turtlebot3_cartographer/share/turtlebot3_cartographer/local_setup.dsv
[0.342s] -- Symlinking: /home/bchoe7/seeing_saying_solving/turtlebot3_ws_s3/install/turtlebot3_cartographer/share/turtlebot3_cartographer/package.dsv
[0.347s] -- Up-to-date symlink: /home/bchoe7/seeing_saying_solving/turtlebot3_ws_s3/install/turtlebot3_cartographer/share/ament_index/resource_index/packages/turtlebot3_cartographer
[0.347s] -- Up-to-date symlink: /home/bchoe7/seeing_saying_solving/turtlebot3_ws_s3/install/turtlebot3_cartographer/share/turtlebot3_cartographer/cmake/turtlebot3_cartographerConfig.cmake
[0.347s] -- Up-to-date symlink: /home/bchoe7/seeing_saying_solving/turtlebot3_ws_s3/install/turtlebot3_cartographer/share/turtlebot3_cartographer/cmake/turtlebot3_cartographerConfig-version.cmake
[0.347s] -- Up-to-date symlink: /home/bchoe7/seeing_saying_solving/turtlebot3_ws_s3/install/turtlebot3_cartographer/share/turtlebot3_cartographer/package.xml
[0.443s] Invoked command in '/home/bchoe7/seeing_saying_solving/turtlebot3_ws_s3/build/turtlebot3_cartographer' returned '0': CMAKE_PREFIX_PATH=${CMAKE_PREFIX_PATH}:/home/bchoe7/seeing_saying_solving/turtlebot3_ws_s3/install/turtlebot3_teleop:/home/bchoe7/seeing_saying_solving/turtlebot3_ws_s3/install/turtlebot3_example:/home/bchoe7/seeing_saying_solving/turtlebot3_ws_s3/install/robot_vision_tools:/opt/ros/humble /usr/bin/cmake --install /home/bchoe7/seeing_saying_solving/turtlebot3_ws_s3/build/turtlebot3_cartographer
